1.154558e+02	1.055501e+02	-2.110962e+00
8.286204e+01	6.843736e+01	-1.368743e+00
8.840372e+01	7.314556e+01	-1.459462e+00
1.318911e+01	1.822177e-01	-3.643262e-03
1.318911e+01	1.822177e-01	-3.643262e-03
1.845827e+01	1.822177e-01	-3.643262e-03
1.226783e+01	1.822177e-01	-3.643262e-03
1.226783e+01	1.822177e-01	-3.643262e-03
4.378759e+01	2.448875e+01	-4.89775e-01
1.176103e+01	1.822177e-01	-3.643262e-03
3.709567e+01	2.448875e+01	-4.89775e-01
1.176103e+01	1.822177e-01	-3.643262e-03
1.176103e+01	1.822177e-01	-3.643262e-03
1.16925e+01	1.822177e-01	-3.643262e-03
1.173452e+01	1.822177e-01	-3.643262e-03
1.16925e+01	1.822177e-01	-3.643262e-03
1.161385e+01	1.822177e-01	-3.643262e-03
1.203913e+01	1.822177e-01	-3.643262e-03
1.161385e+01	1.822177e-01	-3.643262e-03
1.803668e+01	2.199704e+00	-4.279050e-02
1.161385e+01	1.822177e-01	-3.643262e-03
1.161385e+01	1.822177e-01	-3.643262e-03
1.117581e+01	1.558333e-04	0.e+00
1.116672e+01	1.558333e-04	0.e+00
1.11902e+01	1.558333e-04	0.e+00
1.116672e+01	1.558333e-04	0.e+00
1.44103e+01	2.592946e+00	-5.185893e-02
1.116672e+01	1.558333e-04	0.e+00
7.688771e+00	2.184600e-01	0.e+00
7.688771e+00	2.184600e-01	0.e+00
7.688771e+00	2.184600e-01	0.e+00
7.707434e+00	2.105829e-01	0.e+00
7.688771e+00	2.184600e-01	0.e+00
7.688771e+00	2.184600e-01	0.e+00
1.652307e+01	9.043851e+00	-1.742736e-01
7.48871e+00	2.184600e-01	0.e+00
7.468832e+00	2.184600e-01	0.e+00
7.468832e+00	2.184600e-01	0.e+00
7.468832e+00	2.184600e-01	0.e+00
7.468832e+00	2.184600e-01	0.e+00
7.468832e+00	2.184600e-01	0.e+00
7.468832e+00	2.184600e-01	0.e+00
7.468832e+00	2.184600e-01	0.e+00
7.468832e+00	2.184600e-01	0.e+00
5.012398e+00	5.234928e-01	0.e+00
5.016063e+00	5.234928e-01	0.e+00
5.012398e+00	5.234928e-01	0.e+00
5.012398e+00	5.234928e-01	0.e+00
5.012398e+00	5.234928e-01	0.e+00
6.265923e+00	5.234928e-01	0.e+00
5.485816e+00	5.234928e-01	0.e+00
5.012398e+00	5.234928e-01	0.e+00
2.952703e+00	5.234928e-01	0.e+00
3.192200e+00	5.234928e-01	0.e+00
3.192200e+00	5.234928e-01	0.e+00
3.192200e+00	5.234928e-01	0.e+00
3.125543e+00	5.234928e-01	0.e+00
3.125543e+00	5.234928e-01	0.e+00
3.002965e+00	5.234928e-01	0.e+00
3.002965e+00	5.234928e-01	0.e+00
3.056994e+00	5.234928e-01	0.e+00
3.056994e+00	5.234928e-01	0.e+00
3.043771e+00	5.234928e-01	0.e+00
3.121341e+00	5.234928e-01	0.e+00
2.745002e+00	5.234928e-01	0.e+00
4.706684e+00	3.233396e-01	0.e+00
2.745002e+00	5.234928e-01	0.e+00
2.745002e+00	5.234928e-01	0.e+00
2.712298e+00	5.234928e-01	0.e+00
2.712298e+00	5.234928e-01	0.e+00
2.712298e+00	5.234928e-01	0.e+00
2.712298e+00	5.234928e-01	0.e+00
2.712298e+00	5.234928e-01	0.e+00
2.712298e+00	5.234928e-01	0.e+00
3.556916e+00	3.534568e-01	0.e+00
2.289764e+00	6.209927e-01	0.e+00
3.480296e+00	3.161486e-01	0.e+00
3.026537e+00	4.778634e-01	0.e+00
3.026537e+00	4.778634e-01	0.e+00
3.425488e+00	4.133198e-01	0.e+00
2.523984e+00	5.234928e-01	0.e+00
2.925358e+00	4.778634e-01	0.e+00
2.380922e+00	4.778634e-01	0.e+00
2.380922e+00	4.778634e-01	0.e+00
2.380944e+00	4.778634e-01	0.e+00
2.380944e+00	4.778634e-01	0.e+00
2.361272e+00	4.778634e-01	0.e+00
2.472019e+00	4.778634e-01	0.e+00
2.472019e+00	4.778634e-01	0.e+00
2.472019e+00	4.778634e-01	0.e+00
2.472019e+00	4.778634e-01	0.e+00
2.472019e+00	4.778634e-01	0.e+00
3.573021e+00	2.032691e-01	0.e+00
2.472019e+00	4.778634e-01	0.e+00
2.472019e+00	4.778634e-01	0.e+00
2.269592e+00	6.862426e-01	0.e+00
2.324678e+00	4.778634e-01	0.e+00
2.254238e+00	4.778634e-01	0.e+00
2.256568e+00	4.778634e-01	0.e+00
2.256568e+00	4.778634e-01	0.e+00
2.256568e+00	4.778634e-01	0.e+00
3.013721e+00	3.75207e-01	0.e+00
2.256568e+00	4.778634e-01	0.e+00
2.256568e+00	4.778634e-01	0.e+00
2.256568e+00	4.778634e-01	0.e+00
2.256568e+00	4.778634e-01	0.e+00
2.256568e+00	4.778634e-01	0.e+00
2.256568e+00	4.778634e-01	0.e+00
2.256568e+00	4.778634e-01	0.e+00
2.256568e+00	4.778634e-01	0.e+00
5.887367e+00	1.143534e+00	-1.778654e-02
2.353371e+00	4.778634e-01	0.e+00
2.353371e+00	4.778634e-01	0.e+00
2.253239e+00	4.778634e-01	0.e+00
2.253239e+00	4.778634e-01	0.e+00
2.253239e+00	4.778634e-01	0.e+00
2.237685e+00	4.778634e-01	0.e+00
2.237685e+00	4.778634e-01	0.e+00
2.237685e+00	4.778634e-01	0.e+00
2.237685e+00	4.778634e-01	0.e+00
2.237685e+00	4.778634e-01	0.e+00
2.237685e+00	4.778634e-01	0.e+00
1.838862e+02	1.709144e+02	-3.410930e+00
2.237685e+00	4.778634e-01	0.e+00
2.352571e+00	4.778634e-01	0.e+00
2.352571e+00	4.778634e-01	0.e+00
2.352571e+00	4.778634e-01	0.e+00
2.210488e+00	5.079687e-01	0.e+00
2.354478e+00	4.778634e-01	0.e+00
1.559227e+00	4.778634e-01	0.e+00
5.835472e+00	4.778634e-01	0.e+00
1.365149e+00	4.778634e-01	0.e+00
1.195326e+00	6.105684e-01	0.e+00
1.365149e+00	4.778634e-01	0.e+00
1.365149e+00	4.778634e-01	0.e+00
1.618101e+00	4.778634e-01	0.e+00
1.576296e+00	4.778634e-01	0.e+00
1.292116e+00	4.778634e-01	0.e+00
1.292116e+00	4.778634e-01	0.e+00
1.352027e+00	4.778634e-01	0.e+00
2.067534e+00	3.783478e-01	0.e+00
1.352027e+00	4.778634e-01	0.e+00
1.327848e+00	4.778634e-01	0.e+00
1.327848e+00	4.778634e-01	0.e+00
1.367881e+00	4.778634e-01	0.e+00
4.816802e+00	5.927336e-01	0.e+00
1.367881e+00	4.778634e-01	0.e+00
1.215909e+01	3.122964e+00	-5.290201e-02
1.327848e+00	4.778634e-01	0.e+00
1.327848e+00	4.778634e-01	0.e+00
1.327848e+00	4.778634e-01	0.e+00
1.250699e+00	4.674723e-01	0.e+00
1.250699e+00	4.674723e-01	0.e+00
1.250699e+00	4.674723e-01	0.e+00
1.250699e+00	4.674723e-01	0.e+00
1.250699e+00	4.674723e-01	0.e+00
1.317765e+00	4.674723e-01	0.e+00
1.33088e+00	4.674723e-01	0.e+00
1.250699e+00	4.674723e-01	0.e+00
1.250699e+00	4.674723e-01	0.e+00
1.250699e+00	4.674723e-01	0.e+00
1.238255e+00	4.674723e-01	0.e+00
1.412213e+00	4.674723e-01	0.e+00
1.263295e+00	4.674723e-01	0.e+00
1.263295e+00	4.674723e-01	0.e+00
1.263295e+00	4.674723e-01	0.e+00
1.249874e+00	4.674723e-01	0.e+00
1.249874e+00	4.674723e-01	0.e+00
1.187728e+01	3.324699e-01	0.e+00
1.249874e+00	4.674723e-01	0.e+00
1.249874e+00	4.674723e-01	0.e+00
1.249874e+00	4.674723e-01	0.e+00
8.051621e+01	7.610665e+01	-1.512784e+00
1.249874e+00	4.674723e-01	0.e+00
1.119933e+00	4.674723e-01	0.e+00
1.087735e+00	9.357405e-01	0.e+00
1.122089e+00	4.674723e-01	0.e+00
1.122089e+00	4.674723e-01	0.e+00
1.257255e+00	4.674723e-01	0.e+00
1.122089e+00	4.674723e-01	0.e+00
1.170139e+00	4.674723e-01	0.e+00
1.168583e+00	4.674723e-01	0.e+00
1.122089e+00	4.674723e-01	0.e+00
1.374563e+00	4.043060e-01	0.e+00
1.081172e+00	4.674723e-01	0.e+00
1.081172e+00	4.674723e-01	0.e+00
1.08102e+00	4.674723e-01	0.e+00
1.097029e+00	4.674723e-01	0.e+00
1.101521e+00	4.674723e-01	0.e+00
1.101521e+00	4.674723e-01	0.e+00
1.508027e+00	3.947526e-01	0.e+00
1.144434e+00	4.674723e-01	0.e+00
1.097029e+00	4.674723e-01	0.e+00
1.12376e+00	4.674723e-01	0.e+00
1.045440e+00	4.674723e-01	0.e+00
1.152014e+00	4.674723e-01	0.e+00
1.085955e+00	4.674723e-01	0.e+00
1.061708e+00	4.674723e-01	0.e+00
9.910960e-01	4.674723e-01	0.e+00
9.976406e-01	4.674723e-01	0.e+00
8.921561e+00	1.822177e-01	-3.643262e-03
1.31411e+01	5.458031e-05	0.e+00
1.025901e+01	1.822177e-01	-3.643262e-03
1.273113e+01	3.516975e+00	-7.033638e-02
9.218420e+00	1.822177e-01	-3.643262e-03
8.429177e+00	1.822177e-01	-3.643262e-03
2.936887e+00	2.435654e-01	0.e+00
7.556855e+00	2.435654e-01	0.e+00
2.936887e+00	2.435654e-01	0.e+00
1.633146e+01	1.24026e+01	-2.406634e-01
8.771287e+00	2.651008e+00	-5.176559e-02
2.897041e+00	2.435654e-01	0.e+00
2.901945e+00	2.435654e-01	0.e+00
2.897041e+00	2.435654e-01	0.e+00
7.570113e+00	1.822177e-01	-3.643262e-03
3.821435e+00	6.313645e-01	-7.074162e-03
2.897041e+00	2.435654e-01	0.e+00
4.59362e+00	1.999518e+00	-2.913902e-02
2.939615e+00	2.435654e-01	0.e+00
7.746082e+00	2.435654e-01	0.e+00
2.97037e+00	2.435654e-01	0.e+00
2.97037e+00	2.435654e-01	0.e+00
2.897041e+00	2.435654e-01	0.e+00
2.908354e+00	2.435654e-01	0.e+00
2.873530e+00	2.435654e-01	0.e+00
2.873530e+00	2.435654e-01	0.e+00
2.160584e+01	2.013646e+01	-3.840430e-01
2.873530e+00	2.435654e-01	0.e+00
2.873530e+00	2.435654e-01	0.e+00
2.894162e+00	2.435654e-01	0.e+00
3.061978e+00	2.435654e-01	0.e+00
2.873530e+00	2.435654e-01	0.e+00
2.465927e+00	7.031332e-01	0.e+00
3.320408e+00	2.435654e-01	0.e+00
3.069474e+00	5.234928e-01	0.e+00
2.87079e+00	5.234928e-01	0.e+00
3.475046e+00	2.435654e-01	0.e+00
2.873530e+00	2.435654e-01	0.e+00
8.378214e+00	4.590469e+00	-8.440331e-02
2.873530e+00	2.435654e-01	0.e+00
3.096141e+00	2.597422e-01	0.e+00
2.555256e+00	2.435654e-01	0.e+00
2.723895e+00	2.435654e-01	0.e+00
2.547562e+00	2.435654e-01	0.e+00
2.56407e+00	2.435654e-01	0.e+00
2.547562e+00	2.435654e-01	0.e+00
4.124806e+00	6.208106e-01	-5.0891e-03
2.547562e+00	2.435654e-01	0.e+00
3.397909e+00	2.435654e-01	0.e+00
2.088585e+00	2.435654e-01	0.e+00
3.014154e+00	5.790939e-01	-4.399302e-03
2.088585e+00	2.435654e-01	0.e+00
2.088585e+00	2.435654e-01	0.e+00
2.088585e+00	2.435654e-01	0.e+00
2.088585e+00	2.435654e-01	0.e+00
2.088585e+00	2.435654e-01	0.e+00
2.088585e+00	2.435654e-01	0.e+00
2.088585e+00	2.435654e-01	0.e+00
2.088585e+00	2.435654e-01	0.e+00
2.100074e+00	2.435654e-01	0.e+00
2.152694e+00	2.435654e-01	0.e+00
2.093286e+00	2.435654e-01	0.e+00
2.089101e+00	2.435654e-01	0.e+00
2.099747e+00	2.435654e-01	0.e+00
2.088585e+00	2.435654e-01	0.e+00
2.095576e+00	2.435654e-01	0.e+00
2.088585e+00	2.435654e-01	0.e+00
2.092698e+00	2.435654e-01	0.e+00
2.147151e+00	2.435654e-01	0.e+00
2.088585e+00	2.435654e-01	0.e+00
2.088585e+00	2.435654e-01	0.e+00
2.088585e+00	2.435654e-01	0.e+00
2.105967e+00	2.435654e-01	0.e+00
2.08611e+00	2.435654e-01	0.e+00
2.08611e+00	2.435654e-01	0.e+00
2.031082e+00	2.435654e-01	0.e+00
2.145380e+00	2.435654e-01	0.e+00
2.031082e+00	2.435654e-01	0.e+00
2.031634e+00	2.435654e-01	0.e+00
2.909817e+00	1.384532e-01	0.e+00
2.029421e+00	2.435654e-01	0.e+00
2.017071e+00	2.435654e-01	0.e+00
2.002101e+00	2.435654e-01	0.e+00
2.045973e+00	2.435654e-01	0.e+00
2.002775e+00	2.435654e-01	0.e+00
2.011259e+00	2.435654e-01	0.e+00
2.002101e+00	2.435654e-01	0.e+00
2.002101e+00	2.435654e-01	0.e+00
2.002101e+00	2.435654e-01	0.e+00
2.002101e+00	2.435654e-01	0.e+00
2.002101e+00	2.435654e-01	0.e+00
2.002101e+00	2.435654e-01	0.e+00
2.255975e+00	2.435654e-01	0.e+00
2.002101e+00	2.435654e-01	0.e+00
2.062433e+00	2.435654e-01	0.e+00
2.156129e+00	2.435654e-01	0.e+00
1.939061e+00	4.778634e-01	0.e+00
1.348261e+00	4.778634e-01	0.e+00
1.408127e+00	4.778634e-01	0.e+00
1.439292e+00	4.778634e-01	0.e+00
1.439292e+00	4.778634e-01	0.e+00
1.439292e+00	4.778634e-01	0.e+00
1.455183e+00	4.778634e-01	0.e+00
1.638483e+00	4.778634e-01	0.e+00
1.479404e+00	4.778634e-01	0.e+00
1.408127e+00	4.778634e-01	0.e+00
1.249042e+00	4.778634e-01	0.e+00
1.286657e+00	4.778634e-01	0.e+00
1.286657e+00	4.778634e-01	0.e+00
1.286657e+00	4.778634e-01	0.e+00
1.286657e+00	4.778634e-01	0.e+00
1.286657e+00	4.778634e-01	0.e+00
1.307434e+00	4.778634e-01	0.e+00
1.307434e+00	4.778634e-01	0.e+00
1.307434e+00	4.778634e-01	0.e+00
1.307434e+00	4.778634e-01	0.e+00
1.483464e+00	4.674723e-01	0.e+00
1.307434e+00	4.778634e-01	0.e+00
1.302677e+00	4.778634e-01	0.e+00
1.31655e+00	4.778634e-01	0.e+00
1.421532e+00	4.778634e-01	0.e+00
1.303500e+00	4.726535e-01	0.e+00
1.27719e+00	4.778634e-01	0.e+00
1.27719e+00	4.778634e-01	0.e+00
1.394712e+00	4.778634e-01	0.e+00
1.192993e+00	4.778634e-01	0.e+00
1.192993e+00	4.778634e-01	0.e+00
1.192993e+00	4.778634e-01	0.e+00
1.236251e+00	4.726535e-01	0.e+00
1.236251e+00	4.726535e-01	0.e+00
1.236251e+00	4.726535e-01	0.e+00
1.212281e+00	4.778634e-01	0.e+00
1.285845e+00	4.778634e-01	0.e+00
1.212281e+00	4.778634e-01	0.e+00
1.248844e+00	4.700593e-01	0.e+00
1.248844e+00	4.700593e-01	0.e+00
1.255291e+00	4.687649e-01	0.e+00
1.230107e+00	4.739533e-01	0.e+00
1.225164e+00	4.636050e-01	0.e+00
1.170603e+00	4.778634e-01	0.e+00
1.003758e+00	4.778634e-01	0.e+00
9.795281e-01	4.850735e-01	0.e+00
1.369624e+00	4.141273e-01	0.e+00
1.050224e+00	4.636050e-01	0.e+00
1.054264e+00	4.636050e-01	0.e+00
1.096257e+00	4.636050e-01	0.e+00
1.100135e+00	4.636050e-01	0.e+00
1.100135e+00	4.636050e-01	0.e+00
1.049391e+00	4.636050e-01	0.e+00
1.049391e+00	4.636050e-01	0.e+00
1.049391e+00	4.636050e-01	0.e+00
1.049391e+00	4.636050e-01	0.e+00
1.084782e+00	4.636050e-01	0.e+00
1.084782e+00	4.636050e-01	0.e+00
1.109187e+00	4.636050e-01	0.e+00
1.109187e+00	4.636050e-01	0.e+00
1.096426e+00	4.636050e-01	0.e+00
1.096426e+00	4.636050e-01	0.e+00
9.70923e-01	4.694119e-01	0.e+00
1.072573e+00	4.636050e-01	0.e+00
1.072573e+00	4.636050e-01	0.e+00
1.117033e+00	4.636050e-01	0.e+00
9.146097e-01	5.535744e-01	0.e+00
9.397541e-01	5.075931e-01	0.e+00
9.573590e-01	5.075931e-01	0.e+00
9.425309e-01	5.235545e-01	0.e+00
9.573590e-01	5.075931e-01	0.e+00
9.573590e-01	5.075931e-01	0.e+00
9.537746e-01	5.075931e-01	0.e+00
1.103190e+00	5.075931e-01	0.e+00
9.719850e-01	4.873262e-01	0.e+00
9.728909e-01	4.694119e-01	0.e+00
9.671110e-01	4.694119e-01	0.e+00
9.899313e-01	4.684416e-01	0.e+00
9.671314e-01	4.694119e-01	0.e+00
8.127849e-01	5.075931e-01	0.e+00
8.127849e-01	5.075931e-01	0.e+00
8.127849e-01	5.075931e-01	0.e+00
8.127849e-01	5.075931e-01	0.e+00
8.153666e-01	5.075931e-01	0.e+00
8.006385e-01	5.075931e-01	0.e+00
8.006385e-01	5.075931e-01	0.e+00
8.006385e-01	5.075931e-01	0.e+00
8.006385e-01	5.075931e-01	0.e+00
8.006385e-01	5.075931e-01	0.e+00
2.286898e+00	2.717134e-01	0.e+00
8.006385e-01	5.075931e-01	0.e+00
8.006385e-01	5.075931e-01	0.e+00
8.173307e-01	5.075931e-01	0.e+00
8.173307e-01	5.075931e-01	0.e+00
8.173307e-01	5.075931e-01	0.e+00
8.561694e-01	5.075931e-01	0.e+00
8.006385e-01	5.075931e-01	0.e+00
8.006385e-01	5.075931e-01	0.e+00
8.006385e-01	5.075931e-01	0.e+00
8.006385e-01	5.075931e-01	0.e+00
8.032948e-01	5.075931e-01	0.e+00
8.032948e-01	5.075931e-01	0.e+00
8.032948e-01	5.075931e-01	0.e+00
7.819836e-01	5.075931e-01	0.e+00
4.842626e+00	5.458031e-05	0.e+00
5.930654e+00	5.458031e-05	0.e+00
4.553903e+00	5.458031e-05	0.e+00
4.899863e+00	6.272802e-02	0.e+00
7.373779e+00	5.458031e-05	0.e+00
4.553903e+00	5.458031e-05	0.e+00
1.294873e+01	7.364899e+00	-1.460434e-01
2.984219e+00	2.435654e-01	0.e+00
4.179412e+00	5.458031e-05	0.e+00
3.528246e+00	2.435654e-01	0.e+00
2.144817e+00	2.435654e-01	0.e+00
5.004488e+00	5.458031e-05	0.e+00
3.104253e+00	2.435654e-01	0.e+00
4.169508e+00	0.e+00	0.e+00
4.961859e+00	6.089134e-02	0.e+00
1.933549e+00	2.435654e-01	0.e+00
4.791094e+00	6.089134e-02	0.e+00
1.930373e+00	2.435654e-01	0.e+00
5.049061e+00	6.089134e-02	0.e+00
1.930373e+00	2.435654e-01	0.e+00
2.056304e+00	2.435654e-01	0.e+00
4.676564e+00	6.089134e-02	0.e+00
2.177609e+00	2.435654e-01	0.e+00
2.160222e+00	2.435654e-01	0.e+00
2.666046e+00	2.435654e-01	0.e+00
4.770255e+00	0.e+00	0.e+00
2.004192e+00	2.435654e-01	0.e+00
2.155242e+00	2.435654e-01	0.e+00
1.546260e+00	5.550655e-01	0.e+00
2.232178e+00	2.435654e-01	0.e+00
1.986101e+00	2.435654e-01	0.e+00
1.986101e+00	2.435654e-01	0.e+00
5.019275e+00	6.089134e-02	0.e+00
1.989795e+00	2.435654e-01	0.e+00
2.063783e+00	2.435654e-01	0.e+00
2.041494e+00	2.435654e-01	0.e+00
2.136985e+00	2.435654e-01	0.e+00
2.010803e+00	2.435654e-01	0.e+00
1.997751e+00	2.435654e-01	0.e+00
1.829474e+00	2.435654e-01	0.e+00
1.829474e+00	2.435654e-01	0.e+00
1.797399e+00	2.435654e-01	0.e+00
1.781254e+00	2.435654e-01	0.e+00
1.781254e+00	2.435654e-01	0.e+00
1.781254e+00	2.435654e-01	0.e+00
1.781254e+00	2.435654e-01	0.e+00
1.786978e+00	2.435654e-01	0.e+00
1.781254e+00	2.435654e-01	0.e+00
1.781254e+00	2.435654e-01	0.e+00
1.781254e+00	2.435654e-01	0.e+00
1.781254e+00	2.435654e-01	0.e+00
1.781254e+00	2.435654e-01	0.e+00
1.781254e+00	2.435654e-01	0.e+00
1.781254e+00	2.435654e-01	0.e+00
2.428357e+00	3.648739e-01	0.e+00
2.433974e+00	3.559895e-01	0.e+00
2.432231e+00	3.509328e-01	0.e+00
1.781254e+00	2.435654e-01	0.e+00
1.781254e+00	2.435654e-01	0.e+00
1.781254e+00	2.435654e-01	0.e+00
1.779833e+00	2.435654e-01	0.e+00
1.778489e+00	2.435654e-01	0.e+00
2.43198e+00	3.509378e-01	0.e+00
2.248368e+00	1.557461e-01	0.e+00
2.909746e+00	1.557461e-01	0.e+00
1.891456e+00	2.435654e-01	0.e+00
2.369749e+00	2.435654e-01	0.e+00
3.141659e+00	1.557461e-01	0.e+00
1.687653e+00	2.435654e-01	0.e+00
1.917077e+00	2.435654e-01	0.e+00
1.687653e+00	2.435654e-01	0.e+00
1.687653e+00	2.435654e-01	0.e+00
1.711356e+00	2.435654e-01	0.e+00
1.727458e+00	2.435654e-01	0.e+00
1.676222e+00	2.435654e-01	0.e+00
2.696392e+00	2.435654e-01	0.e+00
1.676222e+00	2.435654e-01	0.e+00
2.628710e+00	3.814237e-01	0.e+00
1.598125e+00	4.778634e-01	0.e+00
1.408127e+00	4.778634e-01	0.e+00
1.432854e+00	4.778634e-01	0.e+00
1.432854e+00	4.778634e-01	0.e+00
1.582309e+00	4.778634e-01	0.e+00
1.560818e+00	4.433037e-01	0.e+00
1.384305e+00	4.778634e-01	0.e+00
1.317987e+00	4.778634e-01	0.e+00
1.386636e+00	4.778634e-01	0.e+00
1.379279e+00	4.778634e-01	0.e+00
1.382283e+00	4.778634e-01	0.e+00
1.327943e+00	4.778634e-01	0.e+00
2.615249e+00	2.566908e-01	0.e+00
1.383168e+00	4.726535e-01	0.e+00
1.300446e+00	4.778634e-01	0.e+00
1.063608e+00	4.956296e-01	0.e+00
1.420983e+00	4.700593e-01	0.e+00
1.239755e+00	4.778634e-01	0.e+00
1.424462e+00	4.674723e-01	0.e+00
1.271494e+00	4.778634e-01	0.e+00
1.331878e+00	4.778634e-01	0.e+00
1.253557e+00	4.707072e-01	0.e+00
1.294468e+00	4.674723e-01	0.e+00
1.29111e+00	4.778634e-01	0.e+00
1.350829e+00	4.778634e-01	0.e+00
1.04471e+00	5.029721e-01	0.e+00
1.44988e+00	4.537023e-01	0.e+00
1.127749e+00	4.956296e-01	0.e+00
1.145743e+00	4.956296e-01	0.e+00
1.200768e+00	4.956296e-01	0.e+00
8.132138e-01	5.919151e-01	0.e+00
1.275010e+00	4.814480e-01	0.e+00
1.130638e+00	4.794836e-01	0.e+00
1.351401e+00	4.794836e-01	0.e+00
1.411121e+00	4.794836e-01	0.e+00
1.265081e+00	4.794836e-01	0.e+00
1.130638e+00	4.794836e-01	0.e+00
1.222396e+00	4.592803e-01	0.e+00
1.032231e+00	4.948056e-01	0.e+00
1.084059e+00	4.948056e-01	0.e+00
1.190345e+00	4.667493e-01	0.e+00
1.014531e+00	4.948056e-01	0.e+00
1.014531e+00	4.948056e-01	0.e+00
1.095987e+00	4.806751e-01	0.e+00
1.014531e+00	4.948056e-01	0.e+00
9.828005e-01	4.948056e-01	0.e+00
9.813052e-01	4.636050e-01	0.e+00
1.010094e+00	4.636050e-01	0.e+00
1.010094e+00	4.636050e-01	0.e+00
1.069315e+00	4.636050e-01	0.e+00
1.019087e+00	4.636050e-01	0.e+00
1.003117e+00	4.636050e-01	0.e+00
2.306925e+00	2.300259e-01	0.e+00
9.839783e-01	4.636050e-01	0.e+00
9.869286e-01	4.636050e-01	0.e+00
9.905225e-01	4.607152e-01	0.e+00
9.788721e-01	4.636050e-01	0.e+00
1.12019e+00	4.607152e-01	0.e+00
1.013211e+00	4.607152e-01	0.e+00
9.588224e-01	4.607152e-01	0.e+00
1.027014e+00	4.607152e-01	0.e+00
9.588224e-01	4.607152e-01	0.e+00
9.588224e-01	4.607152e-01	0.e+00
9.204451e-01	4.607152e-01	0.e+00
9.204451e-01	4.607152e-01	0.e+00
8.527679e-01	5.075931e-01	0.e+00
9.204451e-01	4.607152e-01	0.e+00
9.204451e-01	4.607152e-01	0.e+00
8.354932e-01	5.075931e-01	0.e+00
9.779685e-01	4.607152e-01	0.e+00
8.506092e-01	5.075931e-01	0.e+00
9.604194e-01	4.607152e-01	0.e+00
9.204451e-01	4.607152e-01	0.e+00
9.204451e-01	4.607152e-01	0.e+00
9.451169e-01	4.607152e-01	0.e+00
9.204451e-01	4.607152e-01	0.e+00
9.204451e-01	4.607152e-01	0.e+00
9.217225e-01	4.838703e-01	0.e+00
8.941233e-01	4.607152e-01	0.e+00
8.958966e-01	4.607152e-01	0.e+00
9.089169e-01	4.607152e-01	0.e+00
9.099340e-01	4.607152e-01	0.e+00
9.629684e-01	4.607152e-01	0.e+00
8.958966e-01	4.607152e-01	0.e+00
9.041396e-01	4.607152e-01	0.e+00
7.381437e-01	5.318836e-01	0.e+00
8.386935e-01	5.075931e-01	0.e+00
8.386935e-01	5.075931e-01	0.e+00
8.128023e-01	5.075931e-01	0.e+00
8.120352e-01	5.075931e-01	0.e+00
7.762727e-01	5.075931e-01	0.e+00
7.762727e-01	5.075931e-01	0.e+00
7.762727e-01	5.075931e-01	0.e+00
7.762727e-01	5.075931e-01	0.e+00
7.762727e-01	5.075931e-01	0.e+00
7.762727e-01	5.075931e-01	0.e+00
7.762727e-01	5.075931e-01	0.e+00
7.762727e-01	5.075931e-01	0.e+00
7.762727e-01	5.075931e-01	0.e+00
7.762727e-01	5.075931e-01	0.e+00
4.594054e-01	9.725438e-01	-8.551274e-04
7.800322e-01	5.075931e-01	0.e+00
4.594054e-01	9.725438e-01	-8.551274e-04
6.334451e-01	9.725438e-01	-8.551274e-04
4.41569e-01	9.725438e-01	-8.551274e-04
6.48631e-01	9.725438e-01	-8.551274e-04
5.248717e-01	9.725438e-01	-8.551274e-04
6.473297e-01	1.218333e+00	-5.291050e-03
4.781633e-01	9.725438e-01	-8.551274e-04
4.692346e-01	9.725438e-01	-8.551274e-04
4.653252e-01	1.089208e+00	-1.784161e-03
4.692346e-01	9.725438e-01	-8.551274e-04
4.692346e-01	9.725438e-01	-8.551274e-04
4.653252e-01	1.089208e+00	-1.784161e-03
4.692346e-01	9.725438e-01	-8.551274e-04
4.018147e-01	9.725438e-01	-8.551274e-04
3.632643e-01	9.725438e-01	-8.551274e-04
3.472791e-01	9.725438e-01	-8.551274e-04
3.472791e-01	9.725438e-01	-8.551274e-04
3.472791e-01	9.725438e-01	-8.551274e-04
3.472791e-01	9.725438e-01	-8.551274e-04
3.472791e-01	9.725438e-01	-8.551274e-04
4.110432e+00	0.e+00	0.e+00
4.110432e+00	0.e+00	0.e+00
4.964731e+00	0.e+00	0.e+00
4.500654e+00	6.089134e-02	0.e+00
3.961672e+00	0.e+00	0.e+00
4.040565e+00	0.e+00	0.e+00
4.781404e+00	0.e+00	0.e+00
4.363402e+00	6.089134e-02	0.e+00
6.466608e+00	0.e+00	0.e+00
1.538823e+00	5.480221e-01	0.e+00
4.811429e+00	0.e+00	0.e+00
3.95353e+00	0.e+00	0.e+00
4.959936e+00	0.e+00	0.e+00
4.907471e+00	0.e+00	0.e+00
2.246641e+00	2.435654e-01	0.e+00
2.02991e+00	2.435654e-01	0.e+00
2.604048e+00	4.565391e-01	-2.199154e-03
2.107741e+00	2.435654e-01	0.e+00
5.564317e+00	0.e+00	0.e+00
1.770918e+00	2.435654e-01	0.e+00
1.770918e+00	2.435654e-01	0.e+00
1.968986e+00	2.435654e-01	0.e+00
1.990561e+00	2.435654e-01	0.e+00
1.958569e+00	2.435654e-01	0.e+00
1.781482e+00	2.435654e-01	0.e+00
1.887320e+00	2.435654e-01	0.e+00
1.930974e+00	2.435654e-01	0.e+00
4.357564e+00	6.312235e-02	0.e+00
1.754468e+00	2.435654e-01	0.e+00
1.707453e+00	2.435654e-01	0.e+00
1.707453e+00	2.435654e-01	0.e+00
2.384306e+00	2.435654e-01	0.e+00
1.396429e+00	2.435654e-01	0.e+00
1.445192e+00	2.435654e-01	0.e+00
1.666616e+00	2.435654e-01	0.e+00
1.693573e+00	2.435654e-01	0.e+00
1.549365e+00	2.587505e-01	0.e+00
1.396429e+00	2.435654e-01	0.e+00
1.396429e+00	2.435654e-01	0.e+00
1.617306e+00	2.435654e-01	0.e+00
1.400276e+00	2.435654e-01	0.e+00
1.396429e+00	2.435654e-01	0.e+00
1.396429e+00	2.435654e-01	0.e+00
1.698036e+00	4.12706e-01	0.e+00
1.389409e+00	2.435654e-01	0.e+00
1.389409e+00	2.435654e-01	0.e+00
1.406391e+00	2.435654e-01	0.e+00
1.390374e+00	2.435654e-01	0.e+00
1.389793e+00	2.435654e-01	0.e+00
1.389409e+00	2.435654e-01	0.e+00
1.642997e+00	3.360138e-01	0.e+00
1.421546e+00	2.435654e-01	0.e+00
1.389409e+00	2.435654e-01	0.e+00
1.389409e+00	2.435654e-01	0.e+00
1.433202e+00	2.435654e-01	0.e+00
1.389409e+00	2.435654e-01	0.e+00
1.389409e+00	2.435654e-01	0.e+00
1.39109e+00	2.435654e-01	0.e+00
1.446612e+00	2.435654e-01	0.e+00
1.389409e+00	2.435654e-01	0.e+00
1.389409e+00	2.435654e-01	0.e+00
1.304794e+00	4.674723e-01	0.e+00
1.459900e+00	4.674723e-01	0.e+00
1.319942e+00	4.674723e-01	0.e+00
1.310629e+00	4.674723e-01	0.e+00
1.61224e+00	2.435654e-01	0.e+00
1.413279e+00	4.674723e-01	0.e+00
1.427749e+00	2.435654e-01	0.e+00
1.226318e+00	4.674723e-01	0.e+00
1.226318e+00	4.674723e-01	0.e+00
1.094602e+00	5.639400e-01	0.e+00
1.086517e+00	5.066385e-01	0.e+00
1.296633e+00	4.674723e-01	0.e+00
1.383750e+00	5.066385e-01	0.e+00
1.089693e+00	5.066385e-01	0.e+00
1.089693e+00	5.066385e-01	0.e+00
1.089693e+00	5.066385e-01	0.e+00
1.435942e+00	4.484799e-01	0.e+00
1.156651e+00	4.868584e-01	0.e+00
9.260466e-01	5.066385e-01	0.e+00
6.930710e-01	5.684622e-01	0.e+00
8.905281e-01	5.066385e-01	0.e+00
9.240617e-01	5.066385e-01	0.e+00
9.240617e-01	5.066385e-01	0.e+00
9.895741e-01	5.066385e-01	0.e+00
1.214909e+00	5.066385e-01	0.e+00
1.002916e+00	5.034954e-01	0.e+00
1.109630e+00	5.066385e-01	0.e+00
6.548803e-01	5.927854e-01	0.e+00
6.537624e-01	5.910841e-01	0.e+00
1.032124e+00	5.066385e-01	0.e+00
1.340209e+00	4.255843e-01	0.e+00
1.019601e+00	4.255843e-01	0.e+00
1.341294e+00	4.271401e-01	0.e+00
7.636375e-01	5.066385e-01	0.e+00
9.948920e-01	4.607152e-01	0.e+00
7.781362e-01	5.304181e-01	0.e+00
7.787611e-01	5.066385e-01	0.e+00
7.825546e-01	5.066385e-01	0.e+00
8.153759e-01	5.304181e-01	0.e+00
9.085703e-01	5.066385e-01	0.e+00
8.196879e-01	5.066385e-01	0.e+00
9.285699e-01	4.719915e-01	0.e+00
8.309915e-01	5.066385e-01	0.e+00
1.053398e+00	5.066385e-01	0.e+00
7.389530e-01	5.184601e-01	0.e+00
7.737716e-01	5.184601e-01	0.e+00
7.891133e-01	5.007788e-01	0.e+00
7.344308e-01	5.066385e-01	0.e+00
7.147564e-01	5.066385e-01	0.e+00
6.99404e-01	5.095811e-01	0.e+00
6.995770e-01	5.110556e-01	0.e+00
7.250498e-01	5.051703e-01	0.e+00
7.057221e-01	5.073733e-01	0.e+00
8.622593e-01	4.964064e-01	0.e+00
6.951782e-01	5.066385e-01	0.e+00
7.108194e-01	5.066385e-01	0.e+00
6.993253e-01	5.066385e-01	0.e+00
6.951782e-01	5.066385e-01	0.e+00
7.144449e-01	5.066385e-01	0.e+00
7.176396e-01	5.051703e-01	0.e+00
6.734250e-01	5.088446e-01	0.e+00
6.89354e-01	5.088446e-01	0.e+00
6.989748e-01	5.07741e-01	0.e+00
6.335914e-01	5.070058e-01	0.e+00
7.779149e-01	5.070058e-01	0.e+00
6.485630e-01	5.070058e-01	0.e+00
6.587264e-01	5.051703e-01	0.e+00
6.335914e-01	5.070058e-01	0.e+00
6.208405e-01	5.079248e-01	0.e+00
5.132978e-01	7.614687e-01	0.e+00
7.049258e-01	5.079248e-01	0.e+00
1.261569e+00	3.999288e-01	0.e+00
6.997911e-01	5.037959e-01	0.e+00
6.002060e-01	6.283021e-01	0.e+00
9.546447e-01	4.486354e-01	0.e+00
6.087285e-01	6.938239e-01	0.e+00
6.208405e-01	5.079248e-01	0.e+00
6.208405e-01	5.079248e-01	0.e+00
6.610760e-01	6.283021e-01	0.e+00
1.073737e+00	4.245626e-01	0.e+00
9.776085e-01	4.447181e-01	0.e+00
7.599756e-01	5.967596e-01	0.e+00
6.887945e-01	6.932868e-01	0.e+00
5.834579e-01	6.283021e-01	0.e+00
8.921105e-01	4.996443e-01	0.e+00
9.453842e-01	4.447181e-01	0.e+00
7.683949e-01	8.587452e-01	0.e+00
6.290216e-01	6.283021e-01	0.e+00
6.161885e-01	6.932868e-01	0.e+00
5.834579e-01	6.283021e-01	0.e+00
4.019511e-01	8.435289e-01	0.e+00
6.164077e-01	5.226613e-01	0.e+00
7.381871e-01	4.829035e-01	0.e+00
5.846085e-01	5.325548e-01	0.e+00
7.314088e-01	6.283021e-01	0.e+00
3.598461e-01	8.435289e-01	0.e+00
4.49193e-01	9.113541e-01	-1.356504e-03
3.211623e-01	9.630084e-01	0.e+00
5.115528e-01	8.435289e-01	0.e+00
7.127514e-01	5.325548e-01	0.e+00
3.761848e-01	9.630084e-01	0.e+00
4.605420e-01	8.435289e-01	0.e+00
6.363897e-01	8.063423e-01	-3.917323e-04
4.139116e-01	8.435289e-01	0.e+00
6.335151e-01	8.019740e-01	0.e+00
4.139116e-01	8.435289e-01	0.e+00
6.362681e-01	8.435289e-01	0.e+00
4.147972e-01	8.435289e-01	0.e+00
3.090126e-01	1.007232e+00	-1.446475e-04
3.850890e-01	8.435289e-01	0.e+00
4.877678e-01	8.019740e-01	0.e+00
2.798678e-01	8.435289e-01	0.e+00
3.817394e-01	8.435289e-01	0.e+00
2.926212e-01	8.435289e-01	0.e+00
2.926212e-01	8.435289e-01	0.e+00
2.753588e-01	8.435289e-01	0.e+00
2.753588e-01	8.435289e-01	0.e+00
2.763155e-01	8.435289e-01	0.e+00
2.763155e-01	8.435289e-01	0.e+00
2.708033e-01	8.435289e-01	0.e+00
2.708033e-01	8.435289e-01	0.e+00
2.708033e-01	8.435289e-01	0.e+00
2.708033e-01	8.435289e-01	0.e+00
2.722595e-01	8.435289e-01	0.e+00
2.722595e-01	8.435289e-01	0.e+00
2.830045e-01	8.435289e-01	0.e+00
2.830045e-01	8.435289e-01	0.e+00
2.830045e-01	8.435289e-01	0.e+00
2.830045e-01	8.435289e-01	0.e+00
2.920352e-01	8.435289e-01	0.e+00
2.920352e-01	8.435289e-01	0.e+00
4.520431e-01	8.435289e-01	0.e+00
2.919076e-01	8.435289e-01	0.e+00
4.466998e-01	9.215351e-01	0.e+00
3.432406e-01	8.435289e-01	0.e+00
8.106002e-01	8.435289e-01	0.e+00
3.522815e-01	8.435289e-01	0.e+00
4.063350e-01	8.435289e-01	0.e+00
4.38566e-01	8.435289e-01	0.e+00
4.766545e+00	0.e+00	0.e+00
5.031800e+00	0.e+00	0.e+00
3.95353e+00	0.e+00	0.e+00
4.105795e+00	0.e+00	0.e+00
4.442976e+00	0.e+00	0.e+00
3.827249e+00	6.089134e-02	0.e+00
1.783199e+00	1.760118e-01	0.e+00
3.468177e+00	6.089134e-02	0.e+00
1.611084e+00	2.435654e-01	0.e+00
3.468177e+00	6.089134e-02	0.e+00
2.386388e+00	1.003531e-01	0.e+00
2.402654e+00	1.003531e-01	0.e+00
1.773445e+00	1.641502e-01	0.e+00
2.612385e+00	1.003531e-01	0.e+00
1.729156e+00	1.641502e-01	0.e+00
1.748241e+00	1.641502e-01	0.e+00
1.844265e+00	1.641502e-01	0.e+00
1.967861e+00	1.003531e-01	0.e+00
2.094495e+00	1.641502e-01	0.e+00
1.791431e+00	1.641502e-01	0.e+00
1.677225e+00	2.793496e-01	0.e+00
1.799327e+00	1.641502e-01	0.e+00
3.343515e+00	6.089134e-02	0.e+00
1.752503e+00	1.641502e-01	0.e+00
1.837894e+00	1.937465e-01	0.e+00
1.721413e+00	1.302994e-01	0.e+00
1.721413e+00	1.302994e-01	0.e+00
1.590266e+00	2.435654e-01	0.e+00
1.838831e+00	1.302994e-01	0.e+00
1.776919e+00	3.133761e-01	0.e+00
1.653445e+00	2.435654e-01	0.e+00
1.389409e+00	2.435654e-01	0.e+00
1.389409e+00	2.435654e-01	0.e+00
1.389409e+00	2.435654e-01	0.e+00
2.775563e+00	1.302994e-01	0.e+00
1.363831e+00	2.435654e-01	0.e+00
1.363831e+00	2.435654e-01	0.e+00
1.750575e+00	1.825398e-01	0.e+00
1.799169e+00	3.133761e-01	0.e+00
1.905209e+00	3.133761e-01	0.e+00
1.369803e+00	2.435654e-01	0.e+00
1.409167e+00	2.435654e-01	0.e+00
1.918724e+00	2.435654e-01	0.e+00
1.346397e+00	2.435654e-01	0.e+00
1.485702e+00	2.435654e-01	0.e+00
1.346397e+00	2.435654e-01	0.e+00
1.346397e+00	2.435654e-01	0.e+00
1.346397e+00	2.435654e-01	0.e+00
1.346397e+00	2.435654e-01	0.e+00
1.346397e+00	2.435654e-01	0.e+00
1.683709e+00	3.464752e-01	0.e+00
1.345267e+00	2.435654e-01	0.e+00
1.364029e+00	2.435654e-01	0.e+00
1.345267e+00	2.435654e-01	0.e+00
1.349190e+00	2.435654e-01	0.e+00
1.345267e+00	2.435654e-01	0.e+00
1.357225e+00	2.435654e-01	0.e+00
1.660818e+00	3.547845e-01	0.e+00
1.477704e+00	2.435654e-01	0.e+00
1.345267e+00	2.435654e-01	0.e+00
1.355355e+00	2.435654e-01	0.e+00
1.412726e+00	2.435654e-01	0.e+00
1.316844e+00	4.674723e-01	0.e+00
1.554647e+00	4.674723e-01	0.e+00
3.014657e+00	1.607249e-01	0.e+00
1.525498e+00	4.674723e-01	0.e+00
1.49187e+00	4.674723e-01	0.e+00
1.479803e+00	4.674723e-01	0.e+00
1.199567e+00	4.674723e-01	0.e+00
8.699387e-01	5.500051e-01	0.e+00
1.132133e+00	5.823855e-01	0.e+00
9.097629e-01	6.585473e-01	0.e+00
1.079006e+00	4.868584e-01	0.e+00
1.508276e+00	4.255843e-01	0.e+00
1.927502e+00	2.567645e-01	0.e+00
1.777071e+00	3.575501e-01	0.e+00
7.254571e-01	4.837975e-01	0.e+00
1.019601e+00	4.255843e-01	0.e+00
1.024409e+00	4.255843e-01	0.e+00
7.821481e-01	4.837975e-01	0.e+00
7.73125e-01	4.837975e-01	0.e+00
1.040364e+00	4.409683e-01	0.e+00
6.154517e-01	5.318069e-01	0.e+00
7.73125e-01	4.837975e-01	0.e+00
9.070029e-01	4.719915e-01	0.e+00
1.05826e+00	4.427874e-01	0.e+00
7.393455e-01	4.837975e-01	0.e+00
7.393455e-01	4.837975e-01	0.e+00
8.14089e-01	4.991193e-01	0.e+00
7.749038e-01	4.778763e-01	0.e+00
7.831154e-01	4.749293e-01	0.e+00
7.562782e-01	5.051582e-01	0.e+00
7.3351e-01	4.899332e-01	0.e+00
7.831154e-01	4.749293e-01	0.e+00
8.936374e-01	4.749293e-01	0.e+00
8.590292e-01	4.646001e-01	0.e+00
7.858546e-01	4.749293e-01	0.e+00
6.095261e-01	4.998288e-01	0.e+00
7.985288e-01	4.697505e-01	0.e+00
6.704861e-01	5.861827e-01	0.e+00
9.886406e-01	4.837975e-01	0.e+00
8.104676e-01	4.646001e-01	0.e+00
8.484686e-01	4.646001e-01	0.e+00
8.178754e-01	4.671718e-01	0.e+00
5.831467e-01	5.160300e-01	0.e+00
5.546376e-01	6.060649e-01	0.e+00
6.095261e-01	4.998288e-01	0.e+00
7.006996e-01	4.802687e-01	0.e+00
8.343435e-01	4.646001e-01	0.e+00
5.97599e-01	4.998288e-01	0.e+00
5.974135e-01	4.998288e-01	0.e+00
5.870904e-01	5.125171e-01	0.e+00
6.790045e-01	4.802687e-01	0.e+00
6.457179e-01	5.040104e-01	0.e+00
7.664811e-01	4.749293e-01	0.e+00
5.754241e-01	4.998288e-01	0.e+00
6.090667e-01	4.899999e-01	0.e+00
6.381419e-01	4.851221e-01	0.e+00
6.090667e-01	4.899999e-01	0.e+00
7.034611e-01	4.998288e-01	0.e+00
5.763976e-01	4.998288e-01	0.e+00
6.821816e-01	4.778511e-01	0.e+00
6.027576e-01	4.998288e-01	0.e+00
6.032688e-01	4.899999e-01	0.e+00
5.843605e-01	4.998288e-01	0.e+00
5.763976e-01	4.998288e-01	0.e+00
6.894659e-01	4.802687e-01	0.e+00
5.868968e-01	4.998288e-01	0.e+00
5.754241e-01	4.998288e-01	0.e+00
5.587033e-01	5.072645e-01	0.e+00
6.024011e-01	5.072645e-01	0.e+00
5.563030e-01	5.072645e-01	0.e+00
5.844804e-01	5.072645e-01	0.e+00
5.563030e-01	5.072645e-01	0.e+00
5.563030e-01	5.072645e-01	0.e+00
5.428959e-01	5.072645e-01	0.e+00
3.976117e-01	8.019740e-01	0.e+00
5.428959e-01	5.072645e-01	0.e+00
5.274179e-01	5.072645e-01	0.e+00
5.668944e-01	5.237115e-01	0.e+00
4.927537e-01	5.072645e-01	0.e+00
4.817274e-01	5.072645e-01	0.e+00
4.817274e-01	5.072645e-01	0.e+00
4.742502e-01	5.072645e-01	0.e+00
3.605864e+00	2.562041e+00	-4.382033e-02
4.742502e-01	5.072645e-01	0.e+00
5.45701e-01	5.072645e-01	0.e+00
4.873439e-01	5.072645e-01	0.e+00
4.542703e-01	5.072645e-01	0.e+00
4.542703e-01	5.072645e-01	0.e+00
6.385185e-01	4.257740e-01	0.e+00
4.889155e-01	5.072645e-01	0.e+00
8.963364e-01	5.072645e-01	0.e+00
7.478274e-01	5.072645e-01	0.e+00
4.673294e-01	5.072645e-01	0.e+00
4.304156e-01	5.072645e-01	0.e+00
4.049063e-01	5.072645e-01	0.e+00
4.049063e-01	5.072645e-01	0.e+00
4.049063e-01	5.072645e-01	0.e+00
5.355835e-01	5.072645e-01	0.e+00
4.110833e-01	5.072645e-01	0.e+00
3.320422e+00	2.562041e+00	-4.382033e-02
5.742635e-01	5.072645e-01	0.e+00
3.929268e-01	5.072645e-01	0.e+00
5.918169e-01	6.647657e-01	0.e+00
3.929268e-01	5.072645e-01	0.e+00
7.352913e-01	5.072645e-01	0.e+00
3.781336e-01	5.072645e-01	0.e+00
3.781336e-01	5.072645e-01	0.e+00
3.631088e-01	5.072645e-01	0.e+00
3.631088e-01	5.072645e-01	0.e+00
3.824539e-01	5.072645e-01	0.e+00
4.637757e-01	5.072645e-01	0.e+00
9.250635e-01	5.072645e-01	0.e+00
4.584783e-01	6.115008e-01	0.e+00
6.128525e-01	6.647657e-01	0.e+00
5.671617e-01	6.647657e-01	0.e+00
2.348165e+00	2.370952e-01	0.e+00
6.379997e-01	6.647657e-01	0.e+00
3.408195e-01	5.072645e-01	0.e+00
4.968647e-01	5.072645e-01	0.e+00
3.743736e-01	5.072645e-01	0.e+00
3.408195e-01	5.072645e-01	0.e+00
4.731673e-01	8.435289e-01	0.e+00
2.705215e-01	8.435289e-01	0.e+00
3.171240e-01	8.435289e-01	0.e+00
4.220616e-01	8.435289e-01	0.e+00
2.684111e-01	8.435289e-01	0.e+00
5.180152e-01	6.647657e-01	0.e+00
5.098717e-01	7.89077e-01	0.e+00
1.558762e+00	3.710252e-01	0.e+00
3.115202e-01	8.435289e-01	0.e+00
1.036427e+00	4.222519e-01	0.e+00
9.978225e-01	3.710252e-01	0.e+00
2.684111e-01	8.435289e-01	0.e+00
1.97487e-01	8.435289e-01	0.e+00
4.239864e-01	6.647657e-01	0.e+00
1.97487e-01	8.435289e-01	0.e+00
9.848646e-02	1.e+00	0.e+00
1.202298e-01	1.e+00	0.e+00
