2.172187e+00	0.e+00	0.e+00
1.027175e+00	4.700183e-04	0.e+00
1.024346e+00	4.700183e-04	0.e+00
1.042203e+00	4.700183e-04	0.e+00
1.078108e+00	4.700183e-04	0.e+00
1.024346e+00	4.700183e-04	0.e+00
1.024346e+00	4.700183e-04	0.e+00
1.845074e+00	0.e+00	0.e+00
1.024346e+00	4.700183e-04	0.e+00
1.024346e+00	4.700183e-04	0.e+00
1.024346e+00	4.700183e-04	0.e+00
1.053743e+00	4.700183e-04	0.e+00
1.024346e+00	4.700183e-04	0.e+00
1.024346e+00	4.700183e-04	0.e+00
1.704004e+00	0.e+00	0.e+00
1.216991e+00	4.700183e-04	0.e+00
1.448897e+00	4.700183e-04	0.e+00
1.26269e+00	4.700183e-04	0.e+00
1.498057e+00	0.e+00	0.e+00
9.545510e-01	8.315919e-02	0.e+00
1.394719e+00	8.25065e-02	0.e+00
1.510907e+00	8.25065e-02	0.e+00
1.280335e+00	8.315919e-02	0.e+00
8.350177e+00	2.332888e-02	0.e+00
5.391015e+00	1.808496e-01	0.e+00
1.132181e+00	8.415516e-02	0.e+00
1.699383e+00	8.415516e-02	0.e+00
9.109893e-01	8.582012e-02	0.e+00
8.755649e-01	8.921329e-02	0.e+00
8.955170e-01	8.478461e-02	0.e+00
8.173271e-01	8.96331e-02	0.e+00
8.432201e-01	8.729746e-02	0.e+00
8.116044e-01	8.957692e-02	0.e+00
8.764756e-01	8.543331e-02	0.e+00
8.247652e-01	8.872705e-02	0.e+00
4.421159e+00	3.678645e+00	-1.795316e-03
8.592276e-01	8.872705e-02	0.e+00
8.314474e-01	9.134842e-02	0.e+00
8.57622e-01	8.653865e-02	0.e+00
7.813042e-01	9.533172e-02	0.e+00
7.796874e-01	9.351003e-02	0.e+00
7.734249e-01	9.464632e-02	0.e+00
7.637112e-01	9.565657e-02	0.e+00
7.920319e-01	9.219308e-02	0.e+00
7.844983e-01	9.286329e-02	0.e+00
7.891632e-01	9.322674e-02	0.e+00
7.697511e-01	9.639993e-02	0.e+00
7.716446e-01	9.390397e-02	0.e+00
7.579819e-01	9.749423e-02	0.e+00
7.746312e-01	9.456801e-02	0.e+00
7.470417e-01	1.005867e-01	0.e+00
7.578344e-01	9.557705e-02	0.e+00
7.553027e-01	9.614919e-02	0.e+00
7.515310e-01	9.655557e-02	0.e+00
7.503007e-01	9.655835e-02	0.e+00
7.689268e-01	9.489307e-02	0.e+00
7.60273e-01	9.77625e-02	0.e+00
7.367162e-01	9.871243e-02	0.e+00
7.384997e-01	9.839971e-02	0.e+00
7.380617e-01	9.871243e-02	0.e+00
7.627741e-01	9.695966e-02	0.e+00
7.383306e-01	9.976679e-02	0.e+00
7.325141e-01	1.003620e-01	0.e+00
7.485345e-01	9.702703e-02	0.e+00
7.433642e-01	1.013493e-01	0.e+00
1.403198e+00	7.711065e-01	-3.346407e-04
7.276972e-01	1.005129e-01	0.e+00
7.217483e-01	1.027612e-01	0.e+00
7.282435e-01	1.024575e-01	0.e+00
7.345665e-01	9.954299e-02	0.e+00
7.449960e-01	1.042626e-01	0.e+00
7.275017e-01	1.042626e-01	0.e+00
7.083407e-01	1.050094e-01	0.e+00
7.054754e-01	1.06203e-01	0.e+00
7.020994e-01	1.095811e-01	0.e+00
7.061727e-01	1.062888e-01	0.e+00
6.912676e-01	1.108539e-01	0.e+00
7.010351e-01	1.077812e-01	0.e+00
7.529942e-01	1.077812e-01	0.e+00
6.991741e-01	1.09074e-01	0.e+00
7.030325e-01	1.09074e-01	0.e+00
6.923497e-01	1.102117e-01	0.e+00
6.57219e+00	4.066117e-02	0.e+00
7.392713e-01	1.577606e-01	-2.363791e-05
6.865467e-01	1.120678e-01	0.e+00
7.627416e-01	1.051576e-01	0.e+00
6.981981e-01	1.120678e-01	0.e+00
3.989198e+00	6.410750e-02	0.e+00
7.662908e-01	1.054592e-01	0.e+00
7.147824e-01	1.085215e-01	0.e+00
6.788824e-01	1.162416e-01	0.e+00
7.274916e-01	1.132223e-01	0.e+00
6.837745e-01	1.162416e-01	0.e+00
6.772639e-01	1.183570e-01	0.e+00
6.834627e-01	1.186084e-01	0.e+00
6.774768e-01	1.186084e-01	0.e+00
7.589342e-01	1.137741e-01	0.e+00
7.447054e-01	1.219677e-01	0.e+00
8.850392e-01	1.254855e-01	0.e+00
6.824203e-01	1.193295e-01	0.e+00
