2.230799e+00	0.e+00	0.e+00
1.699426e+00	0.e+00	0.e+00
1.057436e+00	1.47473e-03	0.e+00
1.847483e+00	0.e+00	0.e+00
9.896101e-01	2.732686e-03	0.e+00
9.201639e-01	9.737524e-02	0.e+00
2.062714e+00	0.e+00	0.e+00
9.896101e-01	2.732686e-03	0.e+00
9.896101e-01	2.732686e-03	0.e+00
1.716571e+00	7.147905e-02	0.e+00
3.324668e+00	3.076935e-02	0.e+00
2.895280e+01	2.776974e+01	-1.378566e-02
9.285158e-01	1.593957e-01	0.e+00
8.653411e-01	3.401524e-01	0.e+00
7.393758e-01	1.182818e-01	0.e+00
1.053339e+00	9.520074e-02	0.e+00
6.670496e-01	1.292414e-01	0.e+00
7.885042e-01	1.079836e-01	0.e+00
1.046917e+00	1.050912e-01	0.e+00
6.907492e-01	1.493851e-01	0.e+00
6.29016e-01	1.561662e-01	0.e+00
6.290155e-01	1.561662e-01	0.e+00
6.317141e-01	1.522272e-01	0.e+00
6.290155e-01	1.561662e-01	0.e+00
6.330111e-01	1.613998e-01	0.e+00
6.290155e-01	1.561662e-01	0.e+00
7.226606e-01	1.837632e-01	0.e+00
6.775934e-01	1.752761e-01	0.e+00
6.290155e-01	1.561662e-01	0.e+00
1.186020e+00	1.055024e-01	0.e+00
6.347511e-01	1.561662e-01	0.e+00
6.293219e-01	1.561662e-01	0.e+00
6.290155e-01	1.561662e-01	0.e+00
1.227565e+00	1.037901e-01	0.e+00
5.110815e+02	5.106087e+02	-2.552263e-01
6.290155e-01	1.561662e-01	0.e+00
6.290155e-01	1.561662e-01	0.e+00
6.290155e-01	1.561662e-01	0.e+00
6.290155e-01	1.561662e-01	0.e+00
6.290155e-01	1.561662e-01	0.e+00
6.290155e-01	1.561662e-01	0.e+00
6.290155e-01	1.561662e-01	0.e+00
8.567981e-01	1.225655e-01	0.e+00
6.290155e-01	1.561662e-01	0.e+00
6.290155e-01	1.561662e-01	0.e+00
6.290155e-01	1.561662e-01	0.e+00
6.290155e-01	1.561662e-01	0.e+00
1.632014e+00	8.935414e-02	0.e+00
6.833464e-01	1.389679e-01	0.e+00
6.290155e-01	1.561662e-01	0.e+00
6.290155e-01	1.561662e-01	0.e+00
2.453845e+00	6.385775e-02	0.e+00
6.303224e-01	1.561662e-01	0.e+00
6.290155e-01	1.561662e-01	0.e+00
1.162673e+00	2.896825e-01	0.e+00
6.290155e-01	1.561662e-01	0.e+00
6.645385e-01	1.561662e-01	0.e+00
6.290155e-01	1.561662e-01	0.e+00
6.473793e-01	1.561662e-01	0.e+00
6.290155e-01	1.561662e-01	0.e+00
6.290155e-01	1.561662e-01	0.e+00
6.290155e-01	1.561662e-01	0.e+00
6.313236e-01	1.561662e-01	0.e+00
8.896298e-01	1.126951e-01	0.e+00
6.290155e-01	1.561662e-01	0.e+00
6.30704e-01	1.561662e-01	0.e+00
6.290155e-01	1.561662e-01	0.e+00
6.290155e-01	1.561662e-01	0.e+00
6.290155e-01	1.561662e-01	0.e+00
6.309875e-01	1.561662e-01	0.e+00
6.290195e-01	1.561662e-01	0.e+00
6.296371e-01	1.561662e-01	0.e+00
1.138488e+00	1.075427e-01	0.e+00
6.290155e-01	1.561662e-01	0.e+00
6.290155e-01	1.561662e-01	0.e+00
6.290155e-01	1.561662e-01	0.e+00
6.290155e-01	1.561662e-01	0.e+00
6.307101e-01	1.561662e-01	0.e+00
6.290155e-01	1.561662e-01	0.e+00
6.290155e-01	1.561662e-01	0.e+00
