1.219824e+00	0.e+00	0.e+00
3.464286e+00	2.625769e-02	0.e+00
2.822064e+00	4.502786e-02	0.e+00
2.996763e+00	3.657564e-02	0.e+00
6.819283e-01	1.283044e-01	0.e+00
7.520153e-01	1.122969e-01	0.e+00
1.741969e+00	7.093577e-02	0.e+00
2.42413e+00	7.771915e-02	0.e+00
6.290166e-01	1.562453e-01	0.e+00
8.098216e-01	1.258941e-01	0.e+00
6.292127e-01	1.562453e-01	0.e+00
1.124751e+00	1.103837e-01	0.e+00
6.545469e-01	1.441203e-01	0.e+00
5.774557e-01	5.322895e-01	0.e+00
4.570804e-01	4.046256e-01	0.e+00
1.192169e+00	2.619237e-01	0.e+00
5.900482e-01	3.841290e-01	0.e+00
4.165434e-01	4.164673e-01	0.e+00
6.026549e-01	3.747662e-01	0.e+00
7.309396e-01	3.552688e-01	0.e+00
4.015308e-01	4.219836e-01	0.e+00
4.993411e-01	4.012885e-01	0.e+00
3.527239e-01	4.493929e-01	0.e+00
3.246715e-01	4.679815e-01	0.e+00
3.444178e-01	4.598037e-01	0.e+00
2.707105e-01	5.866456e-01	0.e+00
1.806008e-01	7.854443e-01	0.e+00
2.657382e-01	5.866456e-01	0.e+00
2.510963e-01	6.365624e-01	0.e+00
2.380713e-01	6.878435e-01	0.e+00
7.178451e-02	8.869770e-01	0.e+00
1.194956e-01	8.200688e-01	0.e+00
2.430615e-01	7.004418e-01	0.e+00
1.565924e-01	7.848144e-01	0.e+00
1.203871e-01	8.189719e-01	0.e+00
5.574437e-02	8.991025e-01	0.e+00
1.107722e-02	9.782831e-01	0.e+00
2.110034e-01	7.320610e-01	0.e+00
2.489519e-02	9.515283e-01	0.e+00
1.149078e-01	8.272522e-01	0.e+00
