9.992442e-01	4.050188e-03	0.e+00
9.954281e-01	2.631336e-03	0.e+00
3.051615e+00	2.063474e+00	-1.030466e-03
3.049724e+00	3.425315e-02	0.e+00
2.938337e+00	3.585873e-02	0.e+00
1.684001e+00	0.e+00	0.e+00
1.684001e+00	0.e+00	0.e+00
2.832738e+00	4.450058e-02	0.e+00
1.987391e+01	1.886492e+01	-9.431565e-03
1.684001e+00	0.e+00	0.e+00
9.660957e-01	2.166107e-01	0.e+00
3.027228e+00	3.368373e-02	0.e+00
2.582467e+00	1.531921e+00	-7.63651e-04
1.753755e+00	1.197894e-02	0.e+00
8.768266e-01	2.035544e-01	0.e+00
1.120687e+00	2.491399e-01	0.e+00
6.996044e-01	1.342696e-01	0.e+00
9.895936e-01	2.631336e-03	0.e+00
1.996136e+00	6.540210e-02	0.e+00
1.237499e+00	8.417244e-02	0.e+00
8.828716e-01	9.970819e-02	0.e+00
7.868121e-01	1.072114e-01	0.e+00
6.167662e+01	6.039896e+01	-3.007286e-02
8.128722e-01	1.048010e-01	0.e+00
8.173294e-01	1.433466e-01	0.e+00
3.337290e+00	3.183104e-02	0.e+00
9.771689e-01	1.120013e-01	0.e+00
1.224341e+00	1.139435e-01	0.e+00
7.027719e-01	1.190285e-01	0.e+00
7.785864e-01	1.190285e-01	0.e+00
6.879747e-01	1.218849e-01	0.e+00
7.639356e-01	1.5364e-01	0.e+00
1.310128e+01	1.256037e+01	-6.216300e-03
6.981836e-01	1.309132e-01	0.e+00
6.513613e-01	1.342696e-01	0.e+00
1.087184e+00	1.378296e-01	0.e+00
2.848508e+00	4.244657e-02	0.e+00
6.761815e-01	1.248751e-01	0.e+00
6.75812e-01	1.766473e-01	0.e+00
1.615742e+00	1.531865e-01	0.e+00
9.494339e-01	1.945381e-01	0.e+00
6.632382e-01	1.722732e-01	0.e+00
4.830748e+01	4.783633e+01	-2.383898e-02
6.290139e-01	1.567027e-01	0.e+00
7.366922e-01	1.131449e-01	0.e+00
7.527452e-01	1.916896e-01	0.e+00
1.406227e+00	9.76576e-02	0.e+00
6.290139e-01	1.567027e-01	0.e+00
6.433876e-01	1.567027e-01	0.e+00
6.298767e-01	1.567027e-01	0.e+00
6.290139e-01	1.567027e-01	0.e+00
6.290139e-01	1.567027e-01	0.e+00
6.290139e-01	1.567027e-01	0.e+00
7.169718e-01	1.869035e-01	0.e+00
6.341296e-01	1.471148e-01	0.e+00
9.761848e-01	2.218157e-01	0.e+00
6.534669e-01	1.447044e-01	0.e+00
6.340772e-01	1.567027e-01	0.e+00
7.573797e-01	1.896916e-01	0.e+00
1.133472e+00	2.530593e-01	0.e+00
6.320090e-01	1.567027e-01	0.e+00
1.230864e+00	9.110796e-02	0.e+00
2.316497e+00	8.136013e-02	0.e+00
6.292391e-01	1.567027e-01	0.e+00
6.290139e-01	1.567027e-01	0.e+00
6.291383e-01	1.567027e-01	0.e+00
6.852880e-01	1.567027e-01	0.e+00
6.308916e-01	1.567027e-01	0.e+00
7.867852e-01	3.838610e-01	0.e+00
1.142303e+00	2.558108e-01	0.e+00
6.290139e-01	1.567027e-01	0.e+00
1.525112e+00	9.309081e-02	0.e+00
6.339704e-01	1.653878e-01	0.e+00
1.143871e+00	2.572027e-01	0.e+00
6.706419e-01	3.713223e-01	0.e+00
1.142531e+00	3.723967e-01	0.e+00
1.012485e+02	1.014428e+02	-5.047397e-02
4.573522e-01	4.042906e-01	0.e+00
1.408403e+00	2.608024e-01	0.e+00
1.223345e+00	2.629562e-01	0.e+00
5.714194e-01	3.808083e-01	0.e+00
2.812081e+01	2.71421e+01	-1.344283e-02
9.497718e-01	3.293895e-01	0.e+00
3.397801e-01	5.350358e-01	0.e+00
5.303087e-01	3.876337e-01	0.e+00
5.245593e-01	3.893969e-01	0.e+00
5.170704e-01	3.911963e-01	0.e+00
5.500038e-01	3.928124e-01	0.e+00
9.955291e-01	3.219477e-01	0.e+00
8.564513e-01	3.387415e-01	0.e+00
4.858194e-01	3.981692e-01	0.e+00
1.03102e+00	3.182134e-01	0.e+00
4.677640e-01	4.018889e-01	0.e+00
4.245622e-01	4.145163e-01	0.e+00
4.204145e-01	4.152459e-01	0.e+00
4.227091e-01	4.145694e-01	0.e+00
4.479785e-01	4.093124e-01	0.e+00
4.353747e-01	4.116403e-01	0.e+00
4.192289e-01	4.155296e-01	0.e+00
4.243422e-01	4.155296e-01	0.e+00
3.439632e-01	4.652975e-01	0.e+00
1.309105e+00	2.757713e-01	0.e+00
4.418942e-01	4.085391e-01	0.e+00
3.992032e-01	4.243251e-01	0.e+00
3.895076e-01	4.268385e-01	0.e+00
3.92714e-01	4.291353e-01	0.e+00
4.021926e+01	4.040143e+01	-1.992913e-02
3.36559e-01	4.664785e-01	0.e+00
3.209271e-01	4.711621e-01	0.e+00
4.173196e-01	4.395558e-01	0.e+00
1.110945e+00	3.042196e-01	0.e+00
3.528557e-01	4.453609e-01	0.e+00
3.819719e-01	4.300486e-01	0.e+00
3.249984e-01	4.914011e-01	0.e+00
3.246601e-01	4.860606e-01	0.e+00
3.223949e-01	4.697543e-01	0.e+00
3.364301e-01	4.572023e-01	0.e+00
3.766913e-01	4.656194e-01	0.e+00
5.005673e-01	3.939249e-01	0.e+00
2.995875e-01	5.935848e-01	0.e+00
3.600359e-01	4.410721e-01	0.e+00
3.084921e-01	5.239814e-01	0.e+00
3.094608e-01	4.858735e-01	0.e+00
3.032783e-01	4.908651e-01	0.e+00
2.769681e-01	6.210529e-01	0.e+00
2.619161e-01	5.872202e-01	0.e+00
3.199911e-01	4.920213e-01	0.e+00
3.144426e-01	5.10066e-01	0.e+00
2.680388e-01	6.509906e-01	0.e+00
3.641093e-01	4.599573e-01	0.e+00
2.798883e-01	5.247253e-01	0.e+00
2.762396e-01	5.310335e-01	0.e+00
3.321016e-01	4.694268e-01	0.e+00
2.905246e-01	5.428883e-01	0.e+00
2.682573e-01	5.508067e-01	0.e+00
2.743292e-01	5.363875e-01	0.e+00
2.557826e-01	5.946860e-01	0.e+00
2.523779e-01	6.265567e-01	0.e+00
2.485331e-01	6.565131e-01	0.e+00
2.647816e-01	5.92215e-01	0.e+00
2.564004e-01	6.191291e-01	0.e+00
2.464544e-01	6.835857e-01	0.e+00
2.968118e-01	6.243664e-01	0.e+00
2.179200e-01	7.20704e-01	0.e+00
4.671429e-01	4.495581e-01	0.e+00
1.284482e-01	8.111074e-01	0.e+00
2.508125e-01	6.471698e-01	0.e+00
2.703732e-01	5.564185e-01	0.e+00
2.04304e-01	7.394269e-01	0.e+00
2.560790e-01	6.083245e-01	0.e+00
2.511839e-01	6.624815e-01	0.e+00
2.262180e-01	7.103193e-01	0.e+00
1.318402e-01	8.143319e-01	0.e+00
2.210417e-01	7.213396e-01	0.e+00
2.538570e-01	6.004849e-01	0.e+00
1.950146e-01	7.535582e-01	0.e+00
6.504474e-02	8.861236e-01	0.e+00
2.444882e-01	7.000603e-01	0.e+00
2.671969e-01	6.433312e-01	0.e+00
2.472532e-01	6.622471e-01	0.e+00
1.709211e-01	7.714411e-01	0.e+00
1.069565e-01	8.394644e-01	0.e+00
1.673992e-01	7.735301e-01	0.e+00
2.781689e-01	6.397167e-01	0.e+00
1.648172e-01	7.759753e-01	0.e+00
2.960369e-01	5.73957e-01	0.e+00
1.721087e-01	7.766837e-01	0.e+00
1.632139e-01	7.890953e-01	0.e+00
2.596549e-03	9.948183e-01	0.e+00
1.919503e-01	7.585697e-01	0.e+00
1.399254e-01	8.029086e-01	0.e+00
7.161813e-02	8.794923e-01	0.e+00
1.274420e-01	8.130002e-01	0.e+00
1.222935e-01	8.171211e-01	0.e+00
1.178827e-01	8.215861e-01	0.e+00
1.316191e-01	8.081561e-01	0.e+00
1.330616e-01	8.0644e-01	0.e+00
2.153417e-01	7.235199e-01	0.e+00
1.814688e-01	7.610062e-01	0.e+00
8.368322e-02	8.645886e-01	0.e+00
4.644281e-02	9.138021e-01	0.e+00
8.545922e-02	8.581026e-01	0.e+00
3.416206e+02	3.421918e+02	-1.707162e-01
9.951027e-02	8.422881e-01	0.e+00
3.888364e-02	9.31169e-01	0.e+00
2.579589e-02	9.500749e-01	0.e+00
2.965342e-01	4.999100e-01	0.e+00
2.67164e-04	1.e+00	0.e+00
4.762909e-02	9.22418e-01	0.e+00
4.829795e-02	9.10293e-01	0.e+00
6.827866e-02	8.803774e-01	0.e+00
6.723584e-02	8.851108e-01	0.e+00
3.396139e-02	9.354344e-01	0.e+00
2.435354e-02	9.532206e-01	0.e+00
5.911700e-02	8.938911e-01	0.e+00
1.719569e-02	9.661999e-01	0.e+00
1.771203e-01	7.647416e-01	0.e+00
9.667309e-02	8.473913e-01	0.e+00
6.775296e-02	8.816135e-01	0.e+00
9.032709e-04	1.e+00	0.e+00
