1.668167e+00	0.e+00	0.e+00
1.148233e+00	2.515567e-03	0.e+00
9.983674e-01	2.515567e-03	0.e+00
9.959606e-01	2.641565e-03	0.e+00
8.673572e-01	1.022666e-01	0.e+00
7.87605e-01	1.122969e-01	0.e+00
6.847590e-01	1.250019e-01	0.e+00
9.986708e-01	2.515567e-03	0.e+00
6.291067e-01	1.559648e-01	0.e+00
6.291067e-01	1.559648e-01	0.e+00
6.291705e-01	1.559648e-01	0.e+00
6.469307e-01	1.453954e-01	0.e+00
6.291067e-01	1.559648e-01	0.e+00
6.291067e-01	1.559648e-01	0.e+00
6.595224e-01	1.358902e-01	0.e+00
7.865032e-01	3.801399e-01	0.e+00
6.306177e-01	1.601006e-01	0.e+00
5.609715e-01	3.930142e-01	0.e+00
7.345412e-01	5.872887e-01	0.e+00
4.076037e-01	4.198860e-01	0.e+00
3.539596e-01	4.450452e-01	0.e+00
3.055546e-01	4.950215e-01	0.e+00
3.546895e-01	4.517735e-01	0.e+00
3.235927e-01	4.686676e-01	0.e+00
3.559037e-01	4.899704e-01	0.e+00
1.999966e+00	2.444041e+00	-8.65602e-04
2.969979e-01	5.401760e-01	0.e+00
2.571634e-01	5.790624e-01	0.e+00
2.714125e-01	5.646413e-01	0.e+00
2.364258e-01	6.928548e-01	0.e+00
2.214004e-01	7.243067e-01	0.e+00
1.489891e-01	7.930752e-01	0.e+00
1.813322e-01	7.723905e-01	0.e+00
2.888464e-01	6.077391e-01	0.e+00
1.204175e-01	8.189719e-01	0.e+00
2.799374e-01	6.686473e-01	0.e+00
7.323443e-02	8.764295e-01	0.e+00
1.745449e-01	7.666874e-01	0.e+00
1.121096e-01	8.581653e-01	0.e+00
4.147625e-02	9.233509e-01	0.e+00
