9.609862e-01	1.183756e-01	0.e+00
9.896499e-01	2.559958e-03	0.e+00
1.116947e+00	6.087549e-04	0.e+00
1.096801e+00	2.559958e-03	0.e+00
9.896499e-01	2.559958e-03	0.e+00
1.766839e+00	1.314061e-02	0.e+00
9.896499e-01	2.559958e-03	0.e+00
1.79873e+00	0.e+00	0.e+00
2.987815e+00	3.445103e-02	0.e+00
1.004461e+00	1.868763e-03	0.e+00
1.663853e+00	0.e+00	0.e+00
1.322804e+00	0.e+00	0.e+00
1.213273e+00	0.e+00	0.e+00
1.482832e+00	2.559958e-03	0.e+00
8.493830e-01	1.023260e-01	0.e+00
8.448681e-01	1.028251e-01	0.e+00
7.836379e-01	1.086681e-01	0.e+00
7.933037e-01	1.077002e-01	0.e+00
3.215592e+00	3.629078e-02	0.e+00
9.44778e-01	9.690537e-02	0.e+00
2.576807e+00	1.930672e-02	0.e+00
8.487751e-01	1.061533e-01	-3.298381e-08
2.918762e+00	3.468390e-02	0.e+00
7.660246e-01	1.093230e-01	0.e+00
8.775492e-01	1.005611e-01	0.e+00
6.579089e-01	1.314462e-01	0.e+00
7.499438e-01	1.112469e-01	0.e+00
7.249531e-01	1.147061e-01	0.e+00
1.039209e+00	1.7252e-01	0.e+00
6.928739e-01	1.205885e-01	0.e+00
6.650191e-01	1.33127e-01	0.e+00
7.204929e-01	1.153706e-01	0.e+00
6.657029e-01	1.313792e-01	0.e+00
6.823863e-01	1.287994e-01	0.e+00
9.970381e-01	1.934242e-01	0.e+00
6.761167e-01	1.248865e-01	0.e+00
6.461556e-01	1.370864e-01	0.e+00
7.786496e-01	1.080542e-01	0.e+00
6.365718e-01	1.438313e-01	0.e+00
8.692734e-01	1.801413e-01	0.e+00
7.172772e-01	1.318697e-01	0.e+00
6.411114e-01	1.478069e-01	0.e+00
6.418116e-01	1.410563e-01	0.e+00
6.298779e-01	1.604253e-01	0.e+00
6.300641e-01	1.519281e-01	0.e+00
6.307105e-01	1.53018e-01	0.e+00
6.364358e-01	1.561785e-01	0.e+00
6.400437e-01	1.481764e-01	0.e+00
6.300207e-01	1.520289e-01	0.e+00
6.290155e-01	1.561785e-01	0.e+00
6.290152e-01	1.561953e-01	0.e+00
6.290152e-01	1.561953e-01	0.e+00
1.024362e+00	1.12855e-01	0.e+00
1.026761e+00	1.127348e-01	0.e+00
6.290151e-01	1.562037e-01	0.e+00
7.592003e-01	1.896253e-01	0.e+00
6.334398e-01	1.562121e-01	0.e+00
6.298988e-01	1.562121e-01	0.e+00
6.290150e-01	1.562121e-01	0.e+00
6.363268e-01	1.562121e-01	0.e+00
6.290150e-01	1.562121e-01	0.e+00
1.692015e+00	8.740265e-02	0.e+00
6.430247e-01	1.562121e-01	0.e+00
6.290150e-01	1.562121e-01	0.e+00
6.429878e-01	1.562121e-01	0.e+00
6.290150e-01	1.562121e-01	0.e+00
6.290150e-01	1.562121e-01	0.e+00
6.290150e-01	1.562121e-01	0.e+00
6.290151e-01	1.562121e-01	0.e+00
6.290150e-01	1.562121e-01	0.e+00
6.290150e-01	1.562121e-01	0.e+00
6.290150e-01	1.562121e-01	0.e+00
6.290150e-01	1.562121e-01	0.e+00
6.290150e-01	1.562121e-01	0.e+00
6.290143e-01	1.562121e-01	0.e+00
6.290143e-01	1.562121e-01	0.e+00
6.290143e-01	1.562121e-01	0.e+00
6.626919e-01	1.718367e-01	0.e+00
1.278445e+00	1.017646e-01	0.e+00
6.709736e-01	1.562121e-01	0.e+00
6.656120e-01	1.725854e-01	0.e+00
6.290141e-01	1.562121e-01	0.e+00
6.291662e-01	1.562121e-01	0.e+00
8.184950e-01	1.253208e-01	0.e+00
2.469498e+00	6.334499e-02	0.e+00
6.290141e-01	1.562121e-01	0.e+00
6.290141e-01	1.562121e-01	0.e+00
6.355592e-01	1.562121e-01	0.e+00
6.290547e-01	1.562121e-01	0.e+00
6.29992e-01	1.562121e-01	0.e+00
6.87137e-01	1.772804e-01	0.e+00
7.456175e-01	1.31548e-01	0.e+00
6.290141e-01	1.562121e-01	0.e+00
6.290141e-01	1.562121e-01	0.e+00
1.329902e+00	1.012033e-01	0.e+00
2.001396e+00	7.612994e-02	0.e+00
6.307331e-01	1.562121e-01	0.e+00
6.290141e-01	1.562121e-01	0.e+00
1.390780e+00	9.758306e-02	0.e+00
6.290141e-01	1.562121e-01	0.e+00
