4.729882e+00	3.407196e+00	-1.703598e-03
7.871705e-01	1.132852e-01	0.e+00
1.021234e+00	1.068641e-03	0.e+00
7.71588e-01	1.08692e-01	0.e+00
1.343104e+02	1.333023e+02	-6.665061e-02
9.178658e+01	9.077852e+01	-4.538872e-02
2.930975e+00	3.535761e-02	0.e+00
1.267223e+00	2.354917e-01	0.e+00
4.389986e+02	4.376467e+02	-2.188197e-01
7.139435e-01	1.1645e-01	0.e+00
1.902525e+00	2.134829e-01	0.e+00
9.912328e-01	1.025496e-01	0.e+00
2.80858e+00	4.789695e-02	0.e+00
7.750907e-01	1.410131e-01	0.e+00
7.139435e-01	1.1645e-01	0.e+00
1.120183e+00	7.876548e-05	0.e+00
6.700303e-01	1.267905e-01	0.e+00
1.352705e+00	8.865807e-02	0.e+00
6.646861e-01	1.289573e-01	0.e+00
6.316809e-01	1.494201e-01	0.e+00
6.290116e-01	1.566443e-01	0.e+00
9.734687e-01	2.233835e-01	0.e+00
6.290116e-01	1.566443e-01	0.e+00
9.208532e-01	1.187938e-01	0.e+00
6.521454e-01	1.566443e-01	0.e+00
9.254199e-01	1.185243e-01	0.e+00
6.290116e-01	1.566443e-01	0.e+00
1.155756e+00	2.607182e-01	0.e+00
1.397424e+00	9.757762e-02	0.e+00
6.290116e-01	1.566443e-01	0.e+00
1.924406e+00	8.047874e-02	0.e+00
6.290116e-01	1.566443e-01	0.e+00
6.331235e-01	1.566443e-01	0.e+00
1.924406e+00	8.047874e-02	0.e+00
6.446175e-01	1.470572e-01	0.e+00
6.290116e-01	1.566443e-01	0.e+00
6.445533e-01	1.435928e-01	0.e+00
6.345078e-01	5.684204e-01	0.e+00
5.980904e-01	3.843679e-01	0.e+00
6.372781e-01	3.859454e-01	0.e+00
6.831175e-01	5.716730e-01	0.e+00
5.619578e-01	3.882602e-01	0.e+00
5.221625e-01	3.898496e-01	0.e+00
4.440777e-01	4.081451e-01	0.e+00
8.746621e-01	4.022519e-01	0.e+00
4.667011e-01	4.022519e-01	0.e+00
4.602438e-01	4.106055e-01	0.e+00
6.838351e-01	1.228438e-01	0.e+00
4.765872e-01	4.010667e-01	0.e+00
3.846953e-01	4.293317e-01	0.e+00
4.9317e-01	3.960668e-01	0.e+00
1.077607e+00	3.089686e-01	0.e+00
5.160361e-01	3.905975e-01	0.e+00
1.104303e+01	1.115313e+01	-5.339852e-03
5.640168e-01	3.852946e-01	0.e+00
2.833619e-01	5.265556e-01	0.e+00
5.062524e-01	3.958821e-01	0.e+00
3.345801e-01	4.584893e-01	0.e+00
3.266228e-01	4.662346e-01	0.e+00
3.014724e-01	4.942714e-01	0.e+00
6.420106e-01	3.685227e-01	0.e+00
4.817254e-01	4.114907e-01	0.e+00
3.138437e-01	4.973067e-01	0.e+00
1.693873e-01	7.723182e-01	0.e+00
3.008640e-01	5.209189e-01	0.e+00
2.531368e-01	6.214178e-01	0.e+00
2.356696e-01	6.928589e-01	0.e+00
1.136388e-01	8.304819e-01	0.e+00
3.265768e-01	4.865240e-01	0.e+00
2.820905e-01	5.276258e-01	0.e+00
2.997928e-01	5.739264e-01	0.e+00
4.534433e-01	4.132273e-01	0.e+00
2.329773e-01	6.981083e-01	0.e+00
1.459950e-01	8.087258e-01	0.e+00
2.679574e-01	5.494845e-01	0.e+00
1.957804e-01	7.457685e-01	0.e+00
2.498944e-01	7.212108e-01	0.e+00
2.037737e-01	7.379612e-01	0.e+00
2.548228e-01	6.030009e-01	0.e+00
9.097236e-02	8.623519e-01	0.e+00
1.132011e-01	8.270532e-01	0.e+00
1.874409e-01	7.577904e-01	0.e+00
3.083456e-01	5.927528e-01	0.e+00
1.253213e-01	8.146067e-01	0.e+00
2.757141e-01	6.261504e-01	0.e+00
1.790699e-01	7.705461e-01	0.e+00
1.973774e-01	7.457238e-01	0.e+00
1.149934e-01	8.270532e-01	0.e+00
1.012064e-01	8.393343e-01	0.e+00
3.901356e+01	3.979476e+01	-1.946600e-02
8.777218e-02	8.601740e-01	0.e+00
1.075751e-01	8.323653e-01	0.e+00
2.433081e-01	7.421666e-01	0.e+00
2.135806e-01	7.333153e-01	0.e+00
4.80423e-02	9.157527e-01	0.e+00
1.318455e-01	8.091044e-01	0.e+00
2.255444e-01	7.133278e-01	0.e+00
1.280842e-01	8.165738e-01	0.e+00
4.178042e-02	1.e+00	0.e+00
3.678573e-02	9.313816e-01	0.e+00
