1.045855e+00	1.120181e-01	0.e+00
1.111443e+00	4.470412e-04	0.e+00
8.138218e+00	2.354408e-02	0.e+00
2.397279e+00	4.470412e-04	0.e+00
2.363186e+00	4.470412e-04	0.e+00
1.288443e+00	4.470412e-04	0.e+00
1.237825e+00	4.470412e-04	0.e+00
1.222954e+00	7.802197e-02	0.e+00
3.559457e+00	2.497958e-01	0.e+00
2.968534e+00	8.786986e-02	0.e+00
1.11085e+00	9.040943e-02	0.e+00
4.134424e+00	2.189431e-01	0.e+00
8.270156e+00	3.713997e-02	0.e+00
7.35974e-01	1.232245e-01	0.e+00
3.663627e+00	2.537356e-01	0.e+00
1.302435e+00	9.643402e-02	0.e+00
6.906166e-01	1.175545e-01	0.e+00
6.749628e-01	1.175545e-01	0.e+00
1.039013e+00	1.175545e-01	0.e+00
6.921943e-01	1.230979e-01	0.e+00
9.393887e-01	9.643402e-02	0.e+00
7.889629e-01	1.175545e-01	0.e+00
6.749628e-01	1.175545e-01	0.e+00
6.817784e-01	1.232245e-01	0.e+00
7.251769e-01	1.175545e-01	0.e+00
1.812853e+00	3.431657e-01	0.e+00
6.749628e-01	1.175545e-01	0.e+00
6.879914e-01	1.175545e-01	0.e+00
6.902669e-01	1.164114e-01	0.e+00
1.395775e+00	1.175545e-01	0.e+00
3.278457e+00	2.224062e-01	0.e+00
6.865471e-01	1.159599e-01	0.e+00
1.844903e+00	1.175545e-01	0.e+00
7.146918e-01	1.260834e-01	0.e+00
3.423331e+00	2.147026e-01	0.e+00
1.213575e+00	3.456040e-01	0.e+00
6.179119e-01	3.486554e-01	0.e+00
5.546631e-01	3.566718e-01	0.e+00
1.505685e+00	5.744395e-01	0.e+00
1.416722e+00	5.817150e-01	0.e+00
1.158832e+00	3.620225e-01	0.e+00
5.601286e-01	3.595974e-01	0.e+00
4.995900e-01	3.692941e-01	0.e+00
5.237413e-01	3.723969e-01	0.e+00
4.957981e-01	4.055035e-01	0.e+00
4.599858e-01	3.811413e-01	0.e+00
4.24034e-01	3.963513e-01	0.e+00
4.466324e-01	3.896598e-01	0.e+00
3.982103e-01	4.068767e-01	0.e+00
1.814718e+00	1.583283e-01	0.e+00
1.084013e+00	4.036011e-01	0.e+00
4.035665e-01	4.092393e-01	0.e+00
3.916899e-01	4.202304e-01	0.e+00
3.817448e-01	4.195641e-01	0.e+00
4.693616e-01	4.275032e-01	0.e+00
3.45425e-01	4.452858e-01	0.e+00
8.458438e-01	3.611469e-01	0.e+00
3.610460e-01	4.476885e-01	0.e+00
5.616444e-01	4.652337e-01	0.e+00
5.851431e-01	7.350536e-01	0.e+00
5.684606e-01	6.867383e-01	0.e+00
5.299204e-01	4.247746e-01	0.e+00
3.442455e-01	5.018310e-01	0.e+00
3.776114e-01	4.595491e-01	0.e+00
2.980437e-01	5.393970e-01	0.e+00
3.635249e-01	5.393970e-01	0.e+00
3.722243e-01	5.393970e-01	0.e+00
4.135182e-01	5.393970e-01	0.e+00
3.900069e-01	4.727839e-01	0.e+00
2.564729e-01	8.541687e-01	0.e+00
3.163644e-01	6.622133e-01	0.e+00
3.416598e-01	6.294189e-01	0.e+00
2.291692e-01	8.123668e-01	0.e+00
3.326721e-01	6.642890e-01	0.e+00
5.209631e-01	5.475245e-01	0.e+00
2.54677e-01	7.110457e-01	0.e+00
1.815507e-01	7.636716e-01	0.e+00
1.840516e-01	7.568495e-01	0.e+00
6.970292e-02	8.900498e-01	0.e+00
1.776599e-01	7.670900e-01	0.e+00
1.827532e-01	7.610082e-01	0.e+00
1.736432e-01	7.673650e-01	0.e+00
1.526001e-01	7.894097e-01	0.e+00
1.186616e-01	8.152052e-01	0.e+00
1.365549e-01	7.954945e-01	0.e+00
1.72523e-01	7.649664e-01	0.e+00
1.452319e-01	8.116240e-01	0.e+00
2.211368e-01	7.293097e-01	0.e+00
1.429225e-01	8.333801e-01	0.e+00
1.65262e-01	7.946873e-01	0.e+00
9.107020e-02	8.574331e-01	0.e+00
7.659836e-02	8.651261e-01	0.e+00
1.737751e-01	8.907399e-01	0.e+00
5.81684e-02	8.978086e-01	0.e+00
7.278217e+01	7.365077e+01	-3.636662e-02
2.667427e-01	7.248927e-01	0.e+00
2.343657e-01	7.766337e-01	0.e+00
3.324068e-02	9.680976e-01	0.e+00
2.333006e-01	7.508325e-01	0.e+00
1.414654e-03	1.e+00	0.e+00
