4.091717e+00	2.238652e-01	0.e+00
1.045580e+00	3.462167e-05	0.e+00
1.294189e+00	3.462167e-05	0.e+00
1.045580e+00	3.462167e-05	0.e+00
1.05376e+00	3.462167e-05	0.e+00
8.718831e-01	1.121180e-01	0.e+00
1.045580e+00	3.462167e-05	0.e+00
1.079694e+00	9.279722e-02	0.e+00
1.012627e+00	9.641669e-02	0.e+00
8.157570e-01	1.001054e-01	0.e+00
6.914789e-01	1.096611e-01	0.e+00
1.113028e+00	3.462167e-05	0.e+00
1.136582e+00	3.462167e-05	0.e+00
7.031969e-01	1.160931e-01	0.e+00
7.980544e-01	1.001054e-01	0.e+00
7.902029e-01	1.096611e-01	0.e+00
1.415853e+00	1.419332e-01	0.e+00
7.119556e-01	1.096611e-01	0.e+00
7.515704e-01	1.096611e-01	0.e+00
6.922746e-01	1.096611e-01	0.e+00
6.914789e-01	1.096611e-01	0.e+00
6.914789e-01	1.096611e-01	0.e+00
6.914789e-01	1.096611e-01	0.e+00
6.915737e-01	1.096611e-01	0.e+00
4.048726e+00	2.155302e-01	0.e+00
1.210383e+00	1.096611e-01	0.e+00
7.071542e-01	1.137848e-01	0.e+00
8.005807e-01	3.484957e-01	0.e+00
3.050951e+00	2.126158e-01	0.e+00
6.002862e-01	3.562463e-01	0.e+00
5.611498e-01	3.59748e-01	0.e+00
5.555661e-01	3.597221e-01	0.e+00
2.853197e+00	2.381849e+00	-1.022964e-03
1.17879e+00	1.032161e-01	0.e+00
6.154681e-01	3.530225e-01	0.e+00
5.146529e-01	3.747281e-01	0.e+00
4.267201e-01	3.951861e-01	0.e+00
4.68193e-01	3.851296e-01	0.e+00
3.861069e-01	4.125714e-01	0.e+00
4.275614e-01	3.937633e-01	0.e+00
9.751185e-01	6.731243e-01	0.e+00
5.520916e-01	4.621508e-01	0.e+00
5.143176e-01	3.772209e-01	0.e+00
2.575403e+01	2.576080e+01	-1.266742e-02
4.16198e-01	4.223646e-01	0.e+00
3.583234e-01	4.379481e-01	0.e+00
3.495012e-01	4.403465e-01	0.e+00
3.481628e-01	4.403465e-01	0.e+00
3.500478e-01	4.545733e-01	0.e+00
4.469798e-01	4.403465e-01	0.e+00
3.704271e-01	4.476280e-01	0.e+00
5.421334e-01	5.347480e-01	0.e+00
5.556975e-01	6.383104e-01	0.e+00
7.994292e+00	7.823553e+00	-3.699746e-03
2.034825e+00	6.619402e-01	-1.612984e-04
3.287159e-01	6.614869e-01	0.e+00
5.432623e-01	4.724398e-01	0.e+00
3.867969e-01	6.817714e-01	0.e+00
3.405198e-01	7.013408e-01	0.e+00
1.989855e-01	7.585173e-01	0.e+00
1.507757e-01	8.095716e-01	0.e+00
2.48514e-01	7.298556e-01	0.e+00
3.445722e-01	6.247024e-01	0.e+00
2.164061e-01	7.309710e-01	0.e+00
1.771411e-01	7.628919e-01	0.e+00
1.958017e-01	7.745624e-01	0.e+00
1.683130e-01	7.813590e-01	0.e+00
1.542817e-01	8.030072e-01	0.e+00
1.349315e-01	8.039626e-01	0.e+00
2.988292e-01	6.974794e-01	0.e+00
1.263396e-01	8.278316e-01	0.e+00
9.737575e-02	8.422542e-01	0.e+00
4.188267e-02	9.26347e-01	0.e+00
1.677479e-01	7.767577e-01	0.e+00
1.17191e-01	8.924932e-01	0.e+00
2.756744e-01	7.103408e-01	0.e+00
4.586858e-02	9.284180e-01	0.e+00
4.672715e-03	1.e+00	0.e+00
4.789727e-03	1.e+00	0.e+00
1.648365e-01	7.946059e-01	0.e+00
