1.404222e+00	0.e+00	0.e+00
9.560313e+00	2.347716e-02	0.e+00
9.140420e+00	2.894759e-02	0.e+00
9.979332e-01	9.390862e-02	0.e+00
9.424711e-01	1.045633e-01	0.e+00
7.473494e-01	1.045633e-01	0.e+00
7.646457e-01	1.045633e-01	0.e+00
8.160031e-01	1.045633e-01	0.e+00
1.182427e+02	1.171345e+02	-5.851497e-02
1.345381e+00	1.066048e-01	0.e+00
6.219729e-01	3.56056e-01	0.e+00
5.339712e-01	3.635933e-01	0.e+00
5.439901e-01	3.707328e-01	0.e+00
4.196398e-01	4.151923e-01	0.e+00
5.165265e-01	3.75425e-01	0.e+00
3.833038e-01	4.115931e-01	0.e+00
3.875991e-01	4.762507e-01	0.e+00
3.334956e-01	4.931719e-01	0.e+00
4.047120e-01	4.410535e-01	0.e+00
3.242229e-01	4.991182e-01	0.e+00
