1.730441e+00	0.e+00	0.e+00
1.017554e+00	2.742823e-03	0.e+00
1.396226e+00	2.742823e-03	0.e+00
2.765806e+00	5.165752e-02	0.e+00
2.683412e+00	5.218038e-02	0.e+00
9.899558e-01	2.742823e-03	0.e+00
2.813521e+00	4.762585e-02	0.e+00
2.886004e+00	3.890151e-02	0.e+00
1.022313e+00	2.742823e-03	0.e+00
3.635710e+00	3.656939e-02	0.e+00
1.578967e+00	2.720135e-01	0.e+00
9.028553e-01	9.839662e-02	0.e+00
9.425856e-01	1.522770e-01	0.e+00
7.93751e-01	1.064989e-01	0.e+00
1.410718e+00	8.977924e-02	0.e+00
2.056251e+00	6.566449e-02	0.e+00
2.781805e+00	5.167908e-02	0.e+00
6.50103e-01	1.349016e-01	0.e+00
6.391045e-01	1.417783e-01	0.e+00
1.013976e+00	1.093790e-01	0.e+00
8.300485e-01	1.033557e-01	0.e+00
6.313262e-01	1.499961e-01	0.e+00
6.676425e-01	1.413323e-01	0.e+00
9.917921e-01	1.154023e-01	0.e+00
6.290309e-01	1.558599e-01	0.e+00
1.058948e+00	2.356174e-01	0.e+00
6.296456e-01	1.558599e-01	0.e+00
6.290309e-01	1.558599e-01	0.e+00
7.985322e-01	1.953212e-01	0.e+00
6.290309e-01	1.558599e-01	0.e+00
6.290309e-01	1.558599e-01	0.e+00
8.967829e-01	2.094315e-01	0.e+00
9.967221e-01	3.212636e-01	0.e+00
6.857793e-01	1.558599e-01	0.e+00
6.302487e-01	1.558599e-01	0.e+00
6.298525e-01	1.558599e-01	0.e+00
2.858023e+00	4.061709e-02	0.e+00
7.025092e-01	3.593601e-01	0.e+00
8.308348e-01	3.74474e-01	0.e+00
6.925063e-01	3.787093e-01	0.e+00
5.611118e-01	3.817699e-01	0.e+00
6.084246e-01	3.848509e-01	0.e+00
1.189442e+00	2.809392e-01	0.e+00
5.092131e-01	3.920909e-01	0.e+00
4.934841e-01	3.954792e-01	0.e+00
5.313137e-01	3.992834e-01	0.e+00
3.986863e-01	4.230579e-01	0.e+00
5.45994e-01	3.872386e-01	0.e+00
1.273218e+00	2.575087e-01	0.e+00
4.234462e-01	4.144190e-01	0.e+00
6.262743e-01	3.715189e-01	0.e+00
4.291376e-01	4.233641e-01	0.e+00
4.550785e-01	4.062042e-01	0.e+00
4.273600e-01	4.142679e-01	0.e+00
9.699832e-01	3.324719e-01	0.e+00
2.822931e-01	5.211154e-01	0.e+00
3.462917e-01	4.500146e-01	0.e+00
3.365270e-01	4.570532e-01	0.e+00
3.386248e-01	4.647741e-01	0.e+00
3.468844e-01	4.585104e-01	0.e+00
3.039047e-01	5.412259e-01	0.e+00
9.135189e-01	3.354479e-01	0.e+00
2.974362e-01	4.985252e-01	0.e+00
3.35776e-01	5.081792e-01	0.e+00
2.582250e-01	5.843147e-01	0.e+00
3.953723e-01	4.242167e-01	0.e+00
2.555854e-01	6.203227e-01	0.e+00
2.655606e-01	5.526242e-01	0.e+00
2.312472e-01	7.146237e-01	0.e+00
4.630777e-01	4.475918e-01	0.e+00
2.560799e-01	5.84471e-01	0.e+00
2.511493e-01	6.352243e-01	0.e+00
2.475128e-01	6.605524e-01	0.e+00
2.418777e-01	6.790995e-01	0.e+00
2.560931e-01	6.32217e-01	0.e+00
2.503564e+01	2.551767e+01	-1.240449e-02
2.188659e-01	7.203574e-01	0.e+00
9.948618e-02	8.469478e-01	0.e+00
2.063344e-01	7.410265e-01	0.e+00
2.037611e-01	7.513041e-01	0.e+00
1.812755e-01	7.616603e-01	0.e+00
3.050993e-01	5.228486e-01	0.e+00
1.611923e-01	7.794179e-01	0.e+00
2.331313e-02	9.600929e-01	0.e+00
2.842307e-01	6.356855e-01	0.e+00
1.335088e-01	8.066095e-01	0.e+00
1.331081e-01	8.164983e-01	0.e+00
1.605055e-01	7.812982e-01	0.e+00
2.851006e-01	6.592844e-01	0.e+00
9.492157e-02	8.464712e-01	0.e+00
1.273101e-01	8.120121e-01	0.e+00
7.560688e-02	8.702350e-01	0.e+00
1.761508e-01	7.651163e-01	0.e+00
1.386142e-01	8.016279e-01	0.e+00
4.848855e-02	9.101746e-01	0.e+00
4.196990e-02	9.264532e-01	0.e+00
1.106865e-01	8.313759e-01	0.e+00
9.236223e-02	8.501096e-01	0.e+00
6.346143e-05	1.e+00	0.e+00
1.692215e-03	1.e+00	0.e+00
