1.969015e+02	1.950575e+02	-9.752874e-02
1.238952e+00	8.735636e-03	0.e+00
1.006111e+00	2.801911e-03	0.e+00
2.910321e+00	2.992545e-02	0.e+00
9.896820e-01	2.801911e-03	0.e+00
9.896820e-01	2.801911e-03	0.e+00
9.907281e-01	2.801911e-03	0.e+00
7.585959e-01	1.164205e-01	0.e+00
1.471932e+00	7.778817e-02	0.e+00
1.164024e+00	1.867144e-01	0.e+00
9.874747e-01	9.385403e-02	0.e+00
1.346119e+00	0.e+00	0.e+00
8.934985e-01	1.04809e-01	0.e+00
8.212859e-01	1.087577e-01	0.e+00
6.442541e-01	1.385631e-01	0.e+00
1.177968e+00	1.019571e-01	0.e+00
7.026629e-01	1.556627e-01	0.e+00
7.158346e-01	1.164282e-01	0.e+00
6.561669e-01	1.556627e-01	0.e+00
2.312754e+01	2.264053e+01	-1.124243e-02
6.290458e-01	1.556627e-01	0.e+00
6.290274e-01	1.569134e-01	0.e+00
6.385382e-01	1.569134e-01	0.e+00
1.136593e+00	2.542592e-01	0.e+00
6.292234e-01	1.569134e-01	0.e+00
1.472058e+00	2.425989e-01	0.e+00
7.881417e-01	1.405531e-01	0.e+00
9.368282e-01	2.162689e-01	0.e+00
6.290274e-01	1.569134e-01	0.e+00
8.414707e-01	3.749841e-01	0.e+00
6.000512e-01	3.749841e-01	0.e+00
8.233827e-01	3.782703e-01	0.e+00
9.887177e-01	3.232585e-01	0.e+00
5.374911e-01	3.863248e-01	0.e+00
5.145918e-01	3.912462e-01	0.e+00
4.673199e-01	4.020363e-01	0.e+00
1.427946e+00	2.338312e-01	0.e+00
3.497462e-01	4.680946e-01	0.e+00
4.391010e-01	4.096805e-01	0.e+00
3.698483e-01	4.506529e-01	0.e+00
4.151275e-01	4.203671e-01	0.e+00
3.410303e-01	4.635689e-01	0.e+00
5.431626e-01	3.863204e-01	0.e+00
6.062284e-01	3.801316e-01	0.e+00
3.333837e-01	4.635897e-01	0.e+00
1.071443e+00	3.097975e-01	0.e+00
3.305930e-01	4.620923e-01	0.e+00
3.236947e-01	5.285428e-01	0.e+00
3.751524e-01	4.81311e-01	0.e+00
3.023311e-01	4.926642e-01	0.e+00
5.871999e-01	3.867475e-01	0.e+00
2.949675e-01	5.121041e-01	0.e+00
2.76348e-01	5.328708e-01	0.e+00
2.750046e-01	5.458021e-01	0.e+00
2.620243e-01	5.626462e-01	0.e+00
2.557573e-01	5.859096e-01	0.e+00
2.890407e-01	5.414254e-01	0.e+00
2.529374e-01	6.465321e-01	0.e+00
1.147140e-01	8.627160e-01	0.e+00
2.636629e-01	6.351226e-01	0.e+00
2.219285e-01	7.903504e-01	0.e+00
2.597891e-01	6.434371e-01	0.e+00
2.279556e-01	7.395102e-01	0.e+00
1.901448e-01	7.517607e-01	0.e+00
1.426573e-01	8.042745e-01	0.e+00
2.625575e-01	5.840717e-01	0.e+00
2.625426e-01	6.736025e-01	0.e+00
1.423223e-01	7.976933e-01	0.e+00
1.085098e-01	8.316364e-01	0.e+00
1.185275e-01	8.208828e-01	0.e+00
1.07122e-01	8.328544e-01	0.e+00
4.970228e-02	9.086381e-01	0.e+00
1.253670e-02	9.818071e-01	0.e+00
9.363308e-02	8.535201e-01	0.e+00
1.272826e-01	8.124951e-01	0.e+00
4.727323e-02	9.119834e-01	0.e+00
8.422027e-02	8.605962e-01	0.e+00
9.125026e-02	8.510154e-01	0.e+00
5.938038e-02	8.946069e-01	0.e+00
4.732073e-04	1.e+00	0.e+00
