4.571586e+01	4.434833e+01	-2.217387e-02
1.063852e+00	1.764674e-03	0.e+00
1.063852e+00	1.764674e-03	0.e+00
1.483587e+00	5.829649e-04	0.e+00
1.063852e+00	1.764674e-03	0.e+00
1.063842e+00	1.764674e-03	0.e+00
1.069509e+00	1.837666e-03	0.e+00
1.147458e+00	1.094044e-03	0.e+00
1.063842e+00	1.764674e-03	0.e+00
1.065734e+00	1.764674e-03	0.e+00
1.073792e+00	1.764674e-03	0.e+00
1.063842e+00	1.764674e-03	0.e+00
1.063842e+00	1.764674e-03	0.e+00
1.105059e+00	1.764674e-03	0.e+00
1.06392e+00	1.764674e-03	0.e+00
1.081794e+00	1.764674e-03	0.e+00
1.063842e+00	1.764674e-03	0.e+00
1.133077e+00	1.764674e-03	0.e+00
1.089185e+00	1.764674e-03	0.e+00
1.069778e+00	1.764674e-03	0.e+00
1.063897e+00	1.764674e-03	0.e+00
1.063961e+00	1.764674e-03	0.e+00
1.079845e+00	1.764674e-03	0.e+00
1.065216e+00	1.764674e-03	0.e+00
1.063773e+00	1.764674e-03	0.e+00
1.064642e+00	1.764674e-03	0.e+00
1.063773e+00	1.764674e-03	0.e+00
1.063773e+00	1.764674e-03	0.e+00
1.063773e+00	1.764674e-03	0.e+00
1.063773e+00	1.764674e-03	0.e+00
9.06106e+01	8.801338e+01	-4.400669e-02
1.063773e+00	1.764674e-03	0.e+00
1.063773e+00	1.764674e-03	0.e+00
1.063773e+00	1.764674e-03	0.e+00
1.063773e+00	1.764674e-03	0.e+00
1.50502e+00	3.996304e-04	0.e+00
1.065577e+00	1.764674e-03	0.e+00
1.064558e+00	1.764674e-03	0.e+00
1.063773e+00	1.764674e-03	0.e+00
1.776302e+00	4.858512e-03	0.e+00
1.085482e+00	1.764674e-03	0.e+00
9.06724e+00	3.700939e-02	0.e+00
1.085532e+00	1.764674e-03	0.e+00
1.063772e+00	1.764674e-03	0.e+00
1.063771e+00	1.764674e-03	0.e+00
1.179882e+00	1.764674e-03	0.e+00
1.063771e+00	1.764674e-03	0.e+00
1.063771e+00	1.764674e-03	0.e+00
1.063771e+00	1.764674e-03	0.e+00
1.063771e+00	1.764674e-03	0.e+00
1.063771e+00	1.764674e-03	0.e+00
1.063771e+00	1.764674e-03	0.e+00
1.178594e+00	1.764674e-03	0.e+00
1.063771e+00	1.764674e-03	0.e+00
1.089147e+00	1.228580e-03	0.e+00
1.063771e+00	1.764674e-03	0.e+00
1.063771e+00	1.764674e-03	0.e+00
1.063771e+00	1.764674e-03	0.e+00
1.063065e+00	1.764674e-03	0.e+00
1.063065e+00	1.764674e-03	0.e+00
1.079042e+00	1.764674e-03	0.e+00
1.064659e+00	1.764674e-03	0.e+00
1.087217e+00	1.764674e-03	0.e+00
1.063065e+00	1.764674e-03	0.e+00
1.063065e+00	1.764674e-03	0.e+00
1.063065e+00	1.764674e-03	0.e+00
1.076505e+00	1.764674e-03	0.e+00
5.321619e+00	1.457704e-02	0.e+00
1.063065e+00	1.764674e-03	0.e+00
1.063065e+00	1.764674e-03	0.e+00
1.063065e+00	1.764674e-03	0.e+00
1.085682e+00	1.764674e-03	0.e+00
1.063065e+00	1.764674e-03	0.e+00
1.067882e+00	1.764674e-03	0.e+00
1.063065e+00	1.764674e-03	0.e+00
1.063065e+00	1.764674e-03	0.e+00
1.063685e+00	1.764674e-03	0.e+00
6.191318e+00	1.737684e-02	0.e+00
1.106675e+00	1.764674e-03	0.e+00
1.063301e+00	1.764674e-03	0.e+00
