2.65713e+00	0.e+00	0.e+00
1.436732e+00	1.056065e-01	0.e+00
6.178252e+00	2.320032e-02	0.e+00
4.053551e+00	2.173780e-01	0.e+00
1.172978e+00	1.994624e-03	0.e+00
4.530642e+00	2.017574e-01	0.e+00
1.210032e+00	2.612682e-03	0.e+00
1.971537e+00	2.457658e-03	0.e+00
6.093547e+00	2.179386e-02	0.e+00
2.316741e+00	8.094564e-02	0.e+00
1.372661e+00	2.457658e-03	0.e+00
2.033900e+00	2.457658e-03	0.e+00
1.638197e+00	1.054590e-01	0.e+00
2.263888e+00	9.657237e-05	0.e+00
1.742207e+00	8.758284e-02	0.e+00
3.004067e+00	1.490582e-01	0.e+00
7.983327e+00	2.326875e-02	0.e+00
1.846471e+00	8.941489e-02	0.e+00
1.666684e+00	9.051526e-02	0.e+00
1.854648e+00	9.349597e-02	0.e+00
5.821162e+00	5.094365e-02	0.e+00
9.446119e-01	8.959122e-02	0.e+00
9.173926e-01	9.652496e-02	0.e+00
1.045518e+00	8.758284e-02	0.e+00
1.580833e+00	7.455187e-02	0.e+00
7.352766e-01	1.056065e-01	0.e+00
6.347453e+00	4.112983e-02	0.e+00
9.150193e-01	1.318986e-01	0.e+00
7.503111e-01	1.131520e-01	0.e+00
6.865099e-01	1.131520e-01	0.e+00
1.083722e+00	1.198599e-01	0.e+00
7.077224e-01	1.198599e-01	0.e+00
8.259128e-01	1.094968e-01	0.e+00
8.053212e-01	1.127728e-01	0.e+00
7.359331e-01	1.267609e-01	0.e+00
9.297208e-01	1.267609e-01	0.e+00
2.403748e+00	1.920947e-01	0.e+00
7.366639e-01	1.168672e-01	0.e+00
6.803638e-01	1.338551e-01	0.e+00
4.006208e+00	7.81656e-02	0.e+00
7.234039e-01	1.159425e-01	0.e+00
9.438261e-01	1.267609e-01	0.e+00
6.933813e-01	1.267609e-01	0.e+00
7.990600e-01	1.267609e-01	0.e+00
6.645351e-01	1.267609e-01	0.e+00
6.699540e-01	1.302839e-01	0.e+00
6.713162e-01	1.302839e-01	0.e+00
6.963838e-01	1.198599e-01	0.e+00
6.645351e-01	1.267609e-01	0.e+00
6.645351e-01	1.267609e-01	0.e+00
6.645351e-01	1.267609e-01	0.e+00
6.645351e-01	1.267609e-01	0.e+00
6.645351e-01	1.267609e-01	0.e+00
6.645351e-01	1.267609e-01	0.e+00
8.014385e-01	1.267609e-01	0.e+00
6.948742e-01	1.267609e-01	0.e+00
6.645351e-01	1.267609e-01	0.e+00
2.837508e+00	2.260472e-01	0.e+00
6.645351e-01	1.267609e-01	0.e+00
9.656606e-01	1.267609e-01	0.e+00
1.288060e+00	3.592735e-01	0.e+00
6.645351e-01	1.267609e-01	0.e+00
1.480992e+00	1.267609e-01	0.e+00
8.006020e+00	5.39998e-02	0.e+00
2.168296e+00	5.161752e-01	0.e+00
3.208589e+00	2.242519e-01	0.e+00
6.645351e-01	1.267609e-01	0.e+00
7.408182e-01	1.267609e-01	0.e+00
9.909503e-01	4.262726e-01	0.e+00
1.148051e+00	1.267609e-01	0.e+00
2.034280e+00	3.450009e-01	0.e+00
9.402662e-01	3.450009e-01	0.e+00
1.24265e+01	1.211960e+01	-5.888108e-03
6.132939e-01	3.493636e-01	0.e+00
2.561309e+00	2.248784e-01	0.e+00
7.551825e+00	7.227010e+00	-3.438041e-03
6.762000e-01	3.538507e-01	0.e+00
4.480531e-01	3.862220e-01	0.e+00
5.577651e-01	3.566477e-01	0.e+00
5.624224e-01	3.592735e-01	0.e+00
2.806916e+00	2.27774e-01	0.e+00
5.370767e-01	3.603723e-01	0.e+00
2.17446e+02	2.174237e+02	-1.085095e-01
4.619199e-01	3.841947e-01	0.e+00
7.977317e-01	3.668397e-01	0.e+00
7.210061e-01	3.414370e-01	0.e+00
4.903419e-01	3.699308e-01	0.e+00
4.934184e-01	3.735312e-01	0.e+00
7.179934e-01	3.735312e-01	0.e+00
5.355938e-01	3.629619e-01	0.e+00
4.656740e-01	3.774092e-01	0.e+00
4.572548e-01	3.786870e-01	0.e+00
4.539102e-01	3.80795e-01	0.e+00
4.546162e-01	3.800561e-01	0.e+00
4.653836e-01	3.862220e-01	0.e+00
4.09177e-01	3.984419e-01	0.e+00
4.561066e-01	3.916767e-01	0.e+00
4.357299e-01	3.881198e-01	0.e+00
5.287445e-01	3.929276e-01	0.e+00
3.841305e-01	4.227149e-01	0.e+00
3.838564e-01	4.362750e-01	0.e+00
4.586283e-01	4.024282e-01	0.e+00
3.572959e+00	3.538883e+00	-1.568227e-03
4.356546e-01	3.882861e-01	0.e+00
3.870063e-01	4.091594e-01	0.e+00
4.518448e-01	4.121396e-01	0.e+00
3.728094e-01	4.187029e-01	0.e+00
4.910461e-01	4.20027e-01	0.e+00
4.089759e-01	4.250876e-01	0.e+00
6.007780e-01	4.290294e-01	0.e+00
6.621480e-01	5.455378e-01	0.e+00
4.123795e-01	4.044187e-01	0.e+00
4.460943e-01	5.081133e-01	0.e+00
1.874131e+00	1.811001e+00	-7.053314e-04
3.743891e-01	4.434789e-01	0.e+00
3.990868e-01	4.63126e-01	0.e+00
4.412432e-01	4.067176e-01	0.e+00
4.173959e-01	4.559539e-01	0.e+00
3.843814e-01	4.380755e-01	0.e+00
3.635055e-01	4.644690e-01	0.e+00
3.364704e-01	4.708298e-01	0.e+00
3.576123e-01	6.822352e-01	0.e+00
3.602967e-01	4.867975e-01	0.e+00
3.604788e-01	4.867975e-01	0.e+00
9.527125e-01	4.998551e-01	0.e+00
4.673794e-01	5.112635e-01	0.e+00
3.217320e-01	5.112635e-01	0.e+00
6.319954e-01	6.960884e-01	0.e+00
5.125257e-01	5.112635e-01	0.e+00
4.542323e-01	5.805970e-01	0.e+00
5.496332e-01	6.909676e-01	0.e+00
2.053319e-01	8.990027e-01	0.e+00
1.963594e+02	1.957077e+02	-9.765687e-02
3.914157e-01	5.112635e-01	0.e+00
5.082079e-01	4.674338e-01	0.e+00
1.092696e+00	5.112635e-01	0.e+00
4.417412e-01	5.112635e-01	0.e+00
2.647696e-01	6.924505e-01	0.e+00
2.418637e-01	7.134543e-01	0.e+00
9.299095e-01	3.884912e-01	0.e+00
3.985293e+01	3.971649e+01	-1.95204e-02
5.709583e-01	5.026430e-01	0.e+00
3.922151e-01	6.808589e-01	0.e+00
4.451997e-01	6.032302e-01	0.e+00
6.290887e-01	6.909812e-01	0.e+00
3.884661e-01	6.179127e-01	0.e+00
3.229607e-01	6.456016e-01	0.e+00
2.696783e-01	7.027988e-01	0.e+00
2.760117e-01	7.048729e-01	0.e+00
2.561069e-01	7.274567e-01	0.e+00
2.398703e-01	7.131143e-01	0.e+00
3.824427e-01	6.416226e-01	0.e+00
2.275583e-01	7.209590e-01	0.e+00
1.664855e-01	8.066983e-01	0.e+00
2.117776e-01	7.338996e-01	0.e+00
2.147332e-01	7.307518e-01	0.e+00
2.263552e-01	7.595387e-01	0.e+00
1.676789e-01	7.698732e-01	0.e+00
5.976545e-01	4.793093e-01	0.e+00
1.407160e-01	8.078233e-01	0.e+00
2.68426e-01	6.961973e-01	0.e+00
2.58165e-01	7.019302e-01	0.e+00
4.377122e+00	4.940738e+00	-2.090034e-03
1.629561e-01	7.805292e-01	0.e+00
1.134248e-01	8.221516e-01	0.e+00
1.666792e-01	7.728253e-01	0.e+00
1.939984e-01	7.688892e-01	0.e+00
9.514613e-02	8.394744e-01	0.e+00
1.434034e-01	7.900065e-01	0.e+00
2.046048e-01	7.863688e-01	0.e+00
1.441180e-01	7.908278e-01	0.e+00
2.187526e-01	7.372144e-01	0.e+00
5.305042e-02	9.234506e-01	0.e+00
2.166452e-01	7.419875e-01	0.e+00
1.327507e-01	8.068721e-01	0.e+00
1.203582e-01	8.114927e-01	0.e+00
1.120006e-01	8.183097e-01	0.e+00
1.074298e-01	8.271877e-01	0.e+00
1.096951e-01	8.271877e-01	0.e+00
1.120172e-01	8.230011e-01	0.e+00
1.364876e-01	8.394744e-01	0.e+00
9.526420e-02	8.444607e-01	0.e+00
9.037424e-02	8.512228e-01	0.e+00
1.404511e-01	7.995116e-01	0.e+00
7.850086e-02	8.653686e-01	0.e+00
6.443728e-01	1.616272e+00	-3.081361e-04
2.222601e-01	7.486230e-01	0.e+00
3.515071e-02	9.428393e-01	0.e+00
6.734697e-02	8.971734e-01	0.e+00
1.762506e-01	9.455497e-01	0.e+00
9.763373e-02	8.481241e-01	0.e+00
9.004952e+00	9.880248e+00	-4.480262e-03
9.340576e-02	8.463068e-01	0.e+00
5.877709e-02	9.362461e-01	0.e+00
3.139651e-02	9.508367e-01	0.e+00
2.849483e-02	9.508367e-01	0.e+00
1.167482e-01	8.271877e-01	0.e+00
1.107812e-02	9.840699e-01	0.e+00
1.624089e-02	9.840699e-01	0.e+00
2.000283e-02	1.e+00	0.e+00
