8.012964e+00	1.222588e-02	0.e+00
1.081389e+00	0.e+00	0.e+00
1.079268e+00	0.e+00	0.e+00
1.053174e+00	0.e+00	0.e+00
1.650761e+00	0.e+00	0.e+00
1.046465e+00	0.e+00	0.e+00
2.033815e+00	7.902830e-02	0.e+00
9.254230e+00	2.044918e-02	0.e+00
5.549966e+00	1.806745e-01	0.e+00
7.853476e+00	2.219248e-02	0.e+00
1.265763e+00	8.179670e-02	0.e+00
9.231317e-01	8.243509e-02	0.e+00
8.835066e-01	8.953861e-02	0.e+00
8.567328e-01	8.591866e-02	0.e+00
8.756712e-01	8.613985e-02	0.e+00
8.452587e-01	8.712875e-02	0.e+00
8.233364e-01	8.880968e-02	0.e+00
7.724269e-01	9.362623e-02	0.e+00
8.199573e-01	9.015277e-02	0.e+00
9.907955e-01	8.758503e-02	0.e+00
8.240773e-01	9.218163e-02	0.e+00
8.135159e-01	9.282206e-02	0.e+00
8.243326e-01	9.271716e-02	0.e+00
7.961801e-01	9.355256e-02	0.e+00
7.642276e-01	9.537298e-02	0.e+00
7.624243e-01	9.602206e-02	0.e+00
7.587631e-01	9.711672e-02	0.e+00
7.453686e-01	9.773253e-02	0.e+00
7.265308e-01	1.026749e-01	0.e+00
7.466498e-01	1.001209e-01	0.e+00
7.367067e-01	1.035304e-01	0.e+00
7.252177e-01	1.011479e-01	0.e+00
7.589679e-01	9.916024e-02	0.e+00
7.268245e-01	1.004294e-01	0.e+00
7.200533e-01	1.030325e-01	0.e+00
7.106725e-01	1.04135e-01	0.e+00
7.100236e-01	1.042653e-01	0.e+00
7.102082e-01	1.055940e-01	0.e+00
7.104536e-01	1.044735e-01	0.e+00
7.572802e-01	1.074854e-01	0.e+00
