1.191938e+00	0.e+00	0.e+00
1.076533e+00	2.799113e-03	0.e+00
9.920535e-01	2.799113e-03	0.e+00
8.829084e-01	9.967707e-02	0.e+00
9.992692e-01	9.331683e-02	0.e+00
9.897789e-01	2.799113e-03	0.e+00
7.291987e-01	1.314444e-01	0.e+00
4.071247e+00	2.979204e+00	-1.486906e-03
2.264709e+00	2.017375e-02	0.e+00
1.386882e+00	7.975096e-02	0.e+00
1.191844e+00	0.e+00	0.e+00
6.659569e-01	1.357873e-01	0.e+00
2.033156e+00	0.e+00	0.e+00
7.423191e-01	1.123603e-01	0.e+00
1.281779e+00	1.1729e-01	0.e+00
6.842249e-01	1.227065e-01	0.e+00
6.641868e-01	1.344255e-01	0.e+00
6.871714e-01	1.344255e-01	0.e+00
6.602305e-01	1.569155e-01	0.e+00
6.770523e-01	1.359629e-01	0.e+00
1.147726e+00	1.560145e-01	0.e+00
6.290221e-01	1.560145e-01	0.e+00
1.164462e+00	1.018222e-01	0.e+00
6.729078e-01	1.741665e-01	0.e+00
6.290221e-01	1.560145e-01	0.e+00
8.367389e-01	1.12965e-01	0.e+00
6.918855e-01	1.560145e-01	0.e+00
9.605277e-01	1.209349e-01	0.e+00
6.740939e-01	1.560145e-01	0.e+00
6.295061e-01	1.560145e-01	0.e+00
6.290221e-01	1.560145e-01	0.e+00
6.290221e-01	1.560145e-01	0.e+00
6.290221e-01	1.560145e-01	0.e+00
1.146301e+00	2.567962e-01	0.e+00
6.290221e-01	1.560145e-01	0.e+00
8.721568e-01	1.846138e-01	0.e+00
1.005017e+00	1.560145e-01	0.e+00
5.572953e-01	3.825604e-01	0.e+00
5.812562e-01	3.782247e-01	0.e+00
8.355767e-01	1.550452e-01	0.e+00
1.379841e+00	2.770157e-01	0.e+00
4.207817e-01	5.237746e-01	0.e+00
5.464639e-01	3.882525e-01	0.e+00
5.316892e-01	3.875341e-01	0.e+00
6.918257e-01	1.274188e-01	0.e+00
4.908374e-01	3.989717e-01	0.e+00
4.638379e-01	4.026869e-01	0.e+00
4.500267e-01	4.064860e-01	0.e+00
4.673672e-01	4.021077e-01	0.e+00
6.353517e-01	3.692972e-01	0.e+00
4.091143e-01	4.190182e-01	0.e+00
4.649710e-01	4.232560e-01	0.e+00
3.864258e-01	4.28234e-01	0.e+00
3.543457e-01	4.444129e-01	0.e+00
3.555873e-01	4.445064e-01	0.e+00
3.803264e-01	5.878867e-01	0.e+00
3.454008e-01	4.503111e-01	0.e+00
2.600769e-01	5.806582e-01	0.e+00
7.647819e-01	3.563584e-01	0.e+00
3.218777e-01	5.558906e-01	0.e+00
3.117646e-01	4.807941e-01	0.e+00
3.516598e-01	4.534395e-01	0.e+00
2.838117e-01	5.20434e-01	0.e+00
2.755314e-01	5.507649e-01	0.e+00
3.120967e-01	5.196583e-01	0.e+00
1.461237e-01	8.178973e-01	0.e+00
6.590998e-01	3.947289e-01	0.e+00
3.016342e-01	5.153127e-01	0.e+00
2.609012e-01	5.998653e-01	0.e+00
2.557283e-01	5.860063e-01	0.e+00
2.60034e-01	6.131111e-01	0.e+00
1.403035e-01	8.051339e-01	0.e+00
2.479276e-01	6.589355e-01	0.e+00
2.458065e-01	6.788677e-01	0.e+00
1.759529e-01	7.853182e-01	0.e+00
3.588937e-01	7.089185e-01	0.e+00
2.180031e-01	7.199778e-01	0.e+00
2.198937e-01	7.316114e-01	0.e+00
1.844185e-01	7.576196e-01	0.e+00
2.388844e-01	6.98675e-01	0.e+00
1.271283e-01	8.185900e-01	0.e+00
1.422229e-01	8.116689e-01	0.e+00
2.597593e-01	6.260608e-01	0.e+00
2.011795e-01	7.428968e-01	0.e+00
9.076236e-02	8.517251e-01	0.e+00
1.865406e-01	7.666769e-01	0.e+00
1.409972e-01	8.162655e-01	0.e+00
1.481391e-01	7.921853e-01	0.e+00
2.535250e-01	6.913227e-01	0.e+00
1.137652e-01	8.258869e-01	0.e+00
1.188993e-01	8.207573e-01	0.e+00
7.586735e-02	8.709751e-01	0.e+00
3.49205e-04	1.e+00	0.e+00
1.692994e-01	7.731696e-01	0.e+00
5.071557e-02	9.112408e-01	0.e+00
3.846755e-02	9.269265e-01	0.e+00
8.013272e-02	8.657733e-01	0.e+00
2.262950e-02	9.630193e-01	0.e+00
1.233162e-01	8.178606e-01	0.e+00
2.135999e-01	7.375689e-01	0.e+00
