2.820036e+00	4.494781e-02	0.e+00
9.903074e-01	3.036605e-03	0.e+00
5.480816e+02	5.462996e+02	-2.731498e-01
2.152674e+01	1.976714e+01	-9.883570e-03
9.903074e-01	3.036605e-03	0.e+00
2.233141e+00	7.134016e-02	0.e+00
1.497468e+00	9.432011e-02	0.e+00
1.658668e+00	3.33646e-03	0.e+00
8.905772e-01	1.010808e-01	0.e+00
2.879601e+00	5.516742e-02	0.e+00
2.925802e+00	3.623690e-02	0.e+00
8.008281e-01	1.152355e-01	0.e+00
1.196742e+00	2.674494e-01	0.e+00
6.922876e-01	1.303904e-01	0.e+00
6.436651e-01	1.391687e-01	0.e+00
9.896715e-01	1.091167e-01	0.e+00
6.290443e-01	1.57274e-01	0.e+00
6.609360e-01	1.57274e-01	0.e+00
6.395914e-01	1.491415e-01	0.e+00
6.531928e-01	1.667416e-01	0.e+00
6.502616e-01	1.435174e-01	0.e+00
7.126596e-01	1.828628e-01	0.e+00
6.290443e-01	1.57274e-01	0.e+00
6.291320e-01	1.57274e-01	0.e+00
1.238547e+00	2.543523e-01	0.e+00
6.290443e-01	1.57274e-01	0.e+00
6.333084e-01	1.57274e-01	0.e+00
6.290443e-01	1.57274e-01	0.e+00
6.290443e-01	1.57274e-01	0.e+00
8.086483e-01	1.57274e-01	0.e+00
1.328521e+00	2.605141e-01	0.e+00
2.656016e-01	7.400154e-01	0.e+00
5.569571e-01	3.827532e-01	0.e+00
4.581259e-01	5.675074e-01	0.e+00
3.598105e-01	4.509349e-01	0.e+00
6.612257e-01	3.653394e-01	0.e+00
4.028990e-01	4.227827e-01	0.e+00
4.086744e-01	4.250406e-01	0.e+00
3.891643e-01	4.267492e-01	0.e+00
7.038632e-01	3.591655e-01	0.e+00
4.309411e-01	4.198739e-01	0.e+00
3.862016e-01	5.415122e-01	0.e+00
3.945398e-01	4.256340e-01	0.e+00
4.304925e-01	4.389546e-01	0.e+00
3.965200e-01	4.253379e-01	0.e+00
3.417012e-01	4.529414e-01	0.e+00
1.084964e+00	3.122039e-01	0.e+00
3.144057e-01	4.882544e-01	0.e+00
3.033753e-01	4.910510e-01	0.e+00
3.492132e-01	4.911542e-01	0.e+00
5.131943e-01	4.091787e-01	0.e+00
7.300864e-01	3.740152e-01	0.e+00
2.684560e-01	6.576084e-01	0.e+00
2.908061e-01	5.166201e-01	0.e+00
2.612807e-01	5.646570e-01	0.e+00
2.291539e-01	7.184593e-01	0.e+00
2.013168e-01	7.655658e-01	0.e+00
2.504547e-01	6.418367e-01	0.e+00
2.564489e-01	6.775864e-01	0.e+00
3.296997e-01	4.985489e-01	0.e+00
2.232266e-01	7.130787e-01	0.e+00
2.644549e-01	5.867267e-01	0.e+00
1.68874e-01	8.233893e-01	0.e+00
1.89636e-01	7.519379e-01	0.e+00
2.364785e-01	7.629968e-01	0.e+00
2.652574e-01	5.894645e-01	0.e+00
2.19227e-01	7.244177e-01	0.e+00
1.636955e-02	1.e+00	0.e+00
1.302102e-01	8.097606e-01	0.e+00
2.888545e-01	5.922671e-01	0.e+00
1.062790e-01	8.344477e-01	0.e+00
9.726349e-02	8.462425e-01	0.e+00
7.297917e-02	8.76567e-01	0.e+00
2.479892e-01	6.946457e-01	0.e+00
9.438078e-02	8.577911e-01	0.e+00
6.089973e-05	1.e+00	0.e+00
7.075478e-02	8.770013e-01	0.e+00
1.107256e-04	1.e+00	0.e+00
3.511923e-02	9.782975e-01	0.e+00
1.195886e-01	8.203967e-01	0.e+00
