1.485602e+00	0.e+00	0.e+00
1.485602e+00	0.e+00	0.e+00
9.99957e-01	2.195807e-03	0.e+00
1.064793e+00	3.525237e-03	0.e+00
1.799828e+00	0.e+00	0.e+00
9.993806e-01	1.566772e-03	0.e+00
1.407289e+00	1.566772e-03	0.e+00
1.485528e+00	9.604516e-02	0.e+00
2.96067e+00	3.450476e-02	0.e+00
2.946898e+00	4.496153e-02	0.e+00
1.618680e+00	2.18955e-01	0.e+00
8.768862e-01	1.008564e-01	0.e+00
7.655438e-01	1.104717e-01	0.e+00
8.976097e-01	9.890569e-02	0.e+00
6.837306e-01	1.228073e-01	0.e+00
7.299391e-01	1.138907e-01	0.e+00
1.264128e+00	2.082343e-01	0.e+00
6.547356e-01	1.339007e-01	0.e+00
6.960089e-01	1.291364e-01	0.e+00
7.099934e-01	1.339007e-01	0.e+00
1.047687e+00	1.151001e-01	0.e+00
6.437464e-01	1.436358e-01	0.e+00
6.290171e-01	1.568442e-01	0.e+00
7.026755e-01	1.568442e-01	0.e+00
6.305373e-01	1.536595e-01	0.e+00
6.297185e-01	1.600615e-01	0.e+00
6.290171e-01	1.568442e-01	0.e+00
6.385696e-01	1.647458e-01	0.e+00
1.145158e+00	3.07771e-01	0.e+00
6.347814e-01	1.568442e-01	0.e+00
6.290171e-01	1.568442e-01	0.e+00
6.295194e-01	1.568442e-01	0.e+00
6.290171e-01	1.568442e-01	0.e+00
6.315660e-01	1.568442e-01	0.e+00
6.290171e-01	1.568442e-01	0.e+00
7.560543e-01	1.309196e-01	0.e+00
9.739206e-01	2.216400e-01	0.e+00
6.290171e-01	1.568442e-01	0.e+00
6.382819e-01	1.646197e-01	0.e+00
6.290171e-01	1.568442e-01	0.e+00
