5.501721e+00	0.e+00	0.e+00
1.834724e+00	1.100258e-01	0.e+00
3.611781e+00	5.442192e-03	0.e+00
7.219189e+00	5.741864e-02	0.e+00
3.234223e+00	5.442192e-03	0.e+00
1.981610e+00	5.442192e-03	0.e+00
2.080379e+00	5.442192e-03	0.e+00
1.408459e+00	5.442192e-03	0.e+00
1.359586e+00	5.442192e-03	0.e+00
3.728042e+00	5.442192e-03	0.e+00
7.331944e+00	4.110199e-02	0.e+00
5.872856e+00	4.110199e-02	0.e+00
7.556803e-01	1.100258e-01	0.e+00
9.790369e-01	1.100258e-01	0.e+00
4.835070e+00	2.122135e-01	0.e+00
6.465221e+00	4.162790e-02	0.e+00
7.826812e-01	1.100258e-01	0.e+00
7.328890e-01	1.100258e-01	0.e+00
7.328890e-01	1.100258e-01	0.e+00
7.573013e-01	1.100258e-01	0.e+00
7.838386e-01	1.100258e-01	0.e+00
3.761445e+00	2.780055e-01	0.e+00
7.314776e-01	1.079737e-01	0.e+00
6.970863e-01	1.138957e-01	0.e+00
6.949679e-01	1.143341e-01	0.e+00
7.176102e-01	1.173602e-01	0.e+00
7.167828e-01	1.143341e-01	0.e+00
6.924914e-01	1.141879e-01	0.e+00
7.093723e-01	1.110590e-01	0.e+00
6.924914e-01	1.141879e-01	0.e+00
6.924914e-01	1.141879e-01	0.e+00
6.922934e-01	1.141879e-01	0.e+00
6.922934e-01	1.141879e-01	0.e+00
6.922934e-01	1.141879e-01	0.e+00
6.924080e-01	1.141879e-01	0.e+00
6.922934e-01	1.141879e-01	0.e+00
6.923395e-01	1.141879e-01	0.e+00
6.922934e-01	1.141879e-01	0.e+00
7.286447e-01	1.141879e-01	0.e+00
1.655765e+00	1.524787e-01	0.e+00
6.922934e-01	1.141879e-01	0.e+00
6.922934e-01	1.141879e-01	0.e+00
7.092143e-01	1.141879e-01	0.e+00
7.773277e+00	2.994997e-02	0.e+00
6.923837e-01	1.141879e-01	0.e+00
7.412346e+00	2.994997e-02	0.e+00
7.300151e-01	1.141879e-01	0.e+00
7.439619e-01	1.141879e-01	0.e+00
7.750851e-01	1.141879e-01	0.e+00
8.015384e-01	1.141879e-01	0.e+00
3.976139e+01	3.964654e+01	-1.960041e-02
5.339796e-01	4.432537e-01	0.e+00
4.166351e+00	2.518484e-01	0.e+00
5.339796e-01	4.432537e-01	0.e+00
3.584732e+00	2.518484e-01	0.e+00
5.186114e-01	4.432537e-01	0.e+00
5.186114e-01	4.432537e-01	0.e+00
3.551199e+00	3.475841e+00	-1.516294e-03
5.020821e-01	4.426358e-01	0.e+00
5.020821e-01	4.426358e-01	0.e+00
7.589561e-01	5.005509e-01	0.e+00
4.482904e-01	4.426358e-01	0.e+00
4.482904e-01	4.426358e-01	0.e+00
4.644355e-01	4.42327e-01	0.e+00
4.659523e-01	4.420183e-01	0.e+00
4.649166e-01	4.420183e-01	0.e+00
4.349785e-01	4.42327e-01	0.e+00
4.76222e-01	4.420183e-01	0.e+00
1.909159e+00	1.681309e-01	0.e+00
4.544549e-01	4.420183e-01	0.e+00
4.305786e-01	4.420183e-01	0.e+00
4.373858e-01	4.420183e-01	0.e+00
4.382341e-01	4.420183e-01	0.e+00
4.540540e-01	4.398606e-01	0.e+00
5.112095e-01	4.420183e-01	0.e+00
4.43288e-01	4.474357e-01	0.e+00
3.987360e-01	4.398606e-01	0.e+00
4.949375e-01	5.071453e-01	-3.364237e-05
4.148705e-01	4.398606e-01	0.e+00
4.379270e-01	4.398606e-01	0.e+00
