1.123641e+00	1.379608e-03	0.e+00
1.086816e+00	2.218522e-03	0.e+00
1.086816e+00	2.218522e-03	0.e+00
1.089944e+00	2.218522e-03	0.e+00
1.086816e+00	2.218522e-03	0.e+00
1.086816e+00	2.218522e-03	0.e+00
1.087232e+00	2.218522e-03	0.e+00
1.086816e+00	2.218522e-03	0.e+00
2.426498e+00	2.574539e-05	0.e+00
1.106420e+00	2.218522e-03	0.e+00
1.078368e+00	1.338992e-01	0.e+00
7.640996e-01	1.338992e-01	0.e+00
3.668210e+00	2.759747e-01	0.e+00
7.736569e-01	1.338992e-01	0.e+00
7.620082e-01	1.338992e-01	0.e+00
7.571876e-01	1.338992e-01	0.e+00
7.837511e-01	1.338992e-01	0.e+00
7.837511e-01	1.338992e-01	0.e+00
7.837511e-01	1.338992e-01	0.e+00
7.040876e-01	1.338992e-01	0.e+00
7.040876e-01	1.338992e-01	0.e+00
7.040876e-01	1.338992e-01	0.e+00
6.936734e-01	1.338992e-01	0.e+00
7.930300e-01	1.338992e-01	0.e+00
6.936734e-01	1.338992e-01	0.e+00
6.936734e-01	1.338992e-01	0.e+00
7.070752e-01	1.338992e-01	0.e+00
7.234623e-01	1.338992e-01	0.e+00
7.717946e-01	1.338992e-01	0.e+00
6.826914e-01	1.338992e-01	0.e+00
6.826914e-01	1.338992e-01	0.e+00
7.150815e-01	1.338992e-01	0.e+00
6.800897e-01	1.338992e-01	0.e+00
7.30691e-01	1.338992e-01	0.e+00
6.668716e-01	1.338992e-01	0.e+00
6.703813e-01	1.338992e-01	0.e+00
7.687626e-01	1.338992e-01	0.e+00
6.734435e-01	1.338992e-01	0.e+00
6.702961e-01	1.338992e-01	0.e+00
6.672879e-01	1.338992e-01	0.e+00
