1.357389e+00	0.e+00	0.e+00
9.146896e+00	2.099023e-02	0.e+00
1.108785e+00	0.e+00	0.e+00
1.074582e+00	8.431046e-05	0.e+00
1.030830e+00	8.431046e-05	0.e+00
1.030830e+00	8.431046e-05	0.e+00
1.030830e+00	8.431046e-05	0.e+00
1.031836e+00	8.431046e-05	0.e+00
1.030830e+00	8.431046e-05	0.e+00
1.263552e+00	8.431046e-05	0.e+00
1.030830e+00	8.431046e-05	0.e+00
1.030830e+00	8.431046e-05	0.e+00
1.030830e+00	8.431046e-05	0.e+00
1.444586e+00	8.431046e-05	0.e+00
1.030830e+00	8.431046e-05	0.e+00
1.030830e+00	8.431046e-05	0.e+00
1.031728e+00	8.431046e-05	0.e+00
1.030830e+00	8.431046e-05	0.e+00
1.031363e+00	8.431046e-05	0.e+00
1.061287e+00	8.431046e-05	0.e+00
1.104644e+00	7.872403e-02	0.e+00
1.038535e+00	8.431046e-05	0.e+00
1.030830e+00	8.431046e-05	0.e+00
1.030830e+00	8.431046e-05	0.e+00
1.030830e+00	8.431046e-05	0.e+00
1.030830e+00	8.431046e-05	0.e+00
1.055229e+00	8.431046e-05	0.e+00
1.488378e+00	8.431046e-05	0.e+00
1.087682e+00	8.431046e-05	0.e+00
1.030830e+00	8.431046e-05	0.e+00
8.773185e+00	2.074706e-02	0.e+00
1.030830e+00	8.431046e-05	0.e+00
8.817791e+00	2.271297e-02	0.e+00
1.419945e+00	7.998752e-02	0.e+00
1.181636e+00	8.431046e-05	0.e+00
1.298052e+00	8.431046e-05	0.e+00
9.495345e-01	8.021398e-02	0.e+00
1.787219e+00	0.e+00	0.e+00
5.174209e+00	1.774838e-01	0.e+00
8.280211e+00	2.074706e-02	0.e+00
2.458696e+00	7.865514e-02	0.e+00
2.341163e+01	2.258253e+01	-1.124941e-02
2.197442e+00	1.607337e-04	0.e+00
1.186396e+00	7.998752e-02	0.e+00
1.068573e+00	8.014000e-02	0.e+00
1.420998e+00	7.023842e-02	0.e+00
1.906985e+00	2.219590e-04	0.e+00
1.295382e+00	8.123586e-02	0.e+00
9.269062e-01	8.146515e-02	0.e+00
9.237666e-01	8.170870e-02	0.e+00
9.107635e-01	8.290000e-02	0.e+00
9.330337e-01	8.23182e-02	0.e+00
8.6206e-01	8.569171e-02	0.e+00
9.026202e-01	8.294414e-02	0.e+00
9.596596e-01	8.194549e-02	0.e+00
9.207020e-01	8.338895e-02	0.e+00
8.361533e-01	8.90068e-02	0.e+00
9.235006e-01	8.398226e-02	0.e+00
8.606584e-01	8.540532e-02	0.e+00
8.695486e-01	8.720312e-02	0.e+00
1.494777e+00	6.969074e-02	0.e+00
8.865747e-01	8.51509e-02	0.e+00
1.088421e+00	7.774154e-02	0.e+00
8.824715e-01	8.403874e-02	0.e+00
1.012032e+00	7.894341e-02	0.e+00
8.702987e-01	8.603523e-02	0.e+00
8.513415e-01	8.637530e-02	0.e+00
8.800635e-01	8.438565e-02	0.e+00
7.987342e-01	9.204341e-02	0.e+00
8.377698e-01	8.725618e-02	0.e+00
1.004769e+00	8.138986e-02	0.e+00
9.199744e-01	8.291736e-02	0.e+00
8.44596e-01	8.705618e-02	0.e+00
9.056718e-01	8.368537e-02	0.e+00
2.746606e+00	1.437101e-01	0.e+00
8.269303e-01	8.853186e-02	0.e+00
9.388491e-01	8.231067e-02	0.e+00
8.261494e-01	8.830000e-02	0.e+00
8.273628e-01	8.923842e-02	0.e+00
8.558313e-01	8.753608e-02	0.e+00
8.106467e-01	8.96186e-02	0.e+00
8.078416e-01	8.96186e-02	0.e+00
8.978968e-01	8.499655e-02	0.e+00
8.18131e-01	8.887045e-02	0.e+00
7.872333e-01	9.273257e-02	0.e+00
7.737220e-01	9.455874e-02	0.e+00
7.976613e-01	9.098127e-02	0.e+00
8.043698e-01	9.098127e-02	0.e+00
7.768203e-01	9.313798e-02	0.e+00
3.008456e+00	5.95611e-02	0.e+00
8.050336e-01	9.357319e-02	0.e+00
7.871048e-01	9.179706e-02	0.e+00
8.302750e-01	8.819452e-02	0.e+00
7.796071e-01	9.253809e-02	0.e+00
7.577986e-01	9.745721e-02	0.e+00
7.85789e-01	9.275807e-02	0.e+00
7.531361e-01	9.602547e-02	0.e+00
7.738622e-01	9.323953e-02	0.e+00
4.99468e+00	4.493939e-02	0.e+00
7.730495e-01	9.355225e-02	0.e+00
7.755116e-01	9.395906e-02	0.e+00
8.163937e-01	9.117029e-02	0.e+00
7.814831e-01	9.449019e-02	0.e+00
7.548527e-01	9.589600e-02	0.e+00
7.744109e-01	9.481082e-02	0.e+00
2.964152e+00	1.572182e-01	0.e+00
7.708821e-01	9.503759e-02	0.e+00
9.254595e-01	8.609794e-02	0.e+00
7.476389e-01	9.724585e-02	0.e+00
2.551141e+00	1.471334e-01	0.e+00
7.536467e-01	9.598035e-02	0.e+00
7.623995e-01	9.610222e-02	0.e+00
4.214278e+00	2.369353e-01	0.e+00
7.766171e-01	9.491394e-02	0.e+00
7.832486e-01	9.661724e-02	0.e+00
8.344131e-01	9.680944e-02	0.e+00
7.471853e-01	9.717456e-02	0.e+00
7.459233e-01	9.718505e-02	0.e+00
7.589088e-01	9.540071e-02	0.e+00
7.510314e-01	9.756027e-02	0.e+00
7.532835e-01	9.657949e-02	0.e+00
7.582102e-01	9.612643e-02	0.e+00
7.212709e-01	1.02623e-01	0.e+00
7.430331e-01	9.751121e-02	0.e+00
7.422883e-01	9.861765e-02	0.e+00
7.518348e-01	9.885398e-02	0.e+00
7.341166e-01	9.885398e-02	0.e+00
7.316747e-01	1.039932e-01	0.e+00
7.554556e-01	9.629391e-02	0.e+00
7.114483e-01	1.037623e-01	0.e+00
8.353033e-01	9.988642e-02	0.e+00
7.231255e-01	1.009765e-01	0.e+00
7.158660e-01	1.039495e-01	0.e+00
7.362086e-01	1.005571e-01	0.e+00
7.375846e-01	9.881180e-02	0.e+00
7.240354e-01	1.008019e-01	0.e+00
7.278344e-01	1.000391e-01	0.e+00
7.255866e-01	1.012659e-01	0.e+00
7.319572e-01	1.000485e-01	0.e+00
7.426316e-01	9.958034e-02	0.e+00
7.402336e-01	1.028375e-01	0.e+00
7.131479e-01	1.031902e-01	0.e+00
7.170626e-01	1.023817e-01	0.e+00
7.251094e-01	1.023817e-01	0.e+00
7.288186e-01	1.002106e-01	0.e+00
7.349629e-01	1.001413e-01	0.e+00
7.161595e-01	1.031902e-01	0.e+00
7.526259e-01	1.031902e-01	0.e+00
7.120890e-01	1.035403e-01	0.e+00
7.144891e-01	1.036973e-01	0.e+00
7.259093e-01	1.038848e-01	0.e+00
7.203456e-01	1.041431e-01	0.e+00
7.046905e-01	1.060004e-01	0.e+00
7.250494e+00	3.071928e-02	0.e+00
7.131941e-01	1.034008e-01	0.e+00
7.063785e-01	1.053495e-01	0.e+00
7.06501e-01	1.053495e-01	0.e+00
7.064192e-01	1.059725e-01	0.e+00
7.567684e-01	9.887102e-02	0.e+00
7.013013e-01	1.080443e-01	0.e+00
7.101997e-01	1.066349e-01	0.e+00
7.030745e-01	1.097627e-01	0.e+00
7.088819e-01	1.067673e-01	0.e+00
7.186167e-01	1.061466e-01	0.e+00
7.083661e-01	1.071556e-01	0.e+00
7.013059e-01	1.074968e-01	0.e+00
7.175659e-01	1.118414e-01	0.e+00
6.963764e-01	1.081506e-01	0.e+00
8.194417e-01	1.081506e-01	0.e+00
7.079656e-01	1.057591e-01	0.e+00
7.165485e-01	1.052704e-01	0.e+00
6.949287e-01	1.089223e-01	0.e+00
6.919486e-01	1.095791e-01	0.e+00
7.463885e-01	1.110004e-01	0.e+00
6.931721e-01	1.095791e-01	0.e+00
6.875481e-01	1.149687e-01	0.e+00
7.205839e-01	1.061071e-01	0.e+00
7.078249e-01	1.053011e-01	0.e+00
6.912075e-01	1.104004e-01	0.e+00
6.875124e-01	1.120561e-01	0.e+00
6.943627e-01	1.111388e-01	0.e+00
6.864119e-01	1.116358e-01	0.e+00
7.400187e-01	1.116358e-01	0.e+00
6.882842e-01	1.116358e-01	0.e+00
6.967461e-01	1.092833e-01	0.e+00
7.296379e-01	1.084394e-01	0.e+00
2.390468e+00	7.538857e-02	0.e+00
6.847859e-01	1.131573e-01	0.e+00
6.917727e-01	1.133815e-01	0.e+00
6.782636e-01	1.156291e-01	0.e+00
7.021877e-01	1.102676e-01	0.e+00
7.105189e-01	1.071617e-01	0.e+00
8.284162e-01	1.093875e-01	0.e+00
7.447351e-01	1.153761e-01	0.e+00
7.349936e-01	1.153761e-01	0.e+00
6.78253e-01	1.156291e-01	0.e+00
6.928203e-01	1.156291e-01	0.e+00
7.121872e-01	1.162782e-01	0.e+00
7.167892e-01	1.114384e-01	0.e+00
6.985753e-01	1.129178e-01	0.e+00
