2.920217e+00	3.804082e-02	0.e+00
9.905249e-01	2.264741e-03	0.e+00
1.004150e+00	1.698358e-03	0.e+00
2.001564e+00	0.e+00	0.e+00
2.898417e+00	3.696219e-02	0.e+00
9.907635e-01	2.264741e-03	0.e+00
1.002856e+00	2.264741e-03	0.e+00
1.773088e+00	8.085909e-02	0.e+00
9.905249e-01	2.264741e-03	0.e+00
9.711108e-01	9.760050e-02	0.e+00
1.660246e+00	0.e+00	0.e+00
7.328154e-01	1.290123e-01	0.e+00
7.689780e-01	1.090166e-01	0.e+00
1.0157e+00	2.924521e-03	0.e+00
1.120168e+00	2.980617e-01	0.e+00
6.626945e-01	1.321749e-01	0.e+00
6.686423e-01	1.275152e-01	0.e+00
6.561527e-01	1.321749e-01	0.e+00
6.386253e-01	1.438657e-01	0.e+00
1.704043e+00	8.366963e-02	0.e+00
6.338482e-01	1.616775e-01	0.e+00
6.290309e-01	1.558599e-01	0.e+00
4.455037e+02	4.450293e+02	-2.224367e-01
3.761447e+02	3.756616e+02	-1.877422e-01
6.290406e-01	1.558599e-01	0.e+00
1.690473e+02	1.685782e+02	-8.420564e-02
6.290309e-01	1.558599e-01	0.e+00
8.177780e-01	3.737853e-01	0.e+00
6.291415e-01	1.558599e-01	0.e+00
9.495928e-01	1.558599e-01	0.e+00
6.300664e-01	1.558599e-01	0.e+00
8.363142e-01	1.558599e-01	0.e+00
6.762058e-01	1.558599e-01	0.e+00
6.366510e-01	1.631731e-01	0.e+00
6.642919e-01	1.406863e-01	0.e+00
6.318213e-01	1.558599e-01	0.e+00
8.982382e-01	1.558599e-01	0.e+00
7.679371e-01	1.558599e-01	0.e+00
6.300502e-01	3.722149e-01	0.e+00
4.465717e-01	5.735953e-01	0.e+00
6.216043e-01	4.139506e-01	0.e+00
7.52022e-01	1.305445e-01	0.e+00
3.883544e-01	4.27073e-01	0.e+00
5.14999e-01	3.920909e-01	0.e+00
4.947211e-01	3.952006e-01	0.e+00
4.795684e-01	3.992834e-01	0.e+00
4.643756e-01	4.029584e-01	0.e+00
1.182183e+00	2.982627e-01	0.e+00
3.544502e-01	4.443514e-01	0.e+00
3.458551e-01	4.589886e-01	0.e+00
4.356543e-01	4.10597e-01	0.e+00
3.975638e-01	4.233641e-01	0.e+00
3.949484e-01	4.280205e-01	0.e+00
3.282225e-01	4.922788e-01	0.e+00
1.865231e-01	7.572135e-01	0.e+00
4.87132e-01	3.968982e-01	0.e+00
3.364367e-01	5.104610e-01	0.e+00
3.447201e-01	5.603311e-01	0.e+00
2.822066e-01	5.945742e-01	0.e+00
7.079077e-01	4.100056e-01	0.e+00
3.119678e-01	4.805124e-01	0.e+00
3.253176e-01	4.892892e-01	0.e+00
9.925088e-01	3.317117e-01	0.e+00
3.053365e-01	5.086418e-01	0.e+00
2.738830e-01	5.639653e-01	0.e+00
4.362996e-01	4.119103e-01	0.e+00
2.704546e-01	5.41981e-01	0.e+00
1.496226e-01	8.141620e-01	0.e+00
2.748289e-01	5.693803e-01	0.e+00
1.735005e-01	7.710163e-01	0.e+00
3.156276e-01	5.096684e-01	0.e+00
3.013795e-01	5.029168e-01	0.e+00
8.304394e+01	8.374543e+01	-4.14522e-02
2.560822e-01	5.983646e-01	0.e+00
2.344548e-01	6.954164e-01	0.e+00
2.308834e-01	7.097923e-01	0.e+00
2.011031e-01	7.399901e-01	0.e+00
3.001063e-01	5.380070e-01	0.e+00
2.012603e-01	7.443434e-01	0.e+00
2.136265e-01	7.53802e-01	0.e+00
1.797404e-01	7.616603e-01	0.e+00
3.125004e-01	4.853500e-01	0.e+00
1.690937e-01	7.794179e-01	0.e+00
3.893553e-02	9.405024e-01	0.e+00
2.479003e-01	6.795442e-01	0.e+00
2.809036e-01	6.550543e-01	0.e+00
1.261585e-01	8.164983e-01	0.e+00
1.133031e-01	8.266201e-01	0.e+00
1.029644e-01	8.374124e-01	0.e+00
9.533068e-02	8.47544e-01	0.e+00
8.518238e-02	8.582955e-01	0.e+00
3.773123e-02	9.282831e-01	0.e+00
6.687512e-02	8.826656e-01	0.e+00
5.62105e-02	8.992171e-01	0.e+00
4.842066e-02	9.101746e-01	0.e+00
2.846731e-01	5.553835e-01	0.e+00
2.557800e-02	9.502584e-01	0.e+00
6.317107e-02	8.878862e-01	0.e+00
1.809959e-01	7.608483e-01	0.e+00
2.397075e-01	6.991839e-01	0.e+00
