1.103765e+00	3.043065e-01	0.e+00
9.941935e-01	1.826298e-03	0.e+00
1.161807e+00	1.826298e-03	0.e+00
1.31241e+00	1.17349e-04	0.e+00
8.127145e-01	1.375575e-01	0.e+00
7.556085e-01	1.105012e-01	0.e+00
6.836742e-01	1.248323e-01	0.e+00
6.406459e-01	1.406113e-01	0.e+00
6.323371e-01	1.543191e-01	0.e+00
6.469248e-01	1.543191e-01	0.e+00
6.406459e-01	1.406113e-01	0.e+00
6.292545e-01	1.543191e-01	0.e+00
6.292545e-01	1.543191e-01	0.e+00
7.247906e-01	1.827522e-01	0.e+00
6.292545e-01	1.543191e-01	0.e+00
5.766552e-01	3.790017e-01	0.e+00
5.515784e-01	3.835347e-01	0.e+00
1.341484e+00	2.729990e-01	0.e+00
5.652763e-01	3.810323e-01	0.e+00
6.255779e-01	3.730660e-01	0.e+00
4.055022e-01	4.203748e-01	0.e+00
3.580517e-01	5.072035e-01	0.e+00
5.040119e-01	3.985383e-01	0.e+00
3.173821e-01	6.242282e-01	0.e+00
7.438276e-01	3.602171e-01	0.e+00
2.86357e-01	5.146652e-01	0.e+00
2.729070e-01	5.461659e-01	0.e+00
2.637887e-01	5.727844e-01	0.e+00
3.131424e-01	6.349052e-01	0.e+00
1.863277e-01	7.575531e-01	0.e+00
2.225912e-01	7.253579e-01	0.e+00
1.923226e-01	7.509356e-01	0.e+00
1.551533e-01	7.853298e-01	0.e+00
2.188967e-02	9.571921e-01	0.e+00
5.481258e-02	9.197955e-01	0.e+00
9.608699e-02	8.452011e-01	0.e+00
8.001012e-02	8.753158e-01	0.e+00
4.829374e-02	9.111982e-01	0.e+00
2.185078e-02	9.573397e-01	0.e+00
3.088883e-07	1.e+00	0.e+00
