2.435567e+00	0.e+00	0.e+00
1.652074e+00	1.514906e-03	0.e+00
1.919291e+00	1.514906e-03	0.e+00
1.054596e+00	1.514906e-03	0.e+00
4.247553e+00	0.e+00	0.e+00
1.551160e+00	4.643007e-04	0.e+00
4.366706e+00	1.514906e-03	0.e+00
1.599757e+00	7.809564e-02	0.e+00
9.099662e-01	8.499685e-02	0.e+00
8.789011e-01	8.445174e-02	0.e+00
1.413482e+00	8.383762e-02	0.e+00
8.821096e-01	8.445174e-02	0.e+00
1.157262e+00	7.842274e-02	0.e+00
8.507195e-01	8.729934e-02	0.e+00
8.240080e-01	8.871816e-02	0.e+00
5.490587e+02	5.483242e+02	-2.741171e-01
8.385163e-01	8.791484e-02	0.e+00
2.416783e+02	2.409723e+02	-1.204402e-01
8.132552e-01	9.348662e-02	0.e+00
7.53687e-01	9.621282e-02	0.e+00
7.560551e-01	9.568202e-02	0.e+00
8.862131e-01	1.141888e-01	0.e+00
7.439242e-01	9.748846e-02	0.e+00
7.448448e-01	9.945792e-02	0.e+00
7.238051e-01	1.012051e-01	0.e+00
7.690852e-01	9.601904e-02	0.e+00
7.178635e-01	1.102483e-01	0.e+00
7.148568e-01	1.041490e-01	0.e+00
7.093987e-01	1.087495e-01	0.e+00
6.986019e-01	1.082117e-01	0.e+00
6.985688e-01	1.083404e-01	0.e+00
7.456704e-01	1.166897e-01	0.e+00
7.170877e-01	1.115433e-01	0.e+00
7.053355e-01	1.207245e-01	0.e+00
6.971452e-01	1.150456e-01	0.e+00
6.871767e-01	1.163385e-01	0.e+00
6.743389e-01	1.232129e-01	0.e+00
6.94442e-01	1.213934e-01	0.e+00
8.810611e-01	1.254204e-01	0.e+00
7.026626e-01	1.219983e-01	0.e+00
