8.558472e+00	3.666631e-02	0.e+00
1.208477e+00	1.090026e-03	0.e+00
7.18956e+00	5.942790e-02	0.e+00
1.120728e+00	1.090026e-03	0.e+00
1.375462e+00	6.922965e-04	0.e+00
8.831093e-01	1.224674e-01	0.e+00
7.084428e-01	1.320315e-01	0.e+00
7.419181e-01	1.491158e-01	0.e+00
6.691040e-01	1.399417e-01	0.e+00
6.8696e-01	1.399417e-01	0.e+00
6.775766e-01	1.359579e-01	0.e+00
6.691040e-01	1.399417e-01	0.e+00
8.662321e+01	8.549605e+01	-4.255337e-02
3.094042e+00	2.490186e-01	0.e+00
1.344325e+00	1.399417e-01	0.e+00
8.641796e+01	8.549605e+01	-4.255337e-02
8.20877e-01	1.317814e-01	0.e+00
9.753281e-01	1.384301e-01	0.e+00
4.563297e-01	3.943831e-01	0.e+00
3.974690e-01	4.167864e-01	0.e+00
5.736145e-01	3.918426e-01	0.e+00
3.901864e-01	4.398085e-01	0.e+00
3.519369e-01	4.463129e-01	0.e+00
3.334596e-01	4.658889e-01	0.e+00
6.60449e-01	6.249136e-01	0.e+00
3.328447e-01	4.79324e-01	0.e+00
1.932950e+01	1.884724e+01	-9.230628e-03
6.079542e-01	4.79324e-01	0.e+00
2.037325e-01	7.627444e-01	0.e+00
2.022202e-01	7.487658e-01	0.e+00
5.608463e-01	5.891528e-01	0.e+00
2.659191e-01	7.487658e-01	0.e+00
3.040416e-01	6.885134e-01	0.e+00
1.581103e-01	8.170556e-01	0.e+00
1.056390e-01	8.447326e-01	0.e+00
9.359725e-02	8.623203e-01	0.e+00
7.231451e-02	8.98536e-01	0.e+00
4.145913e-02	9.353553e-01	0.e+00
3.404599e-02	1.e+00	0.e+00
1.369787e-02	1.e+00	0.e+00
