2.808269e+00	4.433e-02	0.e+00
1.280198e+00	2.799113e-03	0.e+00
9.904675e-01	2.799113e-03	0.e+00
9.904675e-01	2.799113e-03	0.e+00
1.824861e+00	2.261833e-01	0.e+00
9.904675e-01	2.799113e-03	0.e+00
2.850688e+00	3.899170e-02	0.e+00
1.180994e+00	1.032592e-01	0.e+00
2.795163e+00	4.612768e-02	0.e+00
3.380289e+00	2.018635e-02	0.e+00
8.657561e-01	1.010903e-01	0.e+00
8.297271e-01	1.033754e-01	0.e+00
9.188865e-01	1.067918e-01	0.e+00
1.508126e+00	8.547045e-02	0.e+00
7.142908e-01	1.169775e-01	0.e+00
8.185997e-01	1.231865e-01	0.e+00
6.626354e-01	1.294084e-01	0.e+00
6.370471e-01	1.437804e-01	0.e+00
8.118044e-01	1.19047e-01	0.e+00
6.309745e-01	1.505758e-01	0.e+00
6.818874e-01	1.391163e-01	0.e+00
6.488453e-01	1.454982e-01	0.e+00
1.026993e+00	1.560145e-01	0.e+00
6.386122e-01	1.560145e-01	0.e+00
6.319014e-01	1.488521e-01	0.e+00
6.306016e-01	1.596588e-01	0.e+00
6.572594e-01	1.560145e-01	0.e+00
6.290221e-01	1.560145e-01	0.e+00
6.290221e-01	1.560145e-01	0.e+00
6.443347e-01	1.664473e-01	0.e+00
1.224826e+00	2.525532e-01	0.e+00
6.290221e-01	1.560145e-01	0.e+00
6.290221e-01	1.560145e-01	0.e+00
1.192042e+00	1.05188e-01	0.e+00
6.290221e-01	1.560145e-01	0.e+00
6.290221e-01	1.560145e-01	0.e+00
8.976392e-01	3.370473e-01	0.e+00
1.593081e+00	7.630900e-02	0.e+00
5.845101e-01	3.777337e-01	0.e+00
6.466559e-01	1.501211e-01	0.e+00
6.313671e-01	3.825604e-01	0.e+00
4.206283e-01	5.549958e-01	0.e+00
6.061067e-01	3.740226e-01	0.e+00
5.141633e-01	3.923055e-01	0.e+00
7.293284e-01	1.461036e-01	0.e+00
5.159807e-01	3.906378e-01	0.e+00
3.209287e-01	5.702358e-01	0.e+00
4.486092e-01	4.066553e-01	0.e+00
4.277195e-01	4.145267e-01	0.e+00
5.496722e-01	3.840786e-01	0.e+00
4.194988e-01	4.192319e-01	0.e+00
4.533569e-01	4.248213e-01	0.e+00
4.991502e-01	3.966175e-01	0.e+00
3.756891e-01	4.335083e-01	0.e+00
5.828708e-01	3.792985e-01	0.e+00
3.877271e-01	4.435326e-01	0.e+00
3.591785e-01	4.415257e-01	0.e+00
2.853680e-01	5.159902e-01	0.e+00
2.798844e-01	5.342138e-01	0.e+00
3.202483e-01	4.719778e-01	0.e+00
4.158777e-01	4.224918e-01	0.e+00
4.061896e-01	4.367374e-01	0.e+00
3.126359e-01	4.807941e-01	0.e+00
2.914098e-01	5.069039e-01	0.e+00
2.693597e-01	5.589967e-01	0.e+00
3.692834e-01	4.703646e-01	0.e+00
2.716434e-01	5.453945e-01	0.e+00
2.648778e-01	5.545837e-01	0.e+00
2.616883e-01	5.706728e-01	0.e+00
2.53689e-01	6.808641e-01	0.e+00
2.541002e-01	5.974800e-01	0.e+00
2.513224e-01	6.340876e-01	0.e+00
3.611212e-01	4.882851e-01	0.e+00
2.249603e-01	7.111895e-01	0.e+00
2.358199e-01	6.942835e-01	0.e+00
2.557561e-01	6.600102e-01	0.e+00
7.862402e-02	8.768677e-01	0.e+00
2.063289e-01	7.340189e-01	0.e+00
1.987464e-01	7.544700e-01	0.e+00
1.182973e+00	2.745116e-01	0.e+00
8.500998e-02	8.582579e-01	0.e+00
1.029080e-01	8.555254e-01	0.e+00
1.124411e-01	8.293753e-01	0.e+00
1.510847e-01	7.89012e-01	0.e+00
1.520072e-01	7.886679e-01	0.e+00
1.426011e-01	8.039309e-01	0.e+00
2.915941e-01	5.093088e-01	0.e+00
2.837951e-01	5.437423e-01	0.e+00
1.045328e-01	8.398995e-01	0.e+00
9.754951e-02	8.467447e-01	0.e+00
2.853408e-01	6.514904e-01	0.e+00
1.030729e-01	8.383356e-01	0.e+00
6.724916e-02	8.853846e-01	0.e+00
1.101796e-01	8.295860e-01	0.e+00
1.041016e-02	1.e+00	0.e+00
1.364238e-01	8.030668e-01	0.e+00
2.938404e-02	9.431675e-01	0.e+00
1.321223e-01	8.074936e-01	0.e+00
1.543296e-02	9.758527e-01	0.e+00
1.220832e-03	1.e+00	0.e+00
