3.080026e+00	5.071439e-02	0.e+00
9.895960e-01	2.697764e-03	0.e+00
9.895960e-01	2.697764e-03	0.e+00
1.632138e+00	5.186206e-06	0.e+00
1.347364e+00	2.697764e-03	0.e+00
1.007194e+00	2.697764e-03	0.e+00
1.137369e+00	7.07934e-04	0.e+00
9.895960e-01	2.697764e-03	0.e+00
6.325446e-01	1.642973e-01	0.e+00
1.002738e+00	2.697764e-03	0.e+00
1.829464e+00	7.373116e-02	0.e+00
9.895960e-01	2.697764e-03	0.e+00
9.895960e-01	2.697764e-03	0.e+00
1.619386e+00	2.439595e-01	0.e+00
1.048070e+00	2.697764e-03	0.e+00
9.93498e-01	1.125359e-01	0.e+00
9.895960e-01	2.697764e-03	0.e+00
1.37343e+00	5.08376e-05	0.e+00
2.413557e+00	5.955779e-02	0.e+00
9.207695e-01	9.736815e-02	0.e+00
1.389747e+00	7.996334e-02	0.e+00
8.591236e-01	1.014751e-01	0.e+00
8.382253e-01	1.02746e-01	0.e+00
1.086634e+00	1.055688e-01	0.e+00
7.847378e-01	1.073439e-01	0.e+00
6.347064e-01	1.465364e-01	0.e+00
7.596253e-01	1.125359e-01	0.e+00
9.406366e-01	1.143429e-01	0.e+00
1.058862e+00	4.389882e-03	0.e+00
7.021151e-01	1.186614e-01	0.e+00
7.084350e-01	1.203348e-01	0.e+00
6.759066e-01	1.249332e-01	0.e+00
6.672358e-01	1.278296e-01	0.e+00
2.661487e+00	4.99897e-02	0.e+00
7.152470e-01	1.337069e-01	0.e+00
6.548851e-01	1.377061e-01	0.e+00
6.524923e-01	1.337069e-01	0.e+00
6.867494e-01	1.281004e-01	0.e+00
8.166852e-01	1.045454e-01	0.e+00
7.339774e-01	1.381733e-01	0.e+00
1.180252e+00	2.803055e-01	0.e+00
6.776159e-01	1.562481e-01	0.e+00
1.140576e+00	2.052296e-01	0.e+00
7.353777e-01	1.326364e-01	0.e+00
6.290134e-01	1.562481e-01	0.e+00
6.915869e-01	1.562481e-01	0.e+00
6.34678e-01	1.659582e-01	0.e+00
7.659664e-01	1.562481e-01	0.e+00
9.8229e-01	2.225566e-01	0.e+00
6.428948e-01	1.390857e-01	0.e+00
6.290134e-01	1.562481e-01	0.e+00
7.435871e-01	1.318019e-01	0.e+00
6.47651e-01	1.562481e-01	0.e+00
6.354808e-01	1.629174e-01	0.e+00
6.290134e-01	1.562481e-01	0.e+00
6.290134e-01	1.562481e-01	0.e+00
1.217282e+00	2.521831e-01	0.e+00
6.321895e-01	1.570187e-01	0.e+00
6.290134e-01	1.562481e-01	0.e+00
1.132746e+00	2.526961e-01	0.e+00
7.916881e-01	1.562481e-01	0.e+00
1.233110e+00	2.543932e-01	0.e+00
6.290134e-01	1.562481e-01	0.e+00
6.290134e-01	1.562481e-01	0.e+00
6.290134e-01	1.562481e-01	0.e+00
8.488172e-01	2.029290e-01	0.e+00
6.290134e-01	1.562481e-01	0.e+00
6.294525e-01	1.562481e-01	0.e+00
6.290134e-01	1.562481e-01	0.e+00
6.290134e-01	1.562481e-01	0.e+00
7.008272e-01	1.562481e-01	0.e+00
1.170265e+00	2.67915e-01	0.e+00
1.169151e+00	1.062821e-01	0.e+00
1.088186e+00	3.050259e-01	0.e+00
4.696655e-01	4.036776e-01	0.e+00
1.199887e+00	2.753577e-01	0.e+00
1.116258e+00	3.738699e-01	0.e+00
9.295215e-01	1.627700e-01	0.e+00
6.376201e-01	1.465527e-01	0.e+00
5.758646e-01	3.791347e-01	0.e+00
5.644978e-01	3.812966e-01	0.e+00
1.047908e+00	1.732865e-01	0.e+00
1.217968e+00	2.64239e-01	0.e+00
5.397122e-01	3.857917e-01	0.e+00
5.367250e-01	3.875355e-01	0.e+00
5.217495e-01	3.894861e-01	0.e+00
6.431695e-01	3.680743e-01	0.e+00
6.861401e-01	3.660787e-01	0.e+00
5.899840e-01	3.767166e-01	0.e+00
6.084480e-01	3.739291e-01	0.e+00
1.240081e+00	2.633861e-01	0.e+00
4.731829e-01	4.004375e-01	0.e+00
4.676411e-01	4.017029e-01	0.e+00
3.554100e-01	4.437605e-01	0.e+00
4.058785e-01	4.215317e-01	0.e+00
5.068938e-01	3.925047e-01	0.e+00
3.593039e-01	4.918228e-01	0.e+00
3.085258e-01	4.847799e-01	0.e+00
4.258369e-01	4.135825e-01	0.e+00
4.453877e-01	4.075428e-01	0.e+00
1.142216e+00	3.017514e-01	0.e+00
4.315944e-01	4.115839e-01	0.e+00
4.688655e-01	4.164085e-01	0.e+00
4.363092e-01	4.188033e-01	0.e+00
3.888622e-01	4.268737e-01	0.e+00
3.886709e-01	4.292958e-01	0.e+00
3.788542e-01	4.313170e-01	0.e+00
3.726752e-01	4.342804e-01	0.e+00
3.668588e-01	4.373362e-01	0.e+00
4.280577e-01	4.126796e-01	0.e+00
3.643337e-01	4.425283e-01	0.e+00
3.545911e-01	4.449674e-01	0.e+00
4.694811e-01	4.012400e-01	0.e+00
2.840404e-01	5.299456e-01	0.e+00
3.259586e-01	6.394189e-01	0.e+00
3.610172e-01	5.888535e-01	0.e+00
5.452554e-01	4.082712e-01	0.e+00
2.985352e-01	4.976818e-01	0.e+00
3.224232e-01	4.693651e-01	0.e+00
3.499608e-01	4.742102e-01	0.e+00
3.019548e-01	5.451782e-01	0.e+00
3.285593e-01	4.636262e-01	0.e+00
4.867046e-01	4.140219e-01	0.e+00
3.338304e-01	4.902049e-01	0.e+00
2.896983e-01	5.270677e-01	0.e+00
4.656770e-01	5.374840e-01	0.e+00
1.152273e+00	2.381971e-01	0.e+00
2.502650e-01	6.618354e-01	0.e+00
6.1455e-01	3.916002e-01	0.e+00
3.069036e-01	5.036681e-01	0.e+00
2.747766e-01	5.352561e-01	0.e+00
2.762364e-01	5.31765e-01	0.e+00
2.746967e-01	5.373802e-01	0.e+00
2.629839e-01	5.595369e-01	0.e+00
3.310859e-01	4.615535e-01	0.e+00
2.562257e-01	6.273801e-01	0.e+00
2.792223e-01	5.311212e-01	0.e+00
2.592501e-01	5.709876e-01	0.e+00
3.216910e-01	5.814243e-01	0.e+00
4.635228e-01	4.482171e-01	0.e+00
2.482847e-01	6.570126e-01	0.e+00
2.272761e-01	7.228749e-01	0.e+00
2.56586e-01	6.243907e-01	0.e+00
3.189782e-01	5.089157e-01	0.e+00
2.345382e-01	6.975025e-01	0.e+00
2.597807e-01	5.708095e-01	0.e+00
2.138783e-01	7.334143e-01	0.e+00
2.669986e-01	5.789300e-01	0.e+00
2.935952e-01	6.893866e-01	0.e+00
2.337581e-01	6.968097e-01	0.e+00
3.404154e-03	1.e+00	0.e+00
2.245717e-01	7.125834e-01	0.e+00
9.201001e-02	8.522999e-01	0.e+00
2.639303e-01	5.85641e-01	0.e+00
2.918084e-01	6.677474e-01	0.e+00
2.541912e-01	6.052046e-01	0.e+00
2.025469e-01	7.387423e-01	0.e+00
1.017480e-01	8.392186e-01	0.e+00
1.785402e-01	7.633456e-01	0.e+00
3.492783e+01	3.563644e+01	-1.740448e-02
1.855693e-01	7.572852e-01	0.e+00
1.793357e-01	7.620254e-01	0.e+00
2.448928e-01	6.720440e-01	0.e+00
1.806662e-01	7.711378e-01	0.e+00
5.433912e-02	9.012121e-01	0.e+00
1.606266e-01	7.800278e-01	0.e+00
1.834419e-01	7.591338e-01	0.e+00
1.509866e-01	7.894019e-01	0.e+00
1.463631e-01	7.937511e-01	0.e+00
9.392610e-02	8.476002e-01	0.e+00
1.363037e-01	8.032832e-01	0.e+00
2.126505e-01	7.281361e-01	0.e+00
2.911213e-01	6.424119e-01	0.e+00
2.345072e-01	6.953173e-01	0.e+00
1.718027e-01	7.709446e-01	0.e+00
1.133021e-01	8.262878e-01	0.e+00
8.022619e-02	8.671661e-01	0.e+00
1.039696e-01	8.368494e-01	0.e+00
1.030516e-01	8.421615e-01	0.e+00
9.421922e-02	8.472609e-01	0.e+00
8.950363e-02	8.531417e-01	0.e+00
1.946876e-02	9.644832e-01	0.e+00
8.808418e-02	8.640345e-01	0.e+00
8.611930e-02	8.69883e-01	0.e+00
1.42033e-01	7.976539e-01	0.e+00
7.552883e-02	8.840192e-01	0.e+00
6.354176e-02	8.892499e-01	0.e+00
5.735928e-02	8.960227e-01	0.e+00
1.468965e-01	7.930921e-01	0.e+00
4.818673e-02	9.105643e-01	0.e+00
1.034775e-01	8.376354e-01	0.e+00
8.877654e-02	8.540962e-01	0.e+00
3.379274e-02	9.352716e-01	0.e+00
1.577523e-01	7.829617e-01	0.e+00
1.182333e-01	8.212997e-01	0.e+00
5.526865e-02	9.018581e-01	0.e+00
2.846935e-01	6.284634e-01	0.e+00
3.563299e-02	9.822152e-01	0.e+00
8.900125e-03	9.906141e-01	0.e+00
1.000579e-01	8.431497e-01	0.e+00
