1.5244564750588376	0.12476065591716826	-0.0
7.494964264755655	0.02264601095181622	-0.0
2.954632950035384	0.2767846765463781	-0.0
0.73065586361263	0.14448949696251118	-0.0
0.693589999773316	0.13567844356701692	-0.0
3.0443098731006444	0.23697675748365896	-0.0
2.5395357574518047	0.23697675748365896	-0.0
0.6660494273784272	0.36633921044337747	-0.0
0.49967450237957567	0.37454924771136633	-0.0
0.4459607660338037	0.39247205215898834	-0.0
0.43138361297817696	0.41896541277411864	-0.0
0.43015301515980653	0.4551708765468375	-0.0
0.9247505179264346	0.38486655866049124	-0.0
0.3189925420714059	0.6731515203463867	-0.0
0.23863148489268132	0.8666950589074638	-0.0
0.20442402534352636	0.7517497607221508	-0.0
0.2992330104786647	0.6898399318166855	-0.0
0.10629652664977716	0.8409289848719032	-0.0
0.04483486372739689	0.9273080752166107	-0.0
0.014735171075953317	0.9746221124647307	-0.0
