3.23065e+00	2.112919e-02	0.e+00
9.900154e-01	2.394827e-03	0.e+00
2.845149e+00	3.693516e-02	0.e+00
7.450280e-01	1.119677e-01	0.e+00
1.205733e+00	0.e+00	0.e+00
8.077012e-01	1.119677e-01	0.e+00
1.159305e+00	2.887951e-01	0.e+00
1.041528e+00	2.14696e-01	0.e+00
6.290461e-01	1.556754e-01	0.e+00
2.299065e+00	7.648508e-02	0.e+00
6.433928e-01	1.556754e-01	0.e+00
1.139728e+00	2.536224e-01	0.e+00
6.290461e-01	1.556754e-01	0.e+00
6.305514e-01	1.556754e-01	0.e+00
6.318586e-01	1.556754e-01	0.e+00
1.317688e+00	2.743777e-01	0.e+00
5.166335e-01	3.933996e-01	0.e+00
6.675575e-01	1.725774e-01	0.e+00
4.687442e-01	4.016896e-01	0.e+00
1.188486e+00	2.113093e-01	0.e+00
4.777057e-01	4.254909e-01	0.e+00
3.784120e-01	4.317191e-01	0.e+00
3.394505e-01	4.566881e-01	0.e+00
4.011782e-01	5.240836e-01	0.e+00
3.348052e-01	4.588403e-01	0.e+00
4.044586e-01	4.317191e-01	0.e+00
3.044604e-01	5.178681e-01	0.e+00
3.044604e-01	5.178681e-01	0.e+00
3.345965e-01	5.153241e-01	0.e+00
2.021794e-01	7.533967e-01	0.e+00
2.021794e-01	7.533967e-01	0.e+00
1.385208e-01	8.055777e-01	0.e+00
1.015315e-01	8.424923e-01	0.e+00
2.150909e-01	7.652460e-01	0.e+00
1.157393e-01	8.320938e-01	0.e+00
5.872288e-02	9.007441e-01	0.e+00
1.346672e-01	8.610161e-01	0.e+00
4.550094e-02	9.305781e-01	0.e+00
4.207169e-02	9.755617e-01	0.e+00
2.379314e-02	1.e+00	0.e+00
