1.102169e+00	0.e+00	0.e+00
1.073014e+00	0.e+00	0.e+00
1.059633e+00	0.e+00	0.e+00
1.047083e+00	0.e+00	0.e+00
1.107418e+00	0.e+00	0.e+00
8.506522e+00	2.543748e-02	0.e+00
1.068239e+00	0.e+00	0.e+00
9.140920e+00	2.543748e-02	0.e+00
4.649087e+00	2.289373e-01	0.e+00
9.087534e+00	2.543748e-02	0.e+00
8.026102e-01	1.017499e-01	0.e+00
1.051884e+00	0.e+00	0.e+00
1.275852e+00	0.e+00	0.e+00
7.91264e-01	1.017499e-01	0.e+00
9.350205e-01	1.017499e-01	0.e+00
8.669791e-01	1.017499e-01	0.e+00
8.385583e-01	1.017499e-01	0.e+00
5.365373e+00	5.270610e-03	0.e+00
8.917561e-01	1.017499e-01	0.e+00
3.92548e+00	2.289373e-01	0.e+00
8.567440e-01	1.017499e-01	0.e+00
7.191588e-01	1.017499e-01	0.e+00
1.327253e+00	0.e+00	0.e+00
7.389905e-01	1.017499e-01	0.e+00
7.678393e-01	1.017499e-01	0.e+00
7.191554e-01	1.017499e-01	0.e+00
7.955136e-01	1.017499e-01	0.e+00
7.719312e-01	1.017499e-01	0.e+00
7.191543e-01	1.017499e-01	0.e+00
9.432472e-01	8.442005e-01	0.e+00
7.191536e-01	1.017499e-01	0.e+00
7.213859e-01	1.017499e-01	0.e+00
7.191536e-01	1.017499e-01	0.e+00
7.191536e-01	1.017499e-01	0.e+00
7.276117e-01	1.017499e-01	0.e+00
7.191536e-01	1.017499e-01	0.e+00
7.191536e-01	1.017499e-01	0.e+00
1.647964e+00	7.744688e-02	0.e+00
7.194119e-01	1.017499e-01	0.e+00
7.635004e-01	1.017499e-01	0.e+00
7.191536e-01	1.017499e-01	0.e+00
7.191536e-01	1.017499e-01	0.e+00
7.191536e-01	1.017499e-01	0.e+00
7.191536e-01	1.017499e-01	0.e+00
7.449374e-01	1.017499e-01	0.e+00
8.075353e-01	1.017499e-01	0.e+00
7.191536e-01	1.017499e-01	0.e+00
4.038424e+00	2.329774e-01	0.e+00
7.191536e-01	1.017499e-01	0.e+00
7.883725e-01	1.017499e-01	0.e+00
7.308556e-01	1.017499e-01	0.e+00
8.278584e-01	1.017499e-01	0.e+00
4.044795e-01	4.177969e-01	0.e+00
5.486902e-01	4.177969e-01	0.e+00
5.238106e-01	4.204352e-01	0.e+00
7.290381e-01	1.017499e-01	0.e+00
5.486902e-01	4.177969e-01	0.e+00
5.413865e-01	4.177969e-01	0.e+00
5.357177e-01	4.177969e-01	0.e+00
7.639081e-01	4.177969e-01	0.e+00
5.357177e-01	4.177969e-01	0.e+00
5.460473e-01	4.177969e-01	0.e+00
6.095286e-01	4.177969e-01	0.e+00
4.753194e-01	4.177969e-01	0.e+00
5.208924e-01	4.177969e-01	0.e+00
5.208924e-01	4.177969e-01	0.e+00
6.777413e-01	4.177969e-01	0.e+00
5.199978e-01	7.274193e-01	0.e+00
4.51707e-01	4.177969e-01	0.e+00
4.517694e-01	4.177969e-01	0.e+00
4.517694e-01	4.177969e-01	0.e+00
5.184907e-01	4.177969e-01	0.e+00
5.184907e-01	4.177969e-01	0.e+00
4.517694e-01	4.177969e-01	0.e+00
4.406732e-01	4.177969e-01	0.e+00
4.406732e-01	4.177969e-01	0.e+00
5.866142e-01	4.177969e-01	0.e+00
5.618459e-01	4.177969e-01	0.e+00
3.348201e-01	8.548803e-01	0.e+00
4.392572e-01	4.177969e-01	0.e+00
4.187907e-01	4.177969e-01	0.e+00
4.193146e-01	4.177969e-01	0.e+00
3.877302e-01	4.177969e-01	0.e+00
2.728497e+00	1.965483e-01	0.e+00
3.877302e-01	4.177969e-01	0.e+00
5.150343e-01	4.177969e-01	0.e+00
3.877302e-01	4.177969e-01	0.e+00
4.017148e-01	4.177969e-01	0.e+00
4.204222e-01	4.177969e-01	0.e+00
4.08522e-01	4.177969e-01	0.e+00
3.868742e-01	4.177969e-01	0.e+00
3.86065e-01	4.177969e-01	0.e+00
3.86065e-01	4.177969e-01	0.e+00
4.186187e-01	4.177969e-01	0.e+00
3.86065e-01	4.177969e-01	0.e+00
3.86065e-01	4.177969e-01	0.e+00
3.903429e-01	4.177969e-01	0.e+00
3.86065e-01	4.177969e-01	0.e+00
4.076292e-01	4.177969e-01	0.e+00
3.86065e-01	4.177969e-01	0.e+00
