1.883309e+00	0.e+00	0.e+00
1.293578e+00	1.090026e-03	0.e+00
1.537378e+00	1.090026e-03	0.e+00
4.369823e+00	2.615700e-01	0.e+00
9.690641e-01	1.101261e-01	0.e+00
1.077957e+00	8.999241e-04	0.e+00
7.047616e-01	1.224674e-01	0.e+00
6.921877e-01	1.31059e-01	0.e+00
7.655718e-01	1.31059e-01	0.e+00
6.341717e+00	4.832911e-02	0.e+00
6.668546e-01	1.31059e-01	0.e+00
7.577559e-01	1.31059e-01	0.e+00
6.668546e-01	1.31059e-01	0.e+00
6.668546e-01	1.31059e-01	0.e+00
1.8992e+00	5.413091e-01	0.e+00
4.267898e-01	7.708692e-01	0.e+00
5.360661e-01	3.623339e-01	0.e+00
8.049568e-01	3.743493e-01	0.e+00
8.690035e-01	3.526183e-01	0.e+00
4.552216e-01	3.954616e-01	0.e+00
4.36743e-01	4.074234e-01	0.e+00
3.676477e-01	4.183721e-01	0.e+00
7.612356e-01	5.584426e-01	0.e+00
3.136017e-01	5.014853e-01	0.e+00
3.194167e-01	4.883271e-01	0.e+00
5.138343e-01	5.135714e-01	0.e+00
9.971308e-01	4.196799e-01	0.e+00
5.38443e-01	6.356990e-01	0.e+00
2.359058e-01	7.152815e-01	0.e+00
2.111073e-01	7.596455e-01	0.e+00
8.268303e-01	7.569527e-01	-1.372381e-04
1.175131e-01	8.267082e-01	0.e+00
1.729905e-01	7.675364e-01	0.e+00
2.492983e-01	7.899083e-01	0.e+00
2.575949e+02	2.582436e+02	-1.287154e-01
2.564531e-01	7.204776e-01	0.e+00
8.418770e-02	8.697214e-01	0.e+00
1.551173e-01	7.912334e-01	0.e+00
3.978496e+01	4.068378e+01	-1.987260e-02
1.045788e-02	1.e+00	0.e+00
