2.853211e+00	4.324686e-02	0.e+00
9.903331e-01	2.766116e-03	0.e+00
1.264932e+00	7.376958e-05	0.e+00
2.336928e+00	0.e+00	0.e+00
2.808585e+00	3.440435e-02	0.e+00
1.697396e+00	0.e+00	0.e+00
9.983889e-01	2.766116e-03	0.e+00
1.535135e+00	4.140876e-05	0.e+00
1.334019e+00	2.877093e-04	0.e+00
1.307908e+00	8.099042e-03	0.e+00
9.896922e-01	2.766116e-03	0.e+00
1.120227e+00	2.766116e-03	0.e+00
9.896922e-01	2.766116e-03	0.e+00
8.335406e-01	1.981828e-01	0.e+00
1.113481e+00	9.433071e-02	0.e+00
1.195212e+00	9.655302e-02	0.e+00
1.330851e+00	9.792639e-02	0.e+00
1.151233e+00	6.385683e-03	0.e+00
1.195542e+00	0.e+00	0.e+00
9.151370e-01	1.033550e-01	0.e+00
1.435532e+00	7.862019e-02	0.e+00
3.257335e+00	3.634085e-02	0.e+00
1.041399e+00	1.079420e-01	0.e+00
1.182705e+00	8.776565e-02	0.e+00
1.565816e+00	2.107845e-01	0.e+00
7.366037e-01	1.129547e-01	0.e+00
1.257733e+02	1.251631e+02	-6.252406e-02
7.272357e-01	1.144133e-01	0.e+00
7.024931e-01	1.185669e-01	0.e+00
6.546729e-01	1.332382e-01	0.e+00
2.249804e+02	2.240056e+02	-1.119553e-01
6.757576e-01	1.249785e-01	0.e+00
6.688053e-01	1.272750e-01	0.e+00
7.735015e-01	1.605725e-01	0.e+00
6.293496e-01	1.589758e-01	0.e+00
1.273736e+00	8.033103e-01	-3.190830e-04
6.465316e-01	1.477045e-01	0.e+00
6.713559e-01	1.274655e-01	0.e+00
6.965936e-01	1.310467e-01	0.e+00
1.054991e+00	2.124344e-01	0.e+00
6.347226e-01	1.540939e-01	0.e+00
6.32827e-01	1.517954e-01	0.e+00
6.290119e-01	1.566679e-01	0.e+00
6.741005e-01	1.566679e-01	0.e+00
6.336380e-01	1.628804e-01	0.e+00
6.354907e-01	1.503723e-01	0.e+00
6.290119e-01	1.566679e-01	0.e+00
6.290119e-01	1.566679e-01	0.e+00
6.310632e-01	1.501048e-01	0.e+00
6.291810e-01	1.566679e-01	0.e+00
6.290119e-01	1.566679e-01	0.e+00
6.290119e-01	1.566679e-01	0.e+00
6.290119e-01	1.566679e-01	0.e+00
6.323256e-01	1.566679e-01	0.e+00
7.465252e-01	1.317311e-01	0.e+00
6.290709e-01	1.566679e-01	0.e+00
6.290119e-01	1.566679e-01	0.e+00
6.290119e-01	1.566679e-01	0.e+00
6.319949e-01	1.566679e-01	0.e+00
6.294610e-01	1.566679e-01	0.e+00
6.328761e-01	1.496831e-01	0.e+00
6.290119e-01	1.566679e-01	0.e+00
6.290119e-01	1.566679e-01	0.e+00
6.913207e-01	1.784291e-01	0.e+00
6.290119e-01	1.566679e-01	0.e+00
6.306866e-01	1.533977e-01	0.e+00
6.316203e-01	1.566679e-01	0.e+00
6.295561e-01	1.566679e-01	0.e+00
6.290119e-01	1.566679e-01	0.e+00
6.290119e-01	1.566679e-01	0.e+00
7.394817e-01	1.320404e-01	0.e+00
6.290119e-01	1.566679e-01	0.e+00
6.290119e-01	1.566679e-01	0.e+00
8.512443e-01	2.035447e-01	0.e+00
6.290119e-01	1.566679e-01	0.e+00
6.394262e-01	1.487520e-01	0.e+00
6.290119e-01	1.566679e-01	0.e+00
6.290119e-01	1.566679e-01	0.e+00
6.290119e-01	1.566679e-01	0.e+00
9.169212e-01	1.190245e-01	0.e+00
6.290119e-01	1.566679e-01	0.e+00
6.290119e-01	1.566679e-01	0.e+00
6.290119e-01	1.566679e-01	0.e+00
6.290119e-01	1.566679e-01	0.e+00
6.290119e-01	1.566679e-01	0.e+00
6.290119e-01	1.566679e-01	0.e+00
6.290119e-01	1.566679e-01	0.e+00
6.290119e-01	1.566679e-01	0.e+00
6.290409e-01	1.566679e-01	0.e+00
6.290119e-01	1.566679e-01	0.e+00
8.995768e-01	2.104614e-01	0.e+00
6.290119e-01	1.566679e-01	0.e+00
6.290119e-01	1.566679e-01	0.e+00
6.290119e-01	1.566679e-01	0.e+00
6.311045e-01	1.612378e-01	0.e+00
6.290119e-01	1.566679e-01	0.e+00
6.290119e-01	1.566679e-01	0.e+00
6.767008e-01	1.754274e-01	0.e+00
7.841922e-01	1.938205e-01	0.e+00
6.290119e-01	1.566679e-01	0.e+00
