1.068036e+00	0.e+00	0.e+00
8.390076e+00	3.008768e-02	0.e+00
8.697778e-01	1.096541e-01	0.e+00
1.079594e+00	0.e+00	0.e+00
1.164143e+00	0.e+00	0.e+00
1.133550e+00	0.e+00	0.e+00
1.043091e+00	9.94553e-02	0.e+00
4.988477e+00	2.389483e-01	0.e+00
4.873319e+00	2.312991e-01	0.e+00
1.097444e+00	0.e+00	0.e+00
1.483925e+00	3.706929e-04	0.e+00
1.122282e+00	0.e+00	0.e+00
2.137328e+01	2.063033e+01	-1.026034e-02
1.189224e+00	1.096541e-01	0.e+00
1.019242e+00	1.096541e-01	0.e+00
8.034019e-01	1.096541e-01	0.e+00
8.080524e-01	1.096541e-01	0.e+00
2.144222e+00	1.713405e-01	0.e+00
7.546987e-01	1.203507e-01	0.e+00
7.239693e-01	1.203507e-01	0.e+00
7.65136e-01	1.110631e-01	0.e+00
7.658925e-01	1.460882e-01	0.e+00
6.896553e-01	1.31545e-01	0.e+00
6.924175e-01	1.31545e-01	0.e+00
7.677149e-01	1.31545e-01	0.e+00
6.861316e-01	1.258856e-01	0.e+00
7.229915e-01	1.258856e-01	0.e+00
6.836435e-01	1.31545e-01	0.e+00
6.633639e-01	1.31545e-01	0.e+00
6.633639e-01	1.31545e-01	0.e+00
6.633639e-01	1.31545e-01	0.e+00
6.633639e-01	1.31545e-01	0.e+00
6.633639e-01	1.31545e-01	0.e+00
7.012450e-01	1.31545e-01	0.e+00
7.75089e-01	1.31545e-01	0.e+00
6.633639e-01	1.31545e-01	0.e+00
3.541071e+00	2.643051e-01	0.e+00
7.529877e-01	1.317373e-01	0.e+00
6.745771e-01	1.31545e-01	0.e+00
7.943653e-01	1.31545e-01	0.e+00
3.442552e+00	2.640326e-01	0.e+00
6.791732e-01	1.31545e-01	0.e+00
4.596002e-01	4.422128e-01	0.e+00
4.676742e-01	4.422128e-01	0.e+00
4.629166e-01	4.422128e-01	0.e+00
1.028722e+00	4.422128e-01	0.e+00
4.868361e-01	4.422128e-01	0.e+00
4.111574e-01	4.422128e-01	0.e+00
3.893513e-01	4.416842e-01	0.e+00
6.852990e-01	5.761619e-01	0.e+00
4.209957e-01	4.405399e-01	0.e+00
4.842771e-01	4.399683e-01	0.e+00
5.356971e-01	4.383436e-01	0.e+00
2.310596e+00	2.832194e-01	0.e+00
3.740753e-01	4.383436e-01	0.e+00
3.717100e-01	4.399244e-01	0.e+00
4.549046e-01	4.383436e-01	0.e+00
3.705361e-01	4.393971e-01	0.e+00
6.247725e-01	4.383436e-01	0.e+00
3.715683e-01	4.383436e-01	0.e+00
3.750552e-01	4.383436e-01	0.e+00
3.921476e-01	4.406865e-01	0.e+00
3.750552e-01	4.383436e-01	0.e+00
3.763481e-01	4.383436e-01	0.e+00
3.763481e-01	4.383436e-01	0.e+00
3.620531e-01	4.449749e-01	0.e+00
1.070133e+00	1.155453e+00	-3.552389e-04
3.391170e-01	4.558742e-01	0.e+00
3.284700e-01	4.723452e-01	0.e+00
1.181423e+02	1.180879e+02	-5.883065e-02
3.281869e-01	4.847388e-01	0.e+00
3.876278e+00	5.930228e-02	0.e+00
3.177465e-01	4.773414e-01	0.e+00
1.610068e+01	1.618494e+01	-7.850099e-03
4.158677e-01	4.389726e-01	0.e+00
3.156402e-01	4.847388e-01	0.e+00
3.193138e-01	4.773414e-01	0.e+00
1.170083e+02	1.168986e+02	-5.823345e-02
3.72472e-01	4.612495e-01	0.e+00
3.110724e-01	4.872025e-01	0.e+00
