3.416248e+01	3.281619e+01	-1.640809e-02
1.774669e+00	5.456968e-06	0.e+00
1.115304e+00	5.456968e-06	0.e+00
1.043188e+00	5.456968e-06	0.e+00
1.043188e+00	5.456968e-06	0.e+00
1.354243e+00	0.e+00	0.e+00
1.043188e+00	5.456968e-06	0.e+00
1.045254e+00	5.456968e-06	0.e+00
1.043188e+00	5.456968e-06	0.e+00
1.135295e+00	5.456968e-06	0.e+00
1.043188e+00	5.456968e-06	0.e+00
1.32739e+00	5.456968e-06	0.e+00
1.320936e+00	5.456968e-06	0.e+00
1.043188e+00	5.456968e-06	0.e+00
1.306182e+00	5.456968e-06	0.e+00
1.043188e+00	5.456968e-06	0.e+00
1.742981e+01	1.638663e+01	-8.193312e-03
1.073419e+00	5.456968e-06	0.e+00
1.253451e+00	5.456968e-06	0.e+00
1.210140e+00	0.e+00	0.e+00
1.043188e+00	5.456968e-06	0.e+00
1.046364e+00	5.456968e-06	0.e+00
2.485441e+00	5.130773e-01	0.e+00
1.276723e+00	5.456968e-06	0.e+00
1.043188e+00	5.456968e-06	0.e+00
1.042806e+00	5.456968e-06	0.e+00
1.919085e+00	8.762852e-01	-4.381399e-04
1.076798e+00	2.472544e-05	0.e+00
8.694147e+00	2.036184e-02	0.e+00
1.149807e+00	5.456968e-06	0.e+00
1.042806e+00	5.456968e-06	0.e+00
5.889917e+01	5.75611e+01	-2.878055e-02
1.407663e+00	8.513484e-02	0.e+00
7.986904e+00	2.067798e-02	0.e+00
1.063648e+00	1.038456e-01	0.e+00
1.484071e+00	7.947751e-02	0.e+00
1.020257e+00	7.890027e-02	0.e+00
8.203273e+00	1.973518e-02	0.e+00
1.325420e+00	8.047129e-02	0.e+00
7.94577e+00	2.099655e-02	0.e+00
1.043373e+00	8.137371e-02	0.e+00
9.788936e-01	8.067206e-02	0.e+00
8.900437e-01	8.412273e-02	0.e+00
8.554125e-01	8.63516e-02	0.e+00
8.18224e+00	2.067798e-02	0.e+00
1.015870e+00	8.263769e-02	0.e+00
1.712606e+00	8.279948e-02	0.e+00
9.148470e-01	8.296322e-02	0.e+00
9.346561e-01	8.193980e-02	0.e+00
8.918286e-01	8.367493e-02	0.e+00
8.888317e-01	8.428482e-02	0.e+00
8.834498e-01	8.48178e-02	0.e+00
1.049691e+00	8.492972e-02	0.e+00
9.153758e-01	8.271176e-02	0.e+00
9.08481e-01	8.529722e-02	0.e+00
8.790823e-01	8.584073e-02	0.e+00
8.536441e-01	8.605491e-02	0.e+00
8.837938e-01	8.433988e-02	0.e+00
8.150183e-01	9.021074e-02	0.e+00
9.481905e-01	8.674652e-02	0.e+00
1.71405e+00	3.198406e-01	0.e+00
8.326573e-01	8.780851e-02	0.e+00
7.949127e-01	9.245344e-02	0.e+00
1.422454e+00	3.321266e-01	0.e+00
8.878718e-01	8.834192e-02	0.e+00
4.502474e+00	2.227522e-01	0.e+00
8.279487e-01	8.887696e-02	0.e+00
9.005981e-01	8.556806e-02	0.e+00
8.106194e-01	9.000193e-02	0.e+00
8.059146e-01	9.025014e-02	0.e+00
8.10259e-01	9.025014e-02	0.e+00
8.615830e-01	8.641425e-02	0.e+00
8.741286e-01	8.781863e-02	0.e+00
3.461260e+00	2.757263e+00	-1.332878e-03
8.319677e-01	8.882190e-02	0.e+00
9.928693e-01	8.241365e-02	0.e+00
9.026507e-01	9.236721e-02	0.e+00
2.004906e+00	1.349358e-05	0.e+00
8.649112e-01	9.244605e-02	0.e+00
8.193118e-01	9.341773e-02	0.e+00
7.73556e-01	9.341773e-02	0.e+00
8.589169e-01	9.341773e-02	0.e+00
7.718267e-01	9.46068e-02	0.e+00
8.659969e-01	9.46068e-02	0.e+00
9.229071e-01	9.46068e-02	0.e+00
7.677241e-01	9.46068e-02	0.e+00
7.650093e-01	9.503408e-02	0.e+00
8.831649e-01	9.527796e-02	0.e+00
7.595370e-01	9.580338e-02	0.e+00
7.681187e-01	9.595776e-02	0.e+00
8.359773e-01	9.595776e-02	0.e+00
7.704245e-01	1.042425e-01	0.e+00
7.649021e-01	9.550251e-02	0.e+00
8.232754e-01	9.773891e-02	0.e+00
7.666401e-01	9.773891e-02	0.e+00
2.739378e+00	6.391978e-02	0.e+00
7.727264e-01	9.854210e-02	0.e+00
7.640195e-01	9.51422e-02	0.e+00
7.589216e-01	9.908966e-02	0.e+00
7.27591e-01	1.004342e-01	0.e+00
7.540784e-01	1.082590e-01	0.e+00
9.272512e-01	1.011657e-01	0.e+00
4.168034e+00	2.349691e-01	0.e+00
5.884469e+00	4.206956e-02	0.e+00
7.410767e-01	1.003968e-01	0.e+00
7.386466e-01	9.862771e-02	0.e+00
8.030144e-01	1.006358e-01	0.e+00
8.417409e-01	1.017767e-01	0.e+00
7.107791e-01	1.077163e-01	0.e+00
7.216376e-01	1.016145e-01	0.e+00
8.086001e-01	9.904864e-02	0.e+00
7.232291e+00	1.415672e-02	0.e+00
7.127594e-01	1.078204e-01	0.e+00
6.383417e+01	6.319105e+01	-3.154378e-02
7.128406e-01	1.034889e-01	0.e+00
7.126667e-01	1.034889e-01	0.e+00
7.069083e-01	1.061981e-01	0.e+00
7.166613e-01	1.050941e-01	0.e+00
7.457092e-01	1.164140e-01	0.e+00
7.071634e-01	1.050941e-01	0.e+00
7.069796e-01	1.050941e-01	0.e+00
4.308549e+00	5.254213e-02	0.e+00
7.801684e-01	1.066759e-01	0.e+00
7.498263e-01	1.019978e-01	0.e+00
6.956604e-01	1.129554e-01	0.e+00
7.257865e-01	1.071647e-01	0.e+00
4.821924e+00	6.575857e-03	0.e+00
7.800616e-01	1.084598e-01	0.e+00
6.970369e-01	1.081895e-01	0.e+00
6.978492e-01	1.085518e-01	0.e+00
7.914258e-01	1.089575e-01	0.e+00
6.94301e-01	1.091472e-01	0.e+00
6.881038e-01	1.112765e-01	0.e+00
8.792533e-01	1.033510e-01	0.e+00
7.030284e-01	1.075725e-01	0.e+00
6.863904e-01	1.131904e-01	0.e+00
6.900066e-01	1.108044e-01	0.e+00
4.428597e+00	2.398667e-01	0.e+00
7.07391e-01	1.076477e-01	0.e+00
7.584461e-01	1.072065e-01	0.e+00
6.92323e-01	1.126656e-01	0.e+00
7.312145e-01	1.126656e-01	0.e+00
6.87148e-01	1.144012e-01	0.e+00
7.089765e-01	1.144012e-01	0.e+00
6.894098e-01	1.112997e-01	0.e+00
6.794804e-01	1.154223e-01	0.e+00
6.835667e-01	1.144012e-01	0.e+00
1.131552e+00	9.396535e-02	0.e+00
6.79785e-01	1.154223e-01	0.e+00
6.767455e-01	1.169624e-01	0.e+00
6.747409e-01	1.19141e-01	0.e+00
6.849927e-01	1.19141e-01	0.e+00
6.787996e-01	1.158807e-01	0.e+00
7.262561e-01	1.19141e-01	0.e+00
6.747409e-01	1.19141e-01	0.e+00
6.747409e-01	1.19141e-01	0.e+00
4.522764e+00	8.429440e-03	0.e+00
7.270360e-01	1.19141e-01	0.e+00
2.832365e+00	7.821491e-02	0.e+00
6.752295e-01	1.19141e-01	0.e+00
6.746943e-01	1.180492e-01	0.e+00
6.861048e-01	1.144012e-01	0.e+00
6.869219e-01	1.144012e-01	0.e+00
7.272210e-01	1.180492e-01	0.e+00
6.745452e-01	1.180492e-01	0.e+00
6.745452e-01	1.180492e-01	0.e+00
6.745452e-01	1.180492e-01	0.e+00
6.745452e-01	1.180492e-01	0.e+00
6.745452e-01	1.180492e-01	0.e+00
6.794828e-01	1.154223e-01	0.e+00
6.753762e-01	1.180492e-01	0.e+00
6.745452e-01	1.180492e-01	0.e+00
6.745452e-01	1.180492e-01	0.e+00
6.745452e-01	1.180492e-01	0.e+00
6.745452e-01	1.180492e-01	0.e+00
6.745452e-01	1.180492e-01	0.e+00
6.760185e-01	1.180492e-01	0.e+00
6.745452e-01	1.180492e-01	0.e+00
6.745452e-01	1.180492e-01	0.e+00
2.167522e+00	8.156366e-02	0.e+00
6.745452e-01	1.180492e-01	0.e+00
6.877755e-01	1.180492e-01	0.e+00
6.745452e-01	1.180492e-01	0.e+00
6.873469e-01	1.180492e-01	0.e+00
7.158095e-01	1.180492e-01	0.e+00
6.912293e-01	1.180492e-01	0.e+00
6.745452e-01	1.180492e-01	0.e+00
6.745452e-01	1.180492e-01	0.e+00
6.770164e-01	1.180492e-01	0.e+00
6.745452e-01	1.180492e-01	0.e+00
7.291687e-01	1.180492e-01	0.e+00
6.745452e-01	1.180492e-01	0.e+00
6.745452e-01	1.180492e-01	0.e+00
6.745452e-01	1.180492e-01	0.e+00
6.745452e-01	1.180492e-01	0.e+00
7.356692e-01	1.180492e-01	0.e+00
6.745452e-01	1.180492e-01	0.e+00
6.849773e-01	1.180492e-01	0.e+00
3.527849e+00	2.797213e-01	0.e+00
6.745452e-01	1.180492e-01	0.e+00
