1.050875e+00	0.e+00	0.e+00
1.093174e+00	0.e+00	0.e+00
1.109192e+00	0.e+00	0.e+00
1.050875e+00	0.e+00	0.e+00
1.109311e+00	0.e+00	0.e+00
1.050875e+00	0.e+00	0.e+00
1.050875e+00	0.e+00	0.e+00
1.050875e+00	0.e+00	0.e+00
1.055791e+00	0.e+00	0.e+00
1.050875e+00	0.e+00	0.e+00
1.050875e+00	0.e+00	0.e+00
1.061587e+00	0.e+00	0.e+00
1.050875e+00	0.e+00	0.e+00
1.054618e+00	0.e+00	0.e+00
1.063929e+00	0.e+00	0.e+00
1.271611e+00	0.e+00	0.e+00
1.654128e+00	7.683187e-02	0.e+00
1.063086e+00	0.e+00	0.e+00
1.050875e+00	0.e+00	0.e+00
8.756004e+00	1.924285e-02	0.e+00
1.188825e+00	0.e+00	0.e+00
2.157133e+00	7.767419e-02	0.e+00
1.403595e+00	0.e+00	0.e+00
2.396104e+00	0.e+00	0.e+00
1.039947e+00	7.683187e-02	0.e+00
1.024693e+00	7.683187e-02	0.e+00
1.104724e+00	7.683187e-02	0.e+00
1.101366e+00	7.784073e-02	0.e+00
1.015318e+00	7.767419e-02	0.e+00
9.936424e-01	7.806909e-02	0.e+00
2.301526e+00	1.177681e-05	0.e+00
9.871037e-01	7.877169e-02	0.e+00
9.850746e-01	7.904883e-02	0.e+00
9.303089e-01	8.154078e-02	0.e+00
9.685191e-01	7.924628e-02	0.e+00
1.126963e+00	7.444348e-02	0.e+00
9.477659e-01	8.015436e-02	0.e+00
9.404359e-01	8.053921e-02	0.e+00
9.389215e-01	8.068389e-02	0.e+00
9.777824e-01	8.090872e-02	0.e+00
1.060133e+00	7.853327e-02	0.e+00
9.31733e-01	8.169106e-02	0.e+00
9.086311e-01	8.268547e-02	0.e+00
9.142962e-01	8.209092e-02	0.e+00
9.033447e-01	8.278076e-02	0.e+00
9.12335e-01	8.258851e-02	0.e+00
9.042236e-01	8.258851e-02	0.e+00
9.011436e-01	8.285976e-02	0.e+00
8.972927e-01	8.309293e-02	0.e+00
9.347970e-01	8.268555e-02	0.e+00
8.915880e-01	8.345301e-02	0.e+00
8.777007e-01	8.513315e-02	0.e+00
8.965268e-01	8.510317e-02	0.e+00
8.979177e-01	8.293067e-02	0.e+00
8.794768e-01	8.409733e-02	0.e+00
8.758838e-01	8.446491e-02	0.e+00
8.854919e-01	8.375277e-02	0.e+00
8.520118e-01	8.684602e-02	0.e+00
8.724079e-01	8.470783e-02	0.e+00
8.542752e-01	8.623283e-02	0.e+00
8.644545e-01	8.506349e-02	0.e+00
8.380250e-01	8.705966e-02	0.e+00
8.528563e-01	8.587005e-02	0.e+00
8.777553e-01	8.686189e-02	0.e+00
8.595075e-01	8.547272e-02	0.e+00
8.769797e-01	8.580563e-02	0.e+00
8.394891e-01	8.686189e-02	0.e+00
8.480751e-01	8.624064e-02	0.e+00
9.92037e-01	8.624064e-02	0.e+00
8.46504e-01	8.633446e-02	0.e+00
8.529048e-01	8.589383e-02	0.e+00
9.074332e-01	8.703191e-02	0.e+00
8.390588e-01	8.686189e-02	0.e+00
8.367431e-01	8.70535e-02	0.e+00
8.254562e-01	8.817252e-02	0.e+00
8.320311e-01	8.743199e-02	0.e+00
8.333539e-01	8.73788e-02	0.e+00
8.374388e-01	8.768072e-02	0.e+00
8.334120e-01	8.743199e-02	0.e+00
9.111832e-01	8.821694e-02	0.e+00
2.568385e+00	5.922392e-02	0.e+00
8.159055e-01	8.903487e-02	0.e+00
8.541553e-01	8.716436e-02	0.e+00
9.697597e-01	8.802045e-02	0.e+00
3.334767e+00	1.510946e-01	0.e+00
8.119531e-01	8.979921e-02	0.e+00
8.203027e-01	8.874699e-02	0.e+00
8.434426e-01	9.069088e-02	0.e+00
8.540224e-01	8.874699e-02	0.e+00
3.689905e+00	5.093057e-02	0.e+00
8.092447e-01	8.963779e-02	0.e+00
8.177536e-01	8.874699e-02	0.e+00
8.362159e-01	8.911138e-02	0.e+00
8.133748e-01	8.919612e-02	0.e+00
8.142502e-01	8.919612e-02	0.e+00
8.102875e-01	8.963779e-02	0.e+00
8.240161e-01	8.880694e-02	0.e+00
8.107810e-01	8.956531e-02	0.e+00
8.107810e-01	8.956531e-02	0.e+00
8.139504e-01	8.915568e-02	0.e+00
