1.327009e+00	3.180944e-04	0.e+00
1.018258e+00	1.148037e-03	0.e+00
9.902200e-01	3.013328e-03	0.e+00
2.823399e+00	4.339276e-02	0.e+00
3.400858e+00	3.443462e-02	0.e+00
7.555971e-01	1.104907e-01	0.e+00
6.762646e-01	1.329254e-01	0.e+00
2.723358e+00	2.614606e-02	0.e+00
6.290276e-01	1.570552e-01	0.e+00
6.381424e-01	1.570552e-01	0.e+00
6.290276e-01	1.570552e-01	0.e+00
6.290276e-01	1.570552e-01	0.e+00
5.954234e-01	3.760232e-01	0.e+00
6.435509e-01	1.570552e-01	0.e+00
6.290276e-01	1.570552e-01	0.e+00
8.320907e-01	1.570552e-01	0.e+00
1.647083e-01	8.278294e-01	0.e+00
5.079768e-01	3.922438e-01	0.e+00
4.690893e-01	4.01594e-01	0.e+00
4.331966e-01	4.110975e-01	0.e+00
3.942489e-01	6.80633e-01	0.e+00
3.863980e-01	4.347574e-01	0.e+00
3.738881e-01	4.499878e-01	0.e+00
3.241117e-01	4.677626e-01	0.e+00
3.053105e-01	4.886262e-01	0.e+00
1.377464e-01	9.101317e-01	0.e+00
1.752033e-01	7.722279e-01	0.e+00
3.198464e-01	5.772194e-01	0.e+00
2.875699e-01	5.272388e-01	0.e+00
2.608209e-01	5.654116e-01	0.e+00
2.110980e-01	7.285261e-01	0.e+00
1.929412e-01	7.484733e-01	0.e+00
2.419715e-01	6.976695e-01	0.e+00
1.442579e-01	7.959374e-01	0.e+00
1.197090e-01	8.201289e-01	0.e+00
1.579052e-01	7.839124e-01	0.e+00
7.283123e-02	8.748043e-01	0.e+00
1.840093e-01	7.580519e-01	0.e+00
3.544674e-02	9.520929e-01	0.e+00
3.434011e-02	9.353057e-01	0.e+00
