4.152301e+00	0.e+00	0.e+00
4.88111e+00	2.254912e-02	0.e+00
6.048845e+00	2.029421e-01	0.e+00
6.737495e+00	2.166184e-01	0.e+00
2.315963e+00	9.01965e-02	0.e+00
3.24877e+00	1.202566e+00	-5.561849e-04
8.188158e-01	9.01965e-02	0.e+00
4.565487e+00	7.684947e-03	0.e+00
8.188158e-01	9.01965e-02	0.e+00
8.156353e-01	9.01965e-02	0.e+00
1.70786e+01	1.496195e+01	-7.331307e-03
8.219447e-01	9.01965e-02	0.e+00
9.603704e-01	2.286222e-01	-6.921287e-05
4.395425e+00	1.781575e-01	0.e+00
1.853489e+00	1.128334e+00	-5.190689e-04
9.248897e-01	9.01965e-02	0.e+00
7.949326e-01	9.145325e-02	0.e+00
8.780642e-01	9.412090e-02	0.e+00
7.879817e-01	9.292505e-02	0.e+00
8.484533e-01	9.424907e-02	0.e+00
7.916212e-01	9.217247e-02	0.e+00
7.691426e-01	9.724891e-02	0.e+00
7.449602e-01	9.806793e-02	0.e+00
7.983883e-01	9.370561e-02	0.e+00
7.499786e-01	1.002896e-01	0.e+00
7.334951e-01	1.052257e-01	0.e+00
8.17056e-01	1.000176e-01	0.e+00
5.371859e+00	7.118324e-03	0.e+00
7.197319e-01	1.056889e-01	0.e+00
7.327127e-01	1.064848e-01	0.e+00
7.120784e-01	1.081222e-01	0.e+00
1.420204e+01	1.083251e+01	-5.383401e-03
7.462807e-01	1.039673e-01	0.e+00
7.433748e-01	1.065132e-01	0.e+00
6.888696e-01	1.127187e-01	0.e+00
6.878465e-01	1.152179e-01	0.e+00
6.791694e-01	1.173135e-01	0.e+00
6.753031e-01	1.235648e-01	0.e+00
7.636564e-01	1.240327e-01	0.e+00
7.215236e-01	1.240219e-01	0.e+00
