2.950673e+00	2.988583e-02	0.e+00
1.30282e+00	8.235120e-02	0.e+00
2.281549e+00	1.165310e+00	-5.801549e-04
1.252633e+00	6.734925e-05	0.e+00
1.628067e+00	0.e+00	0.e+00
1.009011e+00	1.095966e-03	0.e+00
1.033788e+00	1.095966e-03	0.e+00
3.157883e+00	1.729780e-02	0.e+00
3.144899e+00	1.572542e-02	0.e+00
1.017610e+00	1.095966e-03	0.e+00
8.607172e-01	1.012382e-01	0.e+00
3.433699e+00	3.065561e-02	0.e+00
8.142602e-01	1.054629e-01	0.e+00
1.380663e+00	2.76747e-03	0.e+00
1.255581e+00	1.810766e-01	0.e+00
7.757421e-01	1.082426e-01	0.e+00
7.454004e-01	1.129594e-01	0.e+00
8.945522e+01	8.895202e+01	-4.440617e-02
6.566572e-01	1.317993e-01	0.e+00
8.000276e-01	1.106566e-01	0.e+00
6.805465e-01	1.236561e-01	0.e+00
7.062213e-01	1.17842e-01	0.e+00
1.696751e+00	7.678527e-02	0.e+00
1.046673e+00	1.084631e-01	0.e+00
6.954570e-01	1.625418e-01	0.e+00
6.385828e-01	1.459701e-01	0.e+00
6.292179e-01	1.545056e-01	0.e+00
1.095868e+02	1.091128e+02	-5.447862e-02
6.38626e-01	1.520439e-01	0.e+00
6.320623e-01	1.555761e-01	0.e+00
6.360995e-01	1.555761e-01	0.e+00
1.573311e+00	8.693601e-02	0.e+00
6.290537e-01	1.555761e-01	0.e+00
6.844747e-01	1.762692e-01	0.e+00
7.800394e-01	1.265457e-01	0.e+00
1.017969e+00	2.280514e-01	0.e+00
6.290404e-01	1.558325e-01	0.e+00
6.29052e-01	1.558325e-01	0.e+00
6.291632e-01	1.551434e-01	0.e+00
6.290328e-01	1.558325e-01	0.e+00
6.559641e-01	1.558325e-01	0.e+00
6.290328e-01	1.558325e-01	0.e+00
6.290328e-01	1.558325e-01	0.e+00
9.006424e-01	1.195592e-01	0.e+00
6.324345e-01	1.607947e-01	0.e+00
6.290328e-01	1.558325e-01	0.e+00
6.290328e-01	1.558325e-01	0.e+00
6.349820e-01	1.558325e-01	0.e+00
6.290328e-01	1.558325e-01	0.e+00
6.290328e-01	1.558325e-01	0.e+00
6.290328e-01	1.558325e-01	0.e+00
6.389302e-01	1.558325e-01	0.e+00
7.553295e-01	1.304074e-01	0.e+00
6.290328e-01	1.558325e-01	0.e+00
6.291468e-01	1.558325e-01	0.e+00
6.290328e-01	1.558325e-01	0.e+00
6.37536e-01	1.558325e-01	0.e+00
6.408468e-01	1.477419e-01	0.e+00
6.291790e-01	1.558325e-01	0.e+00
1.174245e+00	2.789874e-01	0.e+00
6.345108e-01	1.558325e-01	0.e+00
6.290328e-01	1.558325e-01	0.e+00
6.290328e-01	1.558325e-01	0.e+00
9.346607e-01	2.149854e-01	0.e+00
6.439868e-01	1.558325e-01	0.e+00
6.290328e-01	1.558325e-01	0.e+00
6.290328e-01	1.558325e-01	0.e+00
6.564911e-01	1.558325e-01	0.e+00
6.328908e-01	1.558325e-01	0.e+00
6.290328e-01	1.558325e-01	0.e+00
6.290328e-01	1.558325e-01	0.e+00
7.701807e-01	1.290514e-01	0.e+00
6.290328e-01	1.558325e-01	0.e+00
6.290328e-01	1.558325e-01	0.e+00
6.309931e-01	1.558325e-01	0.e+00
6.290328e-01	1.558325e-01	0.e+00
6.290328e-01	1.558325e-01	0.e+00
7.714581e-01	1.270372e-01	0.e+00
1.135097e+00	3.094351e-01	0.e+00
6.290328e-01	1.558325e-01	0.e+00
