1.371447e+00	0.e+00	0.e+00
1.213474e+00	0.e+00	0.e+00
1.2233e+00	0.e+00	0.e+00
1.059192e+00	0.e+00	0.e+00
1.566390e+00	0.e+00	0.e+00
1.052442e+00	0.e+00	0.e+00
1.717916e+00	0.e+00	0.e+00
6.041804e+00	3.805660e-02	0.e+00
9.564013e-01	9.097188e-02	0.e+00
8.540377e-01	9.019732e-02	0.e+00
2.982077e+00	1.538341e-01	0.e+00
7.511639e-01	1.005935e-01	0.e+00
7.39571e-01	1.020083e-01	0.e+00
7.832685e-01	1.030725e-01	0.e+00
7.110523e-01	1.072882e-01	0.e+00
6.867754e-01	1.13971e-01	0.e+00
8.926852e-01	1.210783e-01	0.e+00
6.846303e-01	1.18802e-01	0.e+00
7.773767e-01	1.264162e-01	0.e+00
6.766649e-01	1.311342e-01	0.e+00
6.881213e-01	1.366683e-01	0.e+00
6.628809e-01	1.311342e-01	0.e+00
6.628809e-01	1.311342e-01	0.e+00
6.628511e-01	1.311342e-01	0.e+00
6.638953e-01	1.311342e-01	0.e+00
6.628511e-01	1.311342e-01	0.e+00
6.754186e-01	1.311342e-01	0.e+00
7.443276e-01	1.311342e-01	0.e+00
6.918903e-01	1.311342e-01	0.e+00
6.658297e-01	1.311342e-01	0.e+00
6.628440e-01	1.311342e-01	0.e+00
6.94744e-01	1.311342e-01	0.e+00
6.628440e-01	1.311342e-01	0.e+00
6.665806e-01	1.311342e-01	0.e+00
6.628440e-01	1.311342e-01	0.e+00
6.628440e-01	1.311342e-01	0.e+00
6.956910e-01	1.311342e-01	0.e+00
6.882628e-01	1.311342e-01	0.e+00
6.628440e-01	1.311342e-01	0.e+00
6.628440e-01	1.311342e-01	0.e+00
