1.357657e+00	4.926794e-04	0.e+00
4.447683e+00	2.826424e-01	0.e+00
1.504372e+00	2.189686e-04	0.e+00
1.232866e+00	2.189686e-04	0.e+00
9.494892e-01	1.066921e-01	0.e+00
7.226248e-01	1.116822e-01	0.e+00
8.750025e-01	1.273369e-01	0.e+00
7.273036e-01	1.220046e-01	0.e+00
1.355493e+00	9.942073e-02	0.e+00
7.056466e-01	1.327832e-01	0.e+00
6.752763e-01	1.327832e-01	0.e+00
1.36127e+00	1.115673e-01	0.e+00
1.332918e+00	3.605457e-01	0.e+00
3.022674e+00	2.327333e-01	0.e+00
6.217034e-01	4.90334e-01	0.e+00
6.138645e-01	3.605457e-01	0.e+00
5.488597e-01	3.66762e-01	0.e+00
1.162753e+00	1.252285e-01	0.e+00
1.673222e+00	1.274583e-01	0.e+00
4.104743e-01	4.445984e-01	0.e+00
4.246321e-01	4.067776e-01	0.e+00
4.906865e-01	4.214075e-01	0.e+00
5.173100e-01	3.926834e-01	0.e+00
3.408571e-01	4.524925e-01	0.e+00
4.213141e-01	6.859552e-01	0.e+00
4.180418e-01	4.538418e-01	0.e+00
1.957204e-01	9.028877e-01	0.e+00
1.723645e+00	3.450142e-01	0.e+00
3.500130e-01	7.161818e-01	0.e+00
2.503893e-01	7.225403e-01	0.e+00
3.286073e-01	7.294643e-01	0.e+00
3.343189e-01	6.962752e-01	0.e+00
1.759895e-01	7.668042e-01	0.e+00
1.518701e-01	7.886917e-01	0.e+00
1.188245e-01	8.18116e-01	0.e+00
2.426248e-02	1.e+00	0.e+00
3.771754e-02	9.345397e-01	0.e+00
4.616310e-02	9.345397e-01	0.e+00
1.269497e-01	8.871128e-01	0.e+00
5.795038e-02	1.e+00	0.e+00
