1.049266e+00	0.e+00	0.e+00
1.053610e+00	0.e+00	0.e+00
1.046568e+00	0.e+00	0.e+00
1.046568e+00	0.e+00	0.e+00
1.046568e+00	0.e+00	0.e+00
1.054625e+00	0.e+00	0.e+00
1.700732e+00	8.388876e-02	0.e+00
2.781985e+00	0.e+00	0.e+00
1.643293e+00	8.388876e-02	0.e+00
8.281484e-01	8.982411e-02	0.e+00
9.830909e-01	8.549503e-02	0.e+00
9.048738e-01	8.611406e-02	0.e+00
8.590526e-01	8.735881e-02	0.e+00
8.741154e-01	8.637552e-02	0.e+00
9.344669e-01	8.391711e-02	0.e+00
8.163617e-01	8.988729e-02	0.e+00
9.09585e-01	9.075617e-02	0.e+00
8.048131e-01	9.081499e-02	0.e+00
7.970698e-01	9.140299e-02	0.e+00
7.80625e-01	9.307583e-02	0.e+00
7.715763e-01	9.399744e-02	0.e+00
7.807506e-01	9.286287e-02	0.e+00
7.435828e-01	9.770051e-02	0.e+00
7.500396e-01	9.711811e-02	0.e+00
7.512075e-01	9.641160e-02	0.e+00
7.407710e-01	9.857934e-02	0.e+00
7.382805e-01	9.893794e-02	0.e+00
8.410218e-01	9.180569e-02	0.e+00
8.792987e-01	1.015290e-01	0.e+00
7.400199e-01	1.027345e-01	0.e+00
7.165988e-01	1.036837e-01	0.e+00
7.139146e-01	1.044734e-01	0.e+00
7.352338e-01	1.022371e-01	0.e+00
7.123537e-01	1.040847e-01	0.e+00
7.048312e-01	1.059274e-01	0.e+00
9.145398e-01	9.615546e-02	0.e+00
6.941438e-01	1.112025e-01	0.e+00
7.146703e-01	1.104627e-01	0.e+00
7.382013e-01	1.062866e-01	0.e+00
7.094737e-01	1.136248e-01	0.e+00
