1.1766454363428138	0.0	-0.0
1.2692934320158944	0.0	-0.0
8.478397593263473	0.020033813021869518	-0.0
1.355070221196954	0.0	-0.0
1.694153956324963	0.0859887856382224	-0.0
0.8766564579487195	0.08859830723035056	-0.0
0.7589435579997088	0.09595651797730838	-0.0
0.7609139453360387	0.09595651797730838	-0.0
0.7743376081927444	0.09976207177297498	-0.0
0.9167630759562924	0.11731574845986253	-0.0
0.6966426004750007	0.11496651605797747	-0.0
0.9683497789457141	0.12540221875578725	-0.0
0.691861805957863	0.13028286852098253	-0.0
0.6650875801057504	0.135256691152378	-0.0
0.6650365319123658	0.135256691152378	-0.0
1.5969666294825218	0.10190983982018711	-0.0
0.6650365319123658	0.135256691152378	-0.0
0.6650365319123658	0.135256691152378	-0.0
2.054645954095374	0.191641474618427	-0.0
0.6650525168859039	0.135256691152378	-0.0
