1.168642e+00	0.e+00	0.e+00
1.045551e+00	7.921740e-07	0.e+00
1.303633e+00	7.921740e-07	0.e+00
1.047783e+00	0.e+00	0.e+00
9.107479e+00	2.040923e-02	0.e+00
1.809008e+00	8.112909e-02	0.e+00
1.045551e+00	7.921740e-07	0.e+00
1.045551e+00	7.921740e-07	0.e+00
8.960036e+00	1.985235e-02	0.e+00
1.045551e+00	7.921740e-07	0.e+00
1.297458e+00	7.921740e-07	0.e+00
1.049825e+00	7.921740e-07	0.e+00
1.045551e+00	7.921740e-07	0.e+00
1.168501e+00	7.921740e-07	0.e+00
6.21459e+00	1.810287e-01	0.e+00
1.007003e+00	7.890858e-02	0.e+00
5.383153e+00	1.862316e-01	0.e+00
1.276532e+00	7.962326e-02	0.e+00
3.074790e+02	3.053928e+02	-1.526558e-01
1.042572e+00	8.258469e-02	0.e+00
9.040109e-01	8.258469e-02	0.e+00
9.374443e-01	8.365414e-02	0.e+00
8.357625e-01	8.890981e-02	0.e+00
8.264199e-01	9.098587e-02	0.e+00
8.481996e+00	1.623342e-02	0.e+00
9.224406e-01	8.228347e-02	0.e+00
8.620394e-01	8.915019e-02	0.e+00
8.569369e-01	8.915019e-02	0.e+00
8.503288e-01	8.915019e-02	0.e+00
7.928859e-01	9.151268e-02	0.e+00
8.148988e-01	8.997996e-02	0.e+00
7.855764e-01	9.221446e-02	0.e+00
7.452455e-01	9.730774e-02	0.e+00
8.415183e-01	8.847439e-02	0.e+00
1.004892e+00	9.552867e-02	0.e+00
8.100220e-01	1.421306e-01	-2.325879e-05
9.487754e-01	9.190196e-02	0.e+00
7.447723e-01	1.088558e-01	0.e+00
7.283681e-01	1.062883e-01	0.e+00
7.352456e-01	9.907314e-02	0.e+00
1.021107e+00	8.662969e-02	0.e+00
7.240428e-01	1.0242e-01	0.e+00
3.436751e+00	1.78296e-01	0.e+00
7.135411e-01	1.049877e-01	0.e+00
7.267607e-01	1.049877e-01	0.e+00
7.988917e-01	1.058224e-01	0.e+00
7.073187e-01	1.058224e-01	0.e+00
6.996306e-01	1.089815e-01	0.e+00
7.278076e-01	1.094852e-01	0.e+00
6.949097e-01	1.111106e-01	0.e+00
1.094001e+02	1.077214e+02	-5.381829e-02
6.923619e-01	1.130938e-01	0.e+00
6.864609e-01	1.130938e-01	0.e+00
7.054942e-01	1.089815e-01	0.e+00
7.142874e-01	1.174518e-01	0.e+00
6.752496e-01	1.206883e-01	0.e+00
6.770046e-01	1.16647e-01	0.e+00
7.282194e-01	1.174518e-01	0.e+00
6.770951e-01	1.174518e-01	0.e+00
6.946562e-01	1.174518e-01	0.e+00
6.859805e-01	1.174518e-01	0.e+00
7.040399e-01	1.144653e-01	0.e+00
8.106418e-01	1.174518e-01	0.e+00
6.748036e-01	1.174518e-01	0.e+00
6.748036e-01	1.174518e-01	0.e+00
6.870981e-01	1.174518e-01	0.e+00
6.942931e-01	1.174518e-01	0.e+00
6.835522e-01	1.174518e-01	0.e+00
1.053361e+01	9.961427e+00	-4.921988e-03
7.202089e-01	1.174518e-01	0.e+00
2.859098e+01	2.802684e+01	-1.395469e-02
6.748036e-01	1.174518e-01	0.e+00
6.748036e-01	1.174518e-01	0.e+00
6.769269e-01	1.174518e-01	0.e+00
6.748036e-01	1.174518e-01	0.e+00
6.748036e-01	1.174518e-01	0.e+00
6.748036e-01	1.174518e-01	0.e+00
6.748036e-01	1.174518e-01	0.e+00
6.748036e-01	1.174518e-01	0.e+00
6.748036e-01	1.174518e-01	0.e+00
4.965028e+00	4.407676e+00	-2.145112e-03
6.869995e-01	1.174518e-01	0.e+00
6.856188e-01	1.174518e-01	0.e+00
6.796855e-01	1.174518e-01	0.e+00
6.748036e-01	1.174518e-01	0.e+00
6.748036e-01	1.174518e-01	0.e+00
6.748036e-01	1.174518e-01	0.e+00
6.751522e-01	1.174518e-01	0.e+00
6.797668e-01	1.174518e-01	0.e+00
3.475563e+00	2.096885e-01	0.e+00
9.071215e+01	8.601145e+01	-4.297863e-02
3.548785e+00	2.129885e-01	0.e+00
6.748036e-01	1.174518e-01	0.e+00
6.768261e-01	1.174518e-01	0.e+00
6.748036e-01	1.174518e-01	0.e+00
6.748036e-01	1.174518e-01	0.e+00
6.818861e-01	1.174518e-01	0.e+00
6.748036e-01	1.174518e-01	0.e+00
6.902840e-01	1.174518e-01	0.e+00
6.748036e-01	1.174518e-01	0.e+00
