1.756966e+00	0.e+00	0.e+00
9.975681e-01	1.815785e-03	0.e+00
1.018043e+00	3.600707e-03	0.e+00
1.615202e+00	2.664597e-03	0.e+00
7.129364e-01	1.168376e-01	0.e+00
1.044327e+00	2.664597e-03	0.e+00
8.887629e-01	2.057835e-01	0.e+00
2.796755e+00	4.554622e-02	0.e+00
9.895855e-01	2.664597e-03	0.e+00
6.581084e-01	1.334446e-01	0.e+00
7.456272e-01	1.142948e-01	0.e+00
1.22242e+00	2.944805e-04	0.e+00
7.946709e-01	1.065593e-01	0.e+00
7.355765e-01	1.130922e-01	0.e+00
7.129364e-01	1.168376e-01	0.e+00
1.411573e+00	5.37898e-03	0.e+00
1.148834e+00	8.740813e-02	0.e+00
6.831812e-01	1.230767e-01	0.e+00
7.430414e-01	1.234828e-01	0.e+00
6.321232e-01	1.611448e-01	0.e+00
6.290729e-01	1.554460e-01	0.e+00
7.13755e-01	1.649765e-01	0.e+00
6.306788e-01	1.612279e-01	0.e+00
6.451538e-01	1.635187e-01	0.e+00
6.290699e-01	1.554460e-01	0.e+00
2.044178e+00	7.835643e-02	0.e+00
6.290699e-01	1.554460e-01	0.e+00
1.227269e+00	2.522052e-01	0.e+00
8.342141e-01	1.005922e+00	-2.432577e-04
6.290699e-01	1.554460e-01	0.e+00
6.516437e-01	1.720590e-01	0.e+00
6.298752e-01	1.554460e-01	0.e+00
6.911967e-01	1.554460e-01	0.e+00
6.293188e-01	1.544105e-01	0.e+00
1.168969e+00	2.671194e-01	0.e+00
2.876307e-01	5.282164e-01	0.e+00
7.057132e-01	1.814919e-01	0.e+00
1.418289e+00	2.535281e-01	0.e+00
5.970570e-01	3.754810e-01	0.e+00
7.991113e-01	3.781785e-01	0.e+00
7.748133e-01	3.818154e-01	0.e+00
1.217553e+00	2.471596e-01	0.e+00
4.065108e-01	5.495929e-01	0.e+00
5.320065e-01	3.919827e-01	0.e+00
4.934605e-01	3.954633e-01	0.e+00
5.337544e-01	3.869586e-01	0.e+00
6.902209e-01	3.610261e-01	0.e+00
4.484709e-01	4.069788e-01	0.e+00
3.887302e-01	4.269917e-01	0.e+00
3.562876e-01	4.50265e-01	0.e+00
3.602747e-01	5.086914e-01	0.e+00
3.647718e-01	4.390311e-01	0.e+00
3.86432e-01	4.279745e-01	0.e+00
3.366183e-01	4.60043e-01	0.e+00
3.520875e-01	4.459479e-01	0.e+00
5.635457e-01	3.835629e-01	0.e+00
3.459876e-01	4.498871e-01	0.e+00
4.236153e-01	4.954032e-01	0.e+00
1.271465e+00	2.558640e-01	0.e+00
3.140392e-01	5.259054e-01	0.e+00
3.11689e-01	4.807511e-01	0.e+00
3.280017e-01	4.726321e-01	0.e+00
2.624554e-01	5.619897e-01	0.e+00
2.909054e-01	5.079928e-01	0.e+00
2.528867e-01	6.412099e-01	0.e+00
2.949864e-01	5.303311e-01	0.e+00
2.70347e-01	5.424415e-01	0.e+00
2.65332e-01	5.531529e-01	0.e+00
2.752741e-01	5.715140e-01	0.e+00
2.606897e-01	5.869406e-01	0.e+00
1.329811e-01	8.377611e-01	0.e+00
9.747815e+01	9.747515e+01	-4.851636e-02
2.589851e-01	6.600183e-01	0.e+00
2.758135e-01	5.350791e-01	0.e+00
2.424468e-01	6.976904e-01	0.e+00
8.631643e-01	3.576151e-01	0.e+00
1.817818e-01	7.617743e-01	0.e+00
2.222415e-01	7.319634e-01	0.e+00
8.501911e-02	8.823118e-01	0.e+00
2.63066e-01	6.277201e-01	0.e+00
1.407121e-01	8.287138e-01	0.e+00
2.618522e-01	6.675462e-01	0.e+00
1.605626e-01	7.800614e-01	0.e+00
1.634934e-01	7.886936e-01	0.e+00
7.807674e-02	8.67022e-01	0.e+00
1.832156e-01	7.593623e-01	0.e+00
1.233991e-01	8.160436e-01	0.e+00
1.210781e-01	8.283132e-01	0.e+00
1.991821e-02	9.647158e-01	0.e+00
5.885759e+01	5.95376e+01	-2.93612e-02
1.548102e-02	9.709524e-01	0.e+00
1.391796e-01	8.004176e-01	0.e+00
6.720974e-02	8.825924e-01	0.e+00
1.413756e-04	1.e+00	0.e+00
1.051972e+01	1.13824e+01	-5.235784e-03
7.751817e-02	8.687167e-01	0.e+00
2.498918e-02	9.539211e-01	0.e+00
1.968065e-02	9.625740e-01	0.e+00
1.285103e-01	8.108557e-01	0.e+00
1.144511e-04	1.e+00	0.e+00
