2.357150e+00	0.e+00	0.e+00
1.189671e+00	1.140211e-01	0.e+00
4.470749e+00	2.776824e-01	0.e+00
1.200353e+00	1.442132e-03	0.e+00
8.419120e+00	4.208388e-02	0.e+00
1.128045e+00	1.442132e-03	0.e+00
2.713073e+00	6.306713e-03	0.e+00
1.353898e+00	3.417036e-04	0.e+00
2.317877e+00	0.e+00	0.e+00
2.259668e+00	5.603281e-03	0.e+00
2.530602e+00	2.743936e-01	0.e+00
1.755932e+00	0.e+00	0.e+00
3.737171e+00	2.469378e-01	0.e+00
7.834798e-01	1.205919e-01	0.e+00
7.218375e+00	3.890110e-02	0.e+00
7.497973e-01	1.270864e-01	0.e+00
7.013308e-01	1.445685e-01	0.e+00
6.691184e-01	1.38616e-01	0.e+00
6.800078e-01	1.420731e-01	0.e+00
7.482249e-01	1.496970e-01	0.e+00
7.004043e-01	1.294471e-01	0.e+00
6.814896e-01	1.325156e-01	0.e+00
7.26679e-01	1.270864e-01	0.e+00
6.692507e-01	1.38616e-01	0.e+00
6.687509e-01	1.38616e-01	0.e+00
2.897035e+01	2.624066e+01	-1.296513e-02
8.06769e-01	1.38616e-01	0.e+00
2.960542e+00	2.342665e-01	0.e+00
6.675177e-01	1.38616e-01	0.e+00
6.675177e-01	1.38616e-01	0.e+00
8.383945e+01	8.239549e+01	-4.101713e-02
4.842665e+01	4.302229e+01	-2.147674e-02
2.513461e+00	2.358371e-01	0.e+00
1.908184e+00	1.794652e-01	0.e+00
6.408803e-01	3.46178e-01	0.e+00
5.986038e-01	3.5391e-01	0.e+00
3.147106e+00	2.779001e-01	0.e+00
1.981652e+00	1.38616e-01	0.e+00
8.321683e+02	8.296479e+02	-4.147936e-01
5.423889e-01	3.608894e-01	0.e+00
5.531099e-01	3.635688e-01	0.e+00
1.997089e+00	3.635688e-01	0.e+00
5.581931e-01	3.691716e-01	0.e+00
4.880573e-01	3.727578e-01	0.e+00
1.192329e+00	5.216074e-01	0.e+00
4.780373e-01	3.784857e-01	0.e+00
7.050464e-01	3.436860e-01	0.e+00
4.481559e-01	3.894905e-01	0.e+00
4.003548e-01	4.406084e-01	0.e+00
4.165735e-01	3.980458e-01	0.e+00
4.784329e-01	4.051119e-01	0.e+00
3.711636e-01	4.431568e-01	0.e+00
4.208956e-01	3.977343e-01	0.e+00
4.759557e-01	4.239317e-01	0.e+00
6.200105e-01	3.639856e-01	0.e+00
4.140895e-01	4.406084e-01	0.e+00
2.195611e+00	2.753413e-01	0.e+00
3.788387e-01	4.537359e-01	0.e+00
4.423002e-01	4.600897e-01	0.e+00
4.014653e-01	4.753954e-01	0.e+00
4.200308e-01	4.842180e-01	0.e+00
5.078568e-01	4.908684e-01	0.e+00
5.574359e-01	4.378719e-01	0.e+00
5.791026e-01	4.503280e-01	0.e+00
6.151904e-01	4.403242e-01	0.e+00
8.108821e-01	4.223872e-01	0.e+00
2.948368e-01	5.298851e-01	0.e+00
8.01211e-01	6.594245e-01	0.e+00
3.288862e-01	4.943716e-01	0.e+00
5.982936e-01	4.518508e-01	0.e+00
2.855327e-01	6.8355e-01	0.e+00
8.840663e-01	6.848092e-01	0.e+00
3.497177e-01	6.954645e-01	0.e+00
3.477532e-01	7.035261e-01	0.e+00
1.783816e-01	7.831119e-01	0.e+00
4.314663e-01	7.198272e-01	0.e+00
1.76194e-01	7.632235e-01	0.e+00
1.675863e-01	7.700829e-01	0.e+00
1.381238e-01	7.927315e-01	0.e+00
2.232985e-01	7.258463e-01	0.e+00
1.832865e-01	7.557163e-01	0.e+00
1.787649e-01	7.663448e-01	0.e+00
1.647910e-01	7.73679e-01	0.e+00
1.521149e-01	7.833336e-01	0.e+00
1.421596e-01	7.922412e-01	0.e+00
1.361549e-01	7.991102e-01	0.e+00
2.734470e-02	9.726867e-01	0.e+00
1.885445e-01	7.559392e-01	0.e+00
1.826364e+02	1.833539e+02	-9.126187e-02
9.864673e-02	8.363211e-01	0.e+00
8.473836e-02	8.562388e-01	0.e+00
7.348783e-02	8.816906e-01	0.e+00
1.904839e-01	7.590672e-01	0.e+00
7.878630e-02	8.96586e-01	0.e+00
4.970387e-02	9.119492e-01	0.e+00
4.305166e-02	9.327779e-01	0.e+00
7.498805e-02	8.717752e-01	0.e+00
7.656302e-02	8.66273e-01	0.e+00
3.91622e-02	9.417615e-01	0.e+00
2.524965e-01	7.188217e-01	0.e+00
