7.905692e-01	1.173111e-01	0.e+00
1.043211e+00	1.305173e-03	0.e+00
1.131755e+00	2.508103e-01	0.e+00
1.095846e+00	6.944972e-04	0.e+00
1.144441e+00	1.575673e-01	-7.739465e-05
6.769778e-01	1.246357e-01	0.e+00
1.001507e+00	1.610985e-01	0.e+00
9.904402e-01	2.777989e-03	0.e+00
9.974657e-01	2.777989e-03	0.e+00
1.786218e+00	0.e+00	0.e+00
1.708828e+00	0.e+00	0.e+00
9.896515e-01	2.777989e-03	0.e+00
6.299315e-01	1.592502e-01	0.e+00
7.409872e-01	1.305849e-01	0.e+00
1.041708e+00	2.777989e-03	0.e+00
9.896515e-01	2.777989e-03	0.e+00
1.028334e+00	2.777989e-03	0.e+00
1.023816e+00	2.274250e-01	0.e+00
6.317294e-01	1.490599e-01	0.e+00
3.274045e+00	1.859783e-02	0.e+00
8.788185e-01	9.996113e-02	0.e+00
3.388427e+00	2.425445e-02	0.e+00
1.945827e+00	7.239904e-02	0.e+00
1.192626e+00	1.053764e-01	0.e+00
1.639444e+00	2.452623e-01	0.e+00
7.632847e-01	1.096155e-01	0.e+00
7.46883e-01	1.118226e-01	0.e+00
7.283956e-01	1.141200e-01	0.e+00
6.496621e-01	1.352632e-01	0.e+00
7.002503e-01	1.1903e-01	0.e+00
1.022439e+00	1.852809e-01	0.e+00
6.294243e-01	1.571572e-01	0.e+00
2.814435e+00	4.916828e-02	0.e+00
1.633236e+00	2.029546e-01	0.e+00
2.821153e+00	4.374755e-02	0.e+00
1.210689e+00	8.575511e-02	0.e+00
8.392460e-01	1.411768e-01	0.e+00
6.414629e-01	1.704832e-01	0.e+00
6.302507e-01	1.610464e-01	0.e+00
6.372525e-01	1.473412e-01	0.e+00
6.480189e-01	1.571572e-01	0.e+00
6.335081e-01	1.571572e-01	0.e+00
6.290344e-01	1.571572e-01	0.e+00
6.409861e-01	1.571572e-01	0.e+00
6.873266e-01	1.221363e-01	0.e+00
6.865850e-01	1.571572e-01	0.e+00
6.290344e-01	1.571572e-01	0.e+00
7.819821e-01	1.571572e-01	0.e+00
6.466741e-01	1.571572e-01	0.e+00
6.826955e-01	1.571572e-01	0.e+00
6.290344e-01	1.571572e-01	0.e+00
6.290344e-01	1.571572e-01	0.e+00
6.290344e-01	1.571572e-01	0.e+00
6.290344e-01	1.571572e-01	0.e+00
6.290344e-01	1.571572e-01	0.e+00
2.236299e+00	8.384044e-02	0.e+00
6.290344e-01	1.571572e-01	0.e+00
1.130226e+00	1.087195e-01	0.e+00
6.303164e-01	1.612861e-01	0.e+00
6.290344e-01	1.571572e-01	0.e+00
6.326447e-01	1.522364e-01	0.e+00
6.290344e-01	1.571572e-01	0.e+00
6.322815e-01	1.571572e-01	0.e+00
6.290344e-01	1.571572e-01	0.e+00
6.290344e-01	1.571572e-01	0.e+00
9.588043e-01	3.861224e-01	0.e+00
1.16493e+00	2.64869e-01	0.e+00
7.621887e-01	3.893918e-01	0.e+00
8.52827e-01	1.571572e-01	0.e+00
7.174918e-01	1.873275e-01	0.e+00
2.780977e+00	5.073068e-02	0.e+00
6.290344e-01	1.571572e-01	0.e+00
8.591068e-01	1.571572e-01	0.e+00
1.225042e+00	1.184004e-01	0.e+00
6.184972e-01	3.723287e-01	0.e+00
6.479899e-01	1.468386e-01	0.e+00
8.69683e-01	3.415356e-01	0.e+00
1.507212e+00	7.788529e-02	0.e+00
1.050659e+00	3.144857e-01	0.e+00
6.778055e-01	5.576449e-01	0.e+00
5.664002e-01	3.809087e-01	0.e+00
5.571022e-01	3.825076e-01	0.e+00
1.071306e+00	3.842293e-01	0.e+00
5.397342e-01	3.861224e-01	0.e+00
1.178803e+01	1.130647e+01	-5.57759e-03
4.003296e-01	4.222508e-01	0.e+00
6.561169e+02	6.560807e+02	-3.278364e-01
5.288934e-01	3.882492e-01	0.e+00
4.960908e-01	3.948499e-01	0.e+00
3.797349e-01	4.896324e-01	0.e+00
4.813372e-01	3.983288e-01	0.e+00
4.744657e-01	4.003467e-01	0.e+00
4.415897e-01	4.098075e-01	0.e+00
4.120245e-01	4.184654e-01	0.e+00
3.860198e-01	4.293507e-01	0.e+00
3.615932e-01	4.408435e-01	0.e+00
4.072853e-01	4.255929e-01	0.e+00
4.194171e-01	4.154748e-01	0.e+00
4.470494e-01	4.070948e-01	0.e+00
6.103322e-01	3.733336e-01	0.e+00
4.132778e-01	4.175434e-01	0.e+00
4.219561e-01	4.157496e-01	0.e+00
4.062333e-01	4.222508e-01	0.e+00
5.925772e-01	3.764477e-01	0.e+00
5.613065e-01	3.818944e-01	0.e+00
3.850774e-01	4.295501e-01	0.e+00
4.226695e-01	4.326073e-01	0.e+00
3.459574e-01	4.499143e-01	0.e+00
3.699783e-01	4.365007e-01	0.e+00
3.144534e-01	4.841315e-01	0.e+00
3.286044e-01	5.001558e-01	0.e+00
3.605369e-01	4.407774e-01	0.e+00
2.790823e-01	5.282124e-01	0.e+00
3.436647e-01	4.526395e-01	0.e+00
3.681183e-01	4.377270e-01	0.e+00
4.403324e-01	4.596075e-01	0.e+00
2.87806e-01	5.121983e-01	0.e+00
4.630904e-01	4.048332e-01	0.e+00
3.226079e-01	4.694932e-01	0.e+00
2.692496e-01	5.443533e-01	0.e+00
3.040009e-01	4.956981e-01	0.e+00
2.722571e-01	5.383908e-01	0.e+00
3.604092e-01	4.863637e-01	0.e+00
3.030665e-01	4.914343e-01	0.e+00
3.283637e-01	4.957384e-01	0.e+00
2.582835e-01	6.022393e-01	0.e+00
2.922481e-01	5.06952e-01	0.e+00
4.178227e-01	5.113279e-01	0.e+00
2.64971e-01	5.621979e-01	0.e+00
2.832416e-01	5.219905e-01	0.e+00
2.835900e-01	5.245347e-01	0.e+00
2.781214e-01	5.321301e-01	0.e+00
2.725754e-01	5.379979e-01	0.e+00
2.605277e-01	6.16483e-01	0.e+00
2.847403e-01	5.706101e-01	0.e+00
2.820122e-01	5.571647e-01	0.e+00
2.610616e-01	5.648724e-01	0.e+00
3.010905e-01	5.834155e-01	0.e+00
2.980042e-01	5.115480e-01	0.e+00
2.551167e-01	5.91355e-01	0.e+00
2.537397e-01	6.001398e-01	0.e+00
1.590949e-01	8.224731e-01	0.e+00
2.186758e-01	7.228083e-01	0.e+00
2.812165e-01	6.402508e-01	0.e+00
1.265068e-01	8.975393e-01	0.e+00
2.721116e-01	6.636064e-01	0.e+00
1.126415e-01	8.362118e-01	0.e+00
2.774290e-01	6.268595e-01	0.e+00
2.379309e-01	6.89673e-01	0.e+00
2.982368e-01	6.967373e-01	0.e+00
2.310632e-01	7.026596e-01	0.e+00
1.710915e-02	9.796149e-01	0.e+00
2.309141e-01	7.163013e-01	0.e+00
2.575498e-01	5.924318e-01	0.e+00
2.496187e-01	6.764575e-01	0.e+00
2.078587e-01	7.323631e-01	0.e+00
2.128983e-01	7.264286e-01	0.e+00
1.440404e-01	7.974237e-01	0.e+00
1.935270e-01	7.4781e-01	0.e+00
1.175793e-01	8.221211e-01	0.e+00
1.984884e-01	7.568453e-01	0.e+00
1.797520e-01	7.616151e-01	0.e+00
1.050666e-01	8.389912e-01	0.e+00
2.031916e-01	7.387339e-01	0.e+00
2.352614e-01	7.074092e-01	0.e+00
1.47744e-01	7.942786e-01	0.e+00
1.41584e-02	9.721644e-01	0.e+00
6.091795e-02	8.920728e-01	0.e+00
2.146478e-01	7.259370e-01	0.e+00
2.104468e-01	7.332646e-01	0.e+00
1.526372e-01	8.029058e-01	0.e+00
1.321529e-01	8.072699e-01	0.e+00
2.997989e+02	2.999567e+02	-1.497396e-01
1.909147e-01	7.530883e-01	0.e+00
1.175988e-01	8.218463e-01	0.e+00
5.805323e-02	8.949755e-01	0.e+00
1.131492e-01	8.320396e-01	0.e+00
1.040857e-01	8.362667e-01	0.e+00
9.422728e+01	9.476195e+01	-4.701205e-02
2.092075e-02	9.613704e-01	0.e+00
2.108323e-01	7.326507e-01	0.e+00
8.538143e-02	8.579070e-01	0.e+00
8.244529e-02	8.641867e-01	0.e+00
9.53851e-04	1.e+00	0.e+00
3.032355e-02	9.425258e-01	0.e+00
8.413262e-02	8.600887e-01	0.e+00
6.40691e-02	8.895821e-01	0.e+00
1.890773e-01	7.52369e-01	0.e+00
1.592858e-01	7.81819e-01	0.e+00
4.902941e-02	9.110112e-01	0.e+00
2.224365e-01	7.457563e-01	0.e+00
1.123746e-01	8.272945e-01	0.e+00
3.757138e-02	9.356267e-01	0.e+00
1.189972e-01	8.205889e-01	0.e+00
2.429929e-02	9.544881e-01	0.e+00
1.72644e-02	1.e+00	0.e+00
1.339666e-02	9.746187e-01	0.e+00
1.275233e-02	9.824786e-01	0.e+00
6.617366e-02	8.834231e-01	0.e+00
8.290225e-07	1.e+00	0.e+00
