8.815131e+00	2.375044e-02	0.e+00
1.047083e+00	0.e+00	0.e+00
1.412521e+00	0.e+00	0.e+00
5.462360e+00	2.347187e-01	0.e+00
8.752346e-01	1.043194e-01	0.e+00
1.046960e+00	0.e+00	0.e+00
8.725559e-01	1.004772e-01	0.e+00
2.491804e+00	7.733217e-02	0.e+00
1.080394e+00	0.e+00	0.e+00
4.108975e+00	2.276215e-01	0.e+00
8.457138e-01	9.500175e-02	0.e+00
3.895831e+00	2.347187e-01	0.e+00
3.987918e+00	2.276215e-01	0.e+00
8.762838e+00	2.607986e-02	0.e+00
7.388851e-01	1.043194e-01	0.e+00
1.298287e+00	0.e+00	0.e+00
7.170493e-01	1.024686e-01	0.e+00
7.314237e-01	1.043194e-01	0.e+00
7.107799e-01	1.043194e-01	0.e+00
7.107799e-01	1.043194e-01	0.e+00
7.107799e-01	1.043194e-01	0.e+00
7.437043e-01	1.043194e-01	0.e+00
7.107799e-01	1.043194e-01	0.e+00
7.107799e-01	1.043194e-01	0.e+00
7.206347e-01	1.043194e-01	0.e+00
4.215246e+00	2.062813e-01	0.e+00
7.107799e-01	1.043194e-01	0.e+00
7.136363e-01	1.052614e-01	0.e+00
3.616483e+00	2.094975e-01	0.e+00
7.14924e-01	1.043194e-01	0.e+00
9.006633e-01	1.043194e-01	0.e+00
1.042204e+00	1.043194e-01	0.e+00
7.574455e-01	1.043194e-01	0.e+00
6.118370e-01	3.602268e-01	0.e+00
6.575952e-01	3.426683e-01	0.e+00
6.359801e-01	3.460835e-01	0.e+00
1.676672e+00	6.628909e-02	0.e+00
6.743818e-01	3.509765e-01	0.e+00
6.275227e-01	3.630069e-01	0.e+00
9.538638e-01	3.585501e-01	0.e+00
6.683625e-01	3.602268e-01	0.e+00
9.203817e-01	3.206659e-01	0.e+00
5.152655e-01	3.699673e-01	0.e+00
6.817507e-01	3.718334e-01	0.e+00
4.344000e-01	4.044203e-01	0.e+00
4.895047e-01	3.779063e-01	0.e+00
5.251145e-01	3.858744e-01	0.e+00
4.556544e-01	3.867671e-01	0.e+00
5.240429e-01	3.848264e-01	0.e+00
4.198486e-01	3.972504e-01	0.e+00
6.596538e-01	3.958026e-01	0.e+00
5.273544e-01	4.134394e-01	0.e+00
3.862524e-01	4.134394e-01	0.e+00
6.235168e-01	4.224036e-01	0.e+00
3.947635e-01	4.197645e-01	0.e+00
3.921920e-01	4.344711e-01	0.e+00
3.49592e-01	4.367567e-01	0.e+00
3.554295e-01	4.536841e-01	0.e+00
5.141588e-01	3.960699e-01	0.e+00
5.715418e-01	4.953477e-01	0.e+00
4.808845e-01	4.829007e-01	0.e+00
7.758433e-01	4.829007e-01	0.e+00
3.257675e-01	4.829007e-01	0.e+00
3.241221e-01	4.829007e-01	0.e+00
4.553774e-01	6.845863e-01	0.e+00
3.360840e-01	4.829007e-01	0.e+00
4.756847e-01	6.799133e-01	0.e+00
3.264984e-01	4.829007e-01	0.e+00
4.404318e-01	5.747039e-01	0.e+00
1.050382e-01	1.e+00	0.e+00
2.89474e-01	6.822818e-01	0.e+00
1.664943e-01	8.340362e-01	0.e+00
2.673762e-01	6.957949e-01	0.e+00
2.303608e-01	7.216405e-01	0.e+00
3.592003e-01	7.08267e-01	0.e+00
4.489764e-01	6.159550e-01	0.e+00
3.284093e-01	6.66504e-01	0.e+00
2.205404e-01	7.322723e-01	0.e+00
2.158282e-01	1.e+00	0.e+00
2.007349e-01	7.512067e-01	0.e+00
3.282266e-01	6.634194e-01	0.e+00
9.745223e-02	8.481860e-01	0.e+00
1.835343e-01	7.726173e-01	0.e+00
2.530276e-01	7.871851e-01	0.e+00
1.541655e-01	7.929631e-01	0.e+00
1.432942e-01	8.009768e-01	0.e+00
1.55658e-01	7.820426e-01	0.e+00
5.004709e-02	1.e+00	0.e+00
1.124979e-01	8.306926e-01	0.e+00
3.456563e-01	7.151241e-01	0.e+00
3.144867e-01	6.955734e-01	0.e+00
9.712279e-02	8.677586e-01	0.e+00
1.172999e-01	8.146600e-01	0.e+00
6.451883e-02	8.908658e-01	0.e+00
1.8559e-02	9.727969e-01	0.e+00
1.033226e-02	1.e+00	0.e+00
1.128242e+00	3.254605e-01	0.e+00
8.890923e-02	8.582021e-01	0.e+00
8.023588e-02	8.722112e-01	0.e+00
2.742796e-02	9.57123e-01	0.e+00
