1.853895e+00	8.393851e-02	0.e+00
1.13728e+00	1.414224e-03	0.e+00
6.620268e+02	6.596985e+02	-3.298493e-01
3.612921e+01	3.478442e+01	-1.739062e-02
2.479080e+00	8.207736e-02	0.e+00
6.636564e+02	6.596985e+02	-3.298493e-01
6.810413e+00	2.639335e-02	0.e+00
1.371812e+00	8.393851e-02	0.e+00
1.395521e+00	1.414224e-03	0.e+00
1.054242e+00	1.414224e-03	0.e+00
7.681831e+00	2.625982e-02	0.e+00
2.365644e+03	2.361989e+03	-1.180995e+00
6.620260e+02	6.596985e+02	-3.298493e-01
2.622579e+00	1.414224e-03	0.e+00
1.054242e+00	1.414224e-03	0.e+00
7.077966e+00	2.553975e-02	0.e+00
1.537991e+00	1.414224e-03	0.e+00
1.113198e+00	1.414224e-03	0.e+00
4.377461e+02	4.35893e+02	-2.179458e-01
1.054242e+00	1.414224e-03	0.e+00
8.853158e+00	2.625982e-02	0.e+00
1.398791e+00	1.414224e-03	0.e+00
2.751073e+03	2.747323e+03	-1.373661e+00
3.486537e+00	1.414224e-03	0.e+00
1.056291e+00	1.414224e-03	0.e+00
8.828496e+00	2.712527e-02	0.e+00
4.713548e+00	1.695439e-01	0.e+00
7.044373e+00	2.625982e-02	0.e+00
1.953467e+00	3.58133e-01	-1.395314e-04
2.630471e+03	2.626327e+03	-1.313164e+00
9.169635e-01	8.295015e-02	0.e+00
9.871397e-01	7.953363e-02	0.e+00
8.286422e+00	2.728882e-02	0.e+00
1.789356e+00	8.207736e-02	0.e+00
8.565199e-01	8.688193e-02	0.e+00
9.508584e-01	8.207736e-02	0.e+00
1.380069e+03	1.378243e+03	-6.890801e-01
5.513936e+00	1.843305e-01	0.e+00
9.255379e-01	8.254959e-02	0.e+00
2.436373e+01	2.270146e+01	-1.130876e-02
9.238549e-01	8.445209e-02	0.e+00
8.513885e-01	8.718768e-02	0.e+00
4.812676e+00	2.089343e-01	0.e+00
8.588232e-01	8.572035e-02	0.e+00
8.405705e-01	8.709604e-02	0.e+00
9.142265e-01	8.283301e-02	0.e+00
1.852459e+02	1.840626e+02	-9.198836e-02
8.658481e-01	8.686068e-02	0.e+00
8.611691e-01	8.686068e-02	0.e+00
8.444299e-01	8.709604e-02	0.e+00
8.720656e-01	8.550478e-02	0.e+00
8.207191e-01	8.878217e-02	0.e+00
8.224138e-01	8.878217e-02	0.e+00
8.206875e-01	8.947354e-02	0.e+00
8.301331e-01	8.993831e-02	0.e+00
8.251678e-01	9.047958e-02	0.e+00
8.708190e-01	9.047958e-02	0.e+00
8.299875e-01	8.829603e-02	0.e+00
8.379058e-01	9.167945e-02	0.e+00
7.672442e-01	9.468426e-02	0.e+00
8.359712e-01	8.957475e-02	0.e+00
8.667736e-01	9.075314e-02	-2.016508e-06
7.849959e-01	9.318616e-02	0.e+00
7.692273e-01	9.379004e-02	0.e+00
7.539926e-01	9.630322e-02	0.e+00
8.380402e-01	9.464804e-02	0.e+00
8.210063e-01	9.017084e-02	0.e+00
8.096600e-01	9.565828e-02	0.e+00
8.541681e-01	9.586717e-02	0.e+00
9.223118e-01	9.626572e-02	0.e+00
8.375409e-01	9.707148e-02	0.e+00
7.823422e-01	9.775107e-02	0.e+00
7.457265e-01	9.839209e-02	0.e+00
7.441456e-01	9.839209e-02	0.e+00
7.602326e-01	9.877935e-02	0.e+00
8.611015e-01	9.978091e-02	0.e+00
1.430138e+02	1.423763e+02	-7.113827e-02
7.367322e-01	1.00358e-01	0.e+00
7.405425e-01	1.022553e-01	0.e+00
7.589008e-01	1.018844e-01	0.e+00
8.143617e-01	1.131236e-01	-5.226665e-06
7.203239e-01	1.022969e-01	0.e+00
7.416253e-01	1.137682e-01	0.e+00
7.813509e-01	1.038595e-01	0.e+00
3.856497e+00	2.4921e-01	0.e+00
7.433467e-01	1.186276e-01	0.e+00
7.288515e-01	1.018297e-01	0.e+00
7.537373e-01	1.053136e-01	0.e+00
1.341582e+00	8.382708e-02	0.e+00
7.072974e-01	1.058383e-01	0.e+00
7.008499e-01	1.072465e-01	0.e+00
7.180142e-01	1.045913e-01	0.e+00
7.857854e-01	1.093605e-01	0.e+00
7.19557e-01	1.093605e-01	0.e+00
7.136326e-01	1.105861e-01	0.e+00
8.070441e-01	1.107131e-01	0.e+00
6.940255e-01	1.107131e-01	0.e+00
9.256565e-01	1.120138e-01	0.e+00
7.610963e-01	1.100755e-01	0.e+00
6.814716e-01	1.19807e-01	0.e+00
1.114399e+01	1.05365e+01	-5.211179e-03
1.193719e+01	1.134787e+01	-5.618447e-03
6.757321e-01	1.203322e-01	0.e+00
3.035009e+00	1.944311e-01	0.e+00
7.408771e-01	1.171861e-01	0.e+00
1.115970e+00	9.295923e-02	0.e+00
7.302862e-01	1.095362e-01	0.e+00
7.353864e-01	1.183163e-01	0.e+00
6.868412e-01	1.309060e-01	0.e+00
6.774247e-01	1.193358e-01	0.e+00
6.706487e-01	1.218359e-01	0.e+00
6.744986e-01	1.230434e-01	0.e+00
6.898427e-01	1.220214e-01	0.e+00
7.883356e-01	1.249655e-01	0.e+00
6.652765e-01	1.269185e-01	0.e+00
6.791915e-01	1.220279e-01	0.e+00
6.648067e-01	1.308752e-01	0.e+00
8.076553e-01	1.117525e-01	0.e+00
8.890446e-01	1.320707e-01	0.e+00
7.43621e-01	1.230434e-01	0.e+00
8.143249e-01	5.466715e-01	0.e+00
6.773569e-01	1.320707e-01	0.e+00
2.171848e+00	3.560232e-01	0.e+00
6.633287e-01	1.320707e-01	0.e+00
6.804446e-01	1.320707e-01	0.e+00
7.239138e-01	1.320707e-01	0.e+00
6.767771e-01	1.257945e-01	0.e+00
6.708055e-01	1.352661e-01	0.e+00
6.865796e-01	1.320707e-01	0.e+00
6.953928e-01	1.320707e-01	0.e+00
6.633287e-01	1.320707e-01	0.e+00
2.51818e+00	3.422636e-01	0.e+00
6.753177e-01	1.359836e-01	0.e+00
6.633287e-01	1.320707e-01	0.e+00
6.650934e-01	1.320707e-01	0.e+00
6.633287e-01	1.320707e-01	0.e+00
6.633287e-01	1.320707e-01	0.e+00
6.633287e-01	1.320707e-01	0.e+00
6.633287e-01	1.320707e-01	0.e+00
6.633287e-01	1.320707e-01	0.e+00
6.633287e-01	1.320707e-01	0.e+00
1.656270e+00	0.e+00	0.e+00
6.773121e-01	1.320707e-01	0.e+00
7.089635e-01	1.320707e-01	0.e+00
6.633287e-01	1.320707e-01	0.e+00
6.643688e-01	1.320707e-01	0.e+00
6.798923e-01	1.320707e-01	0.e+00
6.633287e-01	1.320707e-01	0.e+00
6.657751e-01	1.320707e-01	0.e+00
6.903720e-01	1.320707e-01	0.e+00
6.708800e-01	1.320707e-01	0.e+00
7.077165e-01	1.320707e-01	0.e+00
4.40375e+00	6.736062e-02	0.e+00
6.633287e-01	1.320707e-01	0.e+00
6.635118e-01	1.320707e-01	0.e+00
6.640155e-01	1.320707e-01	0.e+00
7.205951e-01	1.320707e-01	0.e+00
7.723724e-01	1.320707e-01	0.e+00
6.633287e-01	1.320707e-01	0.e+00
6.756973e-01	1.320707e-01	0.e+00
6.633287e-01	1.320707e-01	0.e+00
7.300645e-01	1.320707e-01	0.e+00
6.633287e-01	1.320707e-01	0.e+00
6.633287e-01	1.320707e-01	0.e+00
6.774609e-01	1.320707e-01	0.e+00
6.700831e-01	1.320707e-01	0.e+00
6.633287e-01	1.320707e-01	0.e+00
6.633287e-01	1.320707e-01	0.e+00
7.023513e-01	1.320707e-01	0.e+00
6.633287e-01	1.320707e-01	0.e+00
9.458387e-01	1.320707e-01	0.e+00
7.222606e-01	1.320707e-01	0.e+00
6.633287e-01	1.320707e-01	0.e+00
7.232519e-01	1.320707e-01	0.e+00
6.633287e-01	1.320707e-01	0.e+00
6.633287e-01	1.320707e-01	0.e+00
6.633287e-01	1.320707e-01	0.e+00
6.633287e-01	1.320707e-01	0.e+00
6.800483e-01	1.320707e-01	0.e+00
6.633287e-01	1.320707e-01	0.e+00
6.685102e-01	1.320707e-01	0.e+00
6.633287e-01	1.320707e-01	0.e+00
6.633287e-01	1.320707e-01	0.e+00
6.738932e-01	1.320707e-01	0.e+00
6.633287e-01	1.320707e-01	0.e+00
7.217729e+00	3.823884e-02	0.e+00
6.633287e-01	1.320707e-01	0.e+00
7.412347e-01	1.320707e-01	0.e+00
6.779646e-01	1.320707e-01	0.e+00
7.275056e-01	1.320707e-01	0.e+00
6.633287e-01	1.320707e-01	0.e+00
6.633287e-01	1.320707e-01	0.e+00
6.633287e-01	1.320707e-01	0.e+00
6.633287e-01	1.320707e-01	0.e+00
6.633287e-01	1.320707e-01	0.e+00
6.633287e-01	1.320707e-01	0.e+00
6.633287e-01	1.320707e-01	0.e+00
6.633287e-01	1.320707e-01	0.e+00
3.157793e+00	7.363139e-03	0.e+00
6.633287e-01	1.320707e-01	0.e+00
