2.154157e+00	6.821644e-03	0.e+00
1.189801e+00	2.621451e-03	0.e+00
1.271924e+00	2.621451e-03	0.e+00
1.04231e+00	2.621451e-03	0.e+00
1.239155e+00	4.558503e-03	0.e+00
1.236076e+00	1.652321e-01	0.e+00
2.981559e+00	3.197330e-02	0.e+00
1.550639e+00	2.621451e-03	0.e+00
8.824073e-01	1.184985e-01	0.e+00
9.675625e-01	9.539843e-02	0.e+00
1.681889e+00	9.995301e-02	0.e+00
8.326043e-01	1.032015e-01	0.e+00
8.975749e-01	1.077899e-01	0.e+00
6.975692e-01	1.481293e-01	0.e+00
8.046719e-01	1.071241e-01	0.e+00
6.861175e-01	1.227155e-01	0.e+00
6.661460e-01	1.281601e-01	0.e+00
1.051641e+00	1.588237e-01	0.e+00
6.314538e-01	1.495907e-01	0.e+00
1.010784e+00	1.474219e-01	0.e+00
6.861175e-01	1.227155e-01	0.e+00
1.204124e+00	1.077899e-01	0.e+00
6.352377e-01	1.559129e-01	0.e+00
2.881297e+00	4.225527e-02	0.e+00
6.367606e-01	1.632757e-01	0.e+00
6.291599e-01	1.559129e-01	0.e+00
6.538290e-01	1.559129e-01	0.e+00
6.290275e-01	1.559129e-01	0.e+00
6.368045e-01	1.559129e-01	0.e+00
1.031407e+00	1.273865e-01	0.e+00
1.109090e+00	3.175282e-01	0.e+00
6.302188e-01	1.588651e-01	0.e+00
1.136054e+00	2.534821e-01	0.e+00
1.140658e+00	2.549447e-01	0.e+00
6.290275e-01	1.559129e-01	0.e+00
2.078141e+00	7.548022e-02	0.e+00
7.634220e-01	3.868702e-01	0.e+00
6.255857e-01	3.710380e-01	0.e+00
1.367289e+00	8.193673e-02	0.e+00
6.082751e-01	3.738327e-01	0.e+00
4.765453e-01	5.605709e-01	0.e+00
1.19779e+00	2.781838e-01	0.e+00
2.494728e+00	7.400554e-02	0.e+00
5.103171e-01	3.917438e-01	0.e+00
4.940905e-01	3.953186e-01	0.e+00
5.223298e-01	3.893689e-01	0.e+00
7.014872e-01	3.594221e-01	0.e+00
4.491324e-01	4.065477e-01	0.e+00
1.491261e+00	2.275524e-01	0.e+00
4.277087e-01	4.146773e-01	0.e+00
4.096298e-01	4.188462e-01	0.e+00
4.07622e-01	4.195824e-01	0.e+00
2.786566e-01	5.337529e-01	0.e+00
3.374615e-01	4.658252e-01	0.e+00
3.802964e-01	4.307635e-01	0.e+00
3.688903e-01	4.442627e-01	0.e+00
2.738869e-01	5.355548e-01	0.e+00
3.137589e-01	4.920994e-01	0.e+00
2.967183e-01	5.750044e-01	0.e+00
2.479152e-01	6.644219e-01	0.e+00
3.383105e-01	4.796558e-01	0.e+00
2.775689e-01	5.579974e-01	0.e+00
3.401172e-01	4.542766e-01	0.e+00
2.904164e-01	5.083419e-01	0.e+00
2.59711e-01	5.86311e-01	0.e+00
1.011248e+00	3.277652e-01	0.e+00
2.660855e-01	5.609312e-01	0.e+00
2.464812e-01	6.662431e-01	0.e+00
2.920175e-01	5.898542e-01	0.e+00
2.233252e-01	7.181310e-01	0.e+00
2.768423e-01	6.293197e-01	0.e+00
2.620617e-01	6.355649e-01	0.e+00
2.724504e-01	6.601562e-01	0.e+00
2.561173e-01	6.12954e-01	0.e+00
2.34741e-01	6.946422e-01	0.e+00
2.663408e-01	5.507966e-01	0.e+00
1.069153e-01	8.392068e-01	0.e+00
2.142137e-01	7.316390e-01	0.e+00
2.214485e-01	7.168343e-01	0.e+00
1.897784e-01	7.525119e-01	0.e+00
2.265692e-01	7.137643e-01	0.e+00
2.039421e-01	7.399403e-01	0.e+00
2.521919e-01	6.464127e-01	0.e+00
1.362188e-01	8.037098e-01	0.e+00
1.459462e-01	7.973365e-01	0.e+00
1.061740e-01	8.357368e-01	0.e+00
1.230721e-01	8.162903e-01	0.e+00
2.690773e-01	5.925552e-01	0.e+00
1.044744e-01	8.366196e-01	0.e+00
9.875167e-02	8.468498e-01	0.e+00
8.500716e-02	8.582529e-01	0.e+00
8.127762e-02	8.700938e-01	0.e+00
1.520432e-01	7.884293e-01	0.e+00
5.053969e-02	9.067455e-01	0.e+00
7.303523e-04	1.e+00	0.e+00
1.109574e-01	8.291099e-01	0.e+00
5.247102e-02	9.039255e-01	0.e+00
2.564932e-01	6.580323e-01	0.e+00
1.710539e-01	7.705515e-01	0.e+00
1.517113e-01	7.888653e-01	0.e+00
