1.825667e+00	2.404253e-01	0.e+00
2.708679e+00	2.964717e-02	0.e+00
2.210343e+00	1.792244e-02	0.e+00
1.680062e+00	0.e+00	0.e+00
1.488091e+00	2.323123e-01	0.e+00
1.84153e+00	0.e+00	0.e+00
1.635378e+00	2.615263e-03	0.e+00
7.155825e-01	1.321613e-01	0.e+00
9.896198e-01	2.615263e-03	0.e+00
1.680062e+00	0.e+00	0.e+00
3.729328e+00	1.731955e-02	0.e+00
1.066929e+00	1.028726e-01	0.e+00
9.753053e-01	1.589113e-01	0.e+00
8.255187e-01	1.040439e-01	0.e+00
1.473473e+00	3.32057e-03	0.e+00
2.152107e+00	2.375941e-01	0.e+00
2.007252e+00	6.607093e-02	0.e+00
7.195728e-01	1.320933e-01	0.e+00
1.001185e+00	1.05118e-01	0.e+00
9.948967e-01	1.091802e-01	0.e+00
6.365332e-01	1.56731e-01	0.e+00
6.647026e-01	1.56731e-01	0.e+00
2.20512e+00	7.200005e-02	0.e+00
6.290134e-01	1.56731e-01	0.e+00
6.290134e-01	1.56731e-01	0.e+00
8.634003e-01	1.224373e-01	0.e+00
6.326885e-01	1.479300e-01	0.e+00
6.299950e-01	1.56731e-01	0.e+00
6.290134e-01	1.56731e-01	0.e+00
6.290134e-01	1.56731e-01	0.e+00
6.290134e-01	1.56731e-01	0.e+00
6.290134e-01	1.56731e-01	0.e+00
6.290134e-01	1.56731e-01	0.e+00
6.318505e-01	1.56731e-01	0.e+00
6.294165e-01	1.56731e-01	0.e+00
6.290134e-01	1.56731e-01	0.e+00
6.854267e-01	1.56731e-01	0.e+00
7.321232e-01	3.941661e-01	0.e+00
6.290134e-01	1.56731e-01	0.e+00
5.480767e-01	3.964547e-01	0.e+00
1.03831e+00	3.187121e-01	0.e+00
8.480777e-01	3.964547e-01	0.e+00
5.146309e-01	3.964547e-01	0.e+00
3.729765e-01	4.370484e-01	0.e+00
6.488418e-01	3.69177e-01	0.e+00
4.953768e-01	4.235697e-01	0.e+00
4.203095e-01	4.235697e-01	0.e+00
4.100440e-01	4.235697e-01	0.e+00
4.961885e-01	4.006898e-01	0.e+00
4.100440e-01	4.235697e-01	0.e+00
4.096797e-01	4.235697e-01	0.e+00
3.82148e-01	4.300823e-01	0.e+00
3.313693e-01	4.713117e-01	0.e+00
5.203265e-01	3.913579e-01	0.e+00
5.240206e-01	3.927645e-01	0.e+00
2.951412e-01	5.044964e-01	0.e+00
2.951412e-01	5.044964e-01	0.e+00
3.446923e-01	4.515020e-01	0.e+00
3.313384e-01	4.611786e-01	0.e+00
3.667174e-01	4.748173e-01	0.e+00
3.110412e-01	4.815804e-01	0.e+00
3.025695e-01	4.918147e-01	0.e+00
1.180221e+00	2.790594e-01	0.e+00
2.945371e-01	5.044964e-01	0.e+00
1.976841e-01	7.780423e-01	0.e+00
2.623590e-01	5.656597e-01	0.e+00
2.745909e-01	5.345154e-01	0.e+00
2.66465e-01	5.575977e-01	0.e+00
2.686736e-01	5.457021e-01	0.e+00
4.006491e-01	4.340768e-01	0.e+00
2.705299e-01	5.448918e-01	0.e+00
2.603846e-01	6.497644e-01	0.e+00
2.591827e-01	6.197128e-01	0.e+00
2.452866e-01	6.762321e-01	0.e+00
2.427961e-01	7.072964e-01	0.e+00
2.614271e-01	6.279781e-01	0.e+00
2.283165e-01	7.219882e-01	0.e+00
2.572797e-01	6.248221e-01	0.e+00
2.008225e-01	7.410804e-01	0.e+00
1.422668e-01	8.058576e-01	0.e+00
1.812619e-01	7.627541e-01	0.e+00
7.646497e-02	9.020543e-01	0.e+00
1.619306e-01	7.853424e-01	0.e+00
1.110798e-01	8.291577e-01	0.e+00
1.425437e-01	7.971766e-01	0.e+00
1.448057e-01	8.154589e-01	0.e+00
1.234534e-01	8.180011e-01	0.e+00
3.19754e-01	6.037288e-01	0.e+00
3.132914e-01	6.623479e-01	0.e+00
9.837094e-02	8.425646e-01	0.e+00
9.609948e-03	9.834431e-01	0.e+00
8.995037e-02	8.522801e-01	0.e+00
9.492392e-02	8.515594e-01	0.e+00
8.322104e-04	1.e+00	0.e+00
1.412304e-01	7.991843e-01	0.e+00
1.824740e-01	7.602295e-01	0.e+00
2.566326e-02	9.500651e-01	0.e+00
1.334330e-01	8.088197e-01	0.e+00
1.658398e-01	7.750118e-01	0.e+00
3.017363e-04	1.e+00	0.e+00
