3.716155e+00	2.182743e-01	0.e+00
1.030075e+00	8.190605e-04	0.e+00
1.29717e+00	8.190605e-04	0.e+00
1.228256e+00	2.047651e-04	0.e+00
2.379774e+00	0.e+00	0.e+00
4.651678e+00	2.182743e-01	0.e+00
2.910273e+00	8.190605e-04	0.e+00
1.846406e+00	8.190605e-04	0.e+00
3.900109e+01	3.720023e+01	-1.860012e-02
1.488408e+00	8.190605e-04	0.e+00
3.530347e+00	2.194906e-01	0.e+00
1.341737e+00	8.190605e-04	0.e+00
2.240871e+00	8.190605e-04	0.e+00
4.567093e+00	8.190605e-04	0.e+00
1.095259e+00	1.385776e-03	0.e+00
2.135971e+00	8.190605e-04	0.e+00
1.065753e+00	1.056853e-03	0.e+00
2.341432e+00	9.392251e-02	0.e+00
1.174745e+00	1.024929e-01	0.e+00
1.183410e+00	8.462181e-02	0.e+00
8.488039e+00	2.606921e-02	0.e+00
8.219656e-01	1.044222e-01	0.e+00
3.328014e+00	8.207192e-02	0.e+00
4.350927e+00	2.010094e-01	0.e+00
4.331463e+00	1.979942e-01	0.e+00
3.388435e+00	2.599160e+00	-1.256146e-03
8.484221e-01	8.811551e-02	0.e+00
8.345825e-01	8.999256e-02	0.e+00
6.913404e+00	5.681972e-03	0.e+00
8.405646e-01	9.629326e-02	0.e+00
9.712378e-01	9.280091e-02	0.e+00
8.017545e-01	1.002242e-01	0.e+00
1.212242e+00	9.757191e-02	0.e+00
1.089342e+00	8.146997e-02	0.e+00
1.328216e+00	1.302364e-01	0.e+00
7.53925e-01	9.757191e-02	0.e+00
3.719014e+00	2.54347e-01	0.e+00
7.892638e-01	1.024929e-01	0.e+00
1.421285e+00	1.588372e-01	0.e+00
8.728148e-01	1.262354e-01	0.e+00
8.017504e-01	9.550589e-02	0.e+00
7.385504e-01	1.107526e-01	0.e+00
6.956322e-01	1.132850e-01	0.e+00
9.963261e-01	1.116503e-01	0.e+00
7.98498e-01	1.116503e-01	0.e+00
7.310504e-01	1.065238e-01	0.e+00
9.276581e-01	1.04191e-01	0.e+00
7.157372e-01	1.116503e-01	0.e+00
7.915221e-01	1.259273e-01	0.e+00
6.88517e-01	1.286362e-01	0.e+00
6.690157e-01	1.313739e-01	0.e+00
7.937423e-01	1.313739e-01	0.e+00
1.063662e+00	1.02884e-01	0.e+00
9.009201e-01	1.313739e-01	0.e+00
6.709795e-01	1.259273e-01	0.e+00
1.254611e+00	1.058366e-01	0.e+00
6.629457e-01	1.313739e-01	0.e+00
6.629457e-01	1.313739e-01	0.e+00
6.629457e-01	1.313739e-01	0.e+00
1.032140e+00	1.091276e-01	0.e+00
8.719828e-01	1.313739e-01	0.e+00
6.979231e-01	1.313739e-01	0.e+00
1.449876e+00	1.691225e-01	0.e+00
7.655771e-01	1.313739e-01	0.e+00
7.141227e-01	1.313739e-01	0.e+00
7.072567e-01	1.313739e-01	0.e+00
3.696539e+00	2.425784e-01	0.e+00
6.629457e-01	1.313739e-01	0.e+00
6.629457e-01	1.313739e-01	0.e+00
6.629457e-01	1.313739e-01	0.e+00
6.780604e-01	1.313739e-01	0.e+00
6.629457e-01	1.313739e-01	0.e+00
6.629457e-01	1.313739e-01	0.e+00
6.652323e-01	1.313739e-01	0.e+00
6.629457e-01	1.313739e-01	0.e+00
6.629457e-01	1.313739e-01	0.e+00
6.629457e-01	1.313739e-01	0.e+00
1.210269e+00	1.617645e-01	0.e+00
6.669844e-01	1.313739e-01	0.e+00
6.629457e-01	1.313739e-01	0.e+00
6.629457e-01	1.313739e-01	0.e+00
6.629457e-01	1.313739e-01	0.e+00
7.112961e-01	1.313739e-01	0.e+00
6.787080e-01	1.313739e-01	0.e+00
6.629457e-01	1.313739e-01	0.e+00
6.629457e-01	1.313739e-01	0.e+00
7.421249e-01	1.313739e-01	0.e+00
7.59329e-01	1.313739e-01	0.e+00
2.343781e+00	1.680817e-01	0.e+00
6.631000e-01	1.313739e-01	0.e+00
6.629457e-01	1.313739e-01	0.e+00
1.001409e+00	1.313739e-01	0.e+00
1.286558e+00	3.657075e-01	0.e+00
2.708682e+00	2.351317e-01	0.e+00
6.828643e+00	5.747233e-02	0.e+00
8.148225e-01	1.313739e-01	0.e+00
1.192528e+00	1.313739e-01	0.e+00
1.198987e+00	1.313739e-01	0.e+00
2.057654e+00	3.702047e-01	0.e+00
5.3311e-01	3.702047e-01	0.e+00
5.3311e-01	3.702047e-01	0.e+00
1.975564e+00	5.342044e-01	0.e+00
2.538428e+00	1.826070e-01	0.e+00
5.09663e-01	3.695404e-01	0.e+00
1.915474e+00	3.62272e-01	0.e+00
5.548805e+00	2.018116e-02	0.e+00
7.902919e-01	1.292053e-01	0.e+00
5.570892e-01	3.62272e-01	0.e+00
6.624395e-01	3.62272e-01	0.e+00
5.316255e+00	5.635154e-02	0.e+00
5.609759e-01	3.62272e-01	0.e+00
1.070924e+00	5.207178e-01	0.e+00
5.512169e-01	3.62272e-01	0.e+00
5.512169e-01	3.62272e-01	0.e+00
5.046029e-01	3.695404e-01	0.e+00
1.135946e+00	1.062846e+00	-3.398504e-04
5.126344e-01	3.695404e-01	0.e+00
5.026827e-01	3.760773e-01	0.e+00
5.128926e-01	3.695404e-01	0.e+00
5.88176e-01	3.58107e-01	0.e+00
5.561698e-01	3.617113e-01	0.e+00
4.523853e-01	3.862463e-01	0.e+00
4.864523e-01	3.731518e-01	0.e+00
5.001447e-01	3.734864e-01	0.e+00
4.764176e-01	3.802428e-01	0.e+00
4.873702e-01	3.731518e-01	0.e+00
5.155500e-01	3.731518e-01	0.e+00
4.374562e-01	4.004543e-01	0.e+00
4.890588e-01	3.752745e-01	0.e+00
4.744315e-01	3.802428e-01	0.e+00
7.492502e-01	3.551223e-01	0.e+00
5.331446e-01	3.802428e-01	0.e+00
4.918451e-01	3.802428e-01	0.e+00
4.263842e-01	3.899490e-01	0.e+00
4.817607e-01	3.810527e-01	0.e+00
4.599604e-01	3.862463e-01	0.e+00
4.226756e-01	3.916578e-01	0.e+00
4.384644e-01	3.881155e-01	0.e+00
4.453530e-01	3.881155e-01	0.e+00
4.415521e-01	3.881155e-01	0.e+00
4.356398e-01	3.883099e-01	0.e+00
4.371038e-01	3.899490e-01	0.e+00
4.642892e-01	3.788670e-01	0.e+00
4.569463e-01	3.952595e-01	0.e+00
4.493409e-01	3.910981e-01	0.e+00
5.337122e-01	3.672811e-01	0.e+00
4.552180e-01	3.967149e-01	0.e+00
4.503947e-01	3.839739e-01	0.e+00
5.217423e-01	3.989532e-01	0.e+00
3.845043e-01	4.210202e-01	0.e+00
1.078589e+02	1.077457e+02	-5.367301e-02
3.991341e-01	4.020675e-01	0.e+00
4.466304e-01	4.482990e-01	0.e+00
4.888688e-01	4.055059e-01	0.e+00
5.197412e-01	3.717197e-01	0.e+00
4.209541e-01	4.074792e-01	0.e+00
1.791135e+01	1.788624e+01	-8.738133e-03
3.639399e-01	4.244249e-01	0.e+00
3.979887e-01	4.026491e-01	0.e+00
3.533134e-01	4.843047e-01	0.e+00
4.418161e-01	3.875960e-01	0.e+00
3.696250e-01	4.203937e-01	0.e+00
4.919269e-01	3.927909e-01	0.e+00
3.592769e-01	4.264543e-01	0.e+00
5.194691e-01	5.356531e-01	0.e+00
3.988020e+01	3.986912e+01	-1.972133e-02
1.442485e+01	1.425961e+01	-6.939245e-03
3.707493e-01	4.742633e-01	0.e+00
3.931436e-01	5.058332e-01	0.e+00
3.673290e-01	4.689187e-01	0.e+00
3.570038e-01	4.315546e-01	0.e+00
4.440208e+02	4.440989e+02	-2.218077e-01
3.40143e-01	4.503881e-01	0.e+00
3.530029e-01	4.693812e-01	0.e+00
3.778565e-01	4.538941e-01	0.e+00
3.475193e-01	4.972718e-01	0.e+00
3.738534e-01	4.406369e-01	0.e+00
6.363454e+01	6.376895e+01	-3.151156e-02
3.815248e-01	5.350904e-01	0.e+00
3.604014e-01	4.688317e-01	0.e+00
3.312354e-01	4.907098e-01	0.e+00
3.473813e-01	4.806087e-01	0.e+00
3.431514e-01	4.806087e-01	0.e+00
3.337495e-01	4.870092e-01	0.e+00
3.158991e-01	5.016752e-01	0.e+00
3.184416e-01	4.934715e-01	0.e+00
4.878125e-01	5.166049e-01	0.e+00
3.081255e-01	5.256768e-01	0.e+00
3.066396e-01	5.049140e-01	0.e+00
3.930407e-01	4.520093e-01	0.e+00
3.66198e-01	4.506730e-01	0.e+00
3.602094e-01	4.615877e-01	0.e+00
4.079555e-01	4.708113e-01	0.e+00
3.312324e-01	5.166049e-01	0.e+00
3.448209e-01	5.498002e-01	0.e+00
3.704910e-01	5.68425e-01	0.e+00
3.025566e-01	5.132483e-01	0.e+00
3.710973e-01	4.727269e-01	0.e+00
3.136686e-01	5.166049e-01	0.e+00
4.539576e-01	4.699135e-01	0.e+00
