7.379118e-01	1.194393e-01	0.e+00
1.437830e+02	1.438965e+02	-7.171819e-02
1.718452e+00	1.516952e-02	0.e+00
2.168726e+00	0.e+00	0.e+00
1.171193e+00	1.047721e-01	0.e+00
1.170763e+00	2.682538e-01	0.e+00
1.002836e+00	2.764304e-03	0.e+00
1.237667e+00	3.39839e-05	0.e+00
8.743814e-01	1.001866e-01	0.e+00
2.796763e+00	4.588257e-02	0.e+00
9.896374e-01	2.764304e-03	0.e+00
1.177271e+00	6.541763e-03	0.e+00
9.896374e-01	2.764304e-03	0.e+00
1.47645e+00	9.379830e-02	0.e+00
1.169231e+00	2.667570e-01	0.e+00
9.896374e-01	2.764304e-03	0.e+00
2.834992e+00	3.658735e-02	0.e+00
9.896374e-01	2.764304e-03	0.e+00
2.836777e+00	4.673065e-02	0.e+00
9.294227e-01	9.688349e-02	0.e+00
8.870305e-01	9.935944e-02	0.e+00
1.210671e+00	0.e+00	0.e+00
6.843478e-01	1.228299e-01	0.e+00
1.569039e+00	2.424317e-01	0.e+00
1.437047e+00	2.757579e-01	0.e+00
2.65129e+00	5.091353e-02	0.e+00
9.263343e-01	1.564736e-01	0.e+00
9.930087e-01	2.465195e-03	0.e+00
1.170112e+00	2.214233e-03	0.e+00
9.494066e-01	9.594629e-02	0.e+00
7.246493e-01	1.153085e-01	0.e+00
6.759707e-01	1.250702e-01	0.e+00
7.034597e-01	1.880906e-01	0.e+00
6.312601e-01	1.509612e-01	0.e+00
1.409982e+00	8.646162e-02	0.e+00
6.454499e-01	1.37509e-01	0.e+00
1.110918e+00	3.223717e-01	0.e+00
1.144046e+00	1.522176e-01	0.e+00
6.319147e-01	1.489465e-01	0.e+00
6.392062e-01	1.525007e-01	0.e+00
6.290183e-01	1.568509e-01	0.e+00
6.290183e-01	1.568509e-01	0.e+00
7.115643e-01	1.356793e-01	0.e+00
6.508102e-01	1.455667e-01	0.e+00
6.715434e-01	1.775806e-01	0.e+00
6.316141e-01	1.492686e-01	0.e+00
9.677099e-01	1.568509e-01	0.e+00
6.613009e-01	1.489465e-01	0.e+00
6.290183e-01	1.568509e-01	0.e+00
6.422986e-01	1.663179e-01	0.e+00
6.290183e-01	1.568509e-01	0.e+00
6.408151e-01	1.405113e-01	0.e+00
6.290774e-01	1.568509e-01	0.e+00
6.290183e-01	1.568509e-01	0.e+00
6.505854e-01	1.412465e-01	0.e+00
1.422466e+00	9.938821e-02	0.e+00
6.290183e-01	1.568509e-01	0.e+00
9.354674e-01	1.909163e-01	0.e+00
1.233906e+00	2.443612e-01	0.e+00
6.290183e-01	1.568509e-01	0.e+00
6.317548e-01	1.610182e-01	0.e+00
6.290183e-01	1.568509e-01	0.e+00
2.325549e+00	8.147669e-02	0.e+00
6.290183e-01	1.568509e-01	0.e+00
9.931196e-01	1.149220e-01	0.e+00
6.795358e-01	1.568509e-01	0.e+00
5.204763e-01	3.897231e-01	0.e+00
6.290183e-01	1.568509e-01	0.e+00
6.957673e-01	1.568509e-01	0.e+00
1.230759e+00	2.595864e-01	0.e+00
6.156175e-01	3.725054e-01	0.e+00
1.226449e+00	2.477104e-01	0.e+00
1.195615e+00	2.552626e-01	0.e+00
4.886905e-01	3.965247e-01	0.e+00
6.186553e-01	3.719348e-01	0.e+00
1.247834e+00	2.651779e-01	0.e+00
6.042531e-01	3.742793e-01	0.e+00
6.557528e-01	3.758303e-01	0.e+00
1.259932e+00	2.607484e-01	0.e+00
1.429309e+00	2.117953e-01	0.e+00
4.506978e-01	5.546274e-01	0.e+00
4.702467e-01	4.010358e-01	0.e+00
5.449386e-01	3.850700e-01	0.e+00
8.272238e-01	3.438028e-01	0.e+00
5.283532e-01	3.880646e-01	0.e+00
6.290345e-01	1.568509e-01	0.e+00
3.87011e-01	5.092822e-01	0.e+00
5.181319e-01	3.930882e-01	0.e+00
1.127520e+00	2.968183e-01	0.e+00
1.320360e+00	2.804646e-01	0.e+00
7.156178e-01	3.574918e-01	0.e+00
1.363974e+00	2.145877e-01	0.e+00
3.783484e-01	4.316629e-01	0.e+00
5.657036e-01	3.810919e-01	0.e+00
4.746138e-01	3.999431e-01	0.e+00
5.004859e-01	3.938746e-01	0.e+00
9.226949e-01	3.306965e-01	0.e+00
4.594416e-01	4.04455e-01	0.e+00
3.961365e-01	4.239146e-01	0.e+00
5.229083e-01	3.891599e-01	0.e+00
4.390258e-01	4.097483e-01	0.e+00
4.064291e-01	4.200002e-01	0.e+00
7.562818e-01	3.525820e-01	0.e+00
4.04195e-01	4.241794e-01	0.e+00
3.443145e-01	4.511379e-01	0.e+00
4.040737e-01	4.291989e-01	0.e+00
3.919161e-01	4.316629e-01	0.e+00
3.729951e-01	4.341852e-01	0.e+00
3.385126e-01	4.934386e-01	0.e+00
3.111099e-01	5.294736e-01	0.e+00
3.299329e-01	4.627367e-01	0.e+00
3.620182e-01	4.450533e-01	0.e+00
3.868981e-01	5.386122e-01	0.e+00
2.137741e+00	2.407188e+00	-9.297113e-04
3.387372e-01	4.554652e-01	0.e+00
2.847365e-01	5.171325e-01	0.e+00
3.636450e-01	4.508566e-01	0.e+00
1.387157e+02	1.389411e+02	-6.919956e-02
3.752242e-01	4.378169e-01	0.e+00
2.555937e-01	6.147967e-01	0.e+00
3.089752e-01	5.317686e-01	0.e+00
6.097225e-01	3.768224e-01	0.e+00
3.289893e-01	4.869143e-01	0.e+00
4.490706e-01	4.073149e-01	0.e+00
2.880770e-01	5.126059e-01	0.e+00
2.860267e-01	5.577629e-01	0.e+00
4.074853e-01	4.380097e-01	0.e+00
3.938278e-01	4.418871e-01	0.e+00
2.781965e-01	5.284790e-01	0.e+00
2.682138e-01	5.894568e-01	0.e+00
3.845827e-01	4.566444e-01	0.e+00
2.840413e-01	5.327107e-01	0.e+00
3.299019e-01	4.885722e-01	0.e+00
2.754003e-01	5.432637e-01	0.e+00
2.596481e-01	6.005908e-01	0.e+00
2.867045e-01	5.606156e-01	0.e+00
4.080915e-01	4.481620e-01	0.e+00
2.766837e-01	5.577313e-01	0.e+00
2.500874e-01	6.493855e-01	0.e+00
2.657855e-01	5.908277e-01	0.e+00
2.920237e-01	5.798362e-01	0.e+00
2.200124e-01	7.372725e-01	0.e+00
2.859307e-01	5.315381e-01	0.e+00
2.546938e-01	5.946655e-01	0.e+00
2.96061e-01	6.515688e-01	0.e+00
2.472233e-01	6.617456e-01	0.e+00
1.443019e-01	7.973625e-01	0.e+00
2.409608e-01	6.816684e-01	0.e+00
2.618482e-01	5.623293e-01	0.e+00
3.998386e-03	1.e+00	0.e+00
2.680327e-01	5.662384e-01	0.e+00
2.540506e-01	7.100921e-01	0.e+00
1.330075e-01	8.256751e-01	0.e+00
3.907411e-01	1.062133e+00	-1.263997e-04
1.135695e-01	8.26368e-01	0.e+00
1.79003e-01	7.639301e-01	0.e+00
2.031017e-01	7.376704e-01	0.e+00
2.113282e-01	7.295149e-01	0.e+00
1.560397e-01	7.852015e-01	0.e+00
2.531668e-01	6.817667e-01	0.e+00
1.842985e-01	7.571992e-01	0.e+00
6.865627e-02	8.857565e-01	0.e+00
1.723761e-01	7.68936e-01	0.e+00
1.711088e-01	7.711007e-01	0.e+00
1.650427e-01	7.758083e-01	0.e+00
1.98989e-01	7.425814e-01	0.e+00
1.568436e-01	7.850260e-01	0.e+00
1.511622e-01	7.889948e-01	0.e+00
1.539954e-01	7.937778e-01	0.e+00
7.864584e-02	8.916465e-01	0.e+00
9.578989e-02	8.454494e-01	0.e+00
1.947938e+00	2.328835e+00	-8.357869e-04
1.270279e-01	8.123756e-01	0.e+00
1.195684e-01	8.198595e-01	0.e+00
1.177760e-01	8.21983e-01	0.e+00
3.016591e-02	9.419422e-01	0.e+00
2.442666e-02	9.699639e-01	0.e+00
1.116343e-01	8.368029e-01	0.e+00
3.749693e-03	1.e+00	0.e+00
9.783292e-02	8.478381e-01	0.e+00
1.234608e-01	8.204113e-01	0.e+00
1.200593e-02	9.866404e-01	0.e+00
4.253191e-03	9.980013e-01	0.e+00
2.251086e-01	7.236291e-01	0.e+00
8.893351e-02	8.775646e-01	0.e+00
6.573702e-02	8.843875e-01	0.e+00
2.037832e-01	7.426301e-01	0.e+00
7.638775e-03	9.858589e-01	0.e+00
3.520015e-02	9.328404e-01	0.e+00
1.737298e-01	7.677058e-01	0.e+00
4.336057e-02	9.186754e-01	0.e+00
6.223229e+01	6.312037e+01	-3.109684e-02
8.108937e-02	8.635860e-01	0.e+00
2.899838e-02	9.454695e-01	0.e+00
1.154768e-01	8.32092e-01	0.e+00
1.892147e-02	9.642335e-01	0.e+00
1.472769e-02	9.710481e-01	0.e+00
2.829386e-02	9.607e-01	0.e+00
5.770356e-03	9.893751e-01	0.e+00
6.782716e-02	8.836782e-01	0.e+00
