2.155592e+00	0.e+00	0.e+00
1.087869e+00	2.689844e-03	0.e+00
9.983270e-01	2.689844e-03	0.e+00
9.896019e-01	2.689844e-03	0.e+00
9.897293e-01	2.689844e-03	0.e+00
1.746244e+00	4.277427e-04	0.e+00
1.015912e+00	2.691448e-03	0.e+00
1.165346e+00	2.689844e-03	0.e+00
1.020406e+00	2.689844e-03	0.e+00
2.766723e+00	1.773294e-02	0.e+00
8.911660e-01	1.003605e-01	0.e+00
2.724611e+00	4.931727e-02	0.e+00
1.112022e+00	2.219857e-04	0.e+00
9.468156e-01	1.124157e-01	0.e+00
1.058459e+00	3.168117e-01	0.e+00
6.849626e-01	1.224718e-01	0.e+00
1.090156e+00	3.219726e-04	0.e+00
9.770051e-01	1.927286e-01	0.e+00
6.662252e-01	1.42068e-01	0.e+00
6.316082e-01	1.492349e-01	0.e+00
7.134181e-01	1.565603e-01	0.e+00
6.290105e-01	1.565603e-01	0.e+00
6.337877e-01	1.621657e-01	0.e+00
6.500753e-01	1.565603e-01	0.e+00
6.290105e-01	1.565603e-01	0.e+00
6.375497e-01	1.439494e-01	0.e+00
6.290105e-01	1.565603e-01	0.e+00
6.290105e-01	1.565603e-01	0.e+00
2.028727e+00	7.728435e-02	0.e+00
1.298734e+00	3.321824e-01	0.e+00
4.730945e-01	4.477354e-01	0.e+00
8.503321e-01	2.033568e-01	0.e+00
1.160834e+00	2.628796e-01	0.e+00
1.214600e+00	2.648842e-01	0.e+00
8.608286e-01	1.565603e-01	0.e+00
2.829269e-01	5.347797e-01	0.e+00
5.255764e+02	5.251004e+02	-2.624719e-01
8.991025e-01	1.607855e-01	0.e+00
6.551873e-01	3.749043e-01	0.e+00
5.822459e-01	3.781314e-01	0.e+00
6.240353e-01	3.815346e-01	0.e+00
4.342035e-01	5.179744e-01	0.e+00
1.426729e+00	2.57147e-01	0.e+00
5.089218e-01	3.921239e-01	0.e+00
4.584259e-01	4.045079e-01	0.e+00
6.823410e-01	3.621848e-01	0.e+00
4.984586e-01	4.028188e-01	0.e+00
3.623332e-01	4.56287e-01	0.e+00
5.939489e-01	3.761604e-01	0.e+00
9.015128e-01	3.329782e-01	0.e+00
4.089568e-01	4.190850e-01	0.e+00
1.178185e+00	1.974806e-01	0.e+00
3.273162e-01	4.647767e-01	0.e+00
1.190164e+01	1.192322e+01	-5.745176e-03
3.436839e-01	4.519384e-01	0.e+00
4.331834e-01	4.123587e-01	0.e+00
3.459345e-01	4.509335e-01	0.e+00
5.400851e-01	4.661555e-01	0.e+00
2.919565e-01	5.061458e-01	0.e+00
1.146365e+02	1.149518e+02	-5.718296e-02
3.123592e-01	4.800348e-01	0.e+00
3.870748e-01	4.28306e-01	0.e+00
4.686792e-01	4.204700e-01	0.e+00
2.772174e-01	5.428816e-01	0.e+00
2.655282e-01	5.801503e-01	0.e+00
2.769352e-01	5.305296e-01	0.e+00
1.290025e+00	2.06314e-01	0.e+00
3.271013e-01	4.951887e-01	0.e+00
1.963778e+01	1.993036e+01	-9.673858e-03
2.554238e-01	5.87971e-01	0.e+00
6.583855e-01	4.090071e-01	0.e+00
2.440978e-01	6.777442e-01	0.e+00
2.446337e-01	6.721676e-01	0.e+00
2.599005e-01	5.982976e-01	0.e+00
8.425411e-02	8.821914e-01	0.e+00
2.723178e-01	5.818596e-01	0.e+00
2.603851e-01	6.542740e-01	0.e+00
2.075558e-01	7.326302e-01	0.e+00
2.538053e-01	6.684359e-01	0.e+00
2.029497e-01	7.514789e-01	0.e+00
2.517683e-01	6.272358e-01	0.e+00
2.600425e-01	6.715502e-01	0.e+00
2.314634e-01	7.146949e-01	0.e+00
1.883024e+01	1.953008e+01	-9.352840e-03
1.421074e-01	7.976021e-01	0.e+00
3.511364e-03	9.941375e-01	0.e+00
1.158073e-01	8.2382e-01	0.e+00
1.132718e-01	8.263386e-01	0.e+00
1.601387e-04	1.e+00	0.e+00
9.621920e-02	8.463787e-01	0.e+00
1.394578e-01	8.075487e-01	0.e+00
4.839799e-03	1.e+00	0.e+00
4.136826e-02	9.218959e-01	0.e+00
5.853218e-03	9.884654e-01	0.e+00
4.759659e-02	9.116064e-01	0.e+00
3.815179e-02	9.274312e-01	0.e+00
3.62426e-07	1.e+00	0.e+00
5.075444e-02	9.616507e-01	0.e+00
6.392948e-03	9.877550e-01	0.e+00
1.143457e-04	1.e+00	0.e+00
