1.693484e+00	0.e+00	0.e+00
2.041955e+00	1.685158e-02	0.e+00
9.941997e-01	2.674584e-03	0.e+00
9.90412e-01	2.674584e-03	0.e+00
9.895891e-01	2.674584e-03	0.e+00
1.693484e+00	0.e+00	0.e+00
9.905014e-01	2.674584e-03	0.e+00
1.120967e+00	8.641522e-04	0.e+00
9.895891e-01	2.674584e-03	0.e+00
9.895891e-01	2.674584e-03	0.e+00
9.895891e-01	2.674584e-03	0.e+00
9.895923e-01	2.674584e-03	0.e+00
9.895891e-01	2.674584e-03	0.e+00
9.895941e-01	2.674584e-03	0.e+00
9.900476e-01	2.588312e-03	0.e+00
1.764450e+00	0.e+00	0.e+00
1.155796e+00	8.552999e-04	0.e+00
2.205542e+02	2.195635e+02	-1.097807e-01
1.380523e+00	9.723162e-02	0.e+00
1.682906e+00	1.989044e-01	0.e+00
8.895225e-01	9.926924e-02	0.e+00
8.725013e-01	1.003319e-01	0.e+00
8.569501e-01	1.013641e-01	0.e+00
2.669156e+00	5.135340e-02	0.e+00
8.332034e-01	1.031862e-01	0.e+00
8.857758e-01	9.945265e-02	0.e+00
1.288133e+00	1.745272e-01	0.e+00
3.3414e+00	2.843355e-02	0.e+00
2.902566e+00	4.55003e-02	0.e+00
7.593134e-01	1.185204e-01	0.e+00
7.738170e-01	1.084461e-01	0.e+00
7.684991e-01	1.092421e-01	0.e+00
7.600706e-01	1.101626e-01	0.e+00
7.705893e-01	1.107747e-01	0.e+00
4.562113e+02	4.55154e+02	-2.274963e-01
7.395493e-01	1.125326e-01	0.e+00
7.469139e+02	7.456886e+02	-3.727358e-01
7.344647e-01	1.134845e-01	0.e+00
7.203373e-01	1.154336e-01	0.e+00
1.021339e+00	9.762414e-02	0.e+00
1.372746e+02	1.366949e+02	-6.828773e-02
7.07372e-01	1.178962e-01	0.e+00
3.276664e+00	3.183729e-02	0.e+00
6.722092e-01	1.260758e-01	0.e+00
6.863307e-01	1.225974e-01	0.e+00
6.92612e-01	1.213204e-01	0.e+00
6.753101e-01	1.252269e-01	0.e+00
7.295010e-01	1.153691e-01	0.e+00
6.561756e-01	1.320224e-01	0.e+00
6.749163e-01	1.252369e-01	0.e+00
8.271276e+00	7.739485e+00	-3.804809e-03
6.729629e-01	1.273683e-01	0.e+00
1.456314e+01	1.397606e+01	-6.908898e-03
6.549098e-01	1.328267e-01	0.e+00
6.776886e-01	1.307554e-01	0.e+00
6.561756e-01	1.320224e-01	0.e+00
6.710396e-01	1.333142e-01	0.e+00
7.733963e-01	1.161464e-01	0.e+00
6.990289e-01	1.362561e-01	0.e+00
6.422398e-01	1.464043e-01	0.e+00
1.447522e+00	9.438004e-01	-4.022366e-04
6.622339e-01	1.327464e-01	0.e+00
1.428490e+00	9.452852e-01	-3.976585e-04
7.391129e-01	1.385751e-01	0.e+00
6.329896e-01	1.475463e-01	0.e+00
6.302685e-01	1.609311e-01	0.e+00
6.400062e-01	1.453184e-01	0.e+00
6.292938e-01	1.566072e-01	0.e+00
6.32019e-01	1.490197e-01	0.e+00
6.29011e-01	1.566072e-01	0.e+00
6.371513e-01	1.566072e-01	0.e+00
7.316235e-01	1.855713e-01	0.e+00
6.29011e-01	1.566072e-01	0.e+00
6.29011e-01	1.566072e-01	0.e+00
6.29011e-01	1.566072e-01	0.e+00
6.323113e-01	1.566072e-01	0.e+00
6.758316e-01	1.432702e-01	0.e+00
6.472204e-01	1.462743e-01	0.e+00
6.29011e-01	1.566072e-01	0.e+00
6.294647e-01	1.566072e-01	0.e+00
