1.217581e+00	0.e+00	0.e+00
1.000907e+00	3.333307e-03	0.e+00
3.309319e+00	2.145454e-02	0.e+00
1.711013e+00	2.367971e-01	0.e+00
1.017450e+00	1.249721e-03	0.e+00
6.393974e-01	1.417071e-01	0.e+00
7.486166e-01	1.175285e-01	0.e+00
9.897317e-01	2.668202e-03	0.e+00
9.075856e-01	1.166037e-01	0.e+00
1.046279e+00	7.331771e-04	0.e+00
8.05011e-01	1.32365e-01	0.e+00
1.198408e+00	0.e+00	0.e+00
1.199005e+00	1.800466e-03	0.e+00
8.582393e-01	1.123487e-01	0.e+00
2.336739e+00	2.445015e-02	0.e+00
6.392188e-01	1.416967e-01	0.e+00
9.337458e-01	1.033790e-01	0.e+00
6.500900e-01	1.350841e-01	0.e+00
6.604494e-01	1.668870e-01	0.e+00
6.875708e-01	1.350841e-01	0.e+00
7.054619e-01	1.357802e-01	0.e+00
6.925835e-01	1.562556e-01	0.e+00
6.290275e-01	1.559129e-01	0.e+00
6.658962e-01	1.416967e-01	0.e+00
6.290275e-01	1.559129e-01	0.e+00
6.290275e-01	1.559129e-01	0.e+00
6.290275e-01	1.559129e-01	0.e+00
6.290275e-01	1.559129e-01	0.e+00
6.290275e-01	1.559129e-01	0.e+00
7.352424e-01	1.422552e-01	0.e+00
1.131987e+00	2.522528e-01	0.e+00
6.241971e-01	3.710380e-01	0.e+00
1.96651e+00	7.884530e-02	0.e+00
9.728050e-01	1.090672e-01	0.e+00
4.772048e-01	5.172363e-01	0.e+00
2.36514e+00	7.955174e-02	0.e+00
6.301401e-01	1.559129e-01	0.e+00
6.241971e-01	3.710380e-01	0.e+00
8.247966e-01	3.756948e-01	0.e+00
5.78279e-01	3.787497e-01	0.e+00
1.220932e+00	2.699204e-01	0.e+00
9.154099e-01	1.590889e-01	0.e+00
1.229229e+00	2.918517e-01	0.e+00
4.425688e-01	4.083729e-01	0.e+00
4.924321e-01	3.959518e-01	0.e+00
4.477105e-01	4.073054e-01	0.e+00
3.281987e-01	7.429845e-01	0.e+00
1.308631e+00	2.677053e-01	0.e+00
7.632017e-01	3.508446e-01	0.e+00
4.221037e-01	4.150184e-01	0.e+00
6.883003e-01	3.613048e-01	0.e+00
4.830601e-01	3.980155e-01	0.e+00
3.781874e-01	4.438315e-01	0.e+00
4.373477e-01	4.105661e-01	0.e+00
2.154046e-01	7.566983e-01	0.e+00
3.863776e-01	4.294802e-01	0.e+00
3.0689e-01	4.877137e-01	0.e+00
5.316075e-01	3.911898e-01	0.e+00
3.308235e-01	4.650288e-01	0.e+00
3.191592e-01	4.72644e-01	0.e+00
3.031694e-01	4.926206e-01	0.e+00
4.009142e-01	4.351759e-01	0.e+00
2.972294e-01	4.988247e-01	0.e+00
2.557803e-01	5.960451e-01	0.e+00
3.314447e-01	4.787461e-01	0.e+00
3.580386e-01	5.000855e-01	0.e+00
2.626774e-01	6.746483e-01	0.e+00
2.247218e-01	7.215664e-01	0.e+00
3.140365e-01	4.941773e-01	0.e+00
2.569710e-01	5.878576e-01	0.e+00
2.651213e-01	6.102479e-01	0.e+00
4.221730e-01	4.468541e-01	0.e+00
2.922171e-01	5.250145e-01	0.e+00
3.272912e-01	4.848096e-01	0.e+00
1.073946e-01	8.330625e-01	0.e+00
2.464955e-01	6.811336e-01	0.e+00
2.520738e-01	6.232034e-01	0.e+00
1.028509e-01	8.859968e-01	0.e+00
5.610419e+01	5.691564e+01	-2.801657e-02
5.033325e+00	5.601193e+00	-2.413480e-03
1.817764e-01	7.609830e-01	0.e+00
3.129061e-01	1.118283e+00	-1.20663e-04
1.053200e-01	8.348352e-01	0.e+00
1.641828e-01	7.765872e-01	0.e+00
1.423707e-01	7.973738e-01	0.e+00
1.517852e-01	7.888295e-01	0.e+00
1.233289e-01	8.179803e-01	0.e+00
5.22652e+00	6.088972e+00	-2.588996e-03
1.922007e-02	9.623440e-01	0.e+00
2.223707e-01	7.218897e-01	0.e+00
6.735818e-02	8.914776e-01	0.e+00
7.602457e-02	8.700938e-01	0.e+00
7.78747e-02	8.680540e-01	0.e+00
5.772735e-02	8.955490e-01	0.e+00
5.665463e-02	8.993792e-01	0.e+00
2.154403e-01	7.328941e-01	0.e+00
1.675900e-01	7.733966e-01	0.e+00
2.163980e-01	7.240814e-01	0.e+00
8.236011e-03	9.837603e-01	0.e+00
4.225937e-06	1.e+00	0.e+00
