1.733057e+00	0.e+00	0.e+00
9.710328e-01	9.519443e-02	0.e+00
1.688197e+00	0.e+00	0.e+00
1.717032e+00	0.e+00	0.e+00
1.025775e+00	2.516776e-03	0.e+00
9.895851e-01	2.664597e-03	0.e+00
9.895851e-01	2.664597e-03	0.e+00
1.312057e+00	9.856991e-02	0.e+00
8.33614e-01	1.039080e-01	0.e+00
1.180459e+00	1.790785e-03	0.e+00
9.086513e-01	9.943765e-02	0.e+00
1.040782e+00	8.585320e-04	0.e+00
8.489083e-01	1.32103e-01	0.e+00
3.134046e+00	1.880372e-02	0.e+00
8.663589e-01	1.027578e-01	0.e+00
2.291652e+00	5.973423e-02	0.e+00
9.768622e-01	1.284455e-01	0.e+00
6.521217e-01	1.346785e-01	0.e+00
6.355234e-01	4.026219e-01	0.e+00
6.376526e-01	1.486795e-01	0.e+00
6.121274e+01	6.067351e+01	-3.023931e-02
6.290982e-01	1.555816e-01	0.e+00
2.358546e+00	5.759590e-02	0.e+00
6.652893e-01	1.284455e-01	0.e+00
6.290540e-01	1.555816e-01	0.e+00
6.419847e-01	1.701240e-01	0.e+00
6.459723e-01	1.665983e-01	0.e+00
7.861747e-01	1.932385e-01	0.e+00
6.303351e-01	1.555816e-01	0.e+00
6.290540e-01	1.555816e-01	0.e+00
5.816745e-01	3.781785e-01	0.e+00
6.290540e-01	1.555816e-01	0.e+00
1.012499e+00	2.268369e-01	0.e+00
6.901218e-01	1.555816e-01	0.e+00
8.240446e-01	3.750953e-01	0.e+00
6.290540e-01	1.555816e-01	0.e+00
6.290540e-01	1.555816e-01	0.e+00
3.933501e-01	4.255738e-01	0.e+00
5.993446e-01	3.750953e-01	0.e+00
5.816745e-01	3.781785e-01	0.e+00
1.225423e+00	2.660760e-01	0.e+00
1.257239e+00	2.500025e-01	0.e+00
5.305347e-01	3.8847e-01	0.e+00
4.030316e-01	5.337476e-01	0.e+00
5.794771e-01	3.790008e-01	0.e+00
4.670275e-01	4.027428e-01	0.e+00
3.666771e-01	4.548197e-01	0.e+00
4.117124e-01	4.280759e-01	0.e+00
5.408091e-01	3.860025e-01	0.e+00
3.938949e-01	5.369899e-01	0.e+00
1.139061e+00	3.061667e-01	0.e+00
5.523862e-01	3.887288e-01	0.e+00
2.129810e+02	2.130227e+02	-1.062974e-01
3.756568e-01	4.330595e-01	0.e+00
3.637649e-01	4.390311e-01	0.e+00
1.182113e+00	2.918923e-01	0.e+00
3.652430e-01	4.381271e-01	0.e+00
7.452353e-01	3.552613e-01	0.e+00
2.835255e-01	5.192417e-01	0.e+00
3.199779e-01	4.722585e-01	0.e+00
3.280361e-01	4.877308e-01	0.e+00
3.135876e-01	4.808573e-01	0.e+00
2.80603e-01	5.715802e-01	0.e+00
5.112764e-01	4.146525e-01	0.e+00
3.480534e-01	5.189111e-01	0.e+00
3.099784e-01	5.303311e-01	0.e+00
3.110595e-01	4.970121e-01	0.e+00
2.682777e-01	5.543038e-01	0.e+00
2.599215e-01	5.703559e-01	0.e+00
9.87284e+01	9.904346e+01	-4.922826e-02
2.768479e-01	6.106775e-01	0.e+00
2.897127e-01	5.854038e-01	0.e+00
2.481171e-01	6.600183e-01	0.e+00
4.683406e+01	4.727284e+01	-2.329590e-02
2.742483e-01	6.666698e-01	0.e+00
2.850395e-01	5.195699e-01	0.e+00
2.237021e-01	7.210438e-01	0.e+00
1.44823e-01	8.549939e-01	0.e+00
1.995667e-01	7.414716e-01	0.e+00
2.302286e-01	7.099211e-01	0.e+00
1.827803e-01	7.609923e-01	0.e+00
1.775224e-01	7.699432e-01	0.e+00
4.333237e-04	1.e+00	0.e+00
7.620717e-02	8.773583e-01	0.e+00
8.634691e-02	8.584468e-01	0.e+00
1.869316e-01	7.56431e-01	0.e+00
1.233412e-01	8.160436e-01	0.e+00
1.142378e-01	8.267423e-01	0.e+00
1.050074e-01	8.363717e-01	0.e+00
4.378484e-02	9.194014e-01	0.e+00
1.702189e-01	7.83074e-01	0.e+00
7.895849e-02	8.701880e-01	0.e+00
7.797640e-03	9.845924e-01	0.e+00
5.713069e-02	8.964178e-01	0.e+00
4.608986e+01	4.695213e+01	-2.302080e-02
3.89733e-02	9.260111e-01	0.e+00
1.848897e+01	1.940348e+01	-9.229884e-03
1.91329e-02	9.625740e-01	0.e+00
2.726971e-06	1.e+00	0.e+00
1.966726e-06	1.e+00	0.e+00
