6.883406e-01	1.254969e-01	0.e+00
9.89718e-01	2.516732e-03	0.e+00
9.89718e-01	2.516732e-03	0.e+00
1.890651e+00	1.452181e-02	0.e+00
2.116908e+00	2.378770e-01	0.e+00
7.808100e-01	1.116708e-01	0.e+00
1.736080e+00	0.e+00	0.e+00
8.735989e-01	1.122926e-01	0.e+00
9.225163e-01	1.184123e-01	0.e+00
6.290360e-01	1.558938e-01	0.e+00
6.290360e-01	1.558938e-01	0.e+00
1.892585e+00	8.120484e-02	0.e+00
6.300717e-01	1.558938e-01	0.e+00
6.290360e-01	1.558938e-01	0.e+00
6.402915e-01	1.481139e-01	0.e+00
4.790307e-01	3.988219e-01	0.e+00
3.814091e-01	4.317440e-01	0.e+00
3.438440e-01	4.519087e-01	0.e+00
1.419511e+00	2.498501e-01	0.e+00
3.130785e-01	4.842520e-01	0.e+00
4.391405e-01	4.093522e-01	0.e+00
4.151926e-01	4.357916e-01	0.e+00
5.172727e-01	4.009421e-01	0.e+00
3.317016e-01	4.664067e-01	0.e+00
3.050035e-01	4.893585e-01	0.e+00
1.262406e+00	1.411061e+00	-4.624501e-04
2.706961e-01	5.415626e-01	0.e+00
2.591972e-01	5.769005e-01	0.e+00
2.779271e-01	5.378567e-01	0.e+00
2.393671e-01	6.893667e-01	0.e+00
4.353272e-04	1.e+00	0.e+00
1.926374e-01	7.494648e-01	0.e+00
1.687993e-01	7.721822e-01	0.e+00
1.424667e-01	7.973106e-01	0.e+00
1.247654e-01	8.195084e-01	0.e+00
1.324944e-01	8.069265e-01	0.e+00
9.051286e-02	8.781188e-01	0.e+00
1.35486e-01	8.042340e-01	0.e+00
5.850599e-02	8.943658e-01	0.e+00
9.292695e-04	1.e+00	0.e+00
