2.317495e+00	8.284272e-02	0.e+00
1.09978e+00	0.e+00	0.e+00
3.185292e+00	9.163211e-06	0.e+00
9.347822e+00	2.053172e-02	0.e+00
1.042699e+00	9.163211e-06	0.e+00
2.107490e+00	7.812636e-02	0.e+00
1.042699e+00	9.163211e-06	0.e+00
1.042699e+00	9.163211e-06	0.e+00
1.171533e+00	0.e+00	0.e+00
9.060223e+00	2.010843e-02	0.e+00
8.644994e+00	1.879981e-02	0.e+00
9.432779e+00	2.053172e-02	0.e+00
5.151622e+00	1.834274e-01	0.e+00
2.044737e+00	9.163211e-06	0.e+00
2.283158e+00	7.812636e-02	0.e+00
8.572265e-01	8.750223e-02	0.e+00
1.729570e+00	0.e+00	0.e+00
8.744003e+00	7.742834e+00	-3.831217e-03
8.513172e-01	8.729299e-02	0.e+00
1.902697e+00	8.284272e-02	0.e+00
8.470577e+00	2.565518e-02	0.e+00
1.805307e+00	7.204186e-02	0.e+00
1.102865e+00	8.558796e-02	0.e+00
1.002567e+00	7.990636e-02	0.e+00
8.443372e-01	8.693488e-02	0.e+00
8.398455e-01	8.856121e-02	0.e+00
8.624452e-01	8.560848e-02	0.e+00
9.827474e-01	8.177183e-02	0.e+00
8.100946e-01	1.001227e-01	0.e+00
7.713648e-01	9.725746e-02	0.e+00
8.114635e-01	9.310639e-02	0.e+00
7.46187e-01	9.868882e-02	0.e+00
8.030411e-01	9.135818e-02	0.e+00
8.052086e-01	9.635869e-02	0.e+00
7.505488e-01	9.706072e-02	0.e+00
8.154188e-01	9.520959e-02	0.e+00
1.057665e+00	8.229638e-02	0.e+00
8.347601e-01	9.108993e-02	0.e+00
7.416707e-01	1.010239e-01	0.e+00
7.417034e-01	1.026832e-01	0.e+00
7.230517e-01	1.026832e-01	0.e+00
7.256958e-01	1.041554e-01	0.e+00
7.069629e-01	1.05292e-01	0.e+00
7.504767e-01	1.072491e-01	0.e+00
6.979926e-01	1.151627e-01	0.e+00
7.354360e-01	1.091355e-01	0.e+00
7.067874e-01	1.100289e-01	0.e+00
7.301817e-01	1.026331e-01	0.e+00
6.955289e-01	1.13357e-01	0.e+00
7.061044e-01	1.145824e-01	0.e+00
7.164442e-01	1.097959e-01	0.e+00
4.272502e+01	4.213284e+01	-2.100432e-02
6.849167e-01	1.197141e-01	0.e+00
6.518560e+00	2.103748e-02	0.e+00
7.046819e-01	1.204794e-01	0.e+00
6.931403e-01	1.233769e-01	0.e+00
8.021141e-01	2.292760e-01	-5.734680e-05
6.854246e-01	1.234017e-01	0.e+00
6.727344e-01	1.234017e-01	0.e+00
7.771198e-01	1.234017e-01	0.e+00
6.699969e-01	1.234513e-01	0.e+00
6.762954e-01	1.234265e-01	0.e+00
6.673665e-01	1.234513e-01	0.e+00
6.673806e-01	1.234513e-01	0.e+00
6.673444e-01	1.234513e-01	0.e+00
6.673444e-01	1.234513e-01	0.e+00
7.492701e-01	1.234513e-01	0.e+00
6.673437e-01	1.234513e-01	0.e+00
6.673437e-01	1.234513e-01	0.e+00
6.673437e-01	1.234513e-01	0.e+00
7.147320e-01	1.234513e-01	0.e+00
6.850254e-01	1.234513e-01	0.e+00
6.674107e-01	1.234513e-01	0.e+00
6.673437e-01	1.234513e-01	0.e+00
6.70832e-01	1.234513e-01	0.e+00
6.674196e-01	1.234513e-01	0.e+00
6.482953e+01	6.428564e+01	-3.208109e-02
6.802477e-01	1.234513e-01	0.e+00
6.673437e-01	1.234513e-01	0.e+00
3.082492e+00	2.046733e-01	0.e+00
6.673437e-01	1.234513e-01	0.e+00
2.798950e+00	1.957010e-01	0.e+00
7.09376e-01	1.234513e-01	0.e+00
6.673437e-01	1.234513e-01	0.e+00
6.673437e-01	1.234513e-01	0.e+00
6.673437e-01	1.234513e-01	0.e+00
7.022400e-01	1.234513e-01	0.e+00
6.692195e-01	1.234513e-01	0.e+00
6.691369e-01	1.234513e-01	0.e+00
6.673437e-01	1.234513e-01	0.e+00
6.730999e-01	1.234513e-01	0.e+00
6.673437e-01	1.234513e-01	0.e+00
8.236098e-01	1.234513e-01	0.e+00
6.673437e-01	1.234513e-01	0.e+00
6.741651e-01	1.234513e-01	0.e+00
3.207658e+00	2.663766e+00	-1.270157e-03
6.850329e-01	1.234513e-01	0.e+00
6.675138e-01	1.234513e-01	0.e+00
6.673437e-01	1.234513e-01	0.e+00
6.673437e-01	1.234513e-01	0.e+00
