1.891388e+00	0.e+00	0.e+00
1.188615e+00	8.745771e-02	0.e+00
2.377075e+00	2.460461e-02	0.e+00
1.177036e+00	6.779989e-03	0.e+00
8.856063e-01	1.000062e-01	0.e+00
8.418129e-01	1.104907e-01	0.e+00
6.295385e-01	1.538493e-01	0.e+00
6.529008e-01	1.747205e-01	0.e+00
6.290772e-01	1.575968e-01	0.e+00
8.356734e-01	2.020259e-01	0.e+00
1.377032e+00	1.038329e-01	0.e+00
6.500489e-01	1.693875e-01	0.e+00
8.011642e-01	1.575968e-01	0.e+00
6.372939e-01	1.575968e-01	0.e+00
6.605251e-01	1.575968e-01	0.e+00
6.557683e-01	3.6697e-01	0.e+00
5.527489e-01	3.846873e-01	0.e+00
1.048663e+00	1.771741e-01	0.e+00
5.483721e-01	4.024968e-01	0.e+00
4.457568e-01	4.124715e-01	0.e+00
4.095131e-01	4.193678e-01	0.e+00
3.752528e-01	4.348869e-01	0.e+00
3.187663e-01	4.755296e-01	0.e+00
3.003196e+02	3.003562e+02	-1.499449e-01
3.598364e-01	4.869002e-01	0.e+00
3.761576e-01	5.130581e-01	0.e+00
2.591248e-01	5.839071e-01	0.e+00
2.569563e-01	5.797957e-01	0.e+00
2.513368e-01	6.33566e-01	0.e+00
1.482937e-01	7.927302e-01	0.e+00
1.135182e-01	8.270374e-01	0.e+00
2.479950e-01	7.493208e-01	0.e+00
1.342577e-01	8.061360e-01	0.e+00
1.438300e-01	7.959374e-01	0.e+00
1.396033e-01	8.001122e-01	0.e+00
1.017414e-01	8.460173e-01	0.e+00
7.240581e-02	8.748043e-01	0.e+00
1.747968e-01	7.68066e-01	0.e+00
1.367530e-01	8.027929e-01	0.e+00
9.764111e-04	1.e+00	0.e+00
