1.57845e+00	7.145833e-05	0.e+00
9.897968e-01	2.799113e-03	0.e+00
1.350302e+00	2.799113e-03	0.e+00
1.198802e+00	1.033754e-01	0.e+00
9.866594e-01	1.543489e-01	0.e+00
9.924390e-01	2.799113e-03	0.e+00
7.327264e-01	1.310231e-01	0.e+00
9.907893e-01	2.799113e-03	0.e+00
9.897968e-01	2.799113e-03	0.e+00
9.323105e-01	9.681056e-02	0.e+00
9.844120e-01	1.005182e-01	0.e+00
1.164472e+00	1.033754e-01	0.e+00
2.771556e+00	5.015211e-02	0.e+00
2.724426e+00	4.908716e-02	0.e+00
1.173388e+00	2.801517e-01	0.e+00
7.342619e-01	1.231865e-01	0.e+00
6.625359e-01	1.294084e-01	0.e+00
1.290806e+00	2.794757e-01	0.e+00
6.348659e-01	1.663149e-01	0.e+00
6.399695e-01	1.488521e-01	0.e+00
1.280657e+00	9.769429e-02	0.e+00
6.290221e-01	1.560145e-01	0.e+00
6.712448e-01	1.73792e-01	0.e+00
6.290221e-01	1.560145e-01	0.e+00
6.290221e-01	1.560145e-01	0.e+00
6.290221e-01	1.560145e-01	0.e+00
6.290221e-01	1.560145e-01	0.e+00
6.290221e-01	1.560145e-01	0.e+00
1.930858e+00	7.999852e-02	0.e+00
7.171141e-01	1.827261e-01	0.e+00
1.145777e+00	2.567511e-01	0.e+00
2.413042e+00	7.943891e-02	0.e+00
6.290221e-01	1.560145e-01	0.e+00
6.290221e-01	1.560145e-01	0.e+00
2.487483e-01	6.625426e-01	0.e+00
6.336778e-01	1.503114e-01	0.e+00
6.338994e-01	1.560145e-01	0.e+00
6.706212e-01	3.722303e-01	0.e+00
6.101762e-01	3.740226e-01	0.e+00
5.825384e-01	3.782247e-01	0.e+00
1.414366e+00	8.121371e-02	0.e+00
5.388584e-01	3.859664e-01	0.e+00
1.464884e+00	2.861747e-01	0.e+00
5.449309e-01	3.920600e-01	0.e+00
4.940359e-01	3.955056e-01	0.e+00
4.790755e-01	3.989717e-01	0.e+00
1.299250e+00	2.798596e-01	0.e+00
3.720683e-01	4.356689e-01	0.e+00
4.209623e-01	4.153845e-01	0.e+00
5.847802e-01	3.839178e-01	0.e+00
3.705783e-01	4.372318e-01	0.e+00
3.992546e-01	4.232560e-01	0.e+00
3.562891e-01	4.483549e-01	0.e+00
3.756891e-01	4.335083e-01	0.e+00
3.351629e-01	4.908270e-01	0.e+00
3.638802e-01	4.435326e-01	0.e+00
3.162085e-01	4.845895e-01	0.e+00
3.254221e-01	5.54912e-01	0.e+00
3.931319e-01	4.253328e-01	0.e+00
2.312990e-01	7.374724e-01	0.e+00
2.966528e-01	5.290417e-01	0.e+00
3.04735e-01	4.896834e-01	0.e+00
2.764082e-01	6.177682e-01	0.e+00
4.000142e-01	4.223958e-01	0.e+00
3.178318e-01	5.196583e-01	0.e+00
1.474734e-01	8.157486e-01	0.e+00
2.795618e-01	5.299951e-01	0.e+00
1.605314e-01	8.048466e-01	0.e+00
2.750235e-01	6.274455e-01	0.e+00
2.060358e-01	7.346882e-01	0.e+00
2.539224e-01	6.107917e-01	0.e+00
2.820845e-01	5.298411e-01	0.e+00
1.330313e-01	8.357849e-01	0.e+00
2.426232e-01	6.788677e-01	0.e+00
2.35475e-01	6.951606e-01	0.e+00
1.521189e-01	7.880860e-01	0.e+00
2.173686e-01	7.210655e-01	0.e+00
2.929205e-01	5.236532e-01	0.e+00
2.151894e-01	7.380686e-01	0.e+00
1.745512e-01	7.701641e-01	0.e+00
2.059961e-01	7.351974e-01	0.e+00
1.564818e-01	7.838976e-01	0.e+00
1.611734e-01	7.794387e-01	0.e+00
2.479922e-01	7.886679e-01	0.e+00
1.42455e-01	7.987594e-01	0.e+00
2.964888e-02	9.993142e-01	0.e+00
1.252453e-01	8.141283e-01	0.e+00
1.136610e-01	8.266235e-01	0.e+00
1.021180e-01	8.383356e-01	0.e+00
1.64707e-01	7.776228e-01	0.e+00
8.566384e-02	8.574467e-01	0.e+00
7.547556e-02	8.711467e-01	0.e+00
2.599636e-02	9.523464e-01	0.e+00
6.742062e-04	1.e+00	0.e+00
1.146773e-01	8.33307e-01	0.e+00
4.002086e-03	9.994238e-01	0.e+00
1.832943e-02	9.640336e-01	0.e+00
1.910836e-01	7.660647e-01	0.e+00
6.430926e-03	9.916496e-01	0.e+00
6.285491e-04	1.e+00	0.e+00
