1.281313e+00	0.e+00	0.e+00
2.805759e+00	4.660182e-02	0.e+00
1.281553e+00	2.570534e-01	0.e+00
1.057018e+00	6.429695e-04	0.e+00
2.594372e+00	2.621308e-02	0.e+00
9.709256e-01	1.129575e-01	0.e+00
1.178030e+00	2.453973e-01	0.e+00
9.896364e-01	2.571878e-03	0.e+00
9.896364e-01	2.571878e-03	0.e+00
9.896364e-01	2.571878e-03	0.e+00
1.295131e+00	2.701947e-01	0.e+00
1.011159e+00	2.571878e-03	0.e+00
1.315027e+00	2.571878e-03	0.e+00
9.953704e-01	2.571878e-03	0.e+00
6.351474e-01	1.45188e-01	0.e+00
1.670783e+00	0.e+00	0.e+00
6.299385e-01	1.531144e-01	0.e+00
9.858302e-01	1.121685e-01	0.e+00
9.592390e-01	9.540673e-02	0.e+00
1.107539e+00	9.760009e-02	0.e+00
9.446991e-01	1.006724e-01	0.e+00
8.514434e-01	1.017733e-01	0.e+00
8.311844e-01	1.032897e-01	0.e+00
8.934863e-01	1.555445e-01	0.e+00
1.035454e+00	1.158674e-03	0.e+00
1.290162e+00	2.152030e-01	0.e+00
8.024872e-01	1.121685e-01	0.e+00
3.087232e+00	3.443093e-02	0.e+00
7.156500e-01	1.168923e-01	0.e+00
7.071614e-01	1.195988e-01	0.e+00
1.074999e+00	1.874659e-01	0.e+00
1.127697e+00	3.014817e-01	0.e+00
2.664015e+00	4.983869e-02	0.e+00
6.872135e-01	1.221038e-01	0.e+00
7.317011e-01	1.341705e-01	0.e+00
1.012959e+00	1.086224e-01	0.e+00
1.126044e+00	9.897328e-02	0.e+00
6.605011e-01	1.365330e-01	0.e+00
6.321084e-01	1.488193e-01	0.e+00
6.470740e-01	1.693972e-01	0.e+00
6.309689e-01	1.566402e-01	0.e+00
6.315747e-01	1.566402e-01	0.e+00
6.473207e-01	1.566402e-01	0.e+00
6.330836e-01	1.566402e-01	0.e+00
6.71814e-01	1.566402e-01	0.e+00
7.120307e-01	1.566402e-01	0.e+00
2.848534e+00	3.838368e-02	0.e+00
6.52206e-01	1.341705e-01	0.e+00
9.116001e-01	1.162976e-01	0.e+00
6.290115e-01	1.566402e-01	0.e+00
6.389739e-01	1.566402e-01	0.e+00
9.271212e-01	3.582579e-01	0.e+00
6.463550e-01	1.566402e-01	0.e+00
6.290115e-01	1.566402e-01	0.e+00
1.183756e+00	1.058398e-01	0.e+00
6.350345e-01	1.566402e-01	0.e+00
6.290115e-01	1.566402e-01	0.e+00
6.290115e-01	1.566402e-01	0.e+00
6.290115e-01	1.566402e-01	0.e+00
1.204572e+00	2.544428e-01	0.e+00
6.327206e-01	1.566402e-01	0.e+00
6.290115e-01	1.566402e-01	0.e+00
6.290115e-01	1.566402e-01	0.e+00
6.290115e-01	1.566402e-01	0.e+00
6.290115e-01	1.566402e-01	0.e+00
6.290115e-01	1.566402e-01	0.e+00
6.290115e-01	1.566402e-01	0.e+00
6.93704e-01	1.566402e-01	0.e+00
8.311892e-01	3.758531e-01	0.e+00
6.290115e-01	1.566402e-01	0.e+00
6.290115e-01	1.566402e-01	0.e+00
3.00093e+00	4.536896e-02	0.e+00
6.290115e-01	1.566402e-01	0.e+00
6.290115e-01	1.566402e-01	0.e+00
6.741840e-01	3.711867e-01	0.e+00
1.210930e+00	2.530862e-01	0.e+00
4.467829e-01	5.557549e-01	0.e+00
4.689661e-01	5.599078e-01	0.e+00
1.402679e+00	2.643413e-01	0.e+00
5.757895e-01	3.794077e-01	0.e+00
3.100208e-01	4.988615e-01	0.e+00
7.813072e-01	1.117481e-01	0.e+00
1.800095e+00	7.057244e-02	0.e+00
4.432909e-01	4.093419e-01	0.e+00
4.079646e-01	4.404140e-01	0.e+00
3.621404e-01	4.421190e-01	0.e+00
5.132001e-01	3.912135e-01	0.e+00
5.047084e-01	3.929667e-01	0.e+00
6.651904e-01	3.681089e-01	0.e+00
4.951692e-01	3.965003e-01	0.e+00
4.917727e-01	3.986862e-01	0.e+00
3.714996e-01	4.404108e-01	0.e+00
4.668225e-01	4.018667e-01	0.e+00
4.553537e-01	4.048643e-01	0.e+00
3.735816e-01	5.020343e-01	0.e+00
3.594881e-01	4.429172e-01	0.e+00
4.714655e-01	4.006497e-01	0.e+00
3.209708e-01	5.173191e-01	0.e+00
8.836612e-01	3.348569e-01	0.e+00
4.194406e-01	4.154751e-01	0.e+00
4.110756e-01	4.183332e-01	0.e+00
8.364066e-01	3.412155e-01	0.e+00
3.309277e-01	4.622572e-01	0.e+00
4.002161e-01	4.241441e-01	0.e+00
3.360225e-01	4.899063e-01	0.e+00
2.966305e-01	4.996763e-01	0.e+00
9.926389e-01	3.212569e-01	0.e+00
9.969103e-01	3.197138e-01	0.e+00
3.673179e-01	4.370196e-01	0.e+00
2.791459e-01	5.351820e-01	0.e+00
3.585455e-01	4.426846e-01	0.e+00
3.802485e-01	4.453402e-01	0.e+00
3.666185e-01	5.090102e-01	0.e+00
3.467107e-01	4.513185e-01	0.e+00
3.623873e-01	4.558087e-01	0.e+00
4.400128e-01	4.577560e-01	0.e+00
2.868511e-01	5.137035e-01	0.e+00
3.840171e-01	4.293403e-01	0.e+00
3.331443e-01	4.695777e-01	0.e+00
3.212364e-01	6.091780e-01	0.e+00
1.054025e+00	3.108452e-01	0.e+00
1.980806e-01	7.488928e-01	0.e+00
1.089298e+00	3.047026e-01	0.e+00
4.0676e-01	4.19878e-01	0.e+00
2.799086e-01	5.621673e-01	0.e+00
2.548660e-01	6.343513e-01	0.e+00
2.927155e-01	5.051202e-01	0.e+00
3.241166e-01	5.109281e-01	0.e+00
2.856724e-01	5.15439e-01	0.e+00
2.658412e-01	6.200045e-01	0.e+00
3.087031e-01	5.26659e-01	0.e+00
3.098543e-01	4.941833e-01	0.e+00
2.493442e-01	6.577441e-01	0.e+00
2.716444e-01	5.424700e-01	0.e+00
2.704607e-01	5.509373e-01	0.e+00
3.956516e-01	4.576857e-01	0.e+00
2.534557e-01	6.093695e-01	0.e+00
2.594832e-01	5.703711e-01	0.e+00
6.750172e-01	3.771784e-01	0.e+00
2.750884e-01	5.880328e-01	0.e+00
2.807538e-01	5.232757e-01	0.e+00
2.918065e-01	6.122715e-01	0.e+00
2.525148e-01	6.260277e-01	0.e+00
3.505214e-01	4.86354e-01	0.e+00
2.491126e-01	6.519297e-01	0.e+00
2.470237e-01	6.622564e-01	0.e+00
2.693533e-01	5.447458e-01	0.e+00
2.489923e-01	6.815463e-01	0.e+00
2.37461e-01	6.905331e-01	0.e+00
2.704352e-01	5.989972e-01	0.e+00
1.520239e-01	8.011495e-01	0.e+00
2.589088e-01	6.679278e-01	0.e+00
2.212885e-01	7.156144e-01	0.e+00
2.167452e-01	7.222289e-01	0.e+00
2.124537e-01	7.270004e-01	0.e+00
2.222201e-01	7.161742e-01	0.e+00
1.150217e-01	8.280229e-01	0.e+00
2.769549e-01	5.523288e-01	0.e+00
2.071105e-01	7.481612e-01	0.e+00
2.093942e-01	7.530731e-01	0.e+00
1.868552e-01	7.581322e-01	0.e+00
2.276112e-01	7.065649e-01	0.e+00
2.632629e-01	6.651781e-01	0.e+00
1.703069e-01	7.710997e-01	0.e+00
2.506421e-02	9.514433e-01	0.e+00
1.606966e-01	7.798970e-01	0.e+00
1.394013e-01	8.004254e-01	0.e+00
1.528189e-02	9.706586e-01	0.e+00
1.236495e-01	8.167671e-01	0.e+00
1.416520e-01	7.981298e-01	0.e+00
1.371997e-01	8.027401e-01	0.e+00
1.595550e-01	7.810471e-01	0.e+00
2.485299e-01	6.938519e-01	0.e+00
1.261197e-01	8.284521e-01	0.e+00
2.108134e-01	7.426249e-01	0.e+00
1.178832e-01	8.264008e-01	0.e+00
6.413416e-02	8.864223e-01	0.e+00
1.038306e-01	8.366857e-01	0.e+00
9.928673e-02	8.419262e-01	0.e+00
9.419706e-02	8.475036e-01	0.e+00
1.557714e-02	9.701975e-01	0.e+00
8.477496e-02	8.586516e-01	0.e+00
1.988003e-03	1.e+00	0.e+00
2.111727e-01	7.304919e-01	0.e+00
8.755862e-02	8.567498e-01	0.e+00
1.005460e-01	8.400716e-01	0.e+00
2.915891e-01	6.159862e-01	0.e+00
1.05497e-01	8.365287e-01	0.e+00
5.233636e-02	9.04281e-01	0.e+00
5.083997e-02	9.06194e-01	0.e+00
6.529229e-02	9.211134e-01	0.e+00
6.569839e-02	8.837665e-01	0.e+00
3.398935e-02	9.348205e-01	0.e+00
1.269187e-01	8.126706e-01	0.e+00
4.075276e-02	9.532885e-01	0.e+00
1.971663e-02	9.613171e-01	0.e+00
2.505811e-01	6.887043e-01	0.e+00
6.96832e-02	8.781951e-01	0.e+00
5.162322e-02	9.070399e-01	0.e+00
1.492745e-04	1.e+00	0.e+00
