1.582026e+00	0.e+00	0.e+00
1.214597e+00	0.e+00	0.e+00
9.8965e-01	2.71097e-03	0.e+00
1.016318e+00	1.779706e-03	0.e+00
8.540203e-01	1.015912e-01	0.e+00
2.284163e+00	0.e+00	0.e+00
2.686299e+00	5.010067e-02	0.e+00
6.424340e-01	1.393799e-01	0.e+00
6.290125e-01	1.564967e-01	0.e+00
6.500522e-01	1.564967e-01	0.e+00
6.290125e-01	1.564967e-01	0.e+00
6.394667e-01	1.564967e-01	0.e+00
6.290125e-01	1.564967e-01	0.e+00
7.824651e+01	7.732899e+01	-3.858625e-02
1.165653e+00	2.652183e-01	0.e+00
5.161316e-01	3.926837e-01	0.e+00
6.594426e-01	6.857603e-01	0.e+00
1.22135e+00	2.577109e-01	0.e+00
4.646227e-01	4.024511e-01	0.e+00
3.804670e-01	4.342523e-01	0.e+00
3.685872e-01	4.390513e-01	0.e+00
3.163396e-01	4.769411e-01	0.e+00
1.194761e+00	2.916829e-01	0.e+00
9.472979e-01	3.26474e-01	0.e+00
5.713332e-01	4.161149e-01	0.e+00
2.785528e-01	5.995734e-01	0.e+00
2.734731e-01	5.379471e-01	0.e+00
2.883592e-01	5.242862e-01	0.e+00
2.062370e-01	7.535076e-01	0.e+00
6.671577e+00	7.067778e+00	-3.209560e-03
2.173347e-01	7.208335e-01	0.e+00
2.615009e-01	6.262888e-01	0.e+00
4.727715e-02	9.119744e-01	0.e+00
1.448357e-01	7.94961e-01	0.e+00
1.51634e-01	7.885613e-01	0.e+00
1.230575e-01	8.164269e-01	0.e+00
2.649527e-01	6.750606e-01	0.e+00
1.757037e-01	7.657064e-01	0.e+00
1.039303e-01	8.376975e-01	0.e+00
4.523479e-07	1.e+00	0.e+00
