1.236301e+00	0.e+00	0.e+00
1.763926e+00	7.853080e-02	0.e+00
9.936282e-01	1.861682e-03	0.e+00
6.963280e-01	1.282794e-01	0.e+00
1.197464e+00	0.e+00	0.e+00
1.526003e+00	0.e+00	0.e+00
9.409100e-01	1.090480e-01	0.e+00
9.936282e-01	1.861682e-03	0.e+00
9.936282e-01	1.861682e-03	0.e+00
3.103423e+01	2.979742e+01	-1.476087e-02
3.312866e+00	3.200068e-02	0.e+00
2.820851e+01	2.723566e+01	-1.353511e-02
3.455642e+00	2.297403e-02	0.e+00
1.554208e+00	7.664546e-02	0.e+00
9.292852e-01	1.167988e-01	0.e+00
1.257256e+02	1.251588e+02	-6.25186e-02
6.705951e-01	1.282794e-01	0.e+00
7.728326e-01	1.504910e-01	0.e+00
1.212803e+02	1.207833e+02	-6.032062e-02
7.891336e-01	1.882017e-01	0.e+00
6.291657e-01	1.565603e-01	0.e+00
6.352177e-01	1.565603e-01	0.e+00
6.290105e-01	1.565603e-01	0.e+00
6.929271e-01	1.565603e-01	0.e+00
8.631583e+01	8.555101e+01	-4.266362e-02
9.286848e+02	9.281954e+02	-4.640118e-01
6.290105e-01	1.565603e-01	0.e+00
6.296661e-01	1.565603e-01	0.e+00
6.290105e-01	1.565603e-01	0.e+00
6.290105e-01	1.565603e-01	0.e+00
2.612638e+01	2.565392e+01	-1.274868e-02
6.667098e-01	1.422789e-01	0.e+00
8.441593e-01	3.734182e-01	0.e+00
2.340748e+00	8.088714e-02	0.e+00
2.320067e+00	8.182663e-02	0.e+00
4.791808e-01	4.47725e-01	0.e+00
2.320067e+00	8.182663e-02	0.e+00
6.138014e-01	3.734182e-01	0.e+00
6.00387e-01	3.781314e-01	0.e+00
4.999299e+02	4.996986e+02	-2.496603e-01
7.546898e-01	3.821931e-01	0.e+00
5.415359e-01	3.855651e-01	0.e+00
1.335705e+00	2.645547e-01	0.e+00
6.999793e-01	5.831206e-01	-9.549837e-05
6.178437e-01	3.722225e-01	0.e+00
7.597125e-01	5.632137e-01	0.e+00
4.613979e-01	4.034983e-01	0.e+00
5.848127e-01	3.779228e-01	0.e+00
3.967985e-01	4.236205e-01	0.e+00
6.450658e-01	3.678444e-01	0.e+00
4.662343e-01	4.030445e-01	0.e+00
3.960419e-01	4.239194e-01	0.e+00
4.051016e-01	4.289054e-01	0.e+00
3.677214e-01	4.370221e-01	0.e+00
1.115657e+01	1.127252e+01	-5.408126e-03
3.689681e-01	4.361719e-01	0.e+00
4.355983e-01	4.214824e-01	0.e+00
3.359485e-01	4.578451e-01	0.e+00
3.490655e+01	3.504216e+01	-1.72891e-02
3.512115e-01	4.464013e-01	0.e+00
2.824837e-01	5.223737e-01	0.e+00
3.206608e-01	5.795063e-01	0.e+00
3.000832e-01	4.954697e-01	0.e+00
2.788832e-01	5.297899e-01	0.e+00
2.833975e-01	5.189912e-01	0.e+00
3.126255e-01	4.943041e-01	0.e+00
2.512591e-01	6.630052e-01	0.e+00
3.034613e-01	4.907184e-01	0.e+00
2.315865e-01	7.02901e-01	0.e+00
2.785689e-01	6.48722e-01	0.e+00
1.509104e+02	1.512694e+02	-7.532884e-02
2.523688e-01	6.173968e-01	0.e+00
1.466012e-01	7.949213e-01	0.e+00
2.427962e-01	6.797703e-01	0.e+00
8.877325e-02	8.594839e-01	0.e+00
2.672223e-01	5.561281e-01	0.e+00
1.346360e-01	8.05112e-01	0.e+00
2.094257e-01	7.321540e-01	0.e+00
1.65337e-01	7.816099e-01	0.e+00
2.734325e-01	6.331962e-01	0.e+00
1.804843e-01	7.609014e-01	0.e+00
2.481093e-02	9.517437e-01	0.e+00
1.713438e-01	7.697487e-01	0.e+00
2.344774e-01	7.136128e-01	0.e+00
9.59769e-02	8.458745e-01	0.e+00
1.332165e-01	8.091319e-01	0.e+00
2.103698e-01	7.361747e-01	0.e+00
8.335248e-02	8.610623e-01	0.e+00
1.033018e-01	8.371469e-01	0.e+00
9.613226e-02	8.465229e-01	0.e+00
5.942275e-02	8.933043e-01	0.e+00
7.429671e-02	8.721719e-01	0.e+00
6.437057e-02	8.867356e-01	0.e+00
2.119312e+01	2.203493e+01	-1.05685e-02
2.02891e-01	7.393077e-01	0.e+00
1.18617e-01	8.22276e-01	0.e+00
2.172939e-01	7.209183e-01	0.e+00
1.121664e-01	8.303845e-01	0.e+00
1.958352e-01	7.513192e-01	0.e+00
7.147963e-02	8.780867e-01	0.e+00
