4.002452e+00	0.e+00	0.e+00
5.908176e+00	0.e+00	0.e+00
5.461521e+00	0.e+00	0.e+00
7.61527e+00	3.073386e-02	0.e+00
1.173987e+00	3.085872e-03	0.e+00
2.409761e+00	8.706684e-02	0.e+00
8.472741e+00	3.211939e-02	0.e+00
2.433088e+00	7.736475e-03	0.e+00
1.777141e+00	3.085872e-03	0.e+00
1.155087e+00	3.085872e-03	0.e+00
1.155087e+00	3.085872e-03	0.e+00
3.55226e+00	8.706684e-02	0.e+00
1.725263e+00	3.085872e-03	0.e+00
2.899911e+00	3.085872e-03	0.e+00
2.18388e+00	3.085872e-03	0.e+00
5.376996e+00	3.085872e-03	0.e+00
9.362694e-01	8.706684e-02	0.e+00
1.389271e+00	8.706684e-02	0.e+00
8.010719e+00	3.780369e+00	-1.890184e-03
6.840757e+00	8.706684e-02	0.e+00
7.576660e+00	3.041163e-02	0.e+00
9.770568e-01	8.61731e-02	0.e+00
9.62446e-01	8.61731e-02	0.e+00
9.188226e-01	8.894714e-02	0.e+00
9.757262e-01	8.996473e-02	0.e+00
1.176111e+00	3.009937e-01	-1.076329e-04
9.063369e-01	8.773740e-02	0.e+00
1.037828e+00	8.572796e-02	0.e+00
8.903050e-01	8.815783e-02	0.e+00
9.109584e-01	8.987300e-02	0.e+00
8.205318e-01	9.158664e-02	0.e+00
9.002559e-01	8.761149e-02	0.e+00
8.554400e-01	8.950989e-02	0.e+00
8.493183e-01	8.950989e-02	0.e+00
9.768068e-01	8.933234e-02	0.e+00
7.936098e-01	9.393487e-02	0.e+00
8.984989e-01	8.992988e-02	0.e+00
8.690375e-01	8.886815e-02	0.e+00
7.800236e-01	9.368091e-02	0.e+00
8.384528e-01	9.068791e-02	0.e+00
7.999614e-01	9.171956e-02	0.e+00
7.986026e-01	9.424107e-02	0.e+00
7.690651e-01	9.479986e-02	0.e+00
7.864256e-01	9.252853e-02	0.e+00
7.824767e-01	9.252853e-02	0.e+00
7.855932e-01	9.252853e-02	0.e+00
2.84734e+02	2.840167e+02	-1.419632e-01
7.682810e-01	9.404665e-02	0.e+00
7.508349e-01	9.775529e-02	0.e+00
7.894238e-01	9.457119e-02	0.e+00
7.855039e-01	9.252853e-02	0.e+00
7.660304e-01	9.613697e-02	0.e+00
7.754399e-01	9.619686e-02	0.e+00
7.792024e-01	9.697980e-02	0.e+00
7.480395e-01	9.729966e-02	0.e+00
7.486075e-01	9.729966e-02	0.e+00
7.486281e-01	9.757523e-02	0.e+00
7.272242e-01	1.025752e-01	0.e+00
7.445273e-01	9.832527e-02	0.e+00
7.413606e-01	9.950076e-02	0.e+00
7.422555e-01	9.955558e-02	0.e+00
8.098061e-01	1.038326e-01	0.e+00
7.33954e-01	1.008927e-01	0.e+00
7.235534e-01	1.011641e-01	0.e+00
7.245826e-01	1.011641e-01	0.e+00
7.465956e-01	1.002344e-01	0.e+00
4.141800e+00	2.052178e-01	0.e+00
7.800923e-01	9.950076e-02	0.e+00
7.18526e-01	1.029883e-01	0.e+00
7.937205e-01	9.671558e-02	0.e+00
7.023109e-01	1.066589e-01	0.e+00
7.125873e-01	1.041729e-01	0.e+00
7.203499e-01	1.041729e-01	0.e+00
7.156767e-01	1.036894e-01	0.e+00
7.043172e-01	1.081805e-01	0.e+00
7.164005e-01	1.053572e-01	0.e+00
7.048477e-01	1.066589e-01	0.e+00
7.489758e-01	1.066589e-01	0.e+00
6.989416e-01	1.080111e-01	0.e+00
7.224766e-01	1.032874e-01	0.e+00
1.589105e+02	1.575007e+02	-7.870769e-02
6.975962e-01	1.106213e-01	0.e+00
6.980652e-01	1.108698e-01	0.e+00
6.941457e-01	1.115581e-01	0.e+00
6.791185e-01	1.158539e-01	0.e+00
6.903861e-01	1.115068e-01	0.e+00
6.862307e-01	1.135231e-01	0.e+00
7.520198e-01	1.178185e-01	0.e+00
6.864772e-01	1.130927e-01	0.e+00
6.773436e-01	1.181075e-01	0.e+00
6.887736e-01	1.141304e-01	0.e+00
7.011414e-01	1.095153e-01	0.e+00
6.824583e-01	1.152469e-01	0.e+00
6.792658e-01	1.158539e-01	0.e+00
8.892969e-01	3.092430e-01	-9.808376e-05
8.57315e-01	1.036189e-01	0.e+00
6.874169e-01	1.148165e-01	0.e+00
7.537819e-01	1.081225e-01	0.e+00
7.349225e-01	1.119584e-01	0.e+00
6.768553e-01	1.172712e-01	0.e+00
