1.055637e+00	0.e+00	0.e+00
1.034968e+00	7.058516e-05	0.e+00
1.056045e+00	0.e+00	0.e+00
1.067428e+00	0.e+00	0.e+00
1.035324e+00	7.058516e-05	0.e+00
1.034968e+00	7.058516e-05	0.e+00
1.034968e+00	7.058516e-05	0.e+00
1.062258e+00	0.e+00	0.e+00
1.042578e+00	0.e+00	0.e+00
8.510934e-01	9.447699e-02	0.e+00
2.304417e+00	7.941501e-03	0.e+00
1.039122e+00	6.335155e-05	0.e+00
8.335256e-01	9.447699e-02	0.e+00
8.356704e-01	9.447699e-02	0.e+00
8.316139e-01	9.474898e-02	0.e+00
8.244886e-01	9.502136e-02	0.e+00
7.990464e-01	9.666386e-02	0.e+00
8.138924e-01	9.666386e-02	0.e+00
7.317772e-01	1.028478e-01	0.e+00
7.462856e-01	9.749039e-02	0.e+00
9.157115e-01	8.709642e-02	0.e+00
7.462856e-01	9.749039e-02	0.e+00
2.281877e+00	4.76739e-02	0.e+00
2.589938e+00	4.041573e-02	0.e+00
7.328908e-01	9.832044e-02	0.e+00
7.255426e-01	9.832044e-02	0.e+00
6.996243e-01	1.037929e-01	0.e+00
7.161646e-01	9.984712e-02	0.e+00
7.256829e-01	9.832044e-02	0.e+00
7.084313e-01	1.013856e-01	0.e+00
7.021479e-01	1.030905e-01	0.e+00
7.140986e-01	1.028396e-01	0.e+00
7.215553e-01	9.959679e-02	0.e+00
7.055049e-01	1.074256e-01	0.e+00
6.86999e-01	1.099991e-01	0.e+00
7.124758e-01	1.001923e-01	0.e+00
7.164259e-01	1.046328e-01	0.e+00
6.775087e-01	1.166401e-01	0.e+00
6.791170e-01	1.1507e-01	0.e+00
6.740939e-01	1.229796e-01	0.e+00
