1.487220e+00	0.e+00	0.e+00
1.179811e+00	8.937805e-04	0.e+00
1.073421e+00	1.430049e-04	0.e+00
9.329351e-01	1.033257e-01	0.e+00
1.329694e+00	1.430049e-04	0.e+00
6.005457e+00	2.136602e-01	0.e+00
1.042443e+00	7.96926e-02	0.e+00
1.750861e+00	8.384146e-02	0.e+00
4.018745e+00	2.324828e-01	0.e+00
7.643326e-01	9.826396e-02	0.e+00
7.181484e-01	1.059042e-01	0.e+00
8.249957e-01	1.059042e-01	0.e+00
1.056439e+00	1.059042e-01	0.e+00
7.845985e-01	1.059042e-01	0.e+00
9.048625e-01	1.059042e-01	0.e+00
8.142193e-01	1.020483e-01	0.e+00
7.44478e-01	1.098316e-01	0.e+00
8.078724e-01	1.059042e-01	0.e+00
7.182598e-01	1.059042e-01	0.e+00
7.182598e-01	1.059042e-01	0.e+00
7.247038e-01	1.059042e-01	0.e+00
7.514425e-01	1.059042e-01	0.e+00
7.181941e-01	1.059042e-01	0.e+00
1.357589e+00	1.059042e-01	0.e+00
7.178777e-01	1.059042e-01	0.e+00
4.129158e+00	2.06536e-01	0.e+00
7.423428e-01	3.404667e-01	0.e+00
1.143828e+00	1.037343e-01	0.e+00
9.563872e-01	1.001636e-01	0.e+00
3.324863e+00	2.261338e-01	0.e+00
5.775090e-01	3.529694e-01	0.e+00
3.382129e+00	2.148190e-01	0.e+00
5.360898e-01	3.608329e-01	0.e+00
5.260781e-01	3.655028e-01	0.e+00
4.651538e-01	4.240773e-01	0.e+00
4.108194e-01	4.325762e-01	0.e+00
5.481863e-01	3.820019e-01	0.e+00
6.375818e-01	4.513838e-01	0.e+00
6.893467e-01	3.437221e-01	0.e+00
4.172181e-01	3.980469e-01	0.e+00
4.971428e-01	3.777179e-01	0.e+00
4.789701e-01	3.888093e-01	0.e+00
4.649639e-01	3.904813e-01	0.e+00
3.962646e-01	4.217789e-01	0.e+00
7.373363e-01	6.498849e-01	0.e+00
3.920336e-01	4.217789e-01	0.e+00
6.191405e-01	4.217789e-01	0.e+00
3.754719e-01	4.217789e-01	0.e+00
6.615398e-01	5.382673e-01	0.e+00
3.979809e-01	8.486562e-01	0.e+00
4.919310e-01	6.997317e-01	0.e+00
6.718005e-01	4.382794e-01	0.e+00
4.826693e-01	6.172605e-01	0.e+00
9.223267e-01	4.284404e-01	0.e+00
3.268336e-01	6.570253e-01	0.e+00
3.134063e-01	6.61842e-01	0.e+00
5.518622e-01	5.167108e-01	0.e+00
3.456542e-01	6.629705e-01	0.e+00
3.22955e-01	6.573411e-01	0.e+00
3.228175e-01	7.107374e-01	0.e+00
2.037788e-01	7.443457e-01	0.e+00
2.247478e-01	7.303936e-01	0.e+00
1.838881e-01	7.724011e-01	0.e+00
2.546409e-01	7.534331e-01	0.e+00
3.646554e-02	1.e+00	0.e+00
1.794201e-01	7.667478e-01	0.e+00
1.605568e-01	7.826567e-01	0.e+00
1.100766e-01	8.302010e-01	0.e+00
1.317448e-01	8.008043e-01	0.e+00
1.481685e-01	7.885002e-01	0.e+00
3.360489e-01	6.892321e-01	0.e+00
6.586191e-02	1.e+00	0.e+00
2.068746e-01	7.573362e-01	0.e+00
9.134783e-02	8.754482e-01	0.e+00
1.268273e-01	8.474547e-01	0.e+00
1.499015e-01	9.167056e-01	0.e+00
8.541028e+01	8.631267e+01	-4.268262e-02
3.337843e-02	9.717823e-01	0.e+00
2.526674e-02	1.e+00	0.e+00
2.530344e-02	9.548037e-01	0.e+00
