2.99666e+00	4.486342e-02	0.e+00
6.523446e-01	1.337867e-01	0.e+00
1.044248e+00	1.404058e-03	0.e+00
1.224821e+00	0.e+00	0.e+00
6.847019e-01	1.225370e-01	0.e+00
1.270915e+00	2.879286e-03	0.e+00
7.328534e-01	1.148028e-01	0.e+00
9.972535e-01	2.879286e-03	0.e+00
9.898268e-01	2.879286e-03	0.e+00
1.684655e+00	7.100379e-03	0.e+00
1.872546e+00	2.879286e-03	0.e+00
1.55644e+00	2.879286e-03	0.e+00
1.577698e+00	2.879286e-03	0.e+00
1.029762e+00	7.198214e-04	0.e+00
1.731263e+00	0.e+00	0.e+00
9.95287e-01	2.027451e-03	0.e+00
2.473059e+00	6.284500e-02	0.e+00
1.324093e+00	9.958219e-02	0.e+00
1.023899e+00	1.337867e-01	0.e+00
2.850469e+00	4.130958e-02	0.e+00
8.880103e-01	9.958219e-02	0.e+00
6.317628e-01	1.491869e-01	0.e+00
1.130763e+00	1.035017e-01	0.e+00
6.514222e-01	1.342724e-01	0.e+00
8.703196e-01	1.004415e-01	0.e+00
7.926297e-01	1.139958e-01	0.e+00
1.560869e+00	2.37319e-01	0.e+00
9.022476e-01	1.142152e-01	0.e+00
2.289903e+00	7.10199e-02	0.e+00
6.997829e-01	1.191075e-01	0.e+00
7.582315e-01	1.225370e-01	0.e+00
2.791872e+00	5.880454e-02	0.e+00
1.105486e+00	9.221042e-02	0.e+00
6.641822e-01	1.312858e-01	0.e+00
1.028682e+00	9.269999e-02	0.e+00
8.368562e-01	1.028994e-01	0.e+00
8.484918e-01	1.409763e-01	0.e+00
6.362515e-01	1.441205e-01	0.e+00
8.593176e-01	1.014112e-01	0.e+00
6.385022e-01	1.533040e-01	0.e+00
6.970577e-01	1.826732e-01	0.e+00
6.290640e-01	1.574772e-01	0.e+00
1.089327e+00	1.574772e-01	0.e+00
6.488604e-01	1.504007e-01	0.e+00
6.290640e-01	1.574772e-01	0.e+00
6.290640e-01	1.574772e-01	0.e+00
7.427793e-01	1.574772e-01	0.e+00
7.648423e-01	1.980052e-01	0.e+00
6.668455e-01	1.799629e-01	0.e+00
6.7607e-01	1.409763e-01	0.e+00
6.290640e-01	1.574772e-01	0.e+00
6.443879e-01	1.714655e-01	0.e+00
8.369318e-01	2.021435e-01	0.e+00
6.290640e-01	1.574772e-01	0.e+00
6.566401e-01	1.712226e-01	0.e+00
2.773349e+00	3.271905e-02	0.e+00
6.290640e-01	1.574772e-01	0.e+00
6.290640e-01	1.574772e-01	0.e+00
6.315559e-01	1.574772e-01	0.e+00
7.237238e-01	1.346571e-01	0.e+00
9.286066e-01	1.574772e-01	0.e+00
6.290640e-01	1.574772e-01	0.e+00
1.146152e+00	2.574414e-01	0.e+00
8.648730e-01	3.714286e-01	0.e+00
1.245855e+00	2.537275e-01	0.e+00
6.290640e-01	1.574772e-01	0.e+00
5.213302e-01	3.895122e-01	0.e+00
1.947397e+00	8.020016e-02	0.e+00
8.913894e-01	2.099291e-01	0.e+00
6.970766e-01	1.801602e-01	0.e+00
6.290640e-01	1.574772e-01	0.e+00
6.292441e-01	1.574772e-01	0.e+00
6.290640e-01	1.574772e-01	0.e+00
2.293783e+00	6.963514e-02	0.e+00
6.696893e-01	3.714286e-01	0.e+00
6.683736e-01	3.648086e-01	0.e+00
4.865316e-01	5.687483e-01	0.e+00
6.029178e-01	3.760439e-01	0.e+00
4.392827e-01	4.092875e-01	0.e+00
1.471844e+00	7.914264e-02	0.e+00
4.361977e-01	5.846524e-01	0.e+00
8.156245e-01	3.824491e-01	0.e+00
5.468489e-01	3.844454e-01	0.e+00
4.046705e-01	4.21814e-01	0.e+00
8.566745e-01	1.598329e-01	0.e+00
3.962035e-01	4.240625e-01	0.e+00
1.363764e+00	2.745271e-01	0.e+00
7.308199e-01	3.942028e-01	0.e+00
4.980157e-01	3.944180e-01	0.e+00
5.396470e-01	3.859385e-01	0.e+00
6.290117e-01	1.564876e-01	0.e+00
4.332898e-01	4.114347e-01	0.e+00
4.819821e-01	3.992567e-01	0.e+00
4.413610e-01	4.089646e-01	0.e+00
4.504861e-01	4.061090e-01	0.e+00
3.947055e-01	4.253726e-01	0.e+00
4.9238e-01	3.960124e-01	0.e+00
4.321479e-01	4.115700e-01	0.e+00
4.440384e-01	4.086822e-01	0.e+00
4.400811e-01	4.157485e-01	0.e+00
4.134851e-01	4.178379e-01	0.e+00
4.416057e-01	4.204737e-01	0.e+00
6.766994e-01	3.635866e-01	0.e+00
4.189565e-01	4.249581e-01	0.e+00
3.433682e-01	4.562059e-01	0.e+00
3.838878e-01	4.290384e-01	0.e+00
3.556440e-01	4.460726e-01	0.e+00
4.794276e-01	3.987623e-01	0.e+00
3.384710e-01	4.561008e-01	0.e+00
4.042256e-01	4.402427e-01	0.e+00
3.569766e-01	4.431028e-01	0.e+00
3.279383e-01	4.984923e-01	0.e+00
5.46807e-01	4.105168e-01	0.e+00
3.564901e-01	5.020115e-01	0.e+00
5.080454e+00	5.196478e+00	-2.370511e-03
3.339882e-01	4.589612e-01	0.e+00
3.312609e-01	4.617761e-01	0.e+00
1.533866e+00	1.796368e+00	-6.300758e-04
4.003774e-01	4.291544e-01	0.e+00
2.810951e-01	5.372482e-01	0.e+00
3.139125e-01	4.784520e-01	0.e+00
3.117273e-01	4.815957e-01	0.e+00
3.475015e-01	4.861619e-01	0.e+00
2.707222e-01	7.189500e-01	0.e+00
3.612160e-01	5.733025e-01	0.e+00
2.970418e-01	4.990521e-01	0.e+00
2.645933e-01	6.647355e-01	0.e+00
2.552629e-01	5.887054e-01	0.e+00
2.896782e-01	5.154898e-01	0.e+00
8.050688e-01	3.745739e-01	0.e+00
2.825286e-01	5.918324e-01	0.e+00
2.975964e-01	5.324557e-01	0.e+00
3.470482e-01	4.756191e-01	0.e+00
3.517897e+02	3.517100e+02	-1.756405e-01
2.712354e-01	5.501210e-01	0.e+00
2.506425e-01	6.422188e-01	0.e+00
1.487501e-01	8.088322e-01	0.e+00
2.595299e-01	5.697696e-01	0.e+00
5.722075e+00	5.951101e+00	-2.715860e-03
3.393083e-01	4.912385e-01	0.e+00
1.25129e-01	8.390027e-01	0.e+00
2.512475e-01	6.407687e-01	0.e+00
9.866885e+00	9.730702e+00	-4.655974e-03
4.172824e-01	4.657946e-01	0.e+00
2.570813e-01	6.759722e-01	0.e+00
2.698817e-01	6.130297e-01	0.e+00
2.668580e-01	6.920149e-01	0.e+00
2.503817e-01	6.820804e-01	0.e+00
2.589774e-01	6.595217e-01	0.e+00
2.77327e-01	6.219478e-01	0.e+00
2.604888e-01	5.838827e-01	0.e+00
2.319326e-01	7.283491e-01	0.e+00
2.426131e-01	7.170223e-01	0.e+00
1.829360e-01	7.602220e-01	0.e+00
2.030125e-01	7.390116e-01	0.e+00
2.100348e-01	7.334428e-01	0.e+00
2.255464e-01	7.387395e-01	0.e+00
1.971750e-01	7.440177e-01	0.e+00
1.699269e-01	7.718016e-01	0.e+00
1.890476e-01	7.524195e-01	0.e+00
1.963206e-01	7.569584e-01	0.e+00
1.794235e-01	7.619358e-01	0.e+00
1.757944e-01	7.662176e-01	0.e+00
1.713675e-01	7.717689e-01	0.e+00
1.487201e-01	7.912571e-01	0.e+00
1.651781e-01	7.799303e-01	0.e+00
2.566153e-01	6.754091e-01	0.e+00
2.668818e-01	5.938566e-01	0.e+00
1.654502e-01	7.756804e-01	0.e+00
1.41564e-01	7.985008e-01	0.e+00
1.011571e-01	8.396117e-01	0.e+00
4.501504e-02	9.163675e-01	0.e+00
2.624207e-01	6.835326e-01	0.e+00
5.903344e-02	8.952614e-01	0.e+00
5.271314e-04	1.e+00	0.e+00
1.142582e-01	8.262227e-01	0.e+00
1.647276e-01	7.763951e-01	0.e+00
6.966173e-04	1.e+00	0.e+00
9.918081e-02	8.415990e-01	0.e+00
8.697796e-02	8.560914e-01	0.e+00
2.910886e-01	6.955057e-01	0.e+00
5.206033e-02	9.043756e-01	0.e+00
8.328367e-02	8.640925e-01	0.e+00
8.825134e+01	8.904521e+01	-4.408771e-02
6.408464e-02	8.862870e-01	0.e+00
2.071558e+01	2.152019e+01	-1.031874e-02
1.114606e-01	8.349898e-01	0.e+00
1.321755e-02	1.e+00	0.e+00
3.167337e-02	9.513123e-01	0.e+00
4.752665e-02	9.122278e-01	0.e+00
4.291122e-02	9.197409e-01	0.e+00
3.809310e-02	9.275381e-01	0.e+00
1.75611e-01	7.667248e-01	0.e+00
9.679799e-02	8.443825e-01	0.e+00
2.967428e-02	9.540030e-01	0.e+00
1.98771e-01	7.459442e-01	0.e+00
1.269078e-02	9.750353e-01	0.e+00
8.649542e-03	9.830606e-01	0.e+00
2.606653e-02	9.497936e-01	0.e+00
3.401461e-06	1.e+00	0.e+00
