2.825079e+00	4.388668e-02	0.e+00
9.896812e-01	2.674457e-03	0.e+00
1.473923e+00	1.007375e-02	0.e+00
1.547214e+00	2.522517e-01	0.e+00
2.666697e+00	5.488273e-02	0.e+00
1.05388e+00	1.10005e-01	0.e+00
6.356213e-01	1.447138e-01	0.e+00
1.573761e+00	1.152988e-02	0.e+00
7.244520e-01	1.218122e-01	0.e+00
1.264240e+00	9.629771e-02	0.e+00
1.188923e+00	6.081425e-03	0.e+00
8.442623e-01	1.032959e-01	0.e+00
7.547017e-01	1.109122e-01	0.e+00
1.40495e+00	2.784852e-01	0.e+00
6.328821e-01	1.477355e-01	0.e+00
3.30715e+01	3.250967e+01	-1.619353e-02
6.716967e-01	1.27736e-01	0.e+00
6.889439e-01	1.259461e-01	0.e+00
1.083674e+00	4.324142e-03	0.e+00
1.775079e+00	8.165266e-02	0.e+00
6.296170e-01	1.559945e-01	0.e+00
7.105820e-01	1.355589e-01	0.e+00
7.437370e-01	1.319431e-01	0.e+00
6.290568e-01	1.559945e-01	0.e+00
9.756623e-01	1.559945e-01	0.e+00
7.000919e-01	1.368695e-01	0.e+00
6.290568e-01	1.559945e-01	0.e+00
6.998190e-01	1.429803e-01	0.e+00
6.290568e-01	1.559945e-01	0.e+00
1.123432e+00	2.521921e-01	0.e+00
6.290568e-01	1.559945e-01	0.e+00
5.913567e-01	3.764451e-01	0.e+00
6.890307e-01	1.559945e-01	0.e+00
6.290568e-01	1.559945e-01	0.e+00
6.292707e-01	1.559945e-01	0.e+00
6.290568e-01	1.559945e-01	0.e+00
1.493267e+01	1.44083e+01	-7.126152e-03
1.008179e+00	1.616904e-01	0.e+00
4.577095e-01	5.580013e-01	0.e+00
3.460840e+01	3.47034e+01	-1.707262e-02
5.517573e-01	3.834986e-01	0.e+00
4.645719e-01	4.023766e-01	0.e+00
5.837394e-01	3.890081e-01	0.e+00
4.596564e-01	4.037524e-01	0.e+00
4.490734e-01	4.065685e-01	0.e+00
5.463207e-01	3.846860e-01	0.e+00
1.143943e+00	8.218435e-01	-2.268682e-04
4.470031e-01	4.071183e-01	0.e+00
5.635915e-01	3.814237e-01	0.e+00
4.242979e-01	4.145546e-01	0.e+00
4.10093e-01	4.19464e-01	0.e+00
5.502513e-01	3.85077e-01	0.e+00
3.761986e-01	6.689546e-01	0.e+00
3.417937e-01	4.559968e-01	0.e+00
7.321942e-01	3.561506e-01	0.e+00
3.058062e-01	4.999668e-01	0.e+00
3.591916e-01	4.513697e-01	0.e+00
6.909431e-01	3.811561e-01	0.e+00
4.01154e-01	6.499748e-01	0.e+00
3.070012e-01	4.863206e-01	0.e+00
3.107707e-01	6.222776e-01	0.e+00
3.112922e-01	4.895426e-01	0.e+00
2.601482e-01	6.864136e-01	0.e+00
4.575565e-01	4.266264e-01	0.e+00
2.841772e-01	5.209401e-01	0.e+00
2.674227e-01	5.655092e-01	0.e+00
4.379302e-01	4.097956e-01	0.e+00
3.265238e-01	4.914999e-01	0.e+00
2.778251e-01	5.364429e-01	0.e+00
2.60156e-01	6.034928e-01	0.e+00
2.564385e-01	6.091198e-01	0.e+00
2.487586e-01	6.568624e-01	0.e+00
2.569544e-01	6.451948e-01	0.e+00
2.412968e-01	6.806933e-01	0.e+00
1.152012e+00	1.610081e+00	-4.579481e-04
2.148201e-01	7.243196e-01	0.e+00
7.410911e-02	8.808580e-01	0.e+00
7.863352e-02	8.703399e-01	0.e+00
2.552020e-01	5.931746e-01	0.e+00
2.419446e-01	6.799478e-01	0.e+00
9.400446e-02	8.522744e-01	0.e+00
1.274644e-01	8.129113e-01	0.e+00
1.230436e-01	8.163842e-01	0.e+00
1.299742e-01	8.123173e-01	0.e+00
1.540316e-01	7.974546e-01	0.e+00
7.278885e-02	8.741423e-01	0.e+00
1.230913e-01	8.162416e-01	0.e+00
1.647459e-01	7.787208e-01	0.e+00
1.941552e-01	7.561514e-01	0.e+00
1.300348e+02	1.308764e+02	-6.498924e-02
4.567504e-02	9.153374e-01	0.e+00
7.56543e-02	8.7032e-01	0.e+00
7.304298e-02	8.816943e-01	0.e+00
5.706038e-02	8.977964e-01	0.e+00
9.640888e-02	8.503645e-01	0.e+00
1.837481e-03	1.e+00	0.e+00
5.241384e+00	6.157240e+00	-2.606217e-03
2.217668e-02	9.668000e-01	0.e+00
1.030004e-01	8.373473e-01	0.e+00
5.121553e-02	9.057725e-01	0.e+00
