2.798196e+00	3.146628e-02	0.e+00
9.936282e-01	1.861682e-03	0.e+00
1.143809e+00	4.33358e-04	0.e+00
9.942158e-01	1.861682e-03	0.e+00
1.749610e+00	0.e+00	0.e+00
1.274591e+00	0.e+00	0.e+00
2.878905e+00	4.026210e-02	0.e+00
2.99226e+00	3.569651e-02	0.e+00
9.936021e-01	1.861682e-03	0.e+00
1.027905e+00	7.831611e-04	0.e+00
2.317389e+00	5.865043e-02	0.e+00
1.083833e+00	1.450179e-01	0.e+00
2.811535e+00	4.411392e-02	0.e+00
1.151045e+00	3.060125e-01	0.e+00
3.318902e+00	2.528726e-02	0.e+00
1.257785e+00	2.856112e-01	0.e+00
6.656295e-01	1.282794e-01	0.e+00
2.773651e+00	4.814167e-02	0.e+00
2.506325e+01	2.448626e+01	-1.21721e-02
6.316082e-01	1.492349e-01	0.e+00
6.361275e-01	1.634415e-01	0.e+00
6.352003e-01	1.565603e-01	0.e+00
1.638569e+00	7.698768e-02	0.e+00
6.290105e-01	1.565603e-01	0.e+00
6.290105e-01	1.565603e-01	0.e+00
6.290105e-01	1.565603e-01	0.e+00
6.290105e-01	1.565603e-01	0.e+00
6.216361e+01	6.168722e+01	-3.076052e-02
7.158647e-01	1.565603e-01	0.e+00
6.290105e-01	1.565603e-01	0.e+00
6.608813e-01	1.430991e-01	0.e+00
1.82344e+00	8.182663e-02	0.e+00
6.290105e-01	1.565603e-01	0.e+00
6.849906e-01	1.565603e-01	0.e+00
6.322138e-01	1.565603e-01	0.e+00
6.402375e-01	1.49237e-01	0.e+00
1.166510e+00	2.656847e-01	0.e+00
7.866269e-01	3.478243e-01	0.e+00
1.226962e+00	2.624038e-01	0.e+00
1.446644e+02	1.43956e+02	-7.189875e-02
5.168461e-01	3.903979e-01	0.e+00
4.319180e-01	4.118957e-01	0.e+00
1.365191e+00	2.689859e-01	0.e+00
5.087784e-01	3.921239e-01	0.e+00
5.013421e-01	3.954275e-01	0.e+00
1.390993e+00	2.585061e-01	0.e+00
4.603176e-01	4.034983e-01	0.e+00
3.395299e-01	4.666225e-01	0.e+00
3.390720e-01	4.73319e-01	0.e+00
3.313947e-01	4.627154e-01	0.e+00
1.944642e+01	1.910389e+01	-9.372167e-03
3.968988e-01	4.235811e-01	0.e+00
4.650496e+01	4.66783e+01	-2.309652e-02
7.648558e-01	3.529162e-01	0.e+00
4.783247e-01	4.385345e-01	0.e+00
3.637692e-01	4.452008e-01	0.e+00
6.193515e-01	3.741600e-01	0.e+00
5.214838e-01	5.991595e-01	-7.065719e-05
4.672452e-01	4.062142e-01	0.e+00
3.658828e+00	2.585243e+00	-1.188127e-03
1.513233e+02	1.515946e+02	-7.550836e-02
3.062119e-01	4.893858e-01	0.e+00
3.180174e-01	4.746975e-01	0.e+00
3.616661e-01	4.401579e-01	0.e+00
2.854541e-01	5.189912e-01	0.e+00
1.668388e+00	1.849384e+00	-6.603111e-04
2.655352e-01	5.533486e-01	0.e+00
3.155915e-01	5.533486e-01	0.e+00
2.590165e-01	5.714596e-01	0.e+00
2.645989e-01	6.691586e-01	0.e+00
2.660914e-01	6.117748e-01	0.e+00
2.579705e-01	6.784096e-01	0.e+00
2.478356e-01	6.59073e-01	0.e+00
2.597343e-01	5.699768e-01	0.e+00
2.356027e-01	6.930433e-01	0.e+00
2.512586e-01	6.604481e-01	0.e+00
2.333817e-01	7.165020e-01	0.e+00
2.486052e-01	6.850347e-01	0.e+00
2.521236e-01	6.254136e-01	0.e+00
2.601592e-01	5.995704e-01	0.e+00
1.109402e+01	1.155446e+01	-5.427677e-03
1.71647e-01	7.707967e-01	0.e+00
1.632264e-01	7.798397e-01	0.e+00
2.938575e-01	6.47212e-01	0.e+00
1.675117e-01	7.749005e-01	0.e+00
1.447249e+01	1.514852e+01	-7.170043e-03
1.285712e-01	8.110033e-01	0.e+00
1.118742e-01	8.280726e-01	0.e+00
1.037608e-01	8.368851e-01	0.e+00
9.496216e-02	8.465229e-01	0.e+00
7.547579e-02	8.743457e-01	0.e+00
8.843767e+00	9.815149e+00	-4.416898e-03
3.479369e-02	9.566004e-01	0.e+00
6.841036e-02	8.802588e-01	0.e+00
4.898092e-02	9.116064e-01	0.e+00
3.912417e-02	9.275005e-01	0.e+00
1.104189e-04	1.e+00	0.e+00
3.076458e-01	5.499075e-01	0.e+00
5.981404e-03	9.885261e-01	0.e+00
6.726171e-02	8.864269e-01	0.e+00
