1.481205e+00	0.e+00	0.e+00
1.505083e+00	9.790623e-03	0.e+00
7.105571e-01	1.756611e-01	0.e+00
1.635379e+00	0.e+00	0.e+00
1.056565e+00	3.70246e-04	0.e+00
1.563271e+00	7.701274e-02	0.e+00
1.191546e+00	1.979415e-01	0.e+00
6.423334e-01	1.405669e-01	0.e+00
6.385495e-01	1.563271e-01	0.e+00
6.303519e-01	1.563271e-01	0.e+00
6.29125e-01	1.563271e-01	0.e+00
6.290115e-01	1.563271e-01	0.e+00
6.293501e-01	1.563271e-01	0.e+00
6.290115e-01	1.563271e-01	0.e+00
9.334657e-01	2.229235e-01	0.e+00
3.04135e+01	3.021262e+01	-1.483872e-02
5.544475e-01	3.844367e-01	0.e+00
5.062261e-01	3.926551e-01	0.e+00
2.762789e-01	7.635774e-01	0.e+00
4.318879e-01	4.114985e-01	0.e+00
3.351950e-01	4.705776e-01	0.e+00
3.548975e-01	4.475317e-01	0.e+00
3.136562e-01	4.820754e-01	0.e+00
4.773287e-01	3.992274e-01	0.e+00
3.156146e-01	4.771851e-01	0.e+00
2.870688e-01	5.136326e-01	0.e+00
2.709308e-01	5.409333e-01	0.e+00
2.874627e-01	5.759087e-01	0.e+00
2.574835e-01	6.084373e-01	0.e+00
2.558694e-01	5.966167e-01	0.e+00
3.918919e+02	3.926756e+02	-1.959015e-01
2.064559e-01	7.487312e-01	0.e+00
1.548914e-01	7.854517e-01	0.e+00
2.727299e-01	7.243070e-01	0.e+00
1.223924e-01	8.190366e-01	0.e+00
4.065409e-02	9.231456e-01	0.e+00
1.036756e-01	8.906249e-01	0.e+00
4.040801e+02	4.045058e+02	-2.019067e-01
2.848992e-02	9.584858e-01	0.e+00
1.30983e-06	1.e+00	0.e+00
