1.281538e+00	4.023934e-03	0.e+00
1.631017e+00	2.615263e-03	0.e+00
2.922510e+00	4.358254e-02	0.e+00
8.084248e-01	1.24953e-01	0.e+00
1.080821e+00	2.615263e-03	0.e+00
1.759936e+00	8.330035e-02	0.e+00
6.323091e-01	1.574116e-01	0.e+00
1.145018e+00	7.191143e-03	0.e+00
9.934915e-01	2.615263e-03	0.e+00
1.378738e+00	9.584524e-02	0.e+00
8.873316e-01	9.938214e-02	0.e+00
3.386828e+00	2.041265e-02	0.e+00
7.501903e-01	1.116753e-01	0.e+00
3.349933e+00	2.321472e-02	0.e+00
7.388046e-01	1.164095e-01	0.e+00
1.355701e+00	2.262885e-01	0.e+00
1.194610e+00	8.781859e-02	0.e+00
6.563866e-01	1.320933e-01	0.e+00
6.387398e-01	1.420617e-01	0.e+00
1.464676e+00	9.283185e-02	0.e+00
1.334376e+00	1.56731e-01	0.e+00
7.566319e-01	1.896685e-01	0.e+00
6.307231e-01	1.534029e-01	0.e+00
7.807859e-01	1.420617e-01	0.e+00
6.478951e-01	1.56731e-01	0.e+00
6.354341e-01	1.452650e-01	0.e+00
1.323442e+00	1.003322e-01	0.e+00
6.314953e-01	1.501106e-01	0.e+00
7.501261e-01	1.886480e-01	0.e+00
6.290134e-01	1.56731e-01	0.e+00
6.290134e-01	1.56731e-01	0.e+00
6.290134e-01	1.56731e-01	0.e+00
7.149801e-01	1.884226e-01	0.e+00
6.290134e-01	1.56731e-01	0.e+00
1.189762e+00	2.590401e-01	0.e+00
6.663279e-01	1.56731e-01	0.e+00
6.964157e-01	1.873338e-01	0.e+00
6.291368e-01	1.56731e-01	0.e+00
4.261342e-01	4.133876e-01	0.e+00
1.215132e+00	2.626394e-01	0.e+00
1.269794e+00	1.023958e-01	0.e+00
5.472808e-01	3.869177e-01	0.e+00
3.722840e-01	6.929423e-01	0.e+00
8.99254e-01	1.618269e-01	0.e+00
8.960492e-01	3.333468e-01	0.e+00
4.812730e-01	4.002183e-01	0.e+00
4.634860e-01	4.029661e-01	0.e+00
3.590256e-01	4.561991e-01	0.e+00
3.374345e-01	4.576281e-01	0.e+00
8.060815e-01	3.450767e-01	0.e+00
4.101314e-01	4.194001e-01	0.e+00
3.585746e-01	6.642108e-01	0.e+00
3.562205e-01	4.439133e-01	0.e+00
5.324924e-01	4.325709e-01	0.e+00
3.207607e-01	4.799879e-01	0.e+00
3.390262e-01	4.562006e-01	0.e+00
3.835662e-01	4.514027e-01	0.e+00
3.374345e-01	4.576281e-01	0.e+00
3.420343e-01	4.538584e-01	0.e+00
3.799877e-01	4.73134e-01	0.e+00
3.034027e-01	5.739716e-01	0.e+00
3.030744e-01	4.918147e-01	0.e+00
3.451974e-01	4.978338e-01	0.e+00
2.613843e-01	6.279232e-01	0.e+00
2.700152e-01	6.106496e-01	0.e+00
3.024106e-01	5.013188e-01	0.e+00
2.372817e-01	6.895448e-01	0.e+00
1.751165e-01	8.004148e-01	0.e+00
2.591453e-01	5.709837e-01	0.e+00
2.682129e-01	5.709837e-01	0.e+00
3.738793e-01	4.872914e-01	0.e+00
2.784262e-01	5.299002e-01	0.e+00
1.634894e-01	7.927902e-01	0.e+00
2.432706e-01	6.762321e-01	0.e+00
1.903151e-01	7.531358e-01	0.e+00
2.647996e-01	6.044793e-01	0.e+00
9.684327e-01	3.310422e-01	0.e+00
2.810306e-01	5.810115e-01	0.e+00
1.99663e-01	7.424176e-01	0.e+00
2.036358e-01	7.531358e-01	0.e+00
1.790820e-01	7.627541e-01	0.e+00
1.806776e-01	7.617903e-01	0.e+00
2.851319e-01	5.777058e-01	0.e+00
1.581524e-01	7.835148e-01	0.e+00
1.425437e-01	7.971766e-01	0.e+00
1.332592e-01	8.088197e-01	0.e+00
1.217701e-01	8.180011e-01	0.e+00
7.014370e-02	9.244142e-01	0.e+00
1.690106e-01	7.722583e-01	0.e+00
6.566815e-02	8.856417e-01	0.e+00
2.966721e-04	1.e+00	0.e+00
8.963816e-02	8.703356e-01	0.e+00
1.564774e-01	7.854267e-01	0.e+00
5.804001e-02	8.955647e-01	0.e+00
4.741157e-02	9.125415e-01	0.e+00
4.339795e-02	9.265628e-01	0.e+00
1.125082e-01	8.320389e-01	0.e+00
1.798645e-02	9.697086e-01	0.e+00
3.580551e-02	9.809114e-01	0.e+00
3.646309e-05	1.e+00	0.e+00
