1.057848e+00	1.459604e-03	0.e+00
1.057757e+00	1.459604e-03	0.e+00
1.050883e+00	1.489157e-03	0.e+00
1.053264e+00	1.489157e-03	0.e+00
1.050883e+00	1.489157e-03	0.e+00
1.057718e+00	1.459604e-03	0.e+00
1.050883e+00	1.489157e-03	0.e+00
1.106086e+00	1.489157e-03	0.e+00
1.053246e+00	1.489157e-03	0.e+00
2.713705e+00	6.898587e-03	0.e+00
1.050883e+00	1.489157e-03	0.e+00
1.052015e+00	1.489157e-03	0.e+00
9.207968e+02	9.184879e+02	-4.592439e-01
1.050866e+00	1.489157e-03	0.e+00
1.071817e+00	1.489157e-03	0.e+00
1.050866e+00	1.489157e-03	0.e+00
1.091163e+00	1.489157e-03	0.e+00
1.118273e+00	1.489157e-03	0.e+00
1.050857e+00	1.489157e-03	0.e+00
1.050857e+00	1.489157e-03	0.e+00
1.050862e+00	1.489157e-03	0.e+00
1.05085e+00	1.489157e-03	0.e+00
1.05085e+00	1.489157e-03	0.e+00
1.05085e+00	1.489157e-03	0.e+00
1.089469e+00	1.489157e-03	0.e+00
1.050923e+00	1.489157e-03	0.e+00
1.066432e+00	1.489157e-03	0.e+00
1.05085e+00	1.489157e-03	0.e+00
1.05085e+00	1.489157e-03	0.e+00
1.063115e+00	1.489157e-03	0.e+00
1.05085e+00	1.489157e-03	0.e+00
1.05085e+00	1.489157e-03	0.e+00
1.05085e+00	1.489157e-03	0.e+00
1.052794e+00	1.489157e-03	0.e+00
6.557077e+00	1.786672e-02	0.e+00
1.05085e+00	1.489157e-03	0.e+00
1.051571e+00	1.489157e-03	0.e+00
1.090191e+00	1.489157e-03	0.e+00
1.05085e+00	1.489157e-03	0.e+00
1.055383e+00	1.489157e-03	0.e+00
1.053856e+00	1.489157e-03	0.e+00
1.064759e+00	1.489157e-03	0.e+00
1.114161e+00	1.489157e-03	0.e+00
1.05085e+00	1.489157e-03	0.e+00
1.05085e+00	1.489157e-03	0.e+00
1.072895e+00	1.489157e-03	0.e+00
1.050836e+00	1.489157e-03	0.e+00
1.050836e+00	1.489157e-03	0.e+00
1.050836e+00	1.489157e-03	0.e+00
1.050836e+00	1.489157e-03	0.e+00
1.19541e+00	1.489157e-03	0.e+00
1.050836e+00	1.489157e-03	0.e+00
1.050836e+00	1.489157e-03	0.e+00
1.050836e+00	1.489157e-03	0.e+00
1.050836e+00	1.489157e-03	0.e+00
1.050836e+00	1.489157e-03	0.e+00
1.05084e+00	1.489157e-03	0.e+00
1.050836e+00	1.489157e-03	0.e+00
1.050836e+00	1.489157e-03	0.e+00
1.050836e+00	1.489157e-03	0.e+00
1.050836e+00	1.489157e-03	0.e+00
1.050836e+00	1.489157e-03	0.e+00
1.050836e+00	1.489157e-03	0.e+00
1.050836e+00	1.489157e-03	0.e+00
1.055476e+00	1.489157e-03	0.e+00
1.058448e+00	1.489157e-03	0.e+00
2.825650e+02	2.816494e+02	-1.407584e-01
1.195507e+00	1.489157e-03	0.e+00
1.050836e+00	1.489157e-03	0.e+00
1.050836e+00	1.489157e-03	0.e+00
1.050836e+00	1.489157e-03	0.e+00
1.055949e+00	1.489157e-03	0.e+00
1.115959e+00	1.489157e-03	0.e+00
1.088342e+00	1.489157e-03	0.e+00
1.075573e+00	1.489157e-03	0.e+00
1.787029e+02	1.705782e+02	-8.526214e-02
1.050837e+00	1.489157e-03	0.e+00
1.129564e+00	1.489157e-03	0.e+00
1.050836e+00	1.489157e-03	0.e+00
1.050836e+00	1.489157e-03	0.e+00
1.050837e+00	1.489157e-03	0.e+00
1.050836e+00	1.489157e-03	0.e+00
1.131919e+00	1.489157e-03	0.e+00
1.050836e+00	1.489157e-03	0.e+00
3.139328e+02	3.120541e+02	-1.56027e-01
1.125237e+00	1.489157e-03	0.e+00
1.050836e+00	1.489157e-03	0.e+00
1.073185e+00	1.489157e-03	0.e+00
1.050836e+00	1.489157e-03	0.e+00
1.050837e+00	1.489157e-03	0.e+00
1.050836e+00	1.489157e-03	0.e+00
1.050836e+00	1.489157e-03	0.e+00
1.050836e+00	1.489157e-03	0.e+00
1.050836e+00	1.489157e-03	0.e+00
1.050836e+00	1.489157e-03	0.e+00
1.050836e+00	1.489157e-03	0.e+00
1.098128e+00	1.489157e-03	0.e+00
1.054731e+00	1.489157e-03	0.e+00
1.062252e+00	1.489157e-03	0.e+00
1.050836e+00	1.489157e-03	0.e+00
