9.595746e-01	1.196844e-01	0.e+00
2.227276e+00	0.e+00	0.e+00
1.047636e+00	1.266609e-03	0.e+00
1.686365e+02	1.664396e+02	-8.321978e-02
1.228417e+00	1.266609e-03	0.e+00
5.723341e+01	5.621676e+01	-2.804903e-02
1.059108e+00	1.266609e-03	0.e+00
1.054247e+00	1.266609e-03	0.e+00
1.090285e+00	1.266609e-03	0.e+00
1.043481e+00	1.266609e-03	0.e+00
1.324018e+00	2.390146e-04	0.e+00
1.043481e+00	1.266609e-03	0.e+00
1.043932e+00	1.266609e-03	0.e+00
1.489931e+00	1.266609e-03	0.e+00
7.019029e-01	1.261531e-01	0.e+00
2.978899e+01	2.908758e+01	-1.432744e-02
3.114975e+00	2.506174e-01	0.e+00
7.865289e-01	1.177146e-01	0.e+00
1.455427e+00	1.733212e-03	0.e+00
1.369997e+00	1.114251e-03	0.e+00
7.276266e+00	4.117722e-02	0.e+00
8.261457e-01	1.229431e-01	0.e+00
1.017765e+00	1.095681e-01	0.e+00
7.143644e-01	1.261531e-01	0.e+00
7.109827e-01	1.272169e-01	0.e+00
6.844799e-01	1.284714e-01	0.e+00
6.64816e-01	1.316580e-01	0.e+00
7.557082e-01	1.316580e-01	0.e+00
6.814612e-01	1.348838e-01	0.e+00
8.244823e-01	1.177146e-01	0.e+00
7.135474e-01	1.348838e-01	0.e+00
6.683223e-01	1.365112e-01	0.e+00
6.674138e-01	1.348838e-01	0.e+00
6.687294e-01	1.365112e-01	0.e+00
2.913997e+00	3.252988e-01	0.e+00
6.646211e-01	1.348838e-01	0.e+00
6.646211e-01	1.348838e-01	0.e+00
6.646211e-01	1.348838e-01	0.e+00
6.646211e-01	1.348838e-01	0.e+00
6.646211e-01	1.348838e-01	0.e+00
6.646211e-01	1.348838e-01	0.e+00
6.646211e-01	1.348838e-01	0.e+00
6.646211e-01	1.348838e-01	0.e+00
6.646211e-01	1.348838e-01	0.e+00
6.646211e-01	1.348838e-01	0.e+00
6.704631e-01	1.348838e-01	0.e+00
6.646211e-01	1.348838e-01	0.e+00
8.137287e-01	1.348838e-01	0.e+00
9.203756e-01	1.348838e-01	0.e+00
8.002869e-01	4.327717e-01	0.e+00
6.646211e-01	1.348838e-01	0.e+00
7.137932e-01	4.327717e-01	0.e+00
6.753581e-01	1.348838e-01	0.e+00
6.646211e-01	1.348838e-01	0.e+00
6.440963e+00	4.927108e-02	0.e+00
1.488725e+00	1.656247e-01	0.e+00
5.137177e-01	4.327717e-01	0.e+00
5.137177e-01	4.327717e-01	0.e+00
4.433874e-01	4.327717e-01	0.e+00
4.433874e-01	4.327717e-01	0.e+00
5.918844e-01	4.327717e-01	0.e+00
5.187393e-01	4.28836e-01	0.e+00
5.678536e-01	4.327717e-01	0.e+00
1.178247e+00	6.354511e-01	0.e+00
4.20439e-01	4.346664e-01	0.e+00
5.023824e-01	4.210184e-01	0.e+00
5.023824e-01	4.210184e-01	0.e+00
4.832506e-01	4.317463e-01	0.e+00
4.745252e-01	4.249182e-01	0.e+00
4.946684e-01	4.249182e-01	0.e+00
5.06867e-01	5.147692e-01	0.e+00
4.397602e-01	4.366453e-01	0.e+00
5.011539e-01	4.249577e-01	0.e+00
4.910799e-01	4.25896e-01	0.e+00
3.810403e-01	4.492678e-01	0.e+00
4.800239e-01	4.255948e-01	0.e+00
3.608016e-01	4.505829e-01	0.e+00
4.093332e-01	4.353907e-01	0.e+00
4.242967e-01	4.353907e-01	0.e+00
4.000740e-01	4.353907e-01	0.e+00
3.999417e-01	4.353907e-01	0.e+00
4.006206e-01	4.366453e-01	0.e+00
5.039718e-01	4.459907e-01	0.e+00
3.788660e-01	4.459907e-01	0.e+00
3.403088e-01	4.682922e-01	0.e+00
3.747170e-01	4.459907e-01	0.e+00
3.811200e-01	4.505829e-01	0.e+00
3.787399e-01	4.544535e-01	0.e+00
3.565001e-01	4.562721e-01	0.e+00
3.541183e-01	4.655176e-01	0.e+00
3.242893e-01	5.107998e-01	0.e+00
3.376351e-01	4.682922e-01	0.e+00
3.303805e-01	4.889492e-01	0.e+00
4.182280e-01	4.407777e-01	0.e+00
3.126802e-01	4.911880e-01	0.e+00
1.738491e+00	1.758749e+00	-6.568706e-04
3.240843e-01	4.911880e-01	0.e+00
3.364053e-01	4.751670e-01	0.e+00
3.193378e-01	5.107998e-01	0.e+00
3.941808e+00	4.157491e+00	-1.820053e-03
