1.08258e+00	0.e+00	0.e+00
1.035006e+00	4.308188e-05	0.e+00
1.033923e+00	4.308188e-05	0.e+00
1.033923e+00	4.308188e-05	0.e+00
1.03442e+00	4.308188e-05	0.e+00
1.033923e+00	4.308188e-05	0.e+00
1.039995e+00	4.308188e-05	0.e+00
1.059496e+00	4.308188e-05	0.e+00
1.033923e+00	4.308188e-05	0.e+00
6.420773e+00	5.409749e-02	0.e+00
1.037749e+00	4.308188e-05	0.e+00
1.033923e+00	4.308188e-05	0.e+00
1.081745e+00	4.308188e-05	0.e+00
1.033923e+00	4.308188e-05	0.e+00
1.034028e+00	4.308188e-05	0.e+00
4.350368e+00	5.337043e-03	0.e+00
1.235091e+00	4.308188e-05	0.e+00
1.0834e+00	0.e+00	0.e+00
1.061754e+00	4.308188e-05	0.e+00
1.033912e+00	4.308188e-05	0.e+00
1.03391e+00	4.308188e-05	0.e+00
1.033909e+00	4.308188e-05	0.e+00
1.092023e+00	4.308188e-05	0.e+00
1.085080e+00	4.308188e-05	0.e+00
1.033909e+00	4.308188e-05	0.e+00
9.032155e-01	1.1223e-01	0.e+00
1.048044e+00	4.308188e-05	0.e+00
1.033909e+00	4.308188e-05	0.e+00
1.044404e+00	4.308188e-05	0.e+00
1.034471e+00	4.308188e-05	0.e+00
1.039582e+00	4.308188e-05	0.e+00
1.033908e+00	4.308188e-05	0.e+00
1.041065e+00	4.308188e-05	0.e+00
1.055190e+00	4.308188e-05	0.e+00
1.033908e+00	4.308188e-05	0.e+00
1.060028e+00	4.308188e-05	0.e+00
1.044976e+00	4.308188e-05	0.e+00
1.05771e+00	4.308188e-05	0.e+00
1.033908e+00	4.308188e-05	0.e+00
1.033908e+00	4.308188e-05	0.e+00
1.033908e+00	4.308188e-05	0.e+00
1.033908e+00	4.308188e-05	0.e+00
1.033908e+00	4.308188e-05	0.e+00
1.033908e+00	4.308188e-05	0.e+00
1.237395e+00	0.e+00	0.e+00
1.104011e+00	0.e+00	0.e+00
1.044412e+00	4.308188e-05	0.e+00
1.052482e+00	4.308188e-05	0.e+00
1.033908e+00	4.308188e-05	0.e+00
1.033908e+00	4.308188e-05	0.e+00
1.047652e+00	4.308188e-05	0.e+00
1.954936e+00	1.600357e-03	0.e+00
1.03394e+00	4.308188e-05	0.e+00
1.033908e+00	4.308188e-05	0.e+00
1.044876e+00	4.308188e-05	0.e+00
1.084567e+00	0.e+00	0.e+00
1.037759e+00	4.308188e-05	0.e+00
1.033908e+00	4.308188e-05	0.e+00
1.033908e+00	4.308188e-05	0.e+00
1.080242e+00	4.308188e-05	0.e+00
1.059732e+00	4.308188e-05	0.e+00
1.033908e+00	4.308188e-05	0.e+00
1.053259e+00	4.308188e-05	0.e+00
1.033908e+00	4.308188e-05	0.e+00
1.034276e+00	4.308188e-05	0.e+00
1.033908e+00	4.308188e-05	0.e+00
1.033908e+00	4.308188e-05	0.e+00
1.033908e+00	4.308188e-05	0.e+00
1.033908e+00	4.308188e-05	0.e+00
1.033908e+00	4.308188e-05	0.e+00
1.033908e+00	4.308188e-05	0.e+00
1.033908e+00	4.308188e-05	0.e+00
1.042905e+00	4.308188e-05	0.e+00
1.033908e+00	4.308188e-05	0.e+00
1.033908e+00	4.308188e-05	0.e+00
1.033908e+00	4.308188e-05	0.e+00
1.326569e+00	4.308188e-05	0.e+00
1.033908e+00	4.308188e-05	0.e+00
1.033908e+00	4.308188e-05	0.e+00
1.033908e+00	4.308188e-05	0.e+00
