1.206061e+00	0.e+00	0.e+00
4.747397e+01	4.639371e+01	-2.319686e-02
1.034935e+00	9.436205e-05	0.e+00
3.339074e+00	2.068142e-02	0.e+00
1.26917e+00	2.224762e-03	0.e+00
1.112949e+00	1.030951e-01	0.e+00
4.612060e+02	4.605012e+02	-2.301893e-01
1.318373e+00	1.233200e-01	0.e+00
2.253103e+00	5.149722e-02	0.e+00
6.740577e-01	1.233200e-01	0.e+00
6.742508e-01	1.225059e-01	0.e+00
6.740577e-01	1.233200e-01	0.e+00
1.148088e+00	1.233200e-01	0.e+00
7.314013e-01	3.452352e-01	-7.557883e-06
8.069941e-01	1.182446e-01	0.e+00
1.070801e+00	3.467848e-01	0.e+00
4.586337e-01	3.69178e-01	0.e+00
1.76749e+00	1.78721e-01	0.e+00
4.548321e-01	3.757823e-01	0.e+00
4.202219e-01	3.877173e-01	0.e+00
4.096481e-01	4.020509e-01	0.e+00
3.37138e-01	4.498429e-01	0.e+00
3.646733e-01	6.179237e-01	0.e+00
4.316213e-01	3.775937e-01	0.e+00
2.989111e-01	6.657364e-01	0.e+00
3.0556e-01	5.217069e-01	0.e+00
3.0556e-01	5.217069e-01	0.e+00
4.235077e-01	5.967987e-01	0.e+00
2.018734e-01	7.368801e-01	0.e+00
2.430141e-01	7.051349e-01	0.e+00
2.765753e-01	7.249701e-01	0.e+00
2.94156e-01	6.811419e-01	0.e+00
1.308914e-01	7.946568e-01	0.e+00
1.423829e-01	7.836039e-01	0.e+00
1.18461e-01	8.069252e-01	0.e+00
9.566488e-02	8.348455e-01	0.e+00
7.215356e-02	8.664513e-01	0.e+00
4.776492e-02	9.083977e-01	0.e+00
4.917520e-02	9.062754e-01	0.e+00
3.748774e-08	1.e+00	0.e+00
