1.164014e+00	5.790261e-04	0.e+00
1.049612e+00	1.26118e-03	0.e+00
2.102238e+02	2.08705e+02	-1.043525e-01
1.042162e+00	1.26118e-03	0.e+00
9.97361e-01	2.372352e-03	0.e+00
9.895852e-01	2.676084e-03	0.e+00
1.008667e+00	1.902878e-03	0.e+00
9.895852e-01	2.676084e-03	0.e+00
9.895852e-01	2.676084e-03	0.e+00
9.897508e-01	2.834809e-03	0.e+00
9.909023e-01	2.676084e-03	0.e+00
6.074609e+01	5.926908e+01	-2.963452e-02
9.895852e-01	2.676084e-03	0.e+00
9.895852e-01	2.676084e-03	0.e+00
1.046647e+00	4.502195e-03	0.e+00
1.097133e+00	5.271457e-03	0.e+00
9.895852e-01	2.676084e-03	0.e+00
9.895852e-01	2.676084e-03	0.e+00
9.895852e-01	2.676084e-03	0.e+00
9.900309e-01	2.676084e-03	0.e+00
9.895852e-01	2.676084e-03	0.e+00
9.895852e-01	2.676084e-03	0.e+00
9.895852e-01	2.676084e-03	0.e+00
9.895852e-01	2.676084e-03	0.e+00
9.895852e-01	2.676084e-03	0.e+00
9.895852e-01	2.676084e-03	0.e+00
4.649029e+01	4.486202e+01	-2.243101e-02
1.068028e+00	1.381118e-03	0.e+00
9.895852e-01	2.676084e-03	0.e+00
5.361388e+01	5.192293e+01	-2.596146e-02
9.895852e-01	2.676084e-03	0.e+00
1.183555e+01	1.028676e+01	-5.143375e-03
9.895852e-01	2.676084e-03	0.e+00
9.895852e-01	2.676084e-03	0.e+00
9.895852e-01	2.676084e-03	0.e+00
9.895852e-01	2.676084e-03	0.e+00
9.896197e-01	2.676084e-03	0.e+00
9.898846e-01	2.676084e-03	0.e+00
9.895852e-01	2.676084e-03	0.e+00
9.895852e-01	2.676084e-03	0.e+00
9.895852e-01	2.676084e-03	0.e+00
9.925484e-01	2.676084e-03	0.e+00
9.895852e-01	2.676084e-03	0.e+00
9.895852e-01	2.676084e-03	0.e+00
9.895943e-01	2.676084e-03	0.e+00
9.895852e-01	2.676084e-03	0.e+00
1.090212e+00	1.028365e-03	0.e+00
9.895852e-01	2.676084e-03	0.e+00
9.895852e-01	2.676084e-03	0.e+00
1.190082e+00	6.614865e-03	0.e+00
9.906365e-01	2.676084e-03	0.e+00
9.899327e-01	2.676084e-03	0.e+00
9.895852e-01	2.676084e-03	0.e+00
1.189299e+00	5.826584e-04	0.e+00
9.895852e-01	2.676084e-03	0.e+00
9.895852e-01	2.676084e-03	0.e+00
9.918872e-01	2.676084e-03	0.e+00
9.909602e-01	2.676084e-03	0.e+00
9.895852e-01	2.676084e-03	0.e+00
1.080374e+00	5.077772e-03	0.e+00
9.917391e-01	2.676084e-03	0.e+00
1.010375e+00	1.679945e-03	0.e+00
9.895852e-01	2.676084e-03	0.e+00
9.895852e-01	2.676084e-03	0.e+00
9.895878e-01	2.676084e-03	0.e+00
9.895852e-01	2.676084e-03	0.e+00
9.900256e-01	2.676084e-03	0.e+00
9.923274e-01	2.676084e-03	0.e+00
9.895892e-01	2.676084e-03	0.e+00
9.895852e-01	2.676084e-03	0.e+00
9.895852e-01	2.676084e-03	0.e+00
9.895852e-01	2.676084e-03	0.e+00
1.027759e+00	1.564193e-03	0.e+00
1.042542e+00	4.327474e-03	0.e+00
9.895852e-01	2.676084e-03	0.e+00
9.895852e-01	2.676084e-03	0.e+00
9.895852e-01	2.676084e-03	0.e+00
9.895852e-01	2.676084e-03	0.e+00
9.987869e-01	2.676084e-03	0.e+00
1.189997e+01	1.020902e+01	-5.10451e-03
