8.793442e+00	2.275153e-02	0.e+00
1.06835e+00	1.821998e-04	0.e+00
8.694249e+00	2.176452e-02	0.e+00
9.105085e+00	2.176452e-02	0.e+00
1.999926e+00	3.202691e-01	0.e+00
8.904967e-01	1.065203e-01	0.e+00
1.274655e+00	5.262372e-06	0.e+00
6.698189e-01	1.216495e-01	0.e+00
7.010468e-01	1.216495e-01	0.e+00
6.698189e-01	1.216495e-01	0.e+00
6.976535e-01	1.216495e-01	0.e+00
1.050318e+00	3.501551e-01	0.e+00
7.446609e+00	5.166743e-02	0.e+00
8.002538e-01	1.216495e-01	0.e+00
1.87478e+00	3.501551e-01	0.e+00
4.990828e-01	3.727301e-01	0.e+00
9.365418e-01	1.184588e-01	0.e+00
4.845207e-01	3.750704e-01	0.e+00
7.056962e-01	3.531269e-01	0.e+00
4.559627e-01	3.861027e-01	0.e+00
6.417716e-01	3.567418e-01	0.e+00
4.818161e-01	4.190078e-01	0.e+00
4.912814e-01	4.093589e-01	0.e+00
3.764509e-01	4.218550e-01	0.e+00
6.299528e-01	4.218550e-01	0.e+00
9.226102e-01	4.218550e-01	0.e+00
3.306684e-01	6.511517e-01	0.e+00
2.239135e-01	7.902605e-01	0.e+00
2.966428e-01	6.887523e-01	0.e+00
3.037763e-01	7.100407e-01	0.e+00
2.706875e-01	7.357523e-01	0.e+00
1.903647e-01	7.537493e-01	0.e+00
1.609158e-01	7.850670e-01	0.e+00
1.692166e-01	7.915196e-01	0.e+00
1.345265e-01	8.108727e-01	0.e+00
8.154071e-02	8.703469e-01	0.e+00
8.979603e-02	8.703469e-01	0.e+00
9.086250e-02	8.616244e-01	0.e+00
1.938418e-02	1.e+00	0.e+00
2.168197e-02	1.e+00	0.e+00
