4.563812e+00	0.e+00	0.e+00
4.338659e+00	0.e+00	0.e+00
1.280269e+00	2.400012e-03	0.e+00
3.13963e+00	2.339908e-01	0.e+00
1.306642e+00	1.201392e-01	0.e+00
7.128203e-01	1.339089e-01	0.e+00
6.671809e-01	1.377938e-01	0.e+00
6.77173e-01	1.351977e-01	0.e+00
6.647517e-01	1.364927e-01	0.e+00
6.647517e-01	1.364927e-01	0.e+00
7.02017e-01	1.364927e-01	0.e+00
7.917378e+00	3.826046e-02	0.e+00
4.483677e-01	5.142924e-01	0.e+00
5.846750e-01	5.142924e-01	0.e+00
4.385246e-01	5.142924e-01	0.e+00
4.069471e-01	5.142924e-01	0.e+00
3.879715e-01	5.142924e-01	0.e+00
3.113882e-01	5.142924e-01	0.e+00
3.113882e-01	5.142924e-01	0.e+00
3.298464e-01	5.142924e-01	0.e+00
