1.416105e+00	0.e+00	0.e+00
1.074759e+00	5.303599e-03	0.e+00
2.648157e+00	5.520714e-02	0.e+00
9.896499e-01	2.71097e-03	0.e+00
8.580949e-01	1.015912e-01	0.e+00
7.617919e-01	1.097695e-01	0.e+00
1.101532e+00	3.100887e-01	0.e+00
9.806644e-01	1.911472e-01	0.e+00
1.806147e+00	2.094517e-01	0.e+00
6.290102e-01	1.564967e-01	0.e+00
6.759711e-01	1.403146e-01	0.e+00
1.137062e+00	2.540932e-01	0.e+00
1.194363e+00	2.827424e-01	0.e+00
6.290102e-01	1.564967e-01	0.e+00
6.825419e-01	1.564967e-01	0.e+00
1.221517e+00	2.647453e-01	0.e+00
5.074193e-01	5.779210e-01	0.e+00
5.063775e-01	3.928382e-01	0.e+00
4.689648e-01	4.012863e-01	0.e+00
5.300605e-01	3.876967e-01	0.e+00
5.442392e-01	3.897432e-01	0.e+00
3.724904e-01	4.343731e-01	0.e+00
3.378582e-01	4.56379e-01	0.e+00
3.407551e-01	4.866387e-01	0.e+00
2.67139e-01	6.024192e-01	0.e+00
3.095954e-01	5.593114e-01	0.e+00
2.713742e-01	5.400314e-01	0.e+00
6.317482e-01	4.029554e-01	0.e+00
2.346763e-01	7.090741e-01	0.e+00
2.506280e-01	6.696245e-01	0.e+00
2.591659e-01	6.419039e-01	0.e+00
2.049244e-01	7.372345e-01	0.e+00
2.123938e-01	7.307457e-01	0.e+00
1.449272e-01	7.955839e-01	0.e+00
2.022756e-01	7.417777e-01	0.e+00
2.827712e-01	5.670581e-01	0.e+00
7.238336e-02	8.747175e-01	0.e+00
4.911860e-02	9.089585e-01	0.e+00
4.633677e+00	5.598874e+00	-2.31077e-03
3.332571e-07	1.e+00	0.e+00
