1.674563e+00	0.e+00	0.e+00
2.776136e+00	4.637381e-02	0.e+00
1.068981e+00	1.880103e-03	0.e+00
9.934039e-01	1.880103e-03	0.e+00
1.120468e+00	1.832161e-01	0.e+00
9.614441e-01	1.055567e-01	0.e+00
6.832701e-01	1.229118e-01	0.e+00
1.482671e+02	1.474546e+02	-7.363504e-02
6.499407e-01	1.737003e-01	0.e+00
6.433873e-01	1.388056e-01	0.e+00
1.416184e+00	9.620873e-02	0.e+00
1.120521e+00	1.079857e-01	0.e+00
1.137946e+00	2.538675e-01	0.e+00
8.2493e-01	1.989195e-01	0.e+00
2.646955e-01	5.569981e-01	0.e+00
5.694235e-01	5.267416e-01	0.e+00
6.499215e-01	6.681179e-01	0.e+00
5.061321e-01	3.927518e-01	0.e+00
4.205813e-01	5.803351e-01	0.e+00
3.303882e-01	4.62033e-01	0.e+00
3.629703e-01	4.895608e-01	0.e+00
3.74463e-01	4.343463e-01	0.e+00
3.311273e-01	4.614286e-01	0.e+00
3.252267e-01	4.667454e-01	0.e+00
3.056730e-01	4.899953e-01	0.e+00
3.163781e-01	5.137067e-01	0.e+00
3.363944e-01	4.785072e-01	0.e+00
1.674136e-01	7.94406e-01	0.e+00
2.652069e-01	6.337768e-01	0.e+00
1.190749e-01	8.292316e-01	0.e+00
2.15816e-01	7.252408e-01	0.e+00
6.217232e-02	8.955945e-01	0.e+00
1.679807e-01	7.739057e-01	0.e+00
1.444739e-01	7.953078e-01	0.e+00
2.184495e-01	7.273670e-01	0.e+00
8.699882e-02	8.691914e-01	0.e+00
7.63784e-02	8.741177e-01	0.e+00
5.184923e-02	9.093564e-01	0.e+00
4.949713e-02	9.093739e-01	0.e+00
2.940523e-03	1.e+00	0.e+00
