1.975092e+00	0.e+00	0.e+00
1.9485e+00	0.e+00	0.e+00
1.340721e+00	1.604284e-03	0.e+00
7.581604e+00	2.547502e-02	0.e+00
1.132719e+00	1.604284e-03	0.e+00
1.838305e+00	4.01071e-04	0.e+00
1.059407e+00	1.604284e-03	0.e+00
1.057489e+00	1.604284e-03	0.e+00
1.061923e+00	1.604284e-03	0.e+00
1.057489e+00	1.604284e-03	0.e+00
1.545305e+00	1.604284e-03	0.e+00
3.123806e+00	7.875420e-02	0.e+00
2.019122e+01	1.558963e+01	-7.794815e-03
1.166826e+00	1.604284e-03	0.e+00
1.744721e+00	1.604284e-03	0.e+00
3.237943e+00	7.986602e-02	0.e+00
7.852820e+00	2.492871e-02	0.e+00
1.653583e+00	1.604284e-03	0.e+00
9.368674e-01	8.124518e-02	0.e+00
3.566097e+00	0.e+00	0.e+00
1.035104e+00	7.92416e-02	0.e+00
6.989489e+00	1.689881e-01	0.e+00
1.467492e+00	8.049156e-02	0.e+00
1.065790e+00	7.672614e-02	0.e+00
7.06236e+00	2.676939e-02	0.e+00
9.322254e-01	8.247801e-02	0.e+00
8.185919e-01	8.975593e-02	0.e+00
8.276723e-01	8.861949e-02	0.e+00
8.336086e-01	8.985081e-02	0.e+00
9.093408e-01	8.299772e-02	0.e+00
8.988843e-01	8.498748e-02	0.e+00
8.590734e-01	8.567163e-02	0.e+00
8.452468e-01	8.649308e-02	0.e+00
9.314769e-01	8.179669e-02	0.e+00
8.004808e-01	9.303395e-02	0.e+00
3.964488e+00	4.912465e-02	0.e+00
8.54082e-01	8.596201e-02	0.e+00
8.006627e-01	9.057150e-02	0.e+00
8.707830e-01	8.559050e-02	0.e+00
8.095448e-01	8.978446e-02	0.e+00
3.833204e+00	3.117967e+00	-1.513863e-03
8.594448e-01	8.681605e-02	0.e+00
7.941426e-01	9.107695e-02	0.e+00
8.181477e-01	9.164993e-02	0.e+00
8.241395e-01	9.188989e-02	0.e+00
8.302393e-01	9.062688e-02	0.e+00
8.716651e-01	9.094652e-02	0.e+00
7.603607e-01	9.634763e-02	0.e+00
7.982536e+00	2.196818e-02	0.e+00
7.510144e-01	9.86584e-02	0.e+00
7.956152e-01	9.458121e-02	0.e+00
7.484396e-01	9.737131e-02	0.e+00
8.10553e-01	9.553441e-02	0.e+00
7.573518e-01	9.596169e-02	0.e+00
7.600663e-01	9.507913e-02	0.e+00
7.528332e-01	9.674186e-02	0.e+00
7.732565e-01	9.722574e-02	0.e+00
7.413814e-01	9.78081e-02	0.e+00
7.412369e-01	9.806876e-02	0.e+00
7.549901e-01	9.618252e-02	0.e+00
7.473320e-01	9.716222e-02	0.e+00
7.457523e-01	9.938645e-02	0.e+00
7.327061e-01	1.000825e-01	0.e+00
7.610050e-01	1.062117e-01	0.e+00
7.34662e-01	1.008854e-01	0.e+00
7.399023e-01	1.013234e-01	0.e+00
7.050467e-01	1.067478e-01	0.e+00
7.275957e-01	1.020987e-01	0.e+00
7.446477e-01	1.027722e-01	0.e+00
7.218317e-01	1.029939e-01	0.e+00
7.854520e-01	1.100727e-01	0.e+00
7.107363e-01	1.077559e-01	0.e+00
7.140428e-01	1.034283e-01	0.e+00
1.388757e+01	1.327043e+01	-6.582684e-03
7.324243e-01	1.004192e-01	0.e+00
7.063087e-01	1.060687e-01	0.e+00
7.085638e-01	1.065284e-01	0.e+00
7.690349e-01	9.976905e-02	0.e+00
3.577966e+00	6.076562e-02	0.e+00
7.401865e-01	1.011109e-01	0.e+00
6.943457e-01	1.089594e-01	0.e+00
7.809515e-01	1.1515e-01	-7.291602e-06
7.231359e-01	1.093462e-01	0.e+00
6.916523e-01	1.105761e-01	0.e+00
6.905499e-01	1.105761e-01	0.e+00
6.83686e-01	1.151004e-01	0.e+00
7.589633e-01	1.039483e-01	0.e+00
7.108424e-01	1.124945e-01	0.e+00
6.903207e-01	1.150741e-01	0.e+00
7.151507e-01	1.134218e-01	0.e+00
6.816360e-01	1.143634e-01	0.e+00
6.768239e-01	1.171525e-01	0.e+00
7.089440e-01	1.146106e-01	0.e+00
6.805613e-01	1.159202e-01	0.e+00
6.867106e-01	1.176003e-01	0.e+00
6.769082e-01	1.177446e-01	0.e+00
8.595051e-01	1.182238e-01	0.e+00
6.717669e-01	1.202428e-01	0.e+00
7.04807e-01	1.202428e-01	0.e+00
6.765277e-01	1.211967e-01	0.e+00
