1.099991e+00	2.433679e-03	0.e+00
1.099991e+00	2.433679e-03	0.e+00
1.099991e+00	2.433679e-03	0.e+00
1.32404e+00	2.433679e-03	0.e+00
1.099991e+00	2.433679e-03	0.e+00
1.101332e+00	2.433679e-03	0.e+00
1.188040e+00	2.433679e-03	0.e+00
1.162851e+00	2.433679e-03	0.e+00
4.723503e+00	2.592850e-01	0.e+00
7.318334e+00	4.065648e-02	0.e+00
7.288472e+00	4.113559e-02	0.e+00
1.029918e+00	2.992782e-01	-8.658355e-05
7.43799e-01	1.261111e-01	0.e+00
7.663296e-01	1.261111e-01	0.e+00
7.457390e-01	1.264479e-01	0.e+00
7.739205e-01	1.261111e-01	0.e+00
8.006734e-01	1.251035e-01	0.e+00
7.754786e-01	1.24936e-01	0.e+00
1.272099e+01	1.203106e+01	-5.953148e-03
7.777671e-01	1.247686e-01	0.e+00
5.984507e+00	5.35835e+00	-2.616791e-03
7.590242e-01	1.247686e-01	0.e+00
7.626185e-01	1.250197e-01	0.e+00
7.1272e-01	1.250197e-01	0.e+00
7.049579e-01	1.251454e-01	0.e+00
7.235106e-01	1.246431e-01	0.e+00
8.799753e-01	1.255858e-01	0.e+00
7.212036e-01	1.246431e-01	0.e+00
7.127577e-01	1.251454e-01	0.e+00
7.225920e-01	1.256803e-01	0.e+00
7.011851e-01	1.252712e-01	0.e+00
7.018332e-01	1.252712e-01	0.e+00
7.045632e-01	1.257118e-01	0.e+00
7.006018e-01	1.252712e-01	0.e+00
6.752268e-01	1.284991e-01	0.e+00
7.450893e-01	1.246849e-01	0.e+00
6.769851e-01	1.280855e-01	0.e+00
6.758214e-01	1.282763e-01	0.e+00
6.89038e-01	1.258273e-01	0.e+00
6.709140e-01	1.308667e-01	0.e+00
