3.171871e+00	3.351791e-03	0.e+00
1.821874e+00	8.889026e-02	0.e+00
3.976089e+00	2.433679e-03	0.e+00
6.230568e+00	2.693864e-02	0.e+00
3.074025e+00	1.59227e-01	0.e+00
1.006408e+00	8.655306e-02	0.e+00
1.406421e+00	7.251117e-02	0.e+00
3.756385e+00	2.536747e-01	0.e+00
7.041419e-01	1.223866e-01	0.e+00
7.158254e-01	1.284508e-01	0.e+00
7.027434e-01	1.284508e-01	0.e+00
1.175772e+00	1.388695e-01	0.e+00
6.635028e-01	1.284508e-01	0.e+00
6.635028e-01	1.284508e-01	0.e+00
6.635028e-01	1.284508e-01	0.e+00
6.635028e-01	1.284508e-01	0.e+00
6.839196e-01	1.284508e-01	0.e+00
6.635028e-01	1.284508e-01	0.e+00
7.908999e-01	1.284508e-01	0.e+00
1.546088e+00	5.683050e-01	0.e+00
6.496371e+00	5.460926e-02	0.e+00
8.91265e-01	3.86934e-01	0.e+00
5.332352e-01	3.849465e-01	0.e+00
4.917632e-01	3.86934e-01	0.e+00
5.599728e-01	3.743199e-01	0.e+00
4.815185e-01	3.86934e-01	0.e+00
5.21463e-01	3.749158e-01	0.e+00
4.403269e-01	4.127892e-01	0.e+00
4.209668e-01	4.162818e-01	0.e+00
3.812252e-01	4.381906e-01	0.e+00
4.014286e-01	4.493557e-01	0.e+00
5.636713e+00	5.709357e+00	-2.635583e-03
3.476727e-01	4.381906e-01	0.e+00
3.465386e-01	4.381906e-01	0.e+00
3.465386e-01	4.381906e-01	0.e+00
3.465386e-01	4.381906e-01	0.e+00
3.465386e-01	4.381906e-01	0.e+00
3.465386e-01	4.381906e-01	0.e+00
3.465386e-01	4.381906e-01	0.e+00
3.465386e-01	4.381906e-01	0.e+00
