7.016367e-01	1.188479e-01	0.e+00
2.797234e+00	3.325284e-02	0.e+00
9.980721e-01	2.229680e-03	0.e+00
9.89918e-01	2.546912e-03	0.e+00
1.083884e+00	2.228350e-01	0.e+00
1.016866e+00	2.546912e-03	0.e+00
1.28894e+00	9.860548e-02	0.e+00
9.896700e-01	2.546912e-03	0.e+00
1.663754e+00	0.e+00	0.e+00
1.706831e+00	4.818410e-03	0.e+00
9.910684e-01	2.546912e-03	0.e+00
9.930345e-01	2.546912e-03	0.e+00
1.224253e+00	1.011247e-01	0.e+00
1.663754e+00	0.e+00	0.e+00
2.770762e+00	5.204384e-02	0.e+00
3.659944e+00	1.665427e-02	0.e+00
2.97006e+00	3.295413e-02	0.e+00
9.896700e-01	2.546912e-03	0.e+00
1.111636e+00	9.603642e-02	0.e+00
1.690027e+00	9.819619e-02	0.e+00
8.800077e-01	9.996225e-02	0.e+00
1.776565e+00	7.706033e-02	0.e+00
8.377510e-01	1.029479e-01	0.e+00
2.6472e+00	5.571224e-02	0.e+00
2.861265e+00	4.091242e-02	0.e+00
7.631564e-01	1.439491e-01	0.e+00
1.056336e+00	1.125571e-01	0.e+00
7.265447e-01	1.144119e-01	0.e+00
1.023141e+00	1.731158e-01	0.e+00
9.851683e-01	1.188479e-01	0.e+00
6.923818e-01	1.219232e-01	0.e+00
9.678552e-01	1.253652e-01	0.e+00
6.681425e-01	1.275875e-01	0.e+00
6.599484e-01	1.309361e-01	0.e+00
6.52582e-01	1.336618e-01	0.e+00
6.692769e-01	1.275895e-01	0.e+00
6.302366e-01	1.553593e-01	0.e+00
2.91281e+00	4.404959e-02	0.e+00
6.290651e-01	1.564191e-01	0.e+00
6.299399e-01	1.525065e-01	0.e+00
1.171611e+00	2.822546e-01	0.e+00
6.300549e-01	1.564191e-01	0.e+00
6.29543e-01	1.564191e-01	0.e+00
1.980392e+00	8.395324e-02	0.e+00
6.872548e-01	1.219232e-01	0.e+00
6.290104e-01	1.564191e-01	0.e+00
6.383910e-01	1.553462e-01	0.e+00
9.001354e-01	1.224535e-01	0.e+00
6.290104e-01	1.564191e-01	0.e+00
1.209196e+00	1.060094e-01	0.e+00
6.290104e-01	1.564191e-01	0.e+00
6.290104e-01	1.564191e-01	0.e+00
6.290104e-01	1.564191e-01	0.e+00
6.309978e-01	1.564191e-01	0.e+00
6.290104e-01	1.564191e-01	0.e+00
6.290104e-01	1.564191e-01	0.e+00
6.459631e-01	1.564191e-01	0.e+00
6.290104e-01	1.564191e-01	0.e+00
6.290104e-01	1.564191e-01	0.e+00
1.101007e+00	3.715383e-01	0.e+00
7.803613e-01	1.122009e-01	0.e+00
7.982746e-01	1.957313e-01	0.e+00
6.290104e-01	1.564191e-01	0.e+00
1.919756e+00	8.050714e-02	0.e+00
2.361433e+00	8.007295e-02	0.e+00
6.327504e-01	1.52692e-01	0.e+00
6.054583e-01	3.740823e-01	0.e+00
6.417422e-01	1.564191e-01	0.e+00
3.43353e-01	5.183096e-01	0.e+00
6.610526e-01	1.564191e-01	0.e+00
6.290104e-01	1.564191e-01	0.e+00
3.117535e-01	5.114488e-01	0.e+00
6.322246e-01	1.564191e-01	0.e+00
6.321025e-01	1.609413e-01	0.e+00
6.213097e-01	3.715383e-01	0.e+00
1.233532e+00	2.535733e-01	0.e+00
5.002091e-01	5.791436e-01	0.e+00
6.651428e-01	5.278487e-01	0.e+00
5.951111e-01	4.170904e-01	0.e+00
9.535356e-01	3.276309e-01	0.e+00
5.665929e-01	3.808860e-01	0.e+00
1.21854e+00	2.593223e-01	0.e+00
1.282244e+00	2.790958e-01	0.e+00
5.367607e-01	3.864221e-01	0.e+00
5.729328e-01	3.880983e-01	0.e+00
6.289134e-01	5.638772e-01	0.e+00
5.137501e-01	3.910215e-01	0.e+00
6.820319e-01	3.624880e-01	0.e+00
4.972995e-01	3.945807e-01	0.e+00
4.929728e-01	3.960959e-01	0.e+00
3.825016e-01	4.349219e-01	0.e+00
5.972599e-01	3.754461e-01	0.e+00
6.884409e-01	5.414273e-01	0.e+00
4.604714e-01	4.03451e-01	0.e+00
6.774830e-01	3.628968e-01	0.e+00
6.103342e-01	3.733215e-01	0.e+00
7.550700e-01	3.519276e-01	0.e+00
5.943723e-01	3.759736e-01	0.e+00
4.448537e-01	4.13823e-01	0.e+00
4.220116e-01	4.154818e-01	0.e+00
3.305799e-01	4.619498e-01	0.e+00
6.988407e-01	3.65456e-01	0.e+00
3.670624e-01	5.115333e-01	0.e+00
3.41387e-01	4.623527e-01	0.e+00
3.547178e-01	4.481704e-01	0.e+00
3.844326e-01	4.292053e-01	0.e+00
5.211786e-01	3.896461e-01	0.e+00
4.096586e-01	4.188742e-01	0.e+00
4.947783e-01	3.961638e-01	0.e+00
4.582982e-01	4.093226e-01	0.e+00
4.667585e-01	4.044197e-01	0.e+00
7.974815e-01	3.513628e-01	0.e+00
3.500548e-01	4.48615e-01	0.e+00
3.369604e-01	4.768388e-01	0.e+00
3.392900e-01	4.552919e-01	0.e+00
2.558435e-01	7.24953e-01	0.e+00
3.098124e-01	5.060172e-01	0.e+00
3.436041e-01	4.664363e-01	0.e+00
3.227333e-01	4.692438e-01	0.e+00
3.679336e-01	4.366852e-01	0.e+00
5.304668e+01	5.314253e+01	-2.633251e-02
2.793754e-01	5.256488e-01	0.e+00
3.197900e-01	4.723102e-01	0.e+00
3.071845e-01	4.922125e-01	0.e+00
3.234105e-01	5.262477e-01	0.e+00
2.903814e-01	5.820737e-01	0.e+00
5.443866e-01	3.987155e-01	0.e+00
2.50811e-01	7.559277e-01	0.e+00
6.880910e-01	3.806732e-01	0.e+00
2.539833e-01	6.173772e-01	0.e+00
2.793754e-01	5.256488e-01	0.e+00
2.665573e-01	5.508417e-01	0.e+00
5.072733e-01	4.147185e-01	0.e+00
2.789844e-01	5.439344e-01	0.e+00
3.31829e-01	5.503956e-01	0.e+00
2.511860e-01	6.404203e-01	0.e+00
2.612150e-01	5.646705e-01	0.e+00
2.995352e-01	5.153285e-01	0.e+00
2.473494e-01	6.628041e-01	0.e+00
2.551373e-01	5.895813e-01	0.e+00
2.765395e-01	5.980872e-01	0.e+00
1.882202e-01	7.532567e-01	0.e+00
2.52423e-01	6.251625e-01	0.e+00
1.155667e-01	8.280937e-01	0.e+00
2.715157e+01	2.755311e+01	-1.345116e-02
1.613036e-01	7.987587e-01	0.e+00
2.519018e-01	6.275344e-01	0.e+00
2.605e-01	5.769849e-01	0.e+00
2.352950e-01	6.938101e-01	0.e+00
2.207825e-01	7.165138e-01	0.e+00
2.29933e-01	7.036787e-01	0.e+00
1.350185e-01	8.186958e-01	0.e+00
7.872181e-01	1.250715e+00	-2.755715e-04
2.584735e-01	6.916089e-01	0.e+00
2.211444e-01	7.269646e-01	0.e+00
1.031000e-01	8.376154e-01	0.e+00
1.455193e-01	7.946383e-01	0.e+00
1.987685e-01	7.429783e-01	0.e+00
2.550261e-01	5.902095e-01	0.e+00
2.00714e-01	7.402176e-01	0.e+00
1.842678e-01	7.574307e-01	0.e+00
1.798969e-01	7.614728e-01	0.e+00
2.226335e-01	7.137728e-01	0.e+00
9.776988e+00	1.054211e+01	-4.843206e-03
2.165321e-01	7.218608e-01	0.e+00
1.607857e-01	7.801207e-01	0.e+00
2.846752e-01	5.499048e-01	0.e+00
3.534740e-02	9.402027e-01	0.e+00
1.561150e-01	7.937162e-01	0.e+00
1.732007e-01	7.680088e-01	0.e+00
1.437031e-03	1.e+00	0.e+00
2.34997e-01	6.944112e-01	0.e+00
6.471960e+01	6.540416e+01	-3.229601e-02
2.916519e-01	6.093177e-01	0.e+00
8.670677e-02	8.563717e-01	0.e+00
1.066924e-01	8.340222e-01	0.e+00
4.328186e-02	9.190982e-01	0.e+00
4.006448e-02	9.392051e-01	0.e+00
8.192447e-02	8.639238e-01	0.e+00
1.603621e-01	7.803825e-01	0.e+00
1.805163e-01	7.726278e-01	0.e+00
8.525057e-02	8.585396e-01	0.e+00
2.815533e-01	6.439596e-01	0.e+00
1.058585e-01	8.696389e-01	0.e+00
1.166106e-01	8.230218e-01	0.e+00
3.946685e-02	9.809702e-01	0.e+00
6.168755e-02	8.896055e-01	0.e+00
3.883650e-02	9.264787e-01	0.e+00
5.317716e-02	9.029534e-01	0.e+00
4.803637e-02	9.111288e-01	0.e+00
2.458778e-01	7.026503e-01	0.e+00
2.424973e+01	2.513787e+01	-1.210558e-02
8.183140e-01	1.720629e+00	-3.924297e-04
2.928196e-02	9.440938e-01	0.e+00
1.493692e-01	7.919675e-01	0.e+00
1.849724e-02	9.636906e-01	0.e+00
8.260279e-02	8.639442e-01	0.e+00
1.001417e-02	9.826267e-01	0.e+00
9.762717e-02	8.433847e-01	0.e+00
4.530612e-07	1.e+00	0.e+00
