1.431356e+00	0.e+00	0.e+00
1.024547e+00	3.64522e-04	0.e+00
1.044076e+00	3.64522e-04	0.e+00
1.375488e+00	3.64522e-04	0.e+00
1.584216e+00	3.64522e-04	0.e+00
7.500616e-01	1.076847e-01	0.e+00
8.476658e-01	1.076847e-01	0.e+00
8.488838e-01	1.076847e-01	0.e+00
8.544239e-01	1.076847e-01	0.e+00
7.386044e-01	1.070175e-01	0.e+00
7.386044e-01	1.070175e-01	0.e+00
7.419500e-01	1.070175e-01	0.e+00
7.411003e-01	1.060104e-01	0.e+00
7.137275e-01	1.083643e-01	0.e+00
7.070694e-01	1.090461e-01	0.e+00
7.323355e-01	1.054348e-01	0.e+00
7.017741e-01	1.124028e-01	0.e+00
6.814213e-01	1.216425e-01	0.e+00
7.860924e-01	1.290576e-01	0.e+00
8.725783e-01	1.151261e-01	0.e+00
