1.362998e+00	0.e+00	0.e+00
9.898789e-01	2.440662e-03	0.e+00
9.898789e-01	2.440662e-03	0.e+00
1.222717e+00	1.004878e-01	0.e+00
9.898789e-01	2.440662e-03	0.e+00
9.898789e-01	2.440662e-03	0.e+00
1.043504e+00	2.440662e-03	0.e+00
9.898789e-01	2.440662e-03	0.e+00
2.812653e+00	3.389197e-02	0.e+00
9.898789e-01	2.440662e-03	0.e+00
1.958929e+00	0.e+00	0.e+00
1.255847e+00	2.440662e-03	0.e+00
1.307053e+00	2.440662e-03	0.e+00
1.395137e+00	9.992705e-02	0.e+00
2.003995e+00	2.038669e-01	0.e+00
1.988235e+00	7.103653e-03	0.e+00
1.017344e+00	9.815687e-02	0.e+00
8.781846e-01	9.992705e-02	0.e+00
2.536221e+00	5.394988e-02	0.e+00
8.523313e-01	1.028462e-01	0.e+00
8.277417e-01	1.046151e-01	0.e+00
1.007841e+00	3.099248e-03	0.e+00
7.182103e-01	1.268001e-01	0.e+00
1.83366e+00	6.909560e-02	0.e+00
1.109319e+00	8.984856e-02	0.e+00
7.391810e-01	1.126095e-01	0.e+00
1.953311e+00	6.652812e-02	0.e+00
7.358290e-01	1.162356e-01	0.e+00
6.482446e-01	1.376434e-01	0.e+00
6.673623e-01	1.293406e-01	0.e+00
2.866969e+00	4.085388e-02	0.e+00
6.766291e-01	1.248505e-01	0.e+00
7.44147e-01	1.467081e-01	0.e+00
6.759610e-01	1.396692e-01	0.e+00
7.136854e-01	1.21702e-01	0.e+00
6.367470e-01	1.619383e-01	0.e+00
6.462163e-01	1.370864e-01	0.e+00
6.493597e-01	1.409977e-01	0.e+00
6.378120e-01	1.428969e-01	0.e+00
6.433249e-01	1.478233e-01	0.e+00
6.330004e-01	1.518837e-01	0.e+00
7.891684e-01	1.266387e-01	0.e+00
7.384625e-01	1.862589e-01	0.e+00
6.443599e-01	1.392343e-01	0.e+00
7.071356e-01	1.559993e-01	0.e+00
6.290226e-01	1.559993e-01	0.e+00
6.378120e-01	1.428969e-01	0.e+00
8.373196e-01	2.010632e-01	0.e+00
6.600675e-01	1.428969e-01	0.e+00
6.298612e-01	1.559993e-01	0.e+00
6.290226e-01	1.559993e-01	0.e+00
6.290226e-01	1.559993e-01	0.e+00
6.290226e-01	1.559993e-01	0.e+00
6.297197e-01	1.559993e-01	0.e+00
6.290226e-01	1.559993e-01	0.e+00
6.291344e-01	1.559993e-01	0.e+00
6.290226e-01	1.559993e-01	0.e+00
6.290226e-01	1.559993e-01	0.e+00
6.290226e-01	1.559993e-01	0.e+00
6.290226e-01	1.559993e-01	0.e+00
6.290226e-01	1.559993e-01	0.e+00
6.290226e-01	1.559993e-01	0.e+00
6.429821e-01	1.659245e-01	0.e+00
6.290226e-01	1.559993e-01	0.e+00
6.335056e-01	1.615941e-01	0.e+00
6.299396e-01	1.559993e-01	0.e+00
6.290226e-01	1.559993e-01	0.e+00
6.290226e-01	1.559993e-01	0.e+00
8.483287e-01	1.999327e-01	0.e+00
7.059858e-01	1.800174e-01	0.e+00
6.290226e-01	1.559993e-01	0.e+00
6.290226e-01	1.559993e-01	0.e+00
6.296402e-01	1.542044e-01	0.e+00
6.297402e-01	1.559993e-01	0.e+00
6.293172e-01	1.575422e-01	0.e+00
6.290226e-01	1.559993e-01	0.e+00
6.325170e-01	1.559993e-01	0.e+00
6.296718e-01	1.559993e-01	0.e+00
6.290226e-01	1.559993e-01	0.e+00
6.290226e-01	1.559993e-01	0.e+00
6.314981e-01	1.559993e-01	0.e+00
6.291433e-01	1.559993e-01	0.e+00
6.290226e-01	1.559993e-01	0.e+00
6.343766e-01	1.504943e-01	0.e+00
6.291201e-01	1.559993e-01	0.e+00
6.353971e-01	1.499899e-01	0.e+00
8.349706e-01	2.007267e-01	0.e+00
6.293085e-01	1.548221e-01	0.e+00
6.290226e-01	1.559993e-01	0.e+00
6.290226e-01	1.559993e-01	0.e+00
6.290226e-01	1.559993e-01	0.e+00
6.290226e-01	1.559993e-01	0.e+00
6.290226e-01	1.559993e-01	0.e+00
6.403501e-01	1.628217e-01	0.e+00
6.290226e-01	1.559993e-01	0.e+00
6.290226e-01	1.559993e-01	0.e+00
6.466622e-01	1.460474e-01	0.e+00
1.052424e+00	1.114107e-01	0.e+00
1.306011e+00	1.006194e-01	0.e+00
8.839488e-01	2.048678e-01	0.e+00
