4.167538e+00	1.906742e-01	0.e+00
1.234031e+00	0.e+00	0.e+00
2.94898e+00	6.659950e-02	0.e+00
1.053807e+00	0.e+00	0.e+00
1.079637e+00	0.e+00	0.e+00
9.807307e+00	2.225162e-02	0.e+00
9.176269e+01	9.054602e+01	-4.527301e-02
1.005681e+00	8.509480e-02	0.e+00
2.425068e+01	2.306664e+01	-1.153332e-02
1.054805e+00	0.e+00	0.e+00
1.190311e+00	0.e+00	0.e+00
2.101752e+00	0.e+00	0.e+00
1.398484e+00	3.352306e-01	-1.676153e-04
1.314266e+00	8.509480e-02	0.e+00
1.860105e+00	0.e+00	0.e+00
9.296363e-01	8.404487e-02	0.e+00
9.119996e-01	8.404487e-02	0.e+00
1.018813e+00	8.404487e-02	0.e+00
1.046118e+00	8.404487e-02	0.e+00
8.815913e+00	2.127370e-02	0.e+00
1.647917e+00	8.509480e-02	0.e+00
4.496994e+00	2.086847e-01	0.e+00
1.057348e+00	8.652819e-02	0.e+00
8.646004e-01	8.797355e-02	0.e+00
8.615046e-01	8.986604e-02	0.e+00
9.553195e-01	9.105037e-02	0.e+00
8.56347e-01	9.038237e-02	0.e+00
8.206548e-01	9.219924e-02	0.e+00
8.787372e-01	9.219924e-02	0.e+00
1.318054e+00	8.105826e-02	0.e+00
7.853870e-01	9.271959e-02	0.e+00
8.135405e-01	9.175023e-02	0.e+00
8.850191e-01	8.846891e-02	0.e+00
8.524758e-01	9.69439e-02	0.e+00
7.810209e-01	9.541093e-02	0.e+00
7.689935e-01	9.814574e-02	0.e+00
7.395421e-01	9.980483e-02	0.e+00
9.354104e-01	1.007185e-01	0.e+00
7.751013e-01	1.014651e-01	0.e+00
7.166423e-01	1.058603e-01	0.e+00
7.417116e-01	1.05292e-01	0.e+00
7.068073e-01	1.05292e-01	0.e+00
7.593030e-01	1.05292e-01	0.e+00
7.157479e-01	1.088399e-01	0.e+00
6.981234e-01	1.08477e-01	0.e+00
7.699367e-01	9.809213e-02	0.e+00
6.840136e-01	1.145824e-01	0.e+00
7.540391e-01	1.118423e-01	0.e+00
8.182859e+02	8.177020e+02	-4.087943e-01
6.801163e-01	1.145824e-01	0.e+00
6.796875e-01	1.177165e-01	0.e+00
7.010961e+02	7.005269e+02	-3.502046e-01
6.8658e-01	1.131594e-01	0.e+00
7.039177e-01	1.145824e-01	0.e+00
2.009614e+00	1.656691e-01	0.e+00
1.191431e+00	6.063603e-01	-2.478009e-04
6.796875e-01	1.177165e-01	0.e+00
6.94671e-01	1.177165e-01	0.e+00
6.796875e-01	1.177165e-01	0.e+00
6.794387e-01	1.177165e-01	0.e+00
6.8439e-01	1.177165e-01	0.e+00
6.794387e-01	1.177165e-01	0.e+00
7.844472e-01	1.177165e-01	0.e+00
6.794387e-01	1.177165e-01	0.e+00
6.799101e-01	1.177165e-01	0.e+00
7.049406e-01	1.177165e-01	0.e+00
7.23963e-01	1.177165e-01	0.e+00
6.794387e-01	1.177165e-01	0.e+00
6.846404e-01	1.177165e-01	0.e+00
6.851515e-01	1.145824e-01	0.e+00
7.558542e-01	1.177165e-01	0.e+00
7.032332e-01	1.177165e-01	0.e+00
7.04325e-01	1.177165e-01	0.e+00
5.086502e+01	4.921832e+01	-2.45663e-02
6.794387e-01	1.177165e-01	0.e+00
6.794387e-01	1.177165e-01	0.e+00
6.794387e-01	1.177165e-01	0.e+00
6.794387e-01	1.177165e-01	0.e+00
7.395613e-01	1.177165e-01	0.e+00
6.83608e-01	1.192994e-01	0.e+00
8.464812e+00	7.90309e+00	-3.892687e-03
6.83769e-01	1.192994e-01	0.e+00
6.794387e-01	1.177165e-01	0.e+00
6.794387e-01	1.177165e-01	0.e+00
6.794387e-01	1.177165e-01	0.e+00
6.794387e-01	1.177165e-01	0.e+00
6.794387e-01	1.177165e-01	0.e+00
7.024968e-01	1.177165e-01	0.e+00
6.794387e-01	1.177165e-01	0.e+00
6.794387e-01	1.177165e-01	0.e+00
6.794387e-01	1.177165e-01	0.e+00
6.936859e-01	1.177165e-01	0.e+00
6.794387e-01	1.177165e-01	0.e+00
6.794387e-01	1.177165e-01	0.e+00
6.794387e-01	1.177165e-01	0.e+00
7.803404e-01	1.292378e-01	0.e+00
6.794387e-01	1.177165e-01	0.e+00
6.794387e-01	1.177165e-01	0.e+00
6.794387e-01	1.177165e-01	0.e+00
7.176148e-01	1.177165e-01	0.e+00
