2.644909e+00	0.e+00	0.e+00
1.068364e+00	1.863944e-03	0.e+00
1.068364e+00	1.863944e-03	0.e+00
1.068364e+00	1.863944e-03	0.e+00
1.068364e+00	1.863944e-03	0.e+00
1.068364e+00	1.863944e-03	0.e+00
8.805785e+00	4.012467e-02	0.e+00
1.07861e+00	1.863944e-03	0.e+00
1.072137e+00	1.863944e-03	0.e+00
1.230834e+00	1.146804e-01	0.e+00
7.267961e-01	1.146804e-01	0.e+00
7.771641e+00	3.644632e-02	0.e+00
7.430328e-01	1.146804e-01	0.e+00
1.111676e+00	9.747611e-02	0.e+00
7.650916e-01	1.146804e-01	0.e+00
7.617313e-01	1.146804e-01	0.e+00
7.617313e-01	1.146804e-01	0.e+00
7.617313e-01	1.146804e-01	0.e+00
7.236618e-01	1.146804e-01	0.e+00
7.236618e-01	1.146804e-01	0.e+00
7.236618e-01	1.146804e-01	0.e+00
1.04199e+00	1.017040e-01	0.e+00
6.908004e-01	1.146804e-01	0.e+00
6.908004e-01	1.146804e-01	0.e+00
7.388323e-01	1.109103e-01	0.e+00
2.823051e+00	1.705378e-01	0.e+00
7.019119e-01	1.146804e-01	0.e+00
7.46295e-01	1.146804e-01	0.e+00
6.866837e-01	1.146804e-01	0.e+00
6.979767e-01	1.146804e-01	0.e+00
7.196749e-01	1.146804e-01	0.e+00
6.865502e-01	1.146804e-01	0.e+00
7.050855e-01	1.146804e-01	0.e+00
6.849894e-01	1.156668e-01	0.e+00
6.811835e-01	1.20511e-01	0.e+00
6.777611e-01	1.196852e-01	0.e+00
6.718328e-01	1.287928e-01	0.e+00
6.770447e-01	1.189851e-01	0.e+00
6.688525e-01	1.255000e-01	0.e+00
1.980357e+01	1.918256e+01	-9.533494e-03
