2.799691e+00	5.455835e-02	0.e+00
1.833399e+00	2.245328e-01	0.e+00
8.388212e-01	1.027023e-01	0.e+00
9.904262e-01	2.340639e-03	0.e+00
1.348561e+00	2.340639e-03	0.e+00
9.904262e-01	2.340639e-03	0.e+00
2.842613e+00	3.579975e-02	0.e+00
1.67152e+00	0.e+00	0.e+00
1.086659e+00	2.340639e-03	0.e+00
1.697711e+00	9.688356e-02	0.e+00
7.93116e-01	1.091521e-01	0.e+00
1.672123e+00	1.034248e-01	0.e+00
7.717093e-01	1.08692e-01	0.e+00
1.923839e+00	2.264190e-01	0.e+00
1.642065e+00	2.442075e-01	0.e+00
1.058953e+00	3.582625e-04	0.e+00
1.609069e+00	7.902319e-02	0.e+00
6.973596e-01	1.197023e-01	0.e+00
6.418667e-01	1.397622e-01	0.e+00
6.663172e-01	1.381393e-01	0.e+00
8.203101e-01	1.991132e-01	0.e+00
6.290116e-01	1.566443e-01	0.e+00
1.237988e+00	1.063132e-01	0.e+00
8.989917e-01	1.201177e-01	0.e+00
6.290116e-01	1.566443e-01	0.e+00
1.93761e+00	8.298327e-02	0.e+00
6.358266e-01	1.566443e-01	0.e+00
6.290116e-01	1.566443e-01	0.e+00
8.198160e-01	1.990419e-01	0.e+00
6.290116e-01	1.566443e-01	0.e+00
2.838576e+00	3.711257e-02	0.e+00
6.290116e-01	1.566443e-01	0.e+00
6.290116e-01	1.566443e-01	0.e+00
7.197733e-01	1.566443e-01	0.e+00
1.248478e+00	2.646356e-01	0.e+00
7.855119e-01	3.842324e-01	0.e+00
6.290116e-01	1.566443e-01	0.e+00
5.275094e-01	3.882704e-01	0.e+00
4.767849e-01	4.063916e-01	0.e+00
5.483270e-01	3.842324e-01	0.e+00
1.256641e+01	1.255785e+01	-5.969414e-03
5.483270e-01	3.842324e-01	0.e+00
1.439213e+00	8.052926e-02	0.e+00
1.195439e+00	2.611387e-01	0.e+00
4.412455e-01	4.090091e-01	0.e+00
6.530674e-01	1.445260e-01	0.e+00
4.609711e-01	4.03466e-01	0.e+00
4.499984e-01	4.063916e-01	0.e+00
1.38036e+00	2.454164e-01	0.e+00
5.081326e-01	3.934747e-01	0.e+00
1.075976e+00	3.086877e-01	0.e+00
3.150358e-01	4.790590e-01	0.e+00
3.909077e-01	4.264164e-01	0.e+00
3.755737e-01	4.328950e-01	0.e+00
4.131966e-01	4.177336e-01	0.e+00
4.409450e-01	4.093666e-01	0.e+00
4.43641e-01	4.082728e-01	0.e+00
2.147731e-01	7.495982e-01	0.e+00
3.266228e-01	4.662346e-01	0.e+00
3.211235e-01	4.731857e-01	0.e+00
3.041231e-01	5.578803e-01	0.e+00
2.944905e-01	5.025796e-01	0.e+00
2.983252e-01	4.973067e-01	0.e+00
3.35953e-01	5.108007e-01	0.e+00
2.843771e-01	5.209189e-01	0.e+00
6.641072e+01	6.660127e+01	-3.303357e-02
3.24673e-01	4.722965e-01	0.e+00
2.567599e-01	5.927761e-01	0.e+00
2.671329e-01	5.663802e-01	0.e+00
2.981047e-01	5.068410e-01	0.e+00
2.528322e-01	6.147606e-01	0.e+00
2.523451e-01	6.273138e-01	0.e+00
3.171669e-01	5.031271e-01	0.e+00
2.414123e-01	6.803667e-01	0.e+00
2.847787e-01	5.169505e-01	0.e+00
2.261327e-01	7.112722e-01	0.e+00
8.193110e-02	8.739308e-01	0.e+00
2.33358e-01	6.980576e-01	0.e+00
9.633704e-02	8.507847e-01	0.e+00
1.919095e-01	7.521623e-01	0.e+00
3.554258e-03	1.e+00	0.e+00
1.712953e-01	7.716031e-01	0.e+00
1.467855e-01	7.931407e-01	0.e+00
4.686586e-06	1.e+00	0.e+00
2.577027e-01	7.065323e-01	0.e+00
8.519356e-02	8.589718e-01	0.e+00
1.300185e-01	8.164346e-01	0.e+00
1.196734e-01	8.270532e-01	0.e+00
1.012064e-01	8.393343e-01	0.e+00
9.484055e-02	8.513041e-01	0.e+00
3.046488e-02	9.516693e-01	0.e+00
7.480370e-02	8.719415e-01	0.e+00
2.562117e-02	9.541428e-01	0.e+00
2.246415e-02	9.560705e-01	0.e+00
4.814714e-02	9.10568e-01	0.e+00
9.693805e-02	8.444077e-01	0.e+00
9.552974e-02	8.476135e-01	0.e+00
2.023062e-01	7.544491e-01	0.e+00
1.158652e-02	9.81006e-01	0.e+00
6.725736e-02	1.e+00	0.e+00
