1.115231e+00	0.e+00	0.e+00
1.272113e+00	8.870704e-02	0.e+00
8.678372e+00	2.05215e-02	0.e+00
8.075674e+00	1.455114e-02	0.e+00
9.055340e+00	2.243614e-02	0.e+00
1.238365e+00	0.e+00	0.e+00
4.838656e+00	2.335722e-01	0.e+00
9.021081e+00	3.50555e-02	0.e+00
1.198140e+00	3.337405e-04	0.e+00
1.151189e+00	0.e+00	0.e+00
1.237889e+00	0.e+00	0.e+00
1.093357e+00	0.e+00	0.e+00
1.047231e+00	0.e+00	0.e+00
1.251545e+00	3.505161e-04	0.e+00
1.051162e+00	0.e+00	0.e+00
8.726934e+00	2.795156e-02	0.e+00
1.09388e+00	0.e+00	0.e+00
1.142102e+00	9.104724e-02	0.e+00
1.140701e+00	8.870704e-02	0.e+00
9.462964e-01	8.870704e-02	0.e+00
9.408149e-01	8.870704e-02	0.e+00
8.0971e-01	1.091670e-01	0.e+00
2.705843e+00	2.533481e-01	0.e+00
1.058381e+00	9.558487e-02	0.e+00
7.351332e+00	2.988027e-02	0.e+00
7.732762e-01	1.004726e-01	0.e+00
8.634116e-01	1.004726e-01	0.e+00
1.885982e+00	1.464661e-01	0.e+00
8.178716e+00	1.455114e-02	0.e+00
8.277898e+00	2.470091e-02	0.e+00
6.944744e-01	1.118062e-01	0.e+00
7.352558e-01	1.118062e-01	0.e+00
6.944744e-01	1.118062e-01	0.e+00
9.227372e-01	1.118062e-01	0.e+00
8.563377e-01	1.004726e-01	0.e+00
7.433008e-01	1.195211e-01	0.e+00
6.659236e-01	1.256124e-01	0.e+00
7.986407e-01	1.392338e-01	0.e+00
3.780273e+01	3.724566e+01	-1.856002e-02
3.508015e+00	2.314629e-01	0.e+00
6.906747e-01	1.256124e-01	0.e+00
6.659236e-01	1.256124e-01	0.e+00
6.77652e-01	1.256124e-01	0.e+00
6.786792e-01	1.328167e-01	0.e+00
6.752976e-01	1.328167e-01	0.e+00
6.651252e-01	1.256124e-01	0.e+00
9.237091e-01	3.841962e-01	-1.292919e-04
7.110321e-01	1.256124e-01	0.e+00
3.779796e+01	3.724566e+01	-1.856002e-02
6.652948e-01	1.256124e-01	0.e+00
7.172541e-01	1.118062e-01	0.e+00
6.651252e-01	1.256124e-01	0.e+00
6.651252e-01	1.256124e-01	0.e+00
6.651252e-01	1.256124e-01	0.e+00
6.651252e-01	1.256124e-01	0.e+00
6.651252e-01	1.256124e-01	0.e+00
6.651252e-01	1.256124e-01	0.e+00
6.651252e-01	1.256124e-01	0.e+00
6.651252e-01	1.256124e-01	0.e+00
6.651252e-01	1.256124e-01	0.e+00
6.732182e-01	1.256124e-01	0.e+00
6.946869e-01	1.256124e-01	0.e+00
6.842129e-01	1.256124e-01	0.e+00
6.651252e-01	1.256124e-01	0.e+00
2.092283e+00	3.504373e-01	0.e+00
6.651252e-01	1.256124e-01	0.e+00
9.326884e-01	1.256124e-01	0.e+00
7.631439e+00	5.552564e-02	0.e+00
6.651252e-01	1.256124e-01	0.e+00
6.882739e-01	1.256124e-01	0.e+00
1.919972e+00	1.256124e-01	0.e+00
7.276098e+00	6.672303e-02	-5.598696e-06
6.709639e-01	1.233547e-01	0.e+00
1.799925e+00	1.256124e-01	0.e+00
4.276126e+01	4.215858e+01	-2.089604e-02
1.147537e+01	4.430267e+00	-2.188119e-03
1.118589e+00	5.051755e-01	0.e+00
6.777257e-01	1.256124e-01	0.e+00
1.10542e+00	8.933174e-02	0.e+00
9.317894e+01	9.062333e+01	-4.528546e-02
5.107338e-01	3.675233e-01	0.e+00
5.084213e-01	3.675233e-01	0.e+00
5.227707e-01	3.675233e-01	0.e+00
5.521449e-01	3.675233e-01	0.e+00
5.006969e-01	3.675233e-01	0.e+00
6.434149e-01	3.675233e-01	0.e+00
6.050711e-01	3.675233e-01	0.e+00
5.450498e-01	3.675233e-01	0.e+00
5.020035e-01	3.675233e-01	0.e+00
4.444408e-01	3.939479e-01	0.e+00
4.999798e-01	3.675233e-01	0.e+00
4.943701e-01	3.939479e-01	0.e+00
4.444408e-01	3.939479e-01	0.e+00
5.181855e-01	3.939479e-01	0.e+00
5.537697e-01	3.650564e-01	0.e+00
8.909743e-01	4.776978e-01	0.e+00
4.270430e-01	3.939479e-01	0.e+00
4.499822e-01	3.823253e-01	0.e+00
4.642147e-01	3.779275e-01	0.e+00
4.306587e-01	3.939479e-01	0.e+00
4.408421e-01	3.891210e-01	0.e+00
4.557448e-01	3.806209e-01	0.e+00
5.296463e-01	3.675233e-01	0.e+00
4.154430e-01	4.031151e-01	0.e+00
4.953286e-01	4.031151e-01	0.e+00
4.197139e-01	4.008539e-01	0.e+00
3.712965e-01	4.295577e-01	0.e+00
5.621851e-01	4.295577e-01	0.e+00
4.572782e-01	4.295577e-01	0.e+00
6.106415e-01	3.755601e-01	0.e+00
4.945844e-01	3.806209e-01	0.e+00
3.717204e-01	4.430940e-01	0.e+00
3.966897e-01	4.295577e-01	0.e+00
4.150546e-01	4.295577e-01	0.e+00
3.852896e-01	4.295577e-01	0.e+00
3.745705e-01	4.295577e-01	0.e+00
4.328624e-01	4.295577e-01	0.e+00
3.745705e-01	4.295577e-01	0.e+00
3.712965e-01	4.295577e-01	0.e+00
3.712965e-01	4.295577e-01	0.e+00
3.750912e-01	4.295577e-01	0.e+00
3.851389e-01	4.295577e-01	0.e+00
3.712965e-01	4.295577e-01	0.e+00
4.812537e-01	7.765834e-01	0.e+00
3.836657e-01	4.295577e-01	0.e+00
3.712965e-01	4.295577e-01	0.e+00
3.769033e-01	4.295577e-01	0.e+00
3.712965e-01	4.295577e-01	0.e+00
3.955992e-01	4.295577e-01	0.e+00
4.029920e-01	4.295577e-01	0.e+00
3.712965e-01	4.295577e-01	0.e+00
4.037894e-01	4.295577e-01	0.e+00
3.712965e-01	4.295577e-01	0.e+00
3.712965e-01	4.295577e-01	0.e+00
3.712965e-01	4.295577e-01	0.e+00
3.718994e-01	4.295577e-01	0.e+00
3.712965e-01	4.295577e-01	0.e+00
3.765941e-01	4.295577e-01	0.e+00
4.998713e-01	3.954471e-01	0.e+00
3.712965e-01	4.295577e-01	0.e+00
4.109491e-01	4.295577e-01	0.e+00
8.564413e-01	5.560809e-01	0.e+00
3.712965e-01	4.295577e-01	0.e+00
3.962799e-01	4.295577e-01	0.e+00
3.765910e-01	4.295577e-01	0.e+00
9.027012e-01	5.950276e-01	0.e+00
8.193827e-01	6.392671e-01	0.e+00
4.360075e-01	4.295577e-01	0.e+00
7.228535e-01	7.17876e-01	0.e+00
3.868651e-01	7.873972e-01	0.e+00
4.105067e-01	7.873972e-01	0.e+00
2.421232e-01	7.873972e-01	0.e+00
7.695958e-01	5.523742e-01	0.e+00
6.746885e-02	1.e+00	0.e+00
1.980614e-01	1.e+00	0.e+00
2.421232e-01	7.873972e-01	0.e+00
1.581277e-01	8.905263e-01	0.e+00
3.265538e-01	7.382118e-01	0.e+00
2.334388e-01	7.873972e-01	0.e+00
2.843375e-01	7.873972e-01	0.e+00
1.625180e-01	9.444701e-01	0.e+00
1.80638e-01	8.381687e-01	0.e+00
2.225597e-01	8.381687e-01	0.e+00
1.99504e-01	8.381687e-01	0.e+00
2.536168e-01	8.381687e-01	0.e+00
1.219339e-01	9.444701e-01	0.e+00
2.496540e-01	8.381687e-01	0.e+00
1.80638e-01	8.381687e-01	0.e+00
2.142959e-01	8.381687e-01	0.e+00
1.451128e-01	8.905263e-01	0.e+00
1.562656e-01	8.905263e-01	0.e+00
1.918659e-01	8.381687e-01	0.e+00
2.022929e-01	8.905263e-01	0.e+00
9.215188e-02	8.905263e-01	0.e+00
7.426481e-02	9.444701e-01	0.e+00
9.215188e-02	8.905263e-01	0.e+00
4.06145e-01	6.69131e-01	0.e+00
2.085599e-01	8.905263e-01	0.e+00
8.411088e-02	8.905263e-01	0.e+00
5.746705e-02	9.720368e-01	0.e+00
1.185996e-01	8.905263e-01	0.e+00
3.011636e-01	7.180769e-01	0.e+00
8.050052e-02	8.905263e-01	0.e+00
1.475483e-01	8.125847e-01	0.e+00
7.404977e-02	8.905263e-01	0.e+00
7.909853e-02	8.905263e-01	0.e+00
9.626691e-02	8.905263e-01	0.e+00
1.502175e-01	8.125847e-01	0.e+00
7.882039e-02	8.905263e-01	0.e+00
1.400493e-02	9.859688e-01	0.e+00
4.214259e-02	9.444701e-01	0.e+00
1.166302e-01	8.511094e-01	0.e+00
4.652366e-02	9.444701e-01	0.e+00
5.621982e-02	9.444701e-01	0.e+00
1.815989e-02	9.859688e-01	0.e+00
5.714753e-02	9.172999e-01	0.e+00
1.768357e-01	8.125847e-01	0.e+00
1.659480e-02	9.859688e-01	0.e+00
6.279979e-02	9.172999e-01	0.e+00
3.947881e-02	1.e+00	0.e+00
