1.255480e+00	0.e+00	0.e+00
1.579129e+00	4.966509e-05	0.e+00
1.242421e+00	4.966509e-05	0.e+00
2.075470e+00	4.966509e-05	0.e+00
1.288131e+00	4.966509e-05	0.e+00
1.543147e+00	0.e+00	0.e+00
1.152818e+00	4.966509e-05	0.e+00
1.583592e+00	4.966509e-05	0.e+00
1.046651e+00	4.966509e-05	0.e+00
1.352114e+00	4.966509e-05	0.e+00
1.048667e+00	4.966509e-05	0.e+00
1.308190e+00	0.e+00	0.e+00
6.668831e+00	1.162415e-02	0.e+00
9.039941e-01	1.069721e-01	0.e+00
1.799238e+00	0.e+00	0.e+00
2.518210e+00	4.966509e-05	0.e+00
9.607871e-01	8.330853e-02	0.e+00
4.461332e+00	5.531430e-02	0.e+00
8.758273e+00	2.305609e-02	0.e+00
2.174975e+00	3.187524e-04	0.e+00
1.35412e+00	9.150728e-02	0.e+00
9.098052e-01	9.429700e-02	0.e+00
8.340712e-01	9.572459e-02	0.e+00
7.976973e-01	9.652884e-02	0.e+00
7.872503e-01	1.002333e-01	0.e+00
9.192266e-01	1.016845e-01	0.e+00
7.577862e-01	1.055009e-01	0.e+00
7.612946e-01	1.093875e-01	0.e+00
7.684744e+00	3.123507e-02	0.e+00
8.200434e-01	1.044354e-01	0.e+00
1.618515e+00	1.258684e-03	0.e+00
6.731195e-01	1.200079e-01	0.e+00
1.022519e+00	1.200079e-01	0.e+00
1.129079e+00	1.457675e-01	0.e+00
9.349388e-01	1.000514e-01	0.e+00
1.915715e+00	8.032604e-02	0.e+00
6.731195e-01	1.200079e-01	0.e+00
7.379699e-01	1.162936e-01	0.e+00
8.151786e-01	1.378739e-01	0.e+00
7.713009e-01	1.331778e-01	0.e+00
6.731195e-01	1.200079e-01	0.e+00
6.731237e-01	1.200079e-01	0.e+00
7.548017e-01	1.200079e-01	0.e+00
6.731195e-01	1.200079e-01	0.e+00
6.731195e-01	1.200079e-01	0.e+00
7.068671e-01	1.276117e-01	0.e+00
7.295671e-01	1.200079e-01	0.e+00
6.773355e-01	1.221450e-01	0.e+00
6.731195e-01	1.200079e-01	0.e+00
6.731195e-01	1.200079e-01	0.e+00
6.731195e-01	1.200079e-01	0.e+00
6.974238e-01	1.200079e-01	0.e+00
3.568864e+00	2.247408e-01	0.e+00
6.731195e-01	1.200079e-01	0.e+00
2.756400e+00	2.196776e-01	0.e+00
6.731195e-01	1.200079e-01	0.e+00
6.901006e-01	1.200079e-01	0.e+00
6.731195e-01	1.200079e-01	0.e+00
6.511127e+00	4.940658e-02	0.e+00
1.326408e+00	5.024116e-01	0.e+00
1.661966e+00	3.529466e-01	0.e+00
2.930560e+00	2.211247e-01	0.e+00
6.888156e-01	1.190792e-01	0.e+00
7.351220e-01	1.200079e-01	0.e+00
6.856960e-01	1.200079e-01	0.e+00
6.731195e-01	1.200079e-01	0.e+00
3.252085e+00	2.273601e-01	0.e+00
2.297047e+00	1.200079e-01	0.e+00
6.361608e+00	4.763381e-02	0.e+00
6.941383e-01	3.42892e-01	0.e+00
7.38732e-01	3.337792e-01	0.e+00
8.424881e-01	3.492501e-01	0.e+00
8.569527e-01	3.492501e-01	0.e+00
1.609557e+00	5.491874e-01	0.e+00
4.70833e-01	3.945054e-01	0.e+00
5.936855e-01	3.603301e-01	0.e+00
2.030158e+00	5.452518e-01	0.e+00
1.580641e+00	5.822074e-01	0.e+00
6.717204e-01	3.568856e-01	0.e+00
1.581573e+00	1.210781e-01	0.e+00
1.748028e+00	1.273455e-01	0.e+00
8.973868e-01	3.621173e-01	0.e+00
9.644334e-01	1.083603e-01	0.e+00
5.229784e-01	3.647926e-01	0.e+00
6.194504e-01	3.473359e-01	0.e+00
5.288933e-01	3.687212e-01	0.e+00
4.503457e-01	3.861462e-01	0.e+00
5.192492e-01	3.730833e-01	0.e+00
6.970574e-01	3.438080e-01	0.e+00
6.687451e-01	3.436261e-01	0.e+00
4.655661e-01	3.777985e-01	0.e+00
4.711245e-01	3.80512e-01	0.e+00
5.16495e-01	3.679985e-01	0.e+00
3.88998e-01	4.226043e-01	0.e+00
4.424348e-01	3.863674e-01	0.e+00
4.131054e-01	4.023239e-01	0.e+00
4.032392e-01	4.097242e-01	0.e+00
4.145647e-01	4.374627e-01	0.e+00
4.314843e-01	3.956116e-01	0.e+00
3.979469e-01	4.254978e-01	0.e+00
4.90228e-01	3.743509e-01	0.e+00
4.815841e-01	4.056264e-01	0.e+00
5.199569e-01	4.056264e-01	0.e+00
3.885386e-01	4.094795e-01	0.e+00
3.763499e-01	4.159485e-01	0.e+00
3.748326e-01	4.159485e-01	0.e+00
3.850857e-01	4.202513e-01	0.e+00
5.349834e-01	4.801332e-01	0.e+00
3.309358e-01	5.356117e-01	0.e+00
8.342171e+01	8.299981e+01	-4.128364e-02
4.006155e-01	4.347943e-01	0.e+00
4.870110e-01	5.150758e-01	0.e+00
4.803949e-01	4.397964e-01	0.e+00
4.124787e-01	4.397964e-01	0.e+00
4.494433e-01	4.397964e-01	0.e+00
3.956582e-01	4.397964e-01	0.e+00
2.421737e+00	2.664972e-01	0.e+00
3.570136e-01	4.397964e-01	0.e+00
8.196057e-01	4.609005e-01	-3.782164e-05
1.063147e+00	3.695415e-01	0.e+00
8.176957e-01	4.180002e-01	0.e+00
9.753706e-01	3.719925e-01	0.e+00
5.433199e-01	4.170487e-01	0.e+00
7.750750e-01	4.139512e-01	0.e+00
8.244768e-01	3.769369e-01	0.e+00
4.321290e-01	4.434490e-01	0.e+00
5.362313e-01	5.376249e-01	0.e+00
2.295973e+01	2.281671e+01	-1.120351e-02
4.760079e-01	4.261053e-01	0.e+00
2.838605e-01	7.397420e-01	0.e+00
3.384417e-01	5.491569e-01	0.e+00
1.200457e+00	1.604410e+00	-4.317302e-04
6.176427e-01	4.322236e-01	0.e+00
4.654610e-01	4.723147e-01	0.e+00
3.009149e-01	7.025154e-01	0.e+00
3.224009e-01	6.354941e-01	0.e+00
3.653129e-01	6.439619e-01	0.e+00
3.081623e-01	6.439619e-01	0.e+00
3.035385e-01	6.418883e-01	0.e+00
3.427666e-01	6.572371e-01	0.e+00
2.468362e-01	7.060802e-01	0.e+00
2.09227e-01	7.419596e-01	0.e+00
1.81526e-01	7.695906e-01	0.e+00
2.919222e-01	6.818416e-01	0.e+00
3.041876e-01	6.877446e-01	0.e+00
1.950414e+00	2.364099e+00	-8.357894e-04
2.583198e-01	6.940766e-01	0.e+00
8.288131e-01	4.150741e-01	0.e+00
2.744939e-01	6.818585e-01	0.e+00
2.616535e-01	7.068982e-01	0.e+00
3.453969e-01	6.380211e-01	0.e+00
2.263502e-01	7.235756e-01	0.e+00
2.361624e-01	7.235756e-01	0.e+00
2.188402e+01	2.265144e+01	-1.084734e-02
2.147835e-01	7.307905e-01	0.e+00
2.331121e-01	7.366942e-01	0.e+00
2.155705e-01	7.366942e-01	0.e+00
1.992645e-01	7.416827e-01	0.e+00
1.978598e-01	7.496989e-01	0.e+00
2.104556e-01	7.498994e-01	0.e+00
1.413205e-01	7.92011e-01	0.e+00
1.864971e-01	7.576596e-01	0.e+00
1.612546e-01	9.023780e-01	0.e+00
1.620478e-01	7.870528e-01	0.e+00
1.754146e-01	7.695816e-01	0.e+00
2.049265e-01	7.420884e-01	0.e+00
1.833501e-01	7.818343e-01	0.e+00
5.548614e-02	9.815516e-01	0.e+00
2.274737e-01	7.336023e-01	0.e+00
1.593202e-01	7.919779e-01	0.e+00
1.441626e-01	7.966073e-01	0.e+00
1.34183e-01	7.980374e-01	0.e+00
6.039941e-02	9.073147e-01	0.e+00
6.344901e-02	9.023741e-01	0.e+00
1.132719e-01	8.217963e-01	0.e+00
1.334250e-01	8.217963e-01	0.e+00
1.189653e-01	8.238609e-01	0.e+00
4.906682e-02	9.443336e-01	0.e+00
1.131313e-01	8.345864e-01	0.e+00
8.653177e-02	8.628564e-01	0.e+00
1.013894e-01	8.474836e-01	0.e+00
9.451363e-02	8.593541e-01	0.e+00
1.674381e-01	8.604181e-01	0.e+00
4.060684e-01	6.627405e-01	0.e+00
9.211409e-02	8.514520e-01	0.e+00
9.490415e-02	8.623588e-01	0.e+00
1.854241e-01	7.571559e-01	0.e+00
9.670669e-02	8.999086e-01	0.e+00
5.447365e-02	8.999086e-01	0.e+00
5.609547e-02	9.072915e-01	0.e+00
1.756694e-01	8.669708e-01	0.e+00
3.881589e-02	9.302200e-01	0.e+00
2.980327e-02	9.660355e-01	0.e+00
7.671661e-02	8.705268e-01	0.e+00
1.102526e-01	8.317621e-01	0.e+00
2.287289e-02	9.744658e-01	0.e+00
7.224860e-02	9.867259e-01	0.e+00
1.276176e-02	9.874809e-01	0.e+00
1.362074e-01	8.081096e-01	0.e+00
1.294796e-01	8.458844e-01	0.e+00
