2.001461e+00	0.e+00	0.e+00
7.425608e-01	3.564842e-01	0.e+00
5.698792e+00	4.371069e+00	-2.184259e-03
1.051760e+00	2.551444e-03	0.e+00
2.791823e+00	4.800619e-02	0.e+00
1.298805e+00	7.760891e-03	0.e+00
1.112513e+00	2.551444e-03	0.e+00
1.133609e+00	2.486468e-01	0.e+00
1.349008e+00	1.076826e-02	0.e+00
1.323848e+00	8.051854e-03	0.e+00
1.015656e+00	1.126207e-03	0.e+00
2.494114e+00	6.037208e-02	0.e+00
1.207229e+00	0.e+00	0.e+00
9.896623e-01	2.551444e-03	0.e+00
1.292470e+00	0.e+00	0.e+00
1.866149e+02	1.856278e+02	-9.281263e-02
6.518587e-01	1.340919e-01	0.e+00
9.977589e-01	2.551444e-03	0.e+00
1.760843e+00	9.495945e-02	0.e+00
3.527896e+00	3.175405e-02	0.e+00
2.139277e+00	0.e+00	0.e+00
8.515636e-01	1.019855e-01	0.e+00
1.156088e+00	1.041206e-01	0.e+00
8.08782e-01	1.056253e-01	0.e+00
1.221132e+00	0.e+00	0.e+00
6.598896e-01	1.321866e-01	0.e+00
7.492644e-01	1.115425e-01	0.e+00
3.373876e+00	2.477318e-02	0.e+00
7.125768e-01	1.166829e-01	0.e+00
1.012124e+00	4.27647e-03	0.e+00
6.908561e-01	1.225342e-01	0.e+00
7.616717e-01	1.251190e-01	0.e+00
1.247787e+00	8.423116e-02	0.e+00
6.639016e-01	1.612186e-01	0.e+00
7.087008e-01	1.567775e-01	0.e+00
6.453321e-01	1.378173e-01	0.e+00
6.509092e-01	1.409960e-01	0.e+00
8.948697e-01	9.889250e-02	0.e+00
6.423299e-01	1.430548e-01	0.e+00
9.698947e-01	2.173352e-01	0.e+00
6.291129e-01	1.567775e-01	0.e+00
2.365910e+00	6.730236e-02	0.e+00
6.674009e-01	1.278534e-01	0.e+00
1.021261e+00	1.134299e-01	0.e+00
6.290157e-01	1.567775e-01	0.e+00
6.565208e-01	1.754795e-01	0.e+00
7.180203e-01	1.348766e-01	0.e+00
7.239953e-01	1.567775e-01	0.e+00
7.500379e-01	1.887398e-01	0.e+00
8.740323e-01	2.069489e-01	0.e+00
6.290157e-01	1.567775e-01	0.e+00
6.290157e-01	1.567775e-01	0.e+00
6.437500e-01	1.567775e-01	0.e+00
6.290157e-01	1.567775e-01	0.e+00
9.358683e+00	8.886445e+00	-4.364834e-03
6.290157e-01	1.567775e-01	0.e+00
1.15698e+00	2.534794e-01	0.e+00
9.604235e+01	9.557304e+01	-4.770609e-02
8.476478e-01	3.733007e-01	0.e+00
6.290157e-01	1.567775e-01	0.e+00
6.709774e-01	1.743003e-01	0.e+00
6.290157e-01	1.567775e-01	0.e+00
6.290157e-01	1.567775e-01	0.e+00
1.920982e+00	8.067691e-02	0.e+00
9.855813e-01	1.152784e-01	0.e+00
2.859533e+00	6.205242e-02	0.e+00
1.239001e+00	2.630967e-01	0.e+00
6.313132e-01	1.567775e-01	0.e+00
1.221977e+00	2.609000e-01	0.e+00
6.290157e-01	1.567775e-01	0.e+00
7.130864e+00	6.658625e+00	-3.250924e-03
6.290157e-01	1.567775e-01	0.e+00
7.254568e-01	5.581956e-01	0.e+00
6.347507e-01	1.567775e-01	0.e+00
8.973946e-01	3.359065e-01	0.e+00
4.129983e-01	4.196012e-01	0.e+00
3.641409e-01	4.441158e-01	0.e+00
9.781891e-01	1.689136e-01	0.e+00
7.283909e-01	5.613922e-01	0.e+00
6.166952e-01	3.725673e-01	0.e+00
5.67415e-01	3.811197e-01	0.e+00
5.563099e-01	3.828500e-01	0.e+00
3.018894e+00	4.384662e-02	0.e+00
1.249574e+00	2.919191e-01	0.e+00
8.789495e-01	1.018668e-01	0.e+00
4.180109e-01	4.161167e-01	0.e+00
1.061487e+01	1.079963e+01	-5.153986e-03
5.056045e-01	3.927898e-01	0.e+00
3.788917e-01	4.317741e-01	0.e+00
2.644343e-01	7.686578e-01	0.e+00
4.817080e-01	3.982455e-01	0.e+00
4.740514e-01	4.000058e-01	0.e+00
9.521821e-01	3.258304e-01	0.e+00
4.614047e-01	4.053945e-01	0.e+00
4.727741e-01	4.058857e-01	0.e+00
3.448714e-01	4.610613e-01	0.e+00
4.567357e-01	4.044832e-01	0.e+00
4.517583e-01	4.113373e-01	0.e+00
4.281668e-01	4.135936e-01	0.e+00
1.543343e+02	1.532592e+02	-7.650225e-02
3.474670e-01	4.573669e-01	0.e+00
3.568126e-01	4.828695e-01	0.e+00
3.186818e-01	5.055072e-01	0.e+00
3.534599e-01	4.462938e-01	0.e+00
3.424651e-01	4.612698e-01	0.e+00
3.859433e-01	4.291268e-01	0.e+00
3.396621e-01	4.545409e-01	0.e+00
2.511387e+00	2.573253e+00	-1.069391e-03
4.042207e-01	4.207845e-01	0.e+00
3.643241e-01	4.396783e-01	0.e+00
2.965275e-01	7.371276e-01	0.e+00
3.531742e-01	4.451756e-01	0.e+00
3.529574e-01	4.484107e-01	0.e+00
3.430626e-01	4.520202e-01	0.e+00
4.264604e-01	4.551033e-01	0.e+00
3.678739e-01	4.590569e-01	0.e+00
3.726431e-01	4.620535e-01	0.e+00
3.26408e-01	4.655887e-01	0.e+00
4.470387e-01	6.041258e-01	0.e+00
3.171823e-01	4.747704e-01	0.e+00
2.882373e-01	5.167349e-01	0.e+00
5.880331e-01	4.076301e-01	0.e+00
2.944088e-01	5.465379e-01	0.e+00
3.251091e-01	4.703041e-01	0.e+00
6.622473e+01	6.642045e+01	-3.296241e-02
2.972955e-01	5.000707e-01	0.e+00
2.975112e-01	5.062768e-01	0.e+00
3.343064e-01	4.695548e-01	0.e+00
4.248816e-01	4.405612e-01	0.e+00
2.701793e-01	5.618631e-01	0.e+00
2.278409e-01	7.064676e-01	0.e+00
2.458606e-01	6.679924e-01	0.e+00
2.726030e-01	5.478210e-01	0.e+00
2.738556e-01	5.422971e-01	0.e+00
2.669147e-01	5.503945e-01	0.e+00
3.15851e-01	4.769547e-01	0.e+00
2.518704e-01	6.334571e-01	0.e+00
2.539107e-01	6.093304e-01	0.e+00
6.714e-01	4.006806e-01	0.e+00
2.568938e-01	6.014894e-01	0.e+00
2.60086e-01	5.992475e-01	0.e+00
2.534131e-01	6.119510e-01	0.e+00
2.588814e-01	5.724909e-01	0.e+00
2.488872e-01	6.537401e-01	0.e+00
2.592694e-01	5.848289e-01	0.e+00
9.025924e-02	8.700331e-01	0.e+00
3.971614e-01	4.708833e-01	0.e+00
2.437151e-01	6.747946e-01	0.e+00
2.371646e-01	6.900702e-01	0.e+00
1.651145e-01	7.756921e-01	0.e+00
2.294584e-01	7.038425e-01	0.e+00
2.263101e-01	7.088579e-01	0.e+00
2.523187e-01	7.160173e-01	0.e+00
1.321305e-01	8.079962e-01	0.e+00
1.463429e-01	8.051746e-01	0.e+00
2.067626e-01	7.335381e-01	0.e+00
2.017658e-01	7.392608e-01	0.e+00
7.505590e-01	1.093698e+00	-2.461916e-04
1.994707e-01	7.481479e-01	0.e+00
8.479615e-02	8.586515e-01	0.e+00
1.960725e-01	7.453124e-01	0.e+00
6.237026e-02	8.935096e-01	0.e+00
1.75269e-01	7.661884e-01	0.e+00
1.70985e-01	7.708601e-01	0.e+00
1.654775e-01	7.753887e-01	0.e+00
1.608747e-01	7.799622e-01	0.e+00
1.584706e-01	7.850195e-01	0.e+00
1.552588e-01	7.888892e-01	0.e+00
1.690795e-01	7.719313e-01	0.e+00
2.864328e-01	6.255796e-01	0.e+00
2.774128e-01	6.5966e-01	0.e+00
1.248261e-01	8.145282e-01	0.e+00
1.118097e-01	8.278548e-01	0.e+00
7.727858e-02	8.681347e-01	0.e+00
1.179847e-01	8.224135e-01	0.e+00
1.645527e-01	7.764088e-01	0.e+00
1.440451e-01	7.957477e-01	0.e+00
1.041466e-01	8.366302e-01	0.e+00
1.017321e-01	8.414918e-01	0.e+00
1.199183e-01	8.481985e-01	0.e+00
5.727849e+01	5.817995e+01	-2.862202e-02
8.533887e-02	8.57851e-01	0.e+00
5.282212e-03	9.894878e-01	0.e+00
1.080306e-01	8.319640e-01	0.e+00
7.030646e-02	8.773331e-01	0.e+00
3.600152e+01	3.665615e+01	-1.792947e-02
3.233686e-02	9.648379e-01	0.e+00
1.500958e-02	9.738445e-01	0.e+00
4.900339e-02	9.104841e-01	0.e+00
4.887657e-02	9.109766e-01	0.e+00
9.222163e-02	8.500963e-01	0.e+00
8.05735e-02	8.640697e-01	0.e+00
1.383724e-01	8.011738e-01	0.e+00
1.254525e+02	1.261567e+02	-6.266746e-02
8.953071e-02	8.533143e-01	0.e+00
6.984039e-02	8.785907e-01	0.e+00
1.438294e-02	9.715927e-01	0.e+00
4.768385e-04	1.e+00	0.e+00
1.859096e-05	1.e+00	0.e+00
1.358238e-01	8.077476e-01	0.e+00
