1.258413e+00	0.e+00	0.e+00
1.105254e+00	0.e+00	0.e+00
1.052663e+00	0.e+00	0.e+00
9.491475e-01	9.113951e-02	0.e+00
3.549822e+00	2.138354e-01	0.e+00
7.148626e-01	1.123674e-01	0.e+00
7.114712e-01	1.123674e-01	0.e+00
7.020038e-01	1.073967e-01	0.e+00
7.041426e-01	1.073967e-01	0.e+00
7.025495e-01	1.073967e-01	0.e+00
7.022824e-01	1.073967e-01	0.e+00
7.596257e-01	1.073967e-01	0.e+00
8.159604e-01	1.073967e-01	0.e+00
5.458475e-01	4.378933e-01	0.e+00
5.857856e-01	4.378933e-01	0.e+00
4.675537e-01	4.378933e-01	0.e+00
4.266689e-01	4.378933e-01	0.e+00
5.098364e-01	4.378933e-01	0.e+00
3.910000e-01	4.378933e-01	0.e+00
3.880919e-01	4.378933e-01	0.e+00
