2.239347e+00	0.e+00	0.e+00
1.045757e+00	1.347836e-03	0.e+00
1.052071e+00	1.347836e-03	0.e+00
1.045099e+00	1.347836e-03	0.e+00
1.601094e+00	3.696439e-03	0.e+00
1.052071e+00	1.347836e-03	0.e+00
1.067530e+00	1.347836e-03	0.e+00
1.169014e+00	5.469389e-04	0.e+00
1.04754e+00	1.347836e-03	0.e+00
1.045099e+00	1.347836e-03	0.e+00
1.046294e+00	1.347836e-03	0.e+00
1.093186e+00	1.347836e-03	0.e+00
1.676802e+00	1.041629e-01	0.e+00
1.287998e+00	1.347836e-03	0.e+00
2.253055e+00	1.347836e-03	0.e+00
1.045099e+00	1.347836e-03	0.e+00
1.057843e+00	1.347836e-03	0.e+00
1.280871e+00	1.347836e-03	0.e+00
1.631873e+00	3.144985e-01	-1.051678e-04
8.142797e-01	1.041629e-01	0.e+00
1.150154e+00	1.041629e-01	0.e+00
7.761574e+00	3.230211e-02	0.e+00
7.991278e+00	3.230211e-02	0.e+00
7.975080e+00	3.230211e-02	0.e+00
1.363577e+00	1.041629e-01	0.e+00
7.549157e-01	1.036044e-01	0.e+00
7.285602e-01	1.030474e-01	0.e+00
7.359508e-01	1.030474e-01	0.e+00
7.378636e-01	1.030474e-01	0.e+00
7.278276e-01	1.030474e-01	0.e+00
7.278276e-01	1.030474e-01	0.e+00
7.278276e-01	1.030474e-01	0.e+00
8.056158e-01	1.030474e-01	0.e+00
2.612514e+00	8.622338e-04	0.e+00
7.691816e-01	1.030474e-01	0.e+00
7.691816e-01	1.030474e-01	0.e+00
7.691816e-01	1.030474e-01	0.e+00
8.610425e-01	1.030474e-01	0.e+00
7.691816e-01	1.030474e-01	0.e+00
7.615066e-01	1.030474e-01	0.e+00
7.252017e-01	1.030474e-01	0.e+00
7.495269e-01	1.030474e-01	0.e+00
8.718969e-01	1.030474e-01	0.e+00
7.428336e-01	1.030474e-01	0.e+00
7.486516e-01	1.028364e-01	0.e+00
7.798533e-01	1.028364e-01	0.e+00
8.147092e-01	1.030474e-01	0.e+00
7.256367e-01	1.030474e-01	0.e+00
7.616035e-01	1.030218e-01	0.e+00
7.250518e-01	1.037103e-01	0.e+00
1.633610e+00	1.378931e-01	0.e+00
7.361405e-01	1.055239e-01	0.e+00
7.191810e-01	1.041629e-01	0.e+00
7.510546e-01	1.041629e-01	0.e+00
1.850754e+00	1.377349e+00	-4.491804e-04
7.312410e-01	1.057116e-01	0.e+00
7.096272e-01	1.057116e-01	0.e+00
6.992787e-01	1.091780e-01	0.e+00
7.047206e-01	1.070991e-01	0.e+00
6.994314e-01	1.108412e-01	0.e+00
7.240176e-01	1.063599e-01	0.e+00
6.915685e-01	1.100018e-01	0.e+00
7.101774e-01	1.093345e-01	0.e+00
7.082889e-01	1.070991e-01	0.e+00
6.888833e-01	1.144057e-01	0.e+00
6.894849e+00	6.315533e+00	-3.101986e-03
7.335219e-01	1.037322e-01	0.e+00
6.811956e-01	1.155416e-01	0.e+00
1.239749e+00	6.390016e-01	-2.6173e-04
3.862024e+01	3.806164e+01	-1.897042e-02
6.940051e-01	1.220787e-01	0.e+00
7.60966e-01	1.218974e-01	0.e+00
7.930829e-01	1.186457e-01	0.e+00
6.949345e-01	1.117864e-01	0.e+00
6.889699e-01	1.207847e-01	0.e+00
6.922192e-01	1.222454e-01	0.e+00
6.816996e-01	1.231249e-01	0.e+00
7.114820e-01	1.236423e-01	0.e+00
6.975943e-01	1.324652e-01	0.e+00
1.055769e+00	1.139716e-01	0.e+00
