1.91221e+00	0.e+00	0.e+00
1.613937e+00	4.336039e-04	0.e+00
6.683715e-01	1.275169e-01	0.e+00
1.178457e+00	5.462942e-04	0.e+00
9.906586e-01	2.650199e-03	0.e+00
1.473703e+00	4.718615e-01	-2.345319e-04
9.896773e-01	2.797748e-03	0.e+00
9.896773e-01	2.797748e-03	0.e+00
8.879839e-01	5.051532e-01	-7.366203e-05
9.896773e-01	2.797748e-03	0.e+00
9.897067e-01	2.797748e-03	0.e+00
2.824499e+00	4.520183e-02	0.e+00
1.715626e+00	0.e+00	0.e+00
1.398224e+00	2.509872e-04	0.e+00
8.117824e-01	1.052854e-01	0.e+00
3.337399e+00	2.873220e-02	0.e+00
9.914977e-01	2.797748e-03	0.e+00
1.819622e+00	0.e+00	0.e+00
9.544924e-01	9.550143e-02	0.e+00
8.433725e-01	1.02372e-01	0.e+00
1.191221e+00	0.e+00	0.e+00
6.375842e-01	1.555381e-01	0.e+00
8.228574e-01	1.039372e-01	0.e+00
1.241241e+00	2.759565e-01	0.e+00
2.968868e+00	4.175517e-02	0.e+00
6.342659e-01	1.659163e-01	0.e+00
9.343615e+00	8.291772e+00	-4.142763e-03
1.32643e+00	8.689093e-02	0.e+00
3.104254e+00	3.034047e-02	0.e+00
6.968689e-01	1.198625e-01	0.e+00
7.387971e-01	1.138995e-01	0.e+00
6.785833e-01	1.248161e-01	0.e+00
6.610829e-01	1.300731e-01	0.e+00
1.683473e+00	7.839045e-02	0.e+00
1.577502e+00	1.968599e-01	0.e+00
6.461973e-01	1.372118e-01	0.e+00
6.40249e-01	1.411147e-01	0.e+00
6.681744e-01	1.292598e-01	0.e+00
6.318422e-01	1.633248e-01	0.e+00
1.694662e+00	8.596792e-02	0.e+00
6.290103e-01	1.564336e-01	0.e+00
6.336157e-01	1.564336e-01	0.e+00
8.775059e-01	1.107973e-01	0.e+00
1.297136e+00	2.245399e-01	0.e+00
6.290103e-01	1.564336e-01	0.e+00
6.632524e-01	1.721797e-01	0.e+00
1.411715e+00	9.695468e-02	0.e+00
8.402562e-01	2.018199e-01	0.e+00
6.677039e-01	1.372863e-01	0.e+00
6.40249e-01	1.411147e-01	0.e+00
6.290103e-01	1.564336e-01	0.e+00
6.45488e-01	1.466653e-01	0.e+00
6.290103e-01	1.564336e-01	0.e+00
6.604444e-01	1.753209e-01	0.e+00
6.290103e-01	1.564336e-01	0.e+00
6.290103e-01	1.564336e-01	0.e+00
7.788775e-01	1.928726e-01	0.e+00
6.290103e-01	1.564336e-01	0.e+00
6.290103e-01	1.564336e-01	0.e+00
6.290103e-01	1.564336e-01	0.e+00
6.290103e-01	1.564336e-01	0.e+00
6.290103e-01	1.564336e-01	0.e+00
6.290103e-01	1.564336e-01	0.e+00
6.868242e-01	1.564336e-01	0.e+00
6.243229e-01	3.710442e-01	0.e+00
6.290103e-01	1.564336e-01	0.e+00
1.163304e+00	2.640278e-01	0.e+00
8.760197e-01	1.099945e-01	0.e+00
6.290103e-01	1.564336e-01	0.e+00
1.837670e+00	8.302434e-02	0.e+00
6.943221e-01	1.564336e-01	0.e+00
6.290103e-01	1.564336e-01	0.e+00
8.492755e-01	1.564336e-01	0.e+00
6.290103e-01	1.564336e-01	0.e+00
1.418841e+00	2.570868e-01	0.e+00
4.376635e-01	4.103858e-01	0.e+00
6.047379e-01	3.742233e-01	0.e+00
4.263233e-01	5.368823e-01	0.e+00
6.845054e-01	1.235520e-01	0.e+00
5.857802e-01	3.790947e-01	0.e+00
5.671706e-01	3.806748e-01	0.e+00
4.855283e-01	4.743345e-01	0.e+00
1.251865e+00	2.556433e-01	0.e+00
7.327043e-01	5.678580e-01	0.e+00
5.312453e-01	3.876064e-01	0.e+00
1.346629e+00	1.450166e+00	-4.946452e-04
4.726302e-01	4.038728e-01	0.e+00
1.251073e+00	2.902775e-01	0.e+00
1.146232e+00	2.913906e-01	0.e+00
1.366777e+00	2.723976e-01	0.e+00
4.921384e-01	6.30083e-01	0.e+00
3.610319e-01	4.473075e-01	0.e+00
4.660687e-01	4.019993e-01	0.e+00
3.505502e-01	4.965231e-01	0.e+00
4.523036e-01	4.057147e-01	0.e+00
5.174527e-01	3.903458e-01	0.e+00
4.062875e-01	4.200331e-01	0.e+00
1.167175e+00	2.893386e-01	0.e+00
6.035587e-01	3.746924e-01	0.e+00
7.610791e-01	3.514443e-01	0.e+00
4.131272e-01	4.176083e-01	0.e+00
1.193898e+00	2.945641e-01	0.e+00
3.59598e-01	4.953689e-01	0.e+00
2.079147e+01	2.082140e+01	-1.019830e-02
3.909223e-01	4.269853e-01	0.e+00
1.280892e+00	1.916917e-01	0.e+00
3.782618e-01	4.315720e-01	0.e+00
3.380018e-01	4.585048e-01	0.e+00
2.797281e-01	5.253506e-01	0.e+00
3.963599e-01	4.238071e-01	0.e+00
3.978228e-01	4.344655e-01	0.e+00
6.393922e-01	3.709444e-01	0.e+00
3.345019e-01	4.979917e-01	0.e+00
2.763122e-01	5.308201e-01	0.e+00
2.677238e-01	6.404448e-01	0.e+00
2.733743e+02	2.735595e+02	-1.365172e-01
4.383922e-01	4.164074e-01	0.e+00
3.262572e-01	4.657106e-01	0.e+00
3.591965e-01	5.176311e-01	0.e+00
4.614422e-01	4.359088e-01	0.e+00
2.337644e-01	7.16671e-01	0.e+00
7.632912e-01	9.340093e-01	-2.260261e-04
2.594063e-01	5.702162e-01	0.e+00
3.159454e-01	4.908287e-01	0.e+00
2.853400e-01	5.165678e-01	0.e+00
2.704112e-01	5.434344e-01	0.e+00
2.594371e-01	5.754539e-01	0.e+00
4.649089e+01	4.671178e+01	-2.310071e-02
5.646259e-02	9.313587e-01	0.e+00
2.758932e-01	5.328146e-01	0.e+00
2.850958e-01	6.206557e-01	0.e+00
1.113869e+00	2.995428e-01	0.e+00
3.202894e-01	5.376977e-01	0.e+00
2.776565e-01	5.426334e-01	0.e+00
2.697489e-01	5.492790e-01	0.e+00
3.088676e-01	5.021664e-01	0.e+00
3.409828e-01	4.567988e-01	0.e+00
2.590513e-01	5.713714e-01	0.e+00
3.240271e-01	5.865637e-01	0.e+00
2.550546e-01	5.899895e-01	0.e+00
2.6139e-01	6.083231e-01	0.e+00
2.080712e-01	7.343116e-01	0.e+00
1.728145e+00	2.07472e+00	-7.363330e-04
2.506440e-01	6.408064e-01	0.e+00
2.811381e-01	5.285524e-01	0.e+00
2.48332e-01	6.625588e-01	0.e+00
2.468569e-01	6.742645e-01	0.e+00
2.465168e-01	6.821209e-01	0.e+00
2.376421e-01	6.887993e-01	0.e+00
2.355995e-01	6.959260e-01	0.e+00
1.846799e-01	7.630025e-01	0.e+00
2.576952e-01	6.416878e-01	0.e+00
5.739239e-02	9.138801e-01	0.e+00
1.575887e-01	7.84424e-01	0.e+00
1.152045e-01	8.256464e-01	0.e+00
2.093973e-01	7.326461e-01	0.e+00
2.031452e-01	7.385707e-01	0.e+00
2.162459e-01	7.224450e-01	0.e+00
1.761956e-01	7.664709e-01	0.e+00
2.157845e-01	7.238287e-01	0.e+00
2.330135e-01	6.980611e-01	0.e+00
2.872375e-01	5.793819e-01	0.e+00
2.77613e-01	5.456921e-01	0.e+00
1.703340e-01	7.708511e-01	0.e+00
1.002188e-01	8.508734e-01	0.e+00
1.607752e-01	7.799760e-01	0.e+00
5.113626e-02	9.060113e-01	0.e+00
1.561898e-01	7.841816e-01	0.e+00
3.14165e-01	6.157008e-01	0.e+00
8.811099e-02	8.561362e-01	0.e+00
1.213687e-01	8.229350e-01	0.e+00
4.351724e-04	1.e+00	0.e+00
3.59354e-02	9.31495e-01	0.e+00
1.227984e-01	8.168599e-01	0.e+00
8.523548e-02	8.587046e-01	0.e+00
1.181891e-01	8.266319e-01	0.e+00
3.272295e-02	9.383363e-01	0.e+00
1.084959e-01	8.366763e-01	0.e+00
9.902984e-02	8.417675e-01	0.e+00
9.527223e-02	8.481521e-01	0.e+00
1.233435e-02	9.775160e-01	0.e+00
2.251372e-01	7.245091e-01	0.e+00
7.995446e-02	8.645825e-01	0.e+00
9.952435e-02	8.423415e-01	0.e+00
7.524429e-02	8.764785e-01	0.e+00
3.823078e-02	9.402641e-01	0.e+00
6.307777e-02	8.879624e-01	0.e+00
5.888871e-04	1.e+00	0.e+00
5.251439e-02	9.039530e-01	0.e+00
8.080519e-02	8.644746e-01	0.e+00
4.305189e-03	9.92451e-01	0.e+00
7.146092e-02	8.764441e-01	0.e+00
1.454816e-01	1.007089e+00	-3.577801e-05
4.467648e-02	9.162891e-01	0.e+00
2.047375e-03	1.e+00	0.e+00
1.875246e-02	9.632439e-01	0.e+00
2.447963e-02	9.847320e-01	0.e+00
3.09436e-05	1.e+00	0.e+00
1.402529e-02	1.e+00	0.e+00
7.795853e+00	8.795849e+00	-3.897925e-03
