2.228097e+00	0.e+00	0.e+00
1.179822e+00	2.932892e-03	0.e+00
1.138784e+00	1.865019e-03	0.e+00
1.535413e+00	9.37601e-02	0.e+00
1.861557e+00	1.865019e-03	0.e+00
5.305569e+00	0.e+00	0.e+00
5.300052e+00	1.865019e-03	0.e+00
5.130925e+00	0.e+00	0.e+00
5.061053e+00	0.e+00	0.e+00
1.230251e+00	1.865019e-03	0.e+00
1.592806e+00	1.865019e-03	0.e+00
1.482632e+00	1.865019e-03	0.e+00
1.673092e+00	1.865019e-03	0.e+00
8.146303e+00	1.817655e-01	0.e+00
1.343764e+00	1.865019e-03	0.e+00
1.129635e+00	1.865019e-03	0.e+00
1.14152e+00	1.865019e-03	0.e+00
3.271822e+00	1.865019e-03	0.e+00
1.508004e+00	1.865019e-03	0.e+00
1.766375e+00	7.759004e-02	0.e+00
9.640491e-01	8.973427e-02	0.e+00
1.128563e+00	7.786464e-02	0.e+00
7.494831e+00	2.610282e-02	0.e+00
3.140727e+00	1.266588e-03	0.e+00
3.657449e+00	1.442732e-01	0.e+00
3.576262e+00	8.233802e-02	0.e+00
9.493009e-01	8.342222e-02	0.e+00
1.320989e+00	8.486241e-02	0.e+00
5.072943e+00	1.479059e-02	0.e+00
9.952458e-01	8.596305e-02	0.e+00
9.078781e-01	9.994065e-02	0.e+00
1.161506e+00	8.737642e-02	0.e+00
1.252249e+00	8.796669e-02	0.e+00
8.308981e-01	8.885209e-02	0.e+00
3.48984e+00	9.059076e-02	0.e+00
1.328291e+00	9.161616e-02	0.e+00
7.999621e-01	9.112074e-02	0.e+00
7.841597e-01	9.31844e-02	0.e+00
9.082912e-01	9.510314e-02	0.e+00
9.534699e-01	1.212852e-01	0.e+00
8.123530e-01	9.510314e-02	0.e+00
1.429286e+00	9.510314e-02	0.e+00
7.282502e-01	1.06544e-01	0.e+00
8.705885e-01	1.005645e-01	0.e+00
7.200607e-01	1.10605e-01	0.e+00
7.774216e-01	1.005645e-01	0.e+00
1.108327e+00	1.048898e-01	0.e+00
1.03481e+00	9.130044e-02	0.e+00
9.089887e-01	1.070197e-01	0.e+00
8.65126e-01	1.070197e-01	0.e+00
1.710484e+00	1.465661e-01	0.e+00
7.426715e-01	1.119295e-01	0.e+00
8.881246e-01	9.649497e-02	0.e+00
7.983658e-01	1.030077e-01	0.e+00
7.068611e-01	1.145837e-01	0.e+00
7.987098e-01	1.044084e-01	0.e+00
1.489537e+00	9.167168e-02	0.e+00
1.166564e+00	9.510314e-02	0.e+00
6.710701e-01	1.208905e-01	0.e+00
6.785923e-01	1.189256e-01	0.e+00
6.691325e-01	1.224060e-01	0.e+00
7.536985e-01	1.224060e-01	0.e+00
7.611924e-01	1.224060e-01	0.e+00
7.144101e-01	1.224060e-01	0.e+00
7.080160e-01	1.13479e-01	0.e+00
7.000158e-01	1.173536e-01	0.e+00
7.840724e-01	1.224060e-01	0.e+00
6.733225e-01	1.264140e-01	0.e+00
7.098701e-01	1.224060e-01	0.e+00
6.931095e-01	1.224060e-01	0.e+00
6.856210e-01	1.182409e-01	0.e+00
6.691325e-01	1.224060e-01	0.e+00
6.786932e-01	1.224060e-01	0.e+00
7.259214e-01	1.224060e-01	0.e+00
6.691325e-01	1.224060e-01	0.e+00
7.194937e-01	1.224060e-01	0.e+00
6.693532e-01	1.224060e-01	0.e+00
7.417722e-01	1.133817e-01	0.e+00
6.717350e-01	1.224060e-01	0.e+00
6.691325e-01	1.224060e-01	0.e+00
6.765609e-01	1.224060e-01	0.e+00
6.691325e-01	1.224060e-01	0.e+00
6.797476e-01	1.224060e-01	0.e+00
6.691325e-01	1.224060e-01	0.e+00
6.691325e-01	1.224060e-01	0.e+00
6.773155e-01	1.224060e-01	0.e+00
5.862390e+00	5.182449e-02	0.e+00
6.692713e-01	1.224060e-01	0.e+00
6.691325e-01	1.224060e-01	0.e+00
6.691325e-01	1.224060e-01	0.e+00
6.691325e-01	1.224060e-01	0.e+00
6.691325e-01	1.224060e-01	0.e+00
1.069305e+00	3.472350e-01	0.e+00
6.691325e-01	1.224060e-01	0.e+00
6.691325e-01	1.224060e-01	0.e+00
6.691325e-01	1.224060e-01	0.e+00
6.742982e-01	1.224060e-01	0.e+00
6.685526e-01	1.224060e-01	0.e+00
6.685526e-01	1.224060e-01	0.e+00
1.616796e+00	3.472350e-01	0.e+00
7.324918e-01	1.224060e-01	0.e+00
2.102076e+00	1.672406e-01	0.e+00
6.685526e-01	1.224060e-01	0.e+00
9.43365e-01	1.224060e-01	0.e+00
6.685526e-01	1.224060e-01	0.e+00
6.685526e-01	1.224060e-01	0.e+00
1.432365e+00	3.49989e-01	0.e+00
9.059625e-01	3.508051e-01	0.e+00
6.685526e-01	1.224060e-01	0.e+00
6.457309e-01	3.472350e-01	0.e+00
3.131988e+00	2.204924e-01	0.e+00
2.063321e+00	3.472350e-01	0.e+00
1.061304e+00	3.472350e-01	0.e+00
1.426342e+00	2.987913e-01	0.e+00
7.385201e-01	3.49989e-01	0.e+00
1.187475e+00	3.49989e-01	0.e+00
7.506800e-01	3.49989e-01	0.e+00
7.390944e-01	3.49989e-01	0.e+00
5.915868e-01	3.511000e-01	0.e+00
9.968756e-01	3.49989e-01	0.e+00
7.232915e-01	3.494501e-01	0.e+00
6.19388e-01	3.512678e-01	0.e+00
1.025891e+00	3.136531e-01	0.e+00
3.03544e+00	2.213551e-01	0.e+00
5.833838e-01	3.521311e-01	0.e+00
5.907554e-01	3.521311e-01	0.e+00
5.272538e+01	5.248176e+01	-2.606566e-02
5.642856e-01	3.555295e-01	0.e+00
6.809900e-01	3.428175e-01	0.e+00
5.524007e-01	4.074001e-01	0.e+00
5.614465e-01	3.555295e-01	0.e+00
5.510617e-01	3.575097e-01	0.e+00
5.883029e-01	3.559410e-01	0.e+00
5.500747e-01	3.575097e-01	0.e+00
6.472721e-01	3.490995e-01	0.e+00
5.658374e-01	3.543743e-01	0.e+00
5.569828e-01	3.566222e-01	0.e+00
5.28746e-01	3.615864e-01	0.e+00
5.354677e-01	3.597230e-01	0.e+00
6.205199e-01	3.478985e-01	0.e+00
5.44474e-01	3.738349e-01	0.e+00
4.804883e-01	3.835223e-01	0.e+00
5.545936e-01	3.641579e-01	0.e+00
7.020562e-01	5.945058e-01	-1.064757e-04
5.090408e-01	3.659445e-01	0.e+00
5.094091e-01	3.659445e-01	0.e+00
5.335085e-01	3.659445e-01	0.e+00
5.14263e-01	3.665597e-01	0.e+00
5.022299e-01	3.669692e-01	0.e+00
5.088180e-01	3.680728e-01	0.e+00
5.099811e-01	3.692816e-01	0.e+00
4.882982e-01	3.705282e-01	0.e+00
5.507526e-01	3.577478e-01	0.e+00
5.180184e-01	3.809417e-01	0.e+00
5.129699e-01	3.711272e-01	0.e+00
5.271144e-01	3.720903e-01	0.e+00
4.791645e-01	3.739044e-01	0.e+00
4.778477e-01	3.739044e-01	0.e+00
4.895329e-01	3.746482e-01	0.e+00
5.024128e-01	3.682671e-01	0.e+00
4.753395e-01	3.759036e-01	0.e+00
4.785435e-01	3.763431e-01	0.e+00
5.213202e-01	4.055134e-01	-1.632837e-05
4.739436e-01	3.788886e-01	0.e+00
4.744374e-01	3.795931e-01	0.e+00
5.236044e-01	3.693079e-01	0.e+00
5.036956e-01	3.670113e-01	0.e+00
4.779182e-01	3.736926e-01	0.e+00
4.593051e-01	3.829187e-01	0.e+00
4.242568e-01	3.903707e-01	0.e+00
4.552852e-01	3.975809e-01	0.e+00
4.853926e-01	3.736926e-01	0.e+00
4.380278e-01	3.856753e-01	0.e+00
4.211890e-01	3.915212e-01	0.e+00
4.479122e-01	3.813340e-01	0.e+00
4.701016e-01	3.76687e-01	0.e+00
4.250849e-01	3.893503e-01	0.e+00
4.247188e-01	3.897748e-01	0.e+00
4.622953e-01	3.915212e-01	0.e+00
4.298883e-01	3.916230e-01	0.e+00
2.893395e+00	1.824658e-01	0.e+00
7.97483e+00	7.937718e+00	-3.772061e-03
4.111698e-01	3.947525e-01	0.e+00
4.008477e-01	3.992561e-01	0.e+00
3.927878e-01	4.045565e-01	0.e+00
4.062406e-01	3.975524e-01	0.e+00
4.422220e-01	4.186509e-01	0.e+00
4.488688e-01	3.816416e-01	0.e+00
4.188272e-01	3.920989e-01	0.e+00
3.920825e-01	4.126366e-01	0.e+00
3.992971e-01	4.029512e-01	0.e+00
3.943693e-01	4.045565e-01	0.e+00
9.59227e-01	6.397692e-01	0.e+00
4.124328e-01	3.962748e-01	0.e+00
4.307245e-01	4.076459e-01	0.e+00
4.248871e-01	4.091127e-01	0.e+00
3.828814e-01	4.105083e-01	0.e+00
4.101111e-01	3.949777e-01	0.e+00
3.765957e-01	4.117776e-01	0.e+00
3.955039e-01	4.028918e-01	0.e+00
