1.029263e+03	1.027577e+03	-5.137887e-01
1.046388e+00	2.664597e-03	0.e+00
7.789678e-01	1.120831e-01	0.e+00
6.902099e-01	1.346785e-01	0.e+00
9.895909e-01	2.664597e-03	0.e+00
9.895909e-01	2.664597e-03	0.e+00
4.884766e+02	4.874896e+02	-2.437435e-01
9.947546e-01	2.664597e-03	0.e+00
9.895909e-01	2.664597e-03	0.e+00
9.895909e-01	2.664597e-03	0.e+00
8.27969e-01	1.065593e-01	0.e+00
2.239991e+02	2.230219e+02	-1.114577e-01
7.789678e-01	1.120831e-01	0.e+00
1.047742e+00	1.022186e-01	0.e+00
6.713752e-01	1.422075e-01	0.e+00
6.729633e-01	1.295581e-01	0.e+00
1.857584e+00	7.211921e-02	0.e+00
1.126021e+00	4.787611e-04	0.e+00
6.394573e-01	1.419341e-01	0.e+00
6.293413e-01	1.580107e-01	0.e+00
1.186927e+00	1.049452e-01	0.e+00
6.300961e-01	1.554460e-01	0.e+00
2.564508e+00	5.688621e-02	0.e+00
6.290729e-01	1.554460e-01	0.e+00
6.394210e-01	1.422075e-01	0.e+00
6.356076e-01	1.448762e-01	0.e+00
6.290729e-01	1.554460e-01	0.e+00
9.926263e-01	1.106569e-01	0.e+00
6.290729e-01	1.554460e-01	0.e+00
6.865976e-01	1.554460e-01	0.e+00
1.243388e+00	2.522052e-01	0.e+00
6.865976e-01	1.554460e-01	0.e+00
6.290729e-01	1.554460e-01	0.e+00
1.976745e+00	7.821753e-02	0.e+00
6.911288e-01	1.554460e-01	0.e+00
6.290729e-01	1.554460e-01	0.e+00
2.595152e+00	6.066043e-02	0.e+00
6.171129e-01	3.722637e-01	0.e+00
5.933057e-01	3.761404e-01	0.e+00
5.840074e-01	3.781785e-01	0.e+00
4.889652e+02	4.887861e+02	-2.442022e-01
1.292205e+00	2.817678e-01	0.e+00
1.341371e+00	2.788536e-01	0.e+00
5.092497e-01	3.919827e-01	0.e+00
1.348947e+00	2.405112e-01	0.e+00
6.079107e-01	3.745543e-01	0.e+00
1.417888e+00	2.556187e-01	0.e+00
4.478141e-01	4.069788e-01	0.e+00
8.939345e+00	8.912887e+00	-4.251389e-03
4.420416e-01	4.087751e-01	0.e+00
4.122187e-01	4.184360e-01	0.e+00
4.275618e-01	4.130143e-01	0.e+00
3.482482e-01	4.511317e-01	0.e+00
3.714808e-01	4.350107e-01	0.e+00
3.636319e-01	4.40228e-01	0.e+00
3.586747e-01	4.446945e-01	0.e+00
3.462809e-01	4.498871e-01	0.e+00
3.313142e-01	5.260223e-01	0.e+00
5.490409e-01	5.694052e-01	0.e+00
3.10738e-01	5.567813e-01	0.e+00
3.160412e-01	4.807511e-01	0.e+00
3.045775e-01	4.906507e-01	0.e+00
4.296446e-01	4.335036e-01	0.e+00
2.909054e-01	5.079928e-01	0.e+00
2.837608e-01	5.189111e-01	0.e+00
2.76617e-01	5.303311e-01	0.e+00
4.388696e-01	4.098361e-01	0.e+00
2.617459e-01	5.631991e-01	0.e+00
2.647897e-01	5.718012e-01	0.e+00
2.427235e-01	6.766089e-01	0.e+00
2.600176e-01	5.715140e-01	0.e+00
1.742795e-01	7.984976e-01	0.e+00
6.581667e-02	8.954838e-01	0.e+00
2.424834e-01	6.810344e-01	0.e+00
2.522417e-01	6.198631e-01	0.e+00
2.252855e-01	7.129397e-01	0.e+00
2.14911e-01	7.244385e-01	0.e+00
2.096889e-01	7.319634e-01	0.e+00
1.996757e-01	7.413423e-01	0.e+00
1.962569e-01	7.512950e-01	0.e+00
2.289481e-01	7.067989e-01	0.e+00
1.695983e-01	7.7146e-01	0.e+00
1.605626e-01	7.800614e-01	0.e+00
1.638246e-01	7.769223e-01	0.e+00
1.425753e-01	7.973479e-01	0.e+00
1.354554e-01	8.068972e-01	0.e+00
1.556022e-01	7.853146e-01	0.e+00
1.287257e-01	8.397797e-01	0.e+00
1.446779e-01	7.952735e-01	0.e+00
1.466253e-02	9.721698e-01	0.e+00
8.362765e-02	8.600838e-01	0.e+00
2.363688e-01	7.086262e-01	0.e+00
6.824629e-02	8.825924e-01	0.e+00
2.203613e-01	7.309363e-01	0.e+00
9.223349e-02	8.495746e-01	0.e+00
4.756897e-02	9.273718e-01	0.e+00
1.189193e-01	8.206245e-01	0.e+00
1.981935e-02	9.625740e-01	0.e+00
1.078254e-01	8.341083e-01	0.e+00
3.523133e-06	1.e+00	0.e+00
