1.204814e+02	1.18414e+02	-5.920698e-02
1.043160e+00	5.988207e-03	0.e+00
9.896085e-01	2.604458e-03	0.e+00
9.896085e-01	2.604458e-03	0.e+00
7.839064e-01	1.074434e-01	0.e+00
9.896085e-01	2.604458e-03	0.e+00
1.167608e+00	1.062631e-01	0.e+00
2.969925e+00	3.160989e-02	0.e+00
1.618979e+00	2.604458e-03	0.e+00
9.896085e-01	2.604458e-03	0.e+00
2.753394e+02	2.732317e+02	-1.366158e-01
1.790842e+02	1.774084e+02	-8.870422e-02
9.896085e-01	2.604458e-03	0.e+00
4.2383e+02	4.217416e+02	-2.108708e-01
2.915849e+00	3.801100e-02	0.e+00
1.790487e+02	1.774084e+02	-8.870422e-02
1.796022e+02	1.774084e+02	-8.870422e-02
9.429746e-01	2.194579e-01	0.e+00
9.897789e-01	2.604458e-03	0.e+00
2.111684e+00	2.142353e-01	0.e+00
9.897790e-01	2.604458e-03	0.e+00
1.412824e+00	2.604458e-03	0.e+00
8.198370e-01	1.042862e-01	0.e+00
2.851959e+00	3.985312e-02	0.e+00
2.755453e+00	3.137105e-02	0.e+00
1.271462e+00	1.715790e-01	0.e+00
1.034057e+00	9.625611e-02	0.e+00
1.410800e+00	2.774234e-03	0.e+00
9.153122e-01	9.780194e-02	0.e+00
9.91571e-01	3.114211e-03	0.e+00
1.924545e+00	2.796644e-05	0.e+00
2.967295e+00	4.676423e-02	0.e+00
7.984570e-01	1.359032e-01	0.e+00
1.560879e+00	2.006182e-01	0.e+00
2.111400e+00	6.294178e-02	0.e+00
2.340818e+02	2.328803e+02	-1.164402e-01
6.934597e-01	1.204583e-01	0.e+00
8.401030e+00	7.850332e+00	-3.851669e-03
7.700889e-01	1.089577e-01	0.e+00
7.646963e-01	1.094422e-01	0.e+00
7.535423e-01	1.107561e-01	0.e+00
7.02555e-01	1.209331e-01	0.e+00
7.374498e-01	1.128230e-01	0.e+00
7.266019e-01	1.144081e-01	0.e+00
1.047405e+00	1.705402e-01	0.e+00
9.096427e-01	1.144907e-01	0.e+00
7.076646e-01	1.175778e-01	0.e+00
7.075436e-01	1.384913e-01	0.e+00
6.349831e-01	1.48543e-01	0.e+00
7.225241e-01	1.218280e-01	0.e+00
6.746933e-01	1.253774e-01	0.e+00
6.420245e-01	1.702608e-01	0.e+00
8.03487e-01	1.611527e-01	0.e+00
6.725383e-01	1.280746e-01	0.e+00
6.321726e-01	1.636186e-01	0.e+00
1.623106e+02	1.617750e+02	-8.082305e-02
6.650376e-01	1.285235e-01	0.e+00
6.607901e-01	1.344901e-01	0.e+00
7.61878e-01	1.367969e-01	0.e+00
8.193397e-01	1.793419e-01	0.e+00
1.219905e+00	9.760529e-02	0.e+00
8.868213e-01	1.03352e-01	0.e+00
7.410523e-01	1.252915e-01	0.e+00
6.329996e-01	1.47551e-01	0.e+00
7.995942e-01	1.874091e-01	0.e+00
6.819071e-01	1.248329e-01	0.e+00
8.803613e-01	2.039666e-01	0.e+00
6.634291e-01	1.424985e-01	0.e+00
6.290103e-01	1.564506e-01	0.e+00
6.631094e-01	1.564506e-01	0.e+00
6.290103e-01	1.564506e-01	0.e+00
6.332945e-01	1.564506e-01	0.e+00
6.290103e-01	1.564506e-01	0.e+00
6.290103e-01	1.564506e-01	0.e+00
6.290103e-01	1.564506e-01	0.e+00
6.343471e-01	1.507839e-01	0.e+00
6.490609e-01	1.456781e-01	0.e+00
6.290103e-01	1.564506e-01	0.e+00
6.292009e-01	1.575488e-01	0.e+00
6.290103e-01	1.564506e-01	0.e+00
1.540446e+02	1.535721e+02	-7.670781e-02
6.29014e-01	1.564506e-01	0.e+00
6.292235e-01	1.564506e-01	0.e+00
9.223782e-01	2.166065e-01	0.e+00
6.294697e-01	1.547604e-01	0.e+00
6.290115e-01	1.563591e-01	0.e+00
6.290103e-01	1.564506e-01	0.e+00
6.290103e-01	1.564506e-01	0.e+00
6.292886e-01	1.562618e-01	0.e+00
1.09285e+02	1.085965e+02	-5.423538e-02
6.290103e-01	1.564506e-01	0.e+00
6.290103e-01	1.564506e-01	0.e+00
6.290103e-01	1.564506e-01	0.e+00
6.297678e-01	1.564506e-01	0.e+00
3.089653e+01	3.036237e+01	-1.511094e-02
6.290103e-01	1.564506e-01	0.e+00
6.290103e-01	1.564506e-01	0.e+00
1.310429e+02	1.301505e+02	-6.501827e-02
2.998690e+01	2.951434e+01	-1.467895e-02
1.773009e+00	1.300449e+00	-5.719993e-04
2.998712e+01	2.951434e+01	-1.467895e-02
6.290103e-01	1.564506e-01	0.e+00
6.290103e-01	1.564506e-01	0.e+00
6.290514e-01	1.564506e-01	0.e+00
6.290103e-01	1.564506e-01	0.e+00
6.290103e-01	1.564506e-01	0.e+00
6.290103e-01	1.564506e-01	0.e+00
6.292248e-01	1.564506e-01	0.e+00
6.290103e-01	1.564506e-01	0.e+00
6.387744e-01	1.645586e-01	0.e+00
6.634631e-01	1.722148e-01	0.e+00
6.290103e-01	1.564506e-01	0.e+00
6.290103e-01	1.564506e-01	0.e+00
6.290103e-01	1.564506e-01	0.e+00
6.290103e-01	1.564506e-01	0.e+00
9.738696e-01	2.213361e-01	0.e+00
6.290103e-01	1.564506e-01	0.e+00
6.290103e-01	1.564506e-01	0.e+00
6.290103e-01	1.564506e-01	0.e+00
3.747333e+01	3.700077e+01	-1.842216e-02
6.290103e-01	1.564506e-01	0.e+00
6.489412e-01	1.457091e-01	0.e+00
6.290103e-01	1.564506e-01	0.e+00
7.340232e-01	1.788152e-01	0.e+00
6.290258e-01	1.564506e-01	0.e+00
6.290103e-01	1.564506e-01	0.e+00
6.290103e-01	1.564506e-01	0.e+00
8.879763e-01	2.010547e-01	0.e+00
9.040356e-01	2.109322e-01	0.e+00
6.290103e-01	1.564506e-01	0.e+00
6.290103e-01	1.564506e-01	0.e+00
6.290103e-01	1.564506e-01	0.e+00
6.290103e-01	1.564506e-01	0.e+00
6.413351e-01	1.564506e-01	0.e+00
6.290103e-01	1.564506e-01	0.e+00
6.790608e-01	1.764828e-01	0.e+00
6.290103e-01	1.564506e-01	0.e+00
6.290103e-01	1.564506e-01	0.e+00
6.290103e-01	1.564506e-01	0.e+00
1.301234e+01	1.176583e+01	-5.833245e-03
8.960223e-01	2.096755e-01	0.e+00
6.290103e-01	1.564506e-01	0.e+00
6.308369e-01	1.564506e-01	0.e+00
6.297406e-01	1.564506e-01	0.e+00
6.290103e-01	1.564506e-01	0.e+00
6.290103e-01	1.564506e-01	0.e+00
6.293004e-01	1.564506e-01	0.e+00
6.290103e-01	1.564506e-01	0.e+00
6.290103e-01	1.564506e-01	0.e+00
6.297452e-01	1.564506e-01	0.e+00
6.290103e-01	1.564506e-01	0.e+00
6.290103e-01	1.564506e-01	0.e+00
6.29133e-01	1.564506e-01	0.e+00
6.290103e-01	1.564506e-01	0.e+00
1.080257e+00	2.400162e-01	0.e+00
4.567455e+01	4.399543e+01	-2.195508e-02
6.304000e-01	1.594422e-01	0.e+00
6.68768e-01	1.734850e-01	0.e+00
1.061756e+02	1.057000e+02	-5.277179e-02
6.290103e-01	1.564506e-01	0.e+00
6.290103e-01	1.564506e-01	0.e+00
6.290103e-01	1.564506e-01	0.e+00
8.733677e-01	2.065302e-01	0.e+00
6.290103e-01	1.564506e-01	0.e+00
6.290103e-01	1.564506e-01	0.e+00
6.292693e-01	1.564506e-01	0.e+00
6.290103e-01	1.564506e-01	0.e+00
6.290103e-01	1.564506e-01	0.e+00
6.290103e-01	1.564506e-01	0.e+00
8.033297e+01	7.973444e+01	-3.980307e-02
6.290103e-01	1.564506e-01	0.e+00
1.166022e+00	2.654196e-01	0.e+00
6.298286e-01	1.564506e-01	0.e+00
6.290103e-01	1.564506e-01	0.e+00
6.308922e-01	1.564506e-01	0.e+00
6.359467e-01	1.564506e-01	0.e+00
6.290103e-01	1.564506e-01	0.e+00
1.185183e+02	1.177424e+02	-5.881114e-02
6.290103e-01	1.564506e-01	0.e+00
6.290103e-01	1.564506e-01	0.e+00
1.126387e+00	6.526819e-01	-2.481157e-04
6.290103e-01	1.564506e-01	0.e+00
6.290103e-01	1.564506e-01	0.e+00
6.295333e-01	1.546480e-01	0.e+00
6.290103e-01	1.564506e-01	0.e+00
6.290103e-01	1.564506e-01	0.e+00
6.290103e-01	1.564506e-01	0.e+00
6.331999e-01	1.616959e-01	0.e+00
1.039384e+00	2.321799e-01	0.e+00
9.073948e-01	2.114180e-01	0.e+00
2.617003e+00	6.210924e-02	0.e+00
6.297041e-01	1.564506e-01	0.e+00
6.290103e-01	1.564506e-01	0.e+00
8.489183e+01	8.383915e+01	-4.186619e-02
1.089249e+00	2.419214e-01	0.e+00
6.290103e-01	1.564506e-01	0.e+00
7.392195e+01	7.272504e+01	-3.631195e-02
8.661812e-01	2.05573e-01	0.e+00
3.781825e+01	3.717299e+01	-1.852199e-02
6.290103e-01	1.564506e-01	0.e+00
