1.449459e+00	0.e+00	0.e+00
8.213695e+00	2.431104e-02	0.e+00
1.332038e+00	0.e+00	0.e+00
9.102495e+00	2.601072e-02	0.e+00
7.932712e+00	2.914449e-02	0.e+00
7.136198e-01	1.066921e-01	0.e+00
7.294737e-01	1.193812e-01	0.e+00
1.133722e+00	5.874210e-04	0.e+00
3.445616e+02	3.432519e+02	-1.715800e-01
7.293925e-01	1.327832e-01	0.e+00
6.665599e-01	1.327832e-01	0.e+00
6.635717e-01	1.327832e-01	0.e+00
8.916798e-01	1.327832e-01	0.e+00
9.100583e-01	1.327832e-01	0.e+00
1.659772e+00	3.507622e-01	0.e+00
1.806594e+00	1.347545e-01	0.e+00
5.235411e-01	3.641529e-01	0.e+00
4.904423e-01	3.736076e-01	0.e+00
4.206465e-01	3.972521e-01	0.e+00
4.008776e-01	4.222052e-01	0.e+00
3.876069e-01	4.112638e-01	0.e+00
3.571669e-01	4.294136e-01	0.e+00
3.33846e-01	4.808781e-01	0.e+00
3.942933e-01	4.652017e-01	0.e+00
3.427559e-01	4.678736e-01	0.e+00
3.429993e-01	4.678736e-01	0.e+00
4.027094e-01	4.678736e-01	0.e+00
1.150745e+00	6.785971e-01	0.e+00
1.074692e+00	6.95495e-01	0.e+00
3.153536e-01	7.130111e-01	0.e+00
2.513409e-01	7.311496e-01	0.e+00
2.825193e-01	7.488316e-01	0.e+00
2.295085e-01	7.260456e-01	0.e+00
1.61664e-01	7.873225e-01	0.e+00
1.235344e-01	8.144713e-01	0.e+00
1.173118e-01	8.392274e-01	0.e+00
2.388024e-01	7.849542e-01	0.e+00
6.562168e-02	8.818707e-01	0.e+00
2.494302e-02	9.543446e-01	0.e+00
7.117596e-02	8.794537e-01	0.e+00
