1.550833e+00	0.e+00	0.e+00
1.815016e+00	8.021254e-01	-3.997194e-04
2.795444e+01	2.693203e+01	-1.346522e-02
7.266179e-01	1.312508e-01	0.e+00
1.556186e+02	1.543345e+02	-7.716692e-02
3.563508e+03	3.561820e+03	-1.780910e+00
9.953894e-01	2.686642e-03	0.e+00
1.996772e+01	1.898081e+01	-9.489060e-03
4.997293e+00	4.010381e+00	-2.003847e-03
1.656615e+00	2.756715e-01	0.e+00
1.883878e+03	1.882675e+03	-9.413373e-01
5.083586e+01	4.962117e+01	-2.481059e-02
1.364446e+00	1.077852e-01	0.e+00
7.478573e-01	1.114462e-01	0.e+00
1.320882e+00	8.257876e-02	0.e+00
1.318041e+00	8.917314e-02	0.e+00
2.842772e+00	4.191919e-02	0.e+00
1.035282e+00	1.009990e-01	0.e+00
6.39464e-01	1.419157e-01	0.e+00
6.378836e-01	1.455432e-01	0.e+00
6.606422e-01	1.566443e-01	0.e+00
1.210804e+00	9.87187e-02	0.e+00
8.148127e-01	1.880368e-01	0.e+00
6.484037e-01	1.358036e-01	0.e+00
6.301928e-01	1.566443e-01	0.e+00
6.559992e-01	1.760627e-01	0.e+00
6.290116e-01	1.566443e-01	0.e+00
6.290116e-01	1.566443e-01	0.e+00
1.174603e+00	2.542121e-01	0.e+00
2.270998e+00	8.185888e-02	0.e+00
8.000445e-01	3.815839e-01	0.e+00
2.978644e-01	5.216871e-01	0.e+00
6.290822e-01	1.566443e-01	0.e+00
6.290116e-01	1.566443e-01	0.e+00
5.812903e-01	3.783847e-01	0.e+00
6.290116e-01	1.566443e-01	0.e+00
6.361231e-01	1.624768e-01	0.e+00
6.078578e-01	3.737555e-01	0.e+00
5.993423e-01	3.752858e-01	0.e+00
5.812903e-01	3.783847e-01	0.e+00
1.400339e+00	2.609036e-01	0.e+00
5.426341e-01	3.855112e-01	0.e+00
5.426341e-01	3.855112e-01	0.e+00
6.419682e-01	1.476643e-01	0.e+00
3.470721e-01	4.671643e-01	0.e+00
1.450385e+00	2.237695e-01	0.e+00
2.648584e+02	2.649673e+02	-1.322458e-01
3.618147e-01	4.453576e-01	0.e+00
4.409071e-01	4.104618e-01	0.e+00
4.945768e-01	3.994933e-01	0.e+00
1.228912e+00	2.789915e-01	0.e+00
3.981382e-01	4.230996e-01	0.e+00
3.876705e-01	4.281717e-01	0.e+00
3.915543e-01	4.259785e-01	0.e+00
5.057464e-01	4.388343e-01	0.e+00
4.722303e-01	4.056297e-01	0.e+00
3.428269e-01	5.330065e-01	0.e+00
3.681283e-01	4.398688e-01	0.e+00
5.976204e-01	3.805462e-01	0.e+00
3.222318e-01	4.718455e-01	0.e+00
3.349867e-01	4.593195e-01	0.e+00
3.052051e-01	5.786452e-01	0.e+00
1.400339e+00	2.768829e-01	0.e+00
3.157631e-01	4.762243e-01	0.e+00
2.825723e-01	5.209189e-01	0.e+00
2.736859e-01	5.356623e-01	0.e+00
2.695822e-01	5.465577e-01	0.e+00
2.719561e-01	5.538885e-01	0.e+00
2.811093e-01	5.700498e-01	0.e+00
1.044186e+00	1.377141e+00	-3.944095e-04
2.83343e-01	5.291864e-01	0.e+00
2.648415e-01	6.350650e-01	0.e+00
1.789047e-01	7.628136e-01	0.e+00
2.454491e-01	6.712677e-01	0.e+00
1.986619e-01	7.480788e-01	0.e+00
2.327057e-01	7.025713e-01	0.e+00
1.731276e-01	7.775569e-01	0.e+00
1.181773e-01	8.476410e-01	0.e+00
2.417065e-01	7.421103e-01	0.e+00
1.664782e-01	7.786311e-01	0.e+00
1.925665e-01	7.492105e-01	0.e+00
1.929483e-01	7.915861e-01	-1.054350e-05
2.711724e-01	6.074429e-01	0.e+00
2.974978e-01	4.984465e-01	0.e+00
1.409211e-01	7.988488e-01	0.e+00
1.32377e-01	8.070311e-01	0.e+00
1.854649e-01	7.66068e-01	0.e+00
8.705546e-02	8.558159e-01	0.e+00
3.622320e-02	9.314099e-01	0.e+00
9.511724e-02	8.470560e-01	0.e+00
8.450207e-02	8.589718e-01	0.e+00
7.662813e-02	8.712349e-01	0.e+00
6.522917e-02	8.849072e-01	0.e+00
6.290056e-02	8.888932e-01	0.e+00
6.747304e-02	8.932693e-01	0.e+00
3.393632e-01	4.700152e-01	0.e+00
2.352292e-01	7.062383e-01	0.e+00
1.871275e-01	7.543216e-01	0.e+00
1.032126e-01	8.380734e-01	0.e+00
3.535703e-03	1.e+00	0.e+00
