8.467548899150676	0.01660395682952808	-0.0
1.2733544810631325	0.07948100712435402	-0.0
1.3150435614888836	0.07173803890006823	-0.0
1.2290196360165864	0.07321182116091425	-0.0
4.790775308060452	0.043460320854004975	-0.0
0.8467050859567377	0.09134675543175903	-0.0
0.8959146170099064	0.08684798296594236	-0.0
0.8694075916552795	0.0890558216168537	-0.0
0.8014012342689489	0.09172902994530523	-0.0
0.776244283710879	0.09406967408259587	-0.0
0.7685354768360272	0.09620868767693355	-0.0
0.8224374990889898	0.09880408978566647	-0.0
0.8350777036493495	0.0998550289225533	-0.0
0.7099144284148139	0.1065524764968686	-0.0
0.7080169359184817	0.10498693185229292	-0.0
0.7091568678589226	0.10792644967907139	-0.0
0.6970964746162689	0.11030180303410929	-0.0
0.6811365411603443	0.11653044597301006	-0.0
0.7277085069582099	0.12293015501442951	-0.0
0.6701403677249094	0.12293015501442943	-0.0
