1.340514e+00	4.816242e-05	0.e+00
1.105691e+00	2.140552e-05	0.e+00
1.366464e+00	2.140552e-05	0.e+00
1.517748e+00	0.e+00	0.e+00
1.390616e+00	2.140552e-05	0.e+00
1.104282e+00	2.140552e-05	0.e+00
1.589934e+00	8.523450e-02	0.e+00
1.163669e+00	7.936692e-02	0.e+00
1.098976e+00	8.179871e-02	0.e+00
8.660288e-01	8.874098e-02	0.e+00
9.401224e-01	8.579056e-02	0.e+00
8.365753e-01	9.473882e-02	0.e+00
9.463173e-01	8.318256e-02	0.e+00
8.274124e-01	8.840624e-02	0.e+00
7.832323e-01	9.279137e-02	0.e+00
7.658941e-01	9.44976e-02	0.e+00
7.527265e-01	9.608350e-02	0.e+00
8.230216e-01	9.80674e-02	0.e+00
7.754693e-01	9.939534e-02	0.e+00
7.397536e-01	1.041647e-01	0.e+00
8.749510e-01	9.726355e-02	0.e+00
7.446642e-01	1.049283e-01	0.e+00
7.073969e-01	1.074040e-01	0.e+00
7.075685e-01	1.092554e-01	0.e+00
6.805424e-01	1.157197e-01	0.e+00
7.264124e-01	1.149675e-01	0.e+00
6.791039e-01	1.206361e-01	0.e+00
6.826277e-01	1.172704e-01	0.e+00
1.603720e+00	6.323531e-01	0.e+00
6.695431e-01	1.216806e-01	0.e+00
6.723398e-01	1.216806e-01	0.e+00
1.983218e+00	8.657844e-02	0.e+00
6.837535e-01	1.216806e-01	0.e+00
6.693971e-01	1.216806e-01	0.e+00
6.691312e-01	1.216806e-01	0.e+00
6.691312e-01	1.216806e-01	0.e+00
6.691312e-01	1.216806e-01	0.e+00
6.781951e-01	1.216806e-01	0.e+00
6.80497e-01	1.216806e-01	0.e+00
2.285752e+00	8.537443e-02	0.e+00
