1.155908e+00	3.947912e-04	0.e+00
1.595677e+00	0.e+00	0.e+00
1.662655e+00	0.e+00	0.e+00
1.189379e+00	0.e+00	0.e+00
8.993221e+00	2.974742e-02	0.e+00
7.721368e-01	1.189897e-01	0.e+00
1.198032e+00	0.e+00	0.e+00
4.096611e+00	5.073918e-03	0.e+00
1.345832e+00	0.e+00	0.e+00
4.30134e+00	2.630125e-01	0.e+00
8.414119e-01	1.080199e-01	0.e+00
1.082201e+00	0.e+00	0.e+00
1.063265e+00	0.e+00	0.e+00
1.13282e+00	0.e+00	0.e+00
1.240059e+00	8.466841e-02	0.e+00
1.672177e+00	8.020042e-02	0.e+00
2.684154e+00	8.466841e-02	0.e+00
1.737728e+00	0.e+00	0.e+00
1.320005e+00	8.646294e-02	0.e+00
1.474022e+00	8.827012e-02	0.e+00
1.090588e+01	9.988021e+00	-4.949876e-03
8.268122e-01	9.364506e-02	0.e+00
9.367892e-01	1.215466e-01	0.e+00
1.042936e+00	8.020042e-02	0.e+00
8.676411e-01	1.103772e-01	0.e+00
7.678184e-01	1.046835e-01	0.e+00
4.853775e+00	2.105681e-01	0.e+00
1.110576e+00	1.093738e-01	0.e+00
9.033812e-01	1.127598e-01	0.e+00
1.804377e+00	7.132136e-02	0.e+00
3.292055e+00	2.147885e-01	0.e+00
7.091008e-01	1.189897e-01	0.e+00
3.453287e+00	2.630125e-01	0.e+00
6.928341e-01	1.189897e-01	0.e+00
6.749520e-01	1.189897e-01	0.e+00
6.764132e-01	1.179478e-01	0.e+00
3.079217e+00	7.262971e-02	0.e+00
8.673247e-01	1.189897e-01	0.e+00
6.765743e-01	1.179478e-01	0.e+00
6.969838e-01	1.189897e-01	0.e+00
7.042345e-01	1.189897e-01	0.e+00
7.167291e-01	1.189897e-01	0.e+00
6.741440e-01	1.189897e-01	0.e+00
7.033077e-01	1.189897e-01	0.e+00
9.596959e-01	1.189897e-01	0.e+00
6.741440e-01	1.189897e-01	0.e+00
6.741440e-01	1.189897e-01	0.e+00
6.760903e-01	1.189897e-01	0.e+00
6.741440e-01	1.189897e-01	0.e+00
6.804273e-01	1.189897e-01	0.e+00
6.741440e-01	1.189897e-01	0.e+00
6.863796e-01	1.189897e-01	0.e+00
9.889983e-01	1.189897e-01	0.e+00
2.234736e+00	8.079028e-02	0.e+00
6.741440e-01	1.189897e-01	0.e+00
6.741440e-01	1.189897e-01	0.e+00
3.537644e+00	2.181986e-01	0.e+00
6.741440e-01	1.189897e-01	0.e+00
6.786951e+00	5.040275e-02	0.e+00
7.707995e-01	1.189897e-01	0.e+00
1.122968e+00	3.386673e-01	0.e+00
3.458508e+00	2.203297e-01	0.e+00
1.192039e+00	1.189897e-01	0.e+00
1.352549e+00	1.189897e-01	0.e+00
1.127762e+00	1.189897e-01	0.e+00
8.470108e-01	1.189897e-01	0.e+00
9.011533e-01	1.189897e-01	0.e+00
1.105481e+00	3.386673e-01	0.e+00
2.578554e+00	2.19702e-01	0.e+00
8.939714e-01	3.432029e-01	0.e+00
8.330199e-01	3.432029e-01	0.e+00
8.315897e-01	3.455967e-01	0.e+00
2.429470e+00	3.472579e-01	0.e+00
5.58027e-01	3.572346e-01	0.e+00
3.124922e+00	2.230428e-01	0.e+00
2.618283e+00	2.300417e-01	0.e+00
1.599904e+00	5.162039e-01	0.e+00
5.734407e-01	3.546866e-01	0.e+00
1.01673e+00	1.162587e-01	0.e+00
5.712175e-01	3.583371e-01	0.e+00
1.039692e+00	3.138389e-01	0.e+00
1.134652e+00	1.306963e-01	0.e+00
1.356133e+00	1.194559e-01	0.e+00
5.153908e-01	3.652945e-01	0.e+00
5.483441e-01	3.672404e-01	0.e+00
4.245836e-01	4.074644e-01	0.e+00
4.811856e-01	3.723745e-01	0.e+00
8.304365e+01	8.292870e+01	-4.127816e-02
4.853761e-01	3.738588e-01	0.e+00
4.957548e-01	4.246976e-01	0.e+00
7.488921e-01	3.782798e-01	0.e+00
4.191686e-01	3.979816e-01	0.e+00
2.945113e+00	2.759893e+00	-1.188791e-03
4.700542e-01	3.798392e-01	0.e+00
4.319472e-01	3.885311e-01	0.e+00
4.492639e-01	3.912065e-01	0.e+00
4.197096e-01	3.912065e-01	0.e+00
4.274922e-01	3.95617e-01	0.e+00
4.515556e-01	3.989519e-01	0.e+00
5.088783e-01	3.989519e-01	0.e+00
4.145661e-01	4.493134e-01	0.e+00
1.253607e+00	3.202453e-01	0.e+00
4.351130e-01	3.904712e-01	0.e+00
4.069680e-01	4.167596e-01	0.e+00
6.564323e-01	4.901476e-01	0.e+00
7.039725e-01	3.52551e-01	0.e+00
2.798381e+00	2.294846e-01	0.e+00
4.861063e-01	4.108722e-01	0.e+00
4.572459e-01	4.287224e-01	0.e+00
5.346395e-01	4.678154e-01	0.e+00
8.616328e-01	4.419576e-01	0.e+00
4.070911e-01	4.477122e-01	0.e+00
6.112517e-01	3.742172e-01	0.e+00
3.620738e-01	4.477122e-01	0.e+00
3.326582e-01	4.704957e-01	0.e+00
5.24813e-01	4.571487e-01	0.e+00
3.298907e-01	5.018325e-01	0.e+00
4.706594e-01	4.676743e-01	0.e+00
3.250688e-01	4.743841e-01	0.e+00
3.496423e-01	8.530614e-01	0.e+00
3.305187e-01	5.085689e-01	0.e+00
4.838362e-01	4.883600e-01	0.e+00
3.126952e-01	4.883600e-01	0.e+00
5.029281e-01	4.883600e-01	0.e+00
4.411104e-01	5.559271e-01	0.e+00
6.150162e-01	6.675892e-01	0.e+00
4.511112e-01	5.604014e-01	0.e+00
5.413087e-01	4.288153e-01	0.e+00
3.872448e-01	4.460730e-01	0.e+00
8.753417e-01	4.130267e-01	0.e+00
7.247489e-01	4.321995e-01	0.e+00
8.911954e-01	4.021937e-01	0.e+00
3.572956e-01	5.550899e-01	0.e+00
3.285319e-01	5.171965e-01	0.e+00
3.688163e-01	5.171965e-01	0.e+00
4.297666e-01	4.536715e-01	0.e+00
4.891971e-01	6.822073e-01	0.e+00
3.392339e-01	6.667123e-01	0.e+00
3.518625e-01	6.66288e-01	0.e+00
2.902078e-01	6.653067e-01	0.e+00
2.924774e-01	6.758441e-01	0.e+00
9.664740e-01	4.189106e-01	0.e+00
2.717902e-01	6.849974e-01	0.e+00
3.346492e-01	6.849974e-01	0.e+00
2.649814e-01	6.893816e-01	0.e+00
2.263922e-01	7.282872e-01	0.e+00
2.449057e-01	7.122330e-01	0.e+00
2.87096e-01	7.033448e-01	0.e+00
1.993358e-01	8.479755e-01	0.e+00
2.501023e-01	7.100652e-01	0.e+00
2.876239e-01	7.170915e-01	0.e+00
1.864983e+01	1.910028e+01	-9.191136e-03
3.417845e-01	6.474993e-01	0.e+00
2.21379e-01	7.265566e-01	0.e+00
2.246197e-01	7.299376e-01	0.e+00
2.691855e-01	6.942945e-01	0.e+00
2.035616e-01	7.405801e-01	0.e+00
1.695771e-01	7.672056e-01	0.e+00
2.938435e-01	6.689955e-01	0.e+00
2.326550e-01	7.500970e-01	0.e+00
2.776684e-02	1.e+00	0.e+00
2.840128e-01	7.574952e-01	0.e+00
2.637773e-01	7.593208e-01	0.e+00
1.724608e-01	7.666196e-01	0.e+00
1.664496e-01	7.717900e-01	0.e+00
2.652279e-01	7.048829e-01	0.e+00
1.525154e-01	7.823243e-01	0.e+00
1.515174e-01	7.825880e-01	0.e+00
2.574225e-01	7.130662e-01	0.e+00
1.700657e-01	7.907471e-01	0.e+00
1.547824e-01	7.80204e-01	0.e+00
2.163664e-01	7.386018e-01	0.e+00
2.155105e-01	8.109431e-01	0.e+00
1.247637e-01	8.077959e-01	0.e+00
1.237636e-01	8.123151e-01	0.e+00
3.067825e-01	7.67528e-01	0.e+00
2.434755e-01	7.258615e-01	0.e+00
2.298421e-02	9.980909e-01	-3.319667e-06
1.926622e-01	7.556648e-01	0.e+00
1.90112e-01	7.538687e-01	0.e+00
8.993687e-02	8.481331e-01	0.e+00
2.774681e-02	9.609312e-01	0.e+00
1.530169e-01	7.856122e-01	0.e+00
6.320924e-02	8.909184e-01	0.e+00
1.504153e-01	8.727134e-01	0.e+00
6.558774e-01	5.666384e-01	0.e+00
9.809708e-02	8.905892e-01	0.e+00
9.631304e-02	8.442896e-01	0.e+00
4.415302e-02	9.484113e-01	0.e+00
6.456342e-02	9.144272e-01	0.e+00
7.059719e-02	8.758114e-01	0.e+00
2.997441e-02	9.469358e-01	0.e+00
3.618011e-02	9.404142e-01	0.e+00
3.859567e-02	9.469358e-01	0.e+00
2.406942e-01	7.422074e-01	0.e+00
4.150205e-01	6.382003e-01	0.e+00
1.718201e-02	9.707148e-01	0.e+00
1.127937e-02	9.856941e-01	0.e+00
1.045527e-01	8.377234e-01	0.e+00
2.122514e-01	7.496391e-01	0.e+00
