1.247133e+00	0.e+00	0.e+00
6.589884e-01	1.308292e-01	0.e+00
1.708543e+00	1.19105e-02	0.e+00
9.905249e-01	2.264741e-03	0.e+00
1.296391e+00	2.264741e-03	0.e+00
1.074803e+00	2.299641e-01	0.e+00
9.911801e-01	2.264741e-03	0.e+00
2.852997e+00	3.964403e-02	0.e+00
1.36705e+00	2.264741e-03	0.e+00
2.967748e+00	4.091436e-02	0.e+00
4.411782e-01	4.167577e-01	0.e+00
8.379768e-01	1.076017e-01	0.e+00
2.696527e+00	5.143873e-02	0.e+00
2.041564e+00	6.833686e-02	0.e+00
1.081546e+00	1.173006e-01	0.e+00
1.090088e+00	2.264741e-03	0.e+00
6.686423e-01	1.275152e-01	0.e+00
7.438322e-01	1.149514e-01	0.e+00
9.886968e-01	1.075981e-01	0.e+00
6.343244e-01	1.489644e-01	0.e+00
7.034836e-01	1.357619e-01	0.e+00
6.290473e-01	1.558599e-01	0.e+00
7.447905e-01	1.558599e-01	0.e+00
6.314724e-01	1.521208e-01	0.e+00
7.042312e-01	1.873184e-01	0.e+00
6.485965e-01	1.361331e-01	0.e+00
9.048912e-01	1.149128e-01	0.e+00
6.290473e-01	1.558599e-01	0.e+00
6.290473e-01	1.558599e-01	0.e+00
1.170676e+00	1.057693e-01	0.e+00
6.439242e-01	1.558599e-01	0.e+00
6.290473e-01	1.558599e-01	0.e+00
6.965874e-01	1.366558e-01	0.e+00
6.769807e-01	1.558599e-01	0.e+00
6.290473e-01	1.558599e-01	0.e+00
1.921555e+00	8.000376e-02	0.e+00
6.290473e-01	1.558599e-01	0.e+00
4.947211e-01	3.952006e-01	0.e+00
7.226937e-01	6.204229e-01	0.e+00
6.290473e-01	1.558599e-01	0.e+00
4.608106e-01	4.634903e-01	0.e+00
5.449449e-01	3.848286e-01	0.e+00
6.301761e-01	1.533464e-01	0.e+00
6.647715e-01	1.425347e-01	0.e+00
3.815957e-01	5.085245e-01	0.e+00
4.708659e-01	4.013648e-01	0.e+00
4.651725e-01	4.022540e-01	0.e+00
4.682288e-01	4.014616e-01	0.e+00
1.324824e+00	2.581039e-01	0.e+00
4.333079e-01	4.144190e-01	0.e+00
3.934878e-01	4.250331e-01	0.e+00
3.503954e-01	5.129523e-01	0.e+00
2.856612e-01	5.167520e-01	0.e+00
1.320672e+00	2.609047e-01	0.e+00
3.804067e-01	4.393804e-01	0.e+00
3.032318e-01	4.927949e-01	0.e+00
4.255931e-01	4.142061e-01	0.e+00
3.364371e-01	4.570532e-01	0.e+00
2.734131e-01	5.373933e-01	0.e+00
3.167312e-01	4.754845e-01	0.e+00
6.80085e-01	4.169963e-01	0.e+00
3.049322e-01	4.892892e-01	0.e+00
2.589701e-01	5.717120e-01	0.e+00
2.963107e-01	5.099081e-01	0.e+00
3.625406e-01	5.190482e-01	0.e+00
2.644388e-01	5.650307e-01	0.e+00
3.910849e-01	4.438173e-01	0.e+00
5.558082e-01	4.265189e-01	0.e+00
1.391218e+00	1.546056e+00	-5.269134e-04
2.602807e-01	5.871252e-01	0.e+00
2.840975e-01	5.179895e-01	0.e+00
2.665093e-01	6.350255e-01	0.e+00
9.540858e-02	8.462665e-01	0.e+00
2.669266e-01	6.721247e-01	0.e+00
2.348729e-01	6.960681e-01	0.e+00
2.311338e-01	7.097923e-01	0.e+00
1.573341e-01	7.836392e-01	0.e+00
2.099466e-01	7.321842e-01	0.e+00
1.987806e-01	7.443434e-01	0.e+00
2.050025e-01	7.359262e-01	0.e+00
3.370037e+00	4.1185e+00	-1.636173e-03
1.703118e-01	7.707719e-01	0.e+00
1.612062e-01	7.794179e-01	0.e+00
1.538867e-01	7.885053e-01	0.e+00
1.437044e-01	7.975053e-01	0.e+00
1.328177e-01	8.066095e-01	0.e+00
1.315479e-01	8.164983e-01	0.e+00
1.533718e-02	9.771973e-01	0.e+00
1.051355e-01	8.374124e-01	0.e+00
1.186579e-05	1.e+00	0.e+00
3.862439e-02	9.267045e-01	0.e+00
6.292958e-02	8.881428e-01	0.e+00
1.218707e-02	9.765607e-01	0.e+00
5.538834e-02	8.992171e-01	0.e+00
3.143579e-03	1.e+00	0.e+00
3.862439e-02	9.267045e-01	0.e+00
3.347531e-02	9.438244e-01	0.e+00
1.960590e-02	9.625817e-01	0.e+00
1.291403e-02	9.828941e-01	0.e+00
4.692548e-07	1.e+00	0.e+00
