1.184868e+00	0.e+00	0.e+00
8.656459e+00	4.477684e-02	0.e+00
1.156721e+00	1.133819e-05	0.e+00
1.060593e+00	1.133819e-05	0.e+00
9.164584e-01	9.266275e-02	0.e+00
8.245684e-01	1.036067e-01	0.e+00
1.007250e+00	1.036067e-01	0.e+00
6.963000e-01	1.311342e-01	0.e+00
6.692212e-01	1.311342e-01	0.e+00
6.628112e-01	1.311342e-01	0.e+00
8.783044e-01	1.036067e-01	0.e+00
6.628112e-01	1.311342e-01	0.e+00
6.628112e-01	1.311342e-01	0.e+00
6.628112e-01	1.311342e-01	0.e+00
1.325049e+00	5.286674e-01	0.e+00
9.338843e-01	3.648977e-01	0.e+00
2.577755e+00	6.476104e-02	0.e+00
5.126041e-01	3.749011e-01	0.e+00
4.082233e-01	4.036736e-01	0.e+00
4.153147e-01	3.957618e-01	0.e+00
1.094684e+00	3.297171e-01	0.e+00
4.512468e-01	4.767254e-01	0.e+00
8.326887e-01	3.592734e-01	0.e+00
4.417492e-01	5.526884e-01	0.e+00
3.0084e-01	5.093764e-01	0.e+00
3.022962e-01	5.093764e-01	0.e+00
1.102430e+00	3.822665e-01	0.e+00
3.220992e-01	5.093764e-01	0.e+00
2.206876e+00	3.189955e-01	0.e+00
3.965664e-01	6.883404e-01	0.e+00
5.473960e-01	5.332640e-01	0.e+00
1.445350e-01	8.607296e-01	0.e+00
2.008631e-01	8.281268e-01	0.e+00
1.706931e-01	8.327167e-01	0.e+00
2.23899e-01	7.858098e-01	0.e+00
9.668606e-02	8.84696e-01	0.e+00
9.901992e-02	8.84696e-01	0.e+00
1.070603e-01	9.006748e-01	0.e+00
4.725551e-02	9.592683e-01	0.e+00
1.481236e-01	8.228996e-01	0.e+00
