1.101548e+02	1.075913e+02	-5.379567e-02
4.372588e+00	2.883869e-01	0.e+00
1.118638e+00	2.24546e-03	0.e+00
1.148600e+00	2.24546e-03	0.e+00
1.120906e+00	2.24546e-03	0.e+00
1.120441e+00	2.24546e-03	0.e+00
3.788434e+00	2.879819e-01	0.e+00
3.993755e+00	2.688959e-01	0.e+00
8.656015e+00	4.334465e-02	0.e+00
7.880665e-01	1.514838e-01	0.e+00
8.302956e+00	3.548078e-02	0.e+00
1.606988e+00	1.249323e-01	0.e+00
6.913416e+00	3.548078e-02	0.e+00
8.505344e-01	1.299084e-01	0.e+00
3.247218e+00	2.761735e-01	0.e+00
6.748332e-01	1.425625e-01	0.e+00
7.032046e-01	1.36162e-01	0.e+00
7.169496e-01	1.415333e-01	0.e+00
6.772436e-01	1.425625e-01	0.e+00
6.785876e-01	1.425625e-01	0.e+00
3.740527e+00	2.944893e-01	0.e+00
6.83563e-01	1.425625e-01	0.e+00
6.823711e-01	1.425625e-01	0.e+00
6.885795e-01	1.380459e-01	0.e+00
6.739988e-01	1.425625e-01	0.e+00
6.740018e-01	1.425625e-01	0.e+00
6.740731e-01	1.430786e-01	0.e+00
6.744476e-01	1.425625e-01	0.e+00
6.778094e-01	1.451535e-01	0.e+00
6.739988e-01	1.425625e-01	0.e+00
8.197095e+00	5.039772e-02	0.e+00
6.794659e-01	1.456171e-01	0.e+00
4.905825e+01	4.838363e+01	-2.412054e-02
6.989297e-01	1.425625e-01	0.e+00
5.677912e+01	5.555359e+01	-2.759349e-02
6.879473e-01	1.425625e-01	0.e+00
4.879004e-01	3.830531e-01	0.e+00
1.588133e+00	1.425625e-01	0.e+00
2.201182e+00	1.425625e-01	0.e+00
6.094842e-01	3.657901e-01	0.e+00
5.396878e-01	3.715002e-01	0.e+00
6.969647e-01	3.715002e-01	0.e+00
4.441832e+02	4.429815e+02	-2.213001e-01
4.973439e-01	3.830531e-01	0.e+00
2.036080e+00	1.497529e-01	0.e+00
6.511421e-01	3.528876e-01	0.e+00
5.268183e-01	4.676522e-01	0.e+00
4.867832e-01	3.935530e-01	0.e+00
4.249011e-01	3.995197e-01	0.e+00
5.326476e-01	3.706534e-01	0.e+00
4.299292e-01	3.973258e-01	0.e+00
3.873787e-01	4.148287e-01	0.e+00
4.450444e-01	4.148287e-01	0.e+00
6.407738e-01	3.737408e-01	0.e+00
1.337813e+00	3.709076e-01	0.e+00
6.450219e-01	3.800307e-01	0.e+00
4.402300e-01	4.066895e-01	0.e+00
3.912937e-01	4.553584e-01	0.e+00
3.446512e-01	5.137056e-01	0.e+00
4.554673e-01	4.224056e-01	0.e+00
3.264510e-01	5.204528e-01	0.e+00
2.376785e-01	9.131749e-01	0.e+00
3.019073e-01	5.137056e-01	0.e+00
3.760124e-01	4.617969e-01	0.e+00
3.121223e-01	5.298851e-01	0.e+00
6.477280e-01	4.361061e-01	0.e+00
2.972671e-01	5.298851e-01	0.e+00
3.244714e-01	5.298851e-01	0.e+00
3.234930e-01	8.461828e-01	0.e+00
4.522585e-01	5.298851e-01	0.e+00
3.540858e-01	4.909500e-01	0.e+00
3.674918e-01	6.023448e-01	0.e+00
3.159455e-01	7.129957e-01	0.e+00
2.844046e-01	7.223361e-01	0.e+00
3.939942e-01	7.223361e-01	0.e+00
3.934116e-01	5.152565e-01	0.e+00
2.966757e-01	7.423895e-01	0.e+00
2.613417e-01	7.110698e-01	0.e+00
1.254434e-01	8.335493e-01	0.e+00
2.340983e-01	7.380428e-01	0.e+00
1.001504e-01	8.469986e-01	0.e+00
1.651761e-01	7.77672e-01	0.e+00
1.742996e-01	7.805619e-01	0.e+00
1.507240e-01	7.879116e-01	0.e+00
1.401038e-01	7.980018e-01	0.e+00
1.584536e-01	7.912608e-01	0.e+00
4.829058e-02	9.186537e-01	0.e+00
1.225996e-01	8.21744e-01	0.e+00
1.504969e-01	8.016288e-01	0.e+00
6.857285e-02	9.112989e-01	0.e+00
1.873438e-01	7.720538e-01	0.e+00
7.598870e-02	8.766573e-01	0.e+00
1.386773e-01	8.168908e-01	0.e+00
6.637199e-02	9.077432e-01	0.e+00
5.352534e-02	9.186537e-01	0.e+00
6.211251e-02	8.985233e-01	0.e+00
4.621993e-02	9.456374e-01	0.e+00
2.933843e-02	9.636839e-01	0.e+00
1.003354e-02	9.922076e-01	0.e+00
1.700541e-01	8.087223e-01	0.e+00
