8.847564e+00	0.e+00	0.e+00
1.467980e+00	5.053347e-03	0.e+00
8.451813e+00	1.597107e-01	0.e+00
1.364164e+00	5.053347e-03	0.e+00
6.535563e+00	3.261781e-02	0.e+00
4.225816e+00	8.417026e-02	0.e+00
4.385921e+00	5.053347e-03	0.e+00
2.123186e+00	5.053347e-03	0.e+00
8.764489e+00	0.e+00	0.e+00
3.033592e+00	1.137003e-02	0.e+00
8.600359e+00	3.261781e-02	0.e+00
1.318572e+00	5.053347e-03	0.e+00
9.023288e-01	8.417026e-02	0.e+00
3.080133e+00	0.e+00	0.e+00
1.762186e+00	8.417026e-02	0.e+00
5.503074e+00	5.053347e-03	0.e+00
1.611990e+00	8.417026e-02	0.e+00
9.025384e-01	8.396924e-02	0.e+00
6.460046e+00	3.261781e-02	0.e+00
9.004859e-01	8.396924e-02	0.e+00
9.170456e-01	8.396924e-02	0.e+00
9.170456e-01	8.396924e-02	0.e+00
9.127000e-01	8.376845e-02	0.e+00
9.151484e-01	8.376845e-02	0.e+00
9.019536e-01	8.376845e-02	0.e+00
8.635572e-01	8.654573e-02	0.e+00
8.285192e-01	8.87437e-02	0.e+00
9.876087e-01	8.161482e-02	0.e+00
1.098165e+00	2.175339e-01	-6.783449e-05
8.836879e-01	8.593109e-02	0.e+00
8.534932e-01	8.642128e-02	0.e+00
8.486241e-01	8.642128e-02	0.e+00
8.18574e-01	9.158692e-02	0.e+00
8.416014e-01	8.854612e-02	0.e+00
2.354127e+00	1.541307e+00	-7.255573e-04
8.064935e-01	9.132903e-02	0.e+00
8.064008e-01	9.313856e-02	0.e+00
8.179990e-01	8.969033e-02	0.e+00
7.831116e-01	9.321162e-02	0.e+00
8.295053e-01	9.105834e-02	0.e+00
8.091475e-01	9.203673e-02	0.e+00
7.901675e-01	9.211703e-02	0.e+00
8.658352e-01	8.746784e-02	0.e+00
2.775184e+00	1.4939e-01	0.e+00
8.023756e-01	9.203907e-02	0.e+00
7.855685e-01	9.377132e-02	0.e+00
7.736906e-01	9.441344e-02	0.e+00
8.093166e-01	9.114957e-02	0.e+00
7.483107e-01	9.77466e-02	0.e+00
7.830618e-01	9.245735e-02	0.e+00
7.748328e-01	9.363022e-02	0.e+00
7.36584e-01	9.876452e-02	0.e+00
7.485042e-01	9.666032e-02	0.e+00
8.290924e-01	1.397741e-01	-2.155689e-05
7.451033e-01	9.777635e-02	0.e+00
7.547586e-01	9.829384e-02	0.e+00
7.515163e-01	9.876031e-02	0.e+00
7.173086e-01	1.027047e-01	0.e+00
7.598891e-01	9.938029e-02	0.e+00
7.681429e-01	9.984322e-02	0.e+00
7.183757e-01	1.052279e-01	0.e+00
7.931766e-01	1.008829e-01	0.e+00
7.185302e-01	1.028793e-01	0.e+00
7.217053e-01	1.014653e-01	0.e+00
8.20885e-01	1.070395e-01	0.e+00
7.176251e-01	1.021844e-01	0.e+00
7.384044e-01	9.918202e-02	0.e+00
8.812465e+00	8.178212e+00	-4.039194e-03
7.442091e-01	9.857602e-02	0.e+00
8.167862e-01	9.909039e-02	0.e+00
8.16347e-01	1.010767e-01	0.e+00
6.97708e-01	1.086727e-01	0.e+00
7.078632e-01	1.057715e-01	0.e+00
7.411108e-01	1.065518e-01	0.e+00
7.165334e-01	1.069746e-01	0.e+00
7.500513e-01	1.076337e-01	0.e+00
6.953723e-01	1.082910e-01	0.e+00
7.274768e-01	1.08365e-01	0.e+00
6.942444e-01	1.088911e-01	0.e+00
7.058241e-01	1.070019e-01	0.e+00
6.997105e-01	1.100186e-01	0.e+00
6.865045e-01	1.192065e-01	0.e+00
6.970552e-01	1.118057e-01	0.e+00
7.005286e-01	1.126729e-01	0.e+00
6.840455e-01	1.126658e-01	0.e+00
1.245607e+00	6.700522e-01	-2.78847e-04
6.775446e-01	1.177597e-01	0.e+00
6.764618e-01	1.194642e-01	0.e+00
6.802167e-01	1.158456e-01	0.e+00
7.047080e-01	1.244391e-01	0.e+00
6.83812e-01	1.147566e-01	0.e+00
7.603561e-01	1.074585e-01	0.e+00
6.968757e-01	1.191892e-01	0.e+00
6.874560e-01	1.281415e-01	0.e+00
6.917998e-01	1.141882e-01	0.e+00
7.598041e-01	1.069871e-01	0.e+00
6.712629e-01	1.21962e-01	0.e+00
6.912811e-01	1.162119e-01	0.e+00
1.425476e+02	1.415739e+02	-7.073470e-02
6.789537e-01	1.309729e-01	0.e+00
