1.027699e+00	6.715203e-04	0.e+00
1.027699e+00	6.715203e-04	0.e+00
6.459929e+01	6.297595e+01	-3.148798e-02
1.027699e+00	6.715203e-04	0.e+00
1.027205e+00	6.715203e-04	0.e+00
1.027205e+00	6.715203e-04	0.e+00
3.307041e+00	1.681426e+00	-8.407128e-04
1.027212e+00	6.715203e-04	0.e+00
1.067684e+00	6.715203e-04	0.e+00
1.043930e+00	6.715203e-04	0.e+00
1.027212e+00	6.715203e-04	0.e+00
1.027212e+00	6.715203e-04	0.e+00
1.027025e+00	6.715203e-04	0.e+00
1.038318e+00	6.715203e-04	0.e+00
1.027025e+00	6.715203e-04	0.e+00
1.027025e+00	6.715203e-04	0.e+00
1.027025e+00	6.715203e-04	0.e+00
1.027025e+00	6.715203e-04	0.e+00
7.200747e+02	7.19048e+02	-3.595237e-01
1.027025e+00	6.715203e-04	0.e+00
1.027025e+00	6.715203e-04	0.e+00
1.031042e+00	6.715203e-04	0.e+00
1.112417e+00	6.715203e-04	0.e+00
2.152647e+01	2.04927e+01	-1.024601e-02
1.026827e+00	6.715203e-04	0.e+00
1.026629e+00	6.715203e-04	0.e+00
1.035899e+00	6.715203e-04	0.e+00
1.026712e+00	6.715203e-04	0.e+00
1.109995e+00	6.715203e-04	0.e+00
8.428204e+00	4.604856e-02	0.e+00
1.026432e+00	6.715203e-04	0.e+00
1.026369e+00	6.715203e-04	0.e+00
8.361749e+00	4.732884e-02	0.e+00
1.026178e+00	6.715203e-04	0.e+00
1.026178e+00	6.715203e-04	0.e+00
1.026433e+00	6.715203e-04	0.e+00
1.026433e+00	6.715203e-04	0.e+00
1.102093e+00	6.715203e-04	0.e+00
1.039190e+00	6.715203e-04	0.e+00
1.026433e+00	6.715203e-04	0.e+00
1.065953e+00	6.715203e-04	0.e+00
1.026433e+00	6.715203e-04	0.e+00
1.061856e+00	6.715203e-04	0.e+00
1.122254e+00	6.715203e-04	0.e+00
1.091106e+00	6.715203e-04	0.e+00
1.026433e+00	6.715203e-04	0.e+00
1.027060e+00	6.715203e-04	0.e+00
1.026926e+00	6.715203e-04	0.e+00
1.046626e+00	6.715203e-04	0.e+00
1.026166e+00	6.715203e-04	0.e+00
1.026166e+00	6.715203e-04	0.e+00
1.026166e+00	6.715203e-04	0.e+00
1.045384e+00	6.715203e-04	0.e+00
1.041324e+00	6.715203e-04	0.e+00
1.026153e+00	6.715203e-04	0.e+00
1.026153e+00	6.715203e-04	0.e+00
1.026153e+00	6.715203e-04	0.e+00
1.026153e+00	6.715203e-04	0.e+00
1.026153e+00	6.715203e-04	0.e+00
1.026153e+00	6.715203e-04	0.e+00
1.02981e+00	6.715203e-04	0.e+00
1.026225e+00	6.715203e-04	0.e+00
1.026178e+00	6.715203e-04	0.e+00
1.063152e+00	6.715203e-04	0.e+00
1.026040e+00	6.715203e-04	0.e+00
1.026040e+00	6.715203e-04	0.e+00
1.026056e+00	6.715203e-04	0.e+00
1.030051e+00	6.715203e-04	0.e+00
1.026056e+00	6.715203e-04	0.e+00
1.026056e+00	6.715203e-04	0.e+00
1.409783e+00	8.150639e-03	-3.739559e-06
1.026056e+00	6.715203e-04	0.e+00
1.087159e+00	6.715203e-04	0.e+00
1.026128e+00	6.715203e-04	0.e+00
1.026073e+00	6.715203e-04	0.e+00
1.026073e+00	6.715203e-04	0.e+00
1.077972e+00	6.715203e-04	0.e+00
1.026073e+00	6.715203e-04	0.e+00
1.075308e+00	6.715203e-04	0.e+00
1.026056e+00	6.715203e-04	0.e+00
