2.25996e+00	0.e+00	0.e+00
9.906533e-01	3.115783e-03	0.e+00
2.704382e+00	5.499966e-02	0.e+00
1.694231e+00	3.115783e-03	0.e+00
2.207957e+00	6.220047e-02	0.e+00
9.906892e-01	3.115783e-03	0.e+00
1.609909e+00	1.170799e-02	0.e+00
1.227629e+00	3.115783e-03	0.e+00
1.216822e+00	7.441739e-03	0.e+00
3.373445e+00	2.910624e-02	0.e+00
2.830694e+00	4.904744e-02	0.e+00
8.778506e-01	9.994309e-02	0.e+00
8.089895e-01	1.086394e-01	0.e+00
1.176595e+00	2.863733e-01	0.e+00
7.142436e-01	1.165574e-01	0.e+00
6.389383e-01	1.438218e-01	0.e+00
2.517817e+02	2.504324e+02	-1.252162e-01
1.141126e+00	3.010283e-01	0.e+00
9.136923e-01	1.114627e-01	0.e+00
9.146412e-01	2.0576e-01	0.e+00
1.209401e+00	1.539351e-01	0.e+00
1.330614e+00	1.539351e-01	0.e+00
6.293512e-01	1.539351e-01	0.e+00
2.045341e+00	7.565904e-02	0.e+00
7.525001e-01	1.296127e-01	0.e+00
6.759664e-01	1.344873e-01	0.e+00
6.293512e-01	1.539351e-01	0.e+00
1.039955e+00	1.109704e-01	0.e+00
6.293512e-01	1.539351e-01	0.e+00
3.631553e-01	4.721342e-01	0.e+00
6.222126e-01	3.713844e-01	0.e+00
6.293512e-01	1.539351e-01	0.e+00
6.335244e-01	1.601697e-01	0.e+00
8.081298e-01	1.953692e-01	0.e+00
8.241687e-01	1.539351e-01	0.e+00
3.780399e+01	3.583973e+01	-1.788195e-02
9.685631e-01	3.249953e-01	0.e+00
1.343205e+01	1.175418e+01	-5.829162e-03
1.207082e+00	3.010643e-01	0.e+00
1.027195e+00	3.184693e-01	0.e+00
4.231867e-01	4.145393e-01	0.e+00
5.912658e-01	3.850328e-01	0.e+00
9.475578e-01	3.522540e-01	0.e+00
1.337421e+00	2.799943e-01	0.e+00
4.153514e-01	4.813154e-01	-2.15629e-05
4.763789e-01	3.999495e-01	0.e+00
7.071157e-01	3.588213e-01	0.e+00
4.486568e-01	4.066612e-01	0.e+00
3.781684e-01	4.346748e-01	0.e+00
3.834795e-01	4.293144e-01	0.e+00
4.10093e-01	4.19464e-01	0.e+00
3.994598e-01	4.241902e-01	0.e+00
3.534512e-01	5.109269e-01	0.e+00
4.631914e-01	4.982074e-01	0.e+00
3.648071e-01	5.515425e-01	0.e+00
3.490249e-01	4.478386e-01	0.e+00
3.588303e-01	5.773954e-01	0.e+00
3.366955e-01	4.572999e-01	0.e+00
2.66037e-01	5.586829e-01	0.e+00
3.167088e-01	4.769452e-01	0.e+00
2.987427e-01	5.152335e-01	0.e+00
1.144449e+00	2.338935e-01	0.e+00
3.036861e-01	5.024719e-01	0.e+00
3.862036e-01	4.281075e-01	0.e+00
2.875631e-01	5.209401e-01	0.e+00
2.875667e-01	5.295614e-01	0.e+00
5.692717e-01	4.071433e-01	0.e+00
2.328979e-01	7.022682e-01	0.e+00
3.056023e-01	5.216102e-01	0.e+00
2.556493e-01	5.873227e-01	0.e+00
3.012113e-01	6.091198e-01	0.e+00
2.167188e-01	7.388544e-01	0.e+00
2.581953e-01	6.614098e-01	0.e+00
2.484991e-01	7.090071e-01	0.e+00
2.350241e-01	6.941846e-01	0.e+00
2.719194e-01	6.039747e-01	0.e+00
2.221998e-01	7.146908e-01	0.e+00
2.520661e-01	6.217680e-01	0.e+00
1.162466e-01	8.232209e-01	0.e+00
5.346139e-02	9.049378e-01	0.e+00
6.93171e-02	9.043246e-01	0.e+00
2.007414e-01	7.416338e-01	0.e+00
2.256189e-01	7.161408e-01	0.e+00
1.490526e-01	7.909409e-01	0.e+00
2.213339e-01	7.179101e-01	0.e+00
2.129280e-01	7.269444e-01	0.e+00
1.874165e-01	7.551572e-01	0.e+00
1.131368e-01	8.265100e-01	0.e+00
1.041549e-01	8.383486e-01	0.e+00
2.170752e-02	9.578993e-01	0.e+00
7.682776e-02	8.688299e-01	0.e+00
2.13277e-02	9.590624e-01	0.e+00
2.998874e-01	5.810020e-01	0.e+00
5.324437e-02	9.041768e-01	0.e+00
1.315675e-01	8.118114e-01	0.e+00
5.029721e-04	1.e+00	0.e+00
2.894967e-02	9.448062e-01	0.e+00
2.770908e-02	9.668000e-01	0.e+00
7.520111e-03	9.913621e-01	0.e+00
2.97358e-04	1.e+00	0.e+00
