1.091126e+02	1.049654e+02	-5.248272e-02
2.517463e+00	6.796912e-03	0.e+00
1.596737e+00	6.796912e-03	0.e+00
1.618005e+00	6.796912e-03	0.e+00
2.461855e+00	1.185036e-01	0.e+00
3.066522e+00	1.290235e-02	0.e+00
2.705156e+00	2.257615e-01	0.e+00
3.171320e+00	6.796912e-03	0.e+00
6.904949e+00	4.551544e-02	0.e+00
1.607653e+00	6.839406e-03	0.e+00
1.843982e+00	6.796912e-03	0.e+00
6.408822e+00	4.551544e-02	0.e+00
6.304884e+00	4.576821e-02	0.e+00
9.001402e-01	1.185036e-01	0.e+00
1.177434e+00	1.185036e-01	0.e+00
1.474781e+00	1.185036e-01	0.e+00
1.678503e+00	6.610315e-03	0.e+00
9.697729e+01	9.130503e+01	-4.561696e-02
1.162597e+00	1.185036e-01	0.e+00
7.601268e+00	4.623180e-02	0.e+00
8.185326e-01	1.185036e-01	0.e+00
8.033878e-01	1.176904e-01	0.e+00
7.481051e-01	1.179461e-01	0.e+00
7.447266e-01	1.169397e-01	0.e+00
7.662597e-01	1.159304e-01	0.e+00
7.694806e-01	1.159304e-01	0.e+00
7.796854e-01	1.159304e-01	0.e+00
7.796854e-01	1.159304e-01	0.e+00
7.928295e-01	1.159304e-01	0.e+00
7.928295e-01	1.159304e-01	0.e+00
7.928295e-01	1.159304e-01	0.e+00
7.928295e-01	1.159304e-01	0.e+00
8.394731e-01	1.159304e-01	0.e+00
8.091659e-01	1.159304e-01	0.e+00
7.966186e-01	1.159304e-01	0.e+00
3.402925e+00	2.239599e-01	0.e+00
7.544855e-01	1.159304e-01	0.e+00
7.544855e-01	1.159304e-01	0.e+00
7.544855e-01	1.159304e-01	0.e+00
7.455187e-01	1.159304e-01	0.e+00
7.455187e-01	1.159304e-01	0.e+00
7.539901e-01	1.159304e-01	0.e+00
7.539901e-01	1.159304e-01	0.e+00
7.419429e-01	1.159304e-01	0.e+00
8.002399e-01	1.329323e-01	0.e+00
7.419429e-01	1.159304e-01	0.e+00
7.419429e-01	1.159304e-01	0.e+00
7.419429e-01	1.159304e-01	0.e+00
7.419429e-01	1.159304e-01	0.e+00
7.599655e-01	1.159304e-01	0.e+00
7.151465e-01	1.159304e-01	0.e+00
7.395642e-01	1.159304e-01	0.e+00
7.395642e-01	1.159304e-01	0.e+00
7.395642e-01	1.159304e-01	0.e+00
7.248562e-01	1.159304e-01	0.e+00
7.248562e-01	1.159304e-01	0.e+00
7.468114e-01	1.159304e-01	0.e+00
7.524623e-01	1.159304e-01	0.e+00
7.278016e-01	1.147477e-01	0.e+00
7.278016e-01	1.147477e-01	0.e+00
6.913936e-01	1.147477e-01	0.e+00
6.883954e-01	1.151413e-01	0.e+00
6.913936e-01	1.147477e-01	0.e+00
6.913936e-01	1.147477e-01	0.e+00
6.913936e-01	1.147477e-01	0.e+00
6.913936e-01	1.147477e-01	0.e+00
6.913936e-01	1.147477e-01	0.e+00
6.913936e-01	1.147477e-01	0.e+00
9.973173e-01	1.384271e-01	0.e+00
6.890335e-01	1.149444e-01	0.e+00
6.913936e-01	1.147477e-01	0.e+00
6.897741e-01	1.147477e-01	0.e+00
6.967521e-01	1.150883e-01	0.e+00
6.897741e-01	1.147477e-01	0.e+00
6.986161e-01	1.144077e-01	0.e+00
6.889915e-01	1.145777e-01	0.e+00
7.039730e-01	1.143228e-01	0.e+00
4.981774e+00	4.387574e+00	-2.137405e-03
2.780014e+02	2.748797e+02	-1.374051e-01
6.950134e-01	1.145777e-01	0.e+00
6.936397e-01	1.145777e-01	0.e+00
1.832909e+00	1.624119e-01	0.e+00
6.865796e-01	1.159304e-01	0.e+00
6.932454e-01	1.159304e-01	0.e+00
6.960089e-01	1.137932e-01	0.e+00
6.966955e-01	1.144606e-01	0.e+00
6.805282e-01	1.172135e-01	0.e+00
6.885219e-01	1.172135e-01	0.e+00
6.935085e-01	1.154161e-01	0.e+00
7.224435e-01	1.198531e-01	0.e+00
6.912770e-01	1.205045e-01	0.e+00
6.731912e-01	1.205045e-01	0.e+00
6.824247e-01	1.289373e-01	0.e+00
6.826842e-01	1.205045e-01	0.e+00
3.600079e+00	3.017412e+00	-1.447595e-03
6.935165e-01	1.196297e-01	0.e+00
6.903723e-01	1.323777e-01	0.e+00
6.681342e-01	1.256842e-01	0.e+00
8.06432e-01	1.309729e-01	0.e+00
6.671013e-01	1.282635e-01	0.e+00
