1.539237e+00	7.619923e-02	0.e+00
1.357773e+00	7.678322e-02	0.e+00
8.421624e+00	1.855225e-02	0.e+00
2.747953e+00	0.e+00	0.e+00
1.495351e+00	0.e+00	0.e+00
1.213878e+00	0.e+00	0.e+00
1.218876e+00	0.e+00	0.e+00
1.309566e+00	0.e+00	0.e+00
1.199681e+00	0.e+00	0.e+00
1.158318e+00	0.e+00	0.e+00
1.859616e+00	0.e+00	0.e+00
5.231157e+00	5.390741e-03	0.e+00
1.522384e+00	0.e+00	0.e+00
1.412317e+00	7.968229e-02	0.e+00
1.513601e+00	7.458440e-02	0.e+00
1.935838e+00	0.e+00	0.e+00
1.247083e+00	7.562590e-02	0.e+00
8.460430e+00	1.905301e-02	0.e+00
9.789306e-01	7.914209e-02	0.e+00
1.068919e+00	7.748136e-02	0.e+00
1.666908e+00	0.e+00	0.e+00
2.174613e+00	7.897526e-02	0.e+00
9.805795e-01	7.939786e-02	0.e+00
9.821396e-01	7.886899e-02	0.e+00
9.578024e-01	8.032788e-02	0.e+00
9.735211e-01	8.082172e-02	0.e+00
9.416418e-01	8.178770e-02	0.e+00
9.567158e-01	8.080312e-02	0.e+00
9.469315e-01	8.278017e-02	0.e+00
9.140967e-01	8.28579e-02	0.e+00
9.303759e-01	8.146531e-02	0.e+00
8.824127e-01	8.392498e-02	0.e+00
9.048745e-01	8.443906e-02	0.e+00
8.702898e-01	8.483578e-02	0.e+00
9.201873e-01	8.388162e-02	0.e+00
8.990704e-01	8.418416e-02	0.e+00
8.097552e-01	9.221131e-02	0.e+00
8.399915e-01	8.711807e-02	0.e+00
2.322945e+00	6.036767e-02	0.e+00
8.611745e-01	8.739911e-02	0.e+00
8.350713e-01	8.768408e-02	0.e+00
8.331371e-01	8.825004e-02	0.e+00
8.872696e-01	8.575852e-02	0.e+00
9.020102e-01	8.382054e-02	0.e+00
7.910351e-01	9.171303e-02	0.e+00
8.544891e-01	8.637523e-02	0.e+00
8.011305e-01	9.039719e-02	0.e+00
8.417000e-01	8.702385e-02	0.e+00
7.973624e-01	9.096018e-02	0.e+00
8.053862e-01	8.982096e-02	0.e+00
7.932536e-01	9.171303e-02	0.e+00
7.870823e-01	9.171303e-02	0.e+00
7.600043e-01	9.528051e-02	0.e+00
7.833313e-01	9.305676e-02	0.e+00
7.776413e-01	9.314713e-02	0.e+00
8.017879e-01	9.086954e-02	0.e+00
7.529752e-01	9.603125e-02	0.e+00
7.550423e-01	9.568813e-02	0.e+00
7.734786e-01	9.335878e-02	0.e+00
7.662603e-01	9.453034e-02	0.e+00
8.046962e-01	9.235331e-02	0.e+00
7.579186e-01	9.757063e-02	0.e+00
7.631105e-01	9.568813e-02	0.e+00
7.519033e-01	9.648432e-02	0.e+00
7.577742e-01	9.603125e-02	0.e+00
7.498766e-01	9.645222e-02	0.e+00
7.411572e-01	9.796227e-02	0.e+00
7.475596e-01	9.691248e-02	0.e+00
7.448144e-01	9.760482e-02	0.e+00
7.438558e-01	9.757325e-02	0.e+00
7.639827e-01	9.491624e-02	0.e+00
2.114898e+01	2.047487e+01	-1.01899e-02
7.759596e-01	1.034593e-01	0.e+00
7.331703e-01	9.930382e-02	0.e+00
7.355412e-01	9.886708e-02	0.e+00
7.169631e-01	1.034791e-01	0.e+00
7.300514e-01	9.971751e-02	0.e+00
7.252473e-01	1.009508e-01	0.e+00
7.314477e-01	1.004935e-01	0.e+00
7.261154e-01	1.005297e-01	0.e+00
8.304376e-01	1.01015e-01	0.e+00
7.227523e-01	1.018116e-01	0.e+00
7.475610e-01	9.825831e-02	0.e+00
7.155504e-01	1.028932e-01	0.e+00
7.33894e-01	1.028932e-01	0.e+00
7.171925e-01	1.027268e-01	0.e+00
7.204790e-01	1.027268e-01	0.e+00
7.15101e-01	1.031488e-01	0.e+00
7.208064e-01	1.023343e-01	0.e+00
7.112955e-01	1.045337e-01	0.e+00
7.255401e-01	1.024388e-01	0.e+00
7.096634e-01	1.050469e-01	0.e+00
7.075414e-01	1.050634e-01	0.e+00
1.921295e+00	1.468536e-01	0.e+00
7.100185e-01	1.095330e-01	0.e+00
7.122390e-01	1.037768e-01	0.e+00
7.028308e-01	1.068856e-01	0.e+00
7.017553e-01	1.067757e-01	0.e+00
7.071546e-01	1.067757e-01	0.e+00
7.389818e-01	1.028232e-01	0.e+00
