2.413625e+00	0.e+00	0.e+00
3.408924e+00	2.384452e-01	0.e+00
1.144716e+00	2.008515e-03	0.e+00
8.664695e+00	3.894179e-02	0.e+00
1.221061e+00	1.185361e-03	0.e+00
2.636671e+00	2.871258e-01	0.e+00
7.375926e+00	4.165422e-02	0.e+00
1.106532e+00	1.185361e-03	0.e+00
1.394927e+00	1.075658e-01	0.e+00
9.440504e-01	1.160023e-01	0.e+00
6.949996e+00	4.105185e-02	0.e+00
7.893826e-01	1.231064e-01	0.e+00
7.232637e-01	1.297760e-01	0.e+00
1.186392e+00	1.075658e-01	0.e+00
8.730707e-01	1.374897e-01	0.e+00
7.454529e-01	1.374897e-01	0.e+00
8.45904e-01	1.228105e-01	0.e+00
7.143844e-01	1.374897e-01	0.e+00
6.681732e-01	1.374897e-01	0.e+00
6.745899e-01	1.374897e-01	0.e+00
7.463804e-01	1.374897e-01	0.e+00
6.681732e-01	1.374897e-01	0.e+00
6.849768e-01	1.374897e-01	0.e+00
2.954778e+00	2.368743e-01	0.e+00
4.136245e+00	1.374897e-01	0.e+00
2.234076e+00	3.631250e-01	0.e+00
7.942611e-01	1.374897e-01	0.e+00
9.983752e-01	1.374897e-01	0.e+00
1.963966e+00	3.631250e-01	0.e+00
5.400625e-01	3.844318e-01	0.e+00
2.395272e+00	5.312766e-01	0.e+00
2.784614e+00	2.404542e-01	0.e+00
8.401016e-01	3.721337e-01	0.e+00
1.168074e+00	3.721337e-01	0.e+00
5.006075e-01	3.757518e-01	0.e+00
5.177334e-01	3.757518e-01	0.e+00
4.648923e-01	3.876241e-01	0.e+00
4.382113e-01	3.941182e-01	0.e+00
4.337658e-01	3.97514e-01	0.e+00
5.129931e-01	4.146467e-01	0.e+00
3.915537e-01	4.146467e-01	0.e+00
3.778260e-01	4.208058e-01	0.e+00
4.493298e-01	3.946809e-01	0.e+00
3.684286e-01	4.92945e-01	0.e+00
2.220169e-01	1.e+00	0.e+00
5.886158e-01	4.560563e-01	0.e+00
3.989469e-01	4.931851e-01	0.e+00
3.421569e-01	4.690157e-01	0.e+00
3.31519e-01	4.892952e-01	0.e+00
3.668296e-01	6.150334e-01	0.e+00
4.455726e-01	5.3185e-01	0.e+00
4.778398e-01	5.3185e-01	0.e+00
3.830684e-01	6.226825e-01	0.e+00
2.460879e-01	8.25451e-01	0.e+00
3.074749e-01	5.360885e-01	0.e+00
2.907781e-01	7.865269e-01	0.e+00
3.148916e-01	7.082904e-01	0.e+00
2.225922e-01	7.287762e-01	0.e+00
4.380564e-01	7.096705e-01	0.e+00
2.679162e-01	7.157566e-01	0.e+00
2.982935e-01	7.254965e-01	0.e+00
1.249942e-01	8.141063e-01	0.e+00
2.082540e-01	7.502287e-01	0.e+00
1.940832e-01	7.508404e-01	0.e+00
1.746712e-01	7.667168e-01	0.e+00
1.269939e-01	8.255766e-01	0.e+00
9.211100e-02	8.683914e-01	0.e+00
1.492036e-01	7.849200e-01	0.e+00
1.392068e-01	8.018071e-01	0.e+00
1.315744e-01	8.141063e-01	0.e+00
3.070770e-02	9.686599e-01	0.e+00
1.106557e-01	8.343743e-01	0.e+00
2.368631e-01	7.352624e-01	0.e+00
1.150033e-01	8.233336e-01	0.e+00
4.034692e-02	9.453581e-01	0.e+00
4.664846e-02	9.196194e-01	0.e+00
4.871151e-02	9.453581e-01	0.e+00
3.818712e-02	9.609560e-01	0.e+00
5.834648e-02	9.241260e-01	0.e+00
4.365585e-02	9.295556e-01	0.e+00
