1.522086e+00	0.e+00	0.e+00
7.855937e-01	1.077541e-01	0.e+00
6.972324e-01	1.337145e-01	0.e+00
9.895970e-01	2.621301e-03	0.e+00
9.895970e-01	2.621301e-03	0.e+00
1.154176e+00	6.553253e-04	0.e+00
8.193781e-01	1.043352e-01	0.e+00
1.266761e+00	8.451299e-02	0.e+00
9.895970e-01	2.621301e-03	0.e+00
9.842343e-01	9.412411e-02	0.e+00
2.852842e+00	4.645441e-02	0.e+00
6.906094e-01	1.381649e-01	0.e+00
6.838148e-01	1.449435e-01	0.e+00
7.824904e-01	1.17254e-01	0.e+00
8.047328e-01	1.184381e-01	0.e+00
5.294695e+01	5.193714e+01	-2.586477e-02
6.923732e-01	1.22041e-01	0.e+00
1.348296e+00	9.241255e-02	0.e+00
7.469799e-01	1.430063e-01	0.e+00
6.643721e-01	1.291765e-01	0.e+00
1.865144e+00	7.587111e-02	0.e+00
7.283488e-01	1.566679e-01	0.e+00
6.344207e-01	1.500161e-01	0.e+00
6.313652e-01	1.612618e-01	0.e+00
6.431615e-01	1.714074e-01	0.e+00
2.746644e+01	2.690813e+01	-1.337573e-02
7.357186e-01	1.328218e-01	0.e+00
6.290119e-01	1.566679e-01	0.e+00
6.290119e-01	1.566679e-01	0.e+00
1.974964e+00	8.196944e-02	0.e+00
7.723435e-01	1.293331e-01	0.e+00
6.290119e-01	1.566679e-01	0.e+00
6.309761e-01	1.531353e-01	0.e+00
6.498025e-01	1.566679e-01	0.e+00
7.586885e-01	3.891374e-01	0.e+00
1.142791e+00	2.56001e-01	0.e+00
6.290119e-01	1.566679e-01	0.e+00
6.290119e-01	1.566679e-01	0.e+00
5.911023e-01	3.780194e-01	0.e+00
5.795237e-01	3.796011e-01	0.e+00
9.005592e-01	1.643752e-01	0.e+00
1.419555e+00	8.196944e-02	0.e+00
1.213122e+00	2.740325e-01	0.e+00
6.552559e-01	1.703321e-01	0.e+00
3.819751e-01	5.195311e-01	0.e+00
7.884169e-01	5.382012e-01	0.e+00
6.534088e-01	1.495985e-01	0.e+00
4.436423e-01	4.110041e-01	0.e+00
4.839548e-01	4.125112e-01	0.e+00
2.56056e+01	2.559925e+01	-1.259138e-02
1.613001e+00	2.110878e-01	0.e+00
3.220738e-01	4.802973e-01	0.e+00
4.374917e-01	4.279432e-01	0.e+00
3.409471e-01	4.666245e-01	0.e+00
7.168096e+01	7.168789e+01	-3.562558e-02
1.403016e+00	1.496726e+00	-5.254541e-04
2.696516e-01	5.449081e-01	0.e+00
3.446894e+01	3.437148e+01	-1.698772e-02
5.327749e-01	3.914044e-01	0.e+00
3.215275e-01	4.760131e-01	0.e+00
3.139424e-01	4.801659e-01	0.e+00
2.388733e-01	7.182223e-01	0.e+00
3.000194e-01	4.962305e-01	0.e+00
2.697482e-01	6.224726e-01	0.e+00
2.842839e-01	5.19668e-01	0.e+00
3.088567e-01	4.842977e-01	0.e+00
2.513076e-01	6.381255e-01	0.e+00
2.847892e-01	5.521045e-01	0.e+00
3.152797e-01	4.768552e-01	0.e+00
3.961508e-01	4.772690e-01	0.e+00
2.761912e-01	6.139736e-01	0.e+00
2.39375e-01	6.917958e-01	0.e+00
2.472064e-01	6.61372e-01	0.e+00
2.541362e-01	6.786613e-01	0.e+00
2.363680e-01	6.937387e-01	0.e+00
2.249932e-01	7.143331e-01	0.e+00
2.496533e-01	6.621553e-01	0.e+00
2.077560e-01	7.324458e-01	0.e+00
2.503522e-01	6.428631e-01	0.e+00
2.580006e-01	6.428631e-01	0.e+00
5.475141e-02	9.189084e-01	0.e+00
1.731692e-01	7.712857e-01	0.e+00
1.362189e+02	1.367561e+02	-6.800845e-02
1.649832e-01	7.879576e-01	0.e+00
3.011263e-02	9.457012e-01	0.e+00
2.910095e-01	7.210097e-01	0.e+00
2.332227e-01	7.029802e-01	0.e+00
1.354069e-01	8.086348e-01	0.e+00
9.983979e-02	8.435742e-01	0.e+00
1.985248e-01	7.476431e-01	0.e+00
8.839107e-02	8.610290e-01	0.e+00
7.973568e-02	8.724662e-01	0.e+00
4.491995e-02	9.167905e-01	0.e+00
2.405722e-01	7.017839e-01	0.e+00
7.215134e-02	8.748306e-01	0.e+00
3.865442e-02	9.266559e-01	0.e+00
2.651474e-01	6.586530e-01	0.e+00
1.585971e-02	9.698814e-01	0.e+00
4.082316e-04	1.e+00	0.e+00
6.225392e-02	9.269568e-01	0.e+00
