1.061514e+00	3.294436e-04	0.e+00
9.973852e-01	2.819198e-03	0.e+00
9.897088e-01	2.819198e-03	0.e+00
9.046225e-01	9.874268e-02	0.e+00
6.901159e-01	1.258296e-01	0.e+00
9.968894e-01	2.098642e-03	0.e+00
9.922250e-01	2.819198e-03	0.e+00
9.901911e-01	2.819198e-03	0.e+00
1.153067e+00	2.819198e-03	0.e+00
1.491064e+02	1.472608e+02	-7.363042e-02
1.96931e+00	2.082057e-01	0.e+00
9.546881e-01	9.561131e-02	0.e+00
9.046225e-01	9.874268e-02	0.e+00
1.453103e+00	1.677117e-01	0.e+00
2.872240e+00	3.749709e-02	0.e+00
8.775367e-01	1.048342e-01	0.e+00
8.100816e-01	1.066193e-01	0.e+00
8.974562e-01	1.09057e-01	0.e+00
7.472673e-01	1.116811e-01	0.e+00
7.843189e-01	1.073711e-01	0.e+00
7.147113e-01	1.163485e-01	0.e+00
7.512989e-01	1.125894e-01	0.e+00
2.864067e+00	4.609698e-02	0.e+00
6.771787e-01	1.24582e-01	0.e+00
8.142977e-01	1.558297e-01	0.e+00
6.560418e-01	1.321334e-01	0.e+00
6.606906e-01	1.528279e-01	0.e+00
7.443650e-01	1.712352e-01	0.e+00
6.374141e-01	1.450512e-01	0.e+00
6.309250e-01	1.503745e-01	0.e+00
1.139214e+00	2.538806e-01	0.e+00
6.295175e-01	1.570179e-01	0.e+00
6.291442e-01	1.548841e-01	0.e+00
6.291442e-01	1.548841e-01	0.e+00
6.291442e-01	1.548841e-01	0.e+00
6.309250e-01	1.503745e-01	0.e+00
6.34595e-01	1.548841e-01	0.e+00
9.078752e-01	2.102778e-01	0.e+00
6.348927e-01	1.615670e-01	0.e+00
6.291442e-01	1.548841e-01	0.e+00
6.291442e-01	1.548841e-01	0.e+00
6.291442e-01	1.548841e-01	0.e+00
6.291442e-01	1.548841e-01	0.e+00
6.291442e-01	1.548841e-01	0.e+00
6.291754e-01	1.548841e-01	0.e+00
6.321345e-01	1.548841e-01	0.e+00
6.718999e-01	1.407954e-01	0.e+00
7.854203e-01	1.271428e-01	0.e+00
6.291442e-01	1.548841e-01	0.e+00
6.291442e-01	1.548841e-01	0.e+00
6.291442e-01	1.548841e-01	0.e+00
6.332347e-01	1.605874e-01	0.e+00
9.089608e-01	1.184769e-01	0.e+00
6.291442e-01	1.548841e-01	0.e+00
6.371724e-01	1.484912e-01	0.e+00
7.601144e-01	1.888207e-01	0.e+00
6.291442e-01	1.548841e-01	0.e+00
6.291442e-01	1.548841e-01	0.e+00
6.291442e-01	1.548841e-01	0.e+00
6.291775e-01	1.548841e-01	0.e+00
8.306064e-01	1.992213e-01	0.e+00
7.797443e-01	1.276212e-01	0.e+00
6.291442e-01	1.548841e-01	0.e+00
6.291442e-01	1.548841e-01	0.e+00
6.301231e-01	1.548841e-01	0.e+00
6.291442e-01	1.548841e-01	0.e+00
6.458663e-01	1.661074e-01	0.e+00
6.307865e-01	1.548841e-01	0.e+00
6.961255e-01	1.363502e-01	0.e+00
6.733352e-01	1.397424e-01	0.e+00
6.291442e-01	1.548841e-01	0.e+00
6.291442e-01	1.548841e-01	0.e+00
6.291442e-01	1.548841e-01	0.e+00
8.357011e-01	1.232718e-01	0.e+00
7.160226e-01	1.816457e-01	0.e+00
6.291442e-01	1.548841e-01	0.e+00
6.301641e-01	1.548841e-01	0.e+00
7.059127e-01	1.798542e-01	0.e+00
6.291442e-01	1.548841e-01	0.e+00
6.291722e-01	1.548841e-01	0.e+00
