1.216916e+00	0.e+00	0.e+00
1.351325e+00	9.803307e-02	0.e+00
1.510643e+00	0.e+00	0.e+00
9.900399e-01	2.385056e-03	0.e+00
2.812078e+00	3.369237e-02	0.e+00
1.136951e+01	9.734135e+00	-4.867067e-03
1.682385e+00	2.162585e-01	0.e+00
2.200831e+00	2.099766e-01	0.e+00
9.069904e-01	1.012974e-01	0.e+00
8.137086e-01	1.047695e-01	0.e+00
8.355844e-01	1.029219e-01	0.e+00
7.75231e-01	1.241384e-01	0.e+00
7.227394e-01	1.149924e-01	0.e+00
6.989789e-01	1.193041e-01	0.e+00
6.911949e-01	1.229056e-01	0.e+00
1.108625e+00	9.060894e-02	0.e+00
6.557749e-01	1.321797e-01	0.e+00
6.7113e-01	1.269652e-01	0.e+00
6.293665e-01	1.57604e-01	0.e+00
6.360739e-01	1.473737e-01	0.e+00
6.290115e-01	1.563271e-01	0.e+00
2.790672e+00	4.967714e-02	0.e+00
1.013336e+00	2.276033e-01	0.e+00
6.296579e-01	1.562796e-01	0.e+00
6.290115e-01	1.563271e-01	0.e+00
6.290115e-01	1.563271e-01	0.e+00
6.290115e-01	1.563271e-01	0.e+00
1.161975e+00	2.633657e-01	0.e+00
6.290115e-01	1.563271e-01	0.e+00
6.290115e-01	1.563271e-01	0.e+00
6.385114e-01	1.563271e-01	0.e+00
6.290115e-01	1.563271e-01	0.e+00
6.290115e-01	1.563271e-01	0.e+00
8.114822e-01	1.948259e-01	0.e+00
6.923601e-01	1.331300e-01	0.e+00
6.290115e-01	1.563271e-01	0.e+00
1.029526e+00	2.303644e-01	0.e+00
6.491096e-01	1.682022e-01	0.e+00
1.133092e+00	1.078589e-01	0.e+00
6.290115e-01	1.563271e-01	0.e+00
