1.639569e+00	0.e+00	0.e+00
9.896006e-01	2.615263e-03	0.e+00
9.896006e-01	2.615263e-03	0.e+00
2.790274e+00	4.792311e-02	0.e+00
1.015432e+00	2.242542e-01	0.e+00
2.464793e+00	2.444870e-02	0.e+00
1.169915e+00	2.665914e-01	0.e+00
1.15851e+00	3.888995e-03	0.e+00
1.680062e+00	0.e+00	0.e+00
3.124849e+00	4.185278e-02	0.e+00
1.643864e+00	9.938214e-02	0.e+00
1.512204e+00	1.826918e-01	0.e+00
1.102412e+00	3.119645e-01	0.e+00
2.278777e+00	5.982579e-02	0.e+00
8.708545e-01	1.080432e-01	0.e+00
1.276367e+00	2.096714e-01	0.e+00
1.029e+00	1.281779e-01	0.e+00
7.117043e-01	1.170907e-01	0.e+00
1.002183e+00	2.615263e-03	0.e+00
2.722842e+00	2.943054e-02	0.e+00
6.290134e-01	1.56731e-01	0.e+00
1.263466e+00	1.56731e-01	0.e+00
6.290134e-01	1.56731e-01	0.e+00
7.762489e-01	1.533885e-01	0.e+00
6.290134e-01	1.56731e-01	0.e+00
7.613826e-01	1.269081e-01	0.e+00
9.218714e-01	3.42351e-01	0.e+00
2.156175e+00	7.337366e-02	0.e+00
6.290134e-01	1.56731e-01	0.e+00
9.222466e-01	2.188426e-01	0.e+00
1.167873e+00	2.664293e-01	0.e+00
1.218928e+00	2.583789e-01	0.e+00
1.091776e+00	1.099440e-01	0.e+00
6.290134e-01	1.56731e-01	0.e+00
5.982185e-01	3.755142e-01	0.e+00
6.290134e-01	1.56731e-01	0.e+00
1.069985e+00	1.112974e-01	0.e+00
6.835996e-01	3.716711e-01	0.e+00
4.138909e-01	4.173326e-01	0.e+00
5.372618e-01	5.052167e-01	0.e+00
5.577606e-01	3.823886e-01	0.e+00
5.423122e-01	3.853021e-01	0.e+00
6.449046e-01	3.681456e-01	0.e+00
5.096781e-01	3.919717e-01	0.e+00
4.928505e-01	3.957347e-01	0.e+00
5.246649e-01	3.992635e-01	0.e+00
4.120698e-01	5.567367e-01	0.e+00
4.484205e-01	4.067152e-01	0.e+00
4.495309e-01	4.068729e-01	0.e+00
4.345748e-01	4.145054e-01	0.e+00
3.506123e-01	4.773713e-01	0.e+00
6.062084e+00	6.211872e+00	-2.870545e-03
1.086359e+00	3.136766e-01	0.e+00
8.379236e-01	3.412098e-01	0.e+00
3.021866e-01	5.057977e-01	0.e+00
3.014243e-01	4.96653e-01	0.e+00
3.557150e-01	4.514027e-01	0.e+00
3.442064e-01	4.572460e-01	0.e+00
3.434280e-01	4.640776e-01	0.e+00
1.181201e+00	2.165687e-01	0.e+00
5.838349e-01	3.899051e-01	0.e+00
3.060198e-01	4.894181e-01	0.e+00
3.02077e-01	5.004518e-01	0.e+00
4.015453e-01	4.418006e-01	0.e+00
2.878872e-01	5.121984e-01	0.e+00
2.898320e-01	5.092633e-01	0.e+00
3.815485e-01	4.319238e-01	0.e+00
2.746404e-01	5.544092e-01	0.e+00
3.400886e-01	4.902342e-01	0.e+00
2.850787e-01	5.286905e-01	0.e+00
2.529255e-01	6.102037e-01	0.e+00
4.401344e-01	4.275022e-01	0.e+00
2.500531e-01	6.584984e-01	0.e+00
2.492024e-01	6.510956e-01	0.e+00
2.654941e-01	5.537896e-01	0.e+00
2.615271e-01	6.449060e-01	0.e+00
1.943958e-01	7.470529e-01	0.e+00
2.085823e-01	7.315197e-01	0.e+00
2.788102e-01	6.219488e-01	0.e+00
1.979666e-01	7.517365e-01	0.e+00
1.557319e-01	7.860844e-01	0.e+00
1.71356e-01	7.699177e-01	0.e+00
6.625045e-02	8.916538e-01	0.e+00
1.710396e-01	7.755470e-01	0.e+00
9.009608e-02	8.559264e-01	0.e+00
3.397045e-02	9.357910e-01	0.e+00
6.952497e-03	9.869226e-01	0.e+00
5.380541e-01	1.251618e+00	-2.124971e-04
1.034088e-01	8.370465e-01	0.e+00
2.463618e-01	7.031655e-01	0.e+00
8.888615e-02	8.576742e-01	0.e+00
1.289782e-01	8.105512e-01	0.e+00
2.014544e+00	2.829785e+00	-9.735106e-04
2.775827e-01	6.055701e-01	0.e+00
4.784238e-02	9.118162e-01	0.e+00
5.755368e-03	1.e+00	0.e+00
3.321152e-04	1.e+00	0.e+00
6.434596e+00	7.064592e+00	-3.138969e-03
9.618696e-03	9.809114e-01	0.e+00
7.254197e-06	1.e+00	0.e+00
