1.595999e+00	0.e+00	0.e+00
7.066006e-01	1.189856e-01	0.e+00
9.896305e-01	2.621451e-03	0.e+00
1.049095e+00	6.455443e-04	0.e+00
9.896305e-01	2.621451e-03	0.e+00
9.896305e-01	2.621451e-03	0.e+00
1.672432e+00	0.e+00	0.e+00
1.130063e+00	1.053625e-01	0.e+00
9.936958e-01	2.621451e-03	0.e+00
6.583495e-01	1.327964e-01	0.e+00
6.583727e-01	1.312750e-01	0.e+00
1.999827e+00	2.355608e-01	0.e+00
8.802567e-01	1.56256e-01	0.e+00
1.050689e+00	1.155832e-03	0.e+00
7.131174e-01	1.166037e-01	0.e+00
7.921364e-01	1.228914e-01	0.e+00
1.160094e+00	9.327548e-02	0.e+00
7.098761e-01	1.227446e-01	0.e+00
6.502308e-01	1.416967e-01	0.e+00
1.344557e+00	1.14762e-01	0.e+00
6.970164e-01	1.197092e-01	0.e+00
6.314814e-01	1.495907e-01	0.e+00
6.406298e-01	1.416967e-01	0.e+00
6.295963e-01	1.559129e-01	0.e+00
8.127642e-01	1.255703e-01	0.e+00
6.349914e-01	1.453119e-01	0.e+00
6.31663e-01	1.559129e-01	0.e+00
6.290275e-01	1.559129e-01	0.e+00
6.290275e-01	1.559129e-01	0.e+00
5.958823e-01	3.756948e-01	0.e+00
1.225304e+00	1.037341e-01	0.e+00
1.233409e+00	2.519974e-01	0.e+00
6.835868e-01	1.559129e-01	0.e+00
1.135184e+00	2.53914e-01	0.e+00
4.607865e-01	4.036229e-01	0.e+00
6.290275e-01	1.559129e-01	0.e+00
6.290275e-01	1.559129e-01	0.e+00
6.286129e-01	3.710380e-01	0.e+00
5.346560e-01	3.867969e-01	0.e+00
8.109616e-01	3.782041e-01	0.e+00
1.353465e+00	2.564529e-01	0.e+00
9.193636e-01	2.104554e-01	0.e+00
4.728141e-01	5.804806e-01	0.e+00
9.886446e-01	3.917438e-01	0.e+00
4.911874e-01	3.959518e-01	0.e+00
4.765581e-01	3.994128e-01	0.e+00
9.818319e-01	3.234784e-01	0.e+00
3.984749e-01	4.233176e-01	0.e+00
4.362021e-01	4.102337e-01	0.e+00
3.847125e-01	4.312362e-01	0.e+00
4.147462e-01	4.188880e-01	0.e+00
4.102787e-01	4.233176e-01	0.e+00
3.843706e-01	4.288014e-01	0.e+00
1.643659e+02	1.644068e+02	-8.198677e-02
5.100472e-01	3.919735e-01	0.e+00
3.674167e-01	4.370309e-01	0.e+00
3.719658e-01	5.735095e-01	0.e+00
3.365281e-01	4.570431e-01	0.e+00
3.274949e-01	4.650288e-01	0.e+00
3.656766e-01	4.410288e-01	0.e+00
4.181204e-01	6.828115e-01	0.e+00
2.888179e-01	5.109933e-01	0.e+00
3.444793e+00	3.590798e+00	-1.559074e-03
2.719414e-01	5.492604e-01	0.e+00
3.834237e-01	4.292173e-01	0.e+00
2.770986e-01	5.297784e-01	0.e+00
2.728423e-01	5.396753e-01	0.e+00
6.055267e-01	4.06595e-01	0.e+00
1.512147e+01	1.527241e+01	-7.392585e-03
2.567919e-01	5.825532e-01	0.e+00
2.528778e-01	6.102479e-01	0.e+00
2.782331e-01	5.319857e-01	0.e+00
2.474291e-01	6.608292e-01	0.e+00
2.555702e-01	6.752741e-01	0.e+00
1.191136e+01	1.191407e+01	-5.733687e-03
2.616883e-01	6.083307e-01	0.e+00
2.156494e-01	7.229513e-01	0.e+00
2.476181e-01	6.732747e-01	0.e+00
2.439397e-01	6.795724e-01	0.e+00
1.873902e-01	7.540673e-01	0.e+00
3.42301e-01	6.268941e-01	0.e+00
1.726666e-01	7.703632e-01	0.e+00
8.381887e-02	8.609282e-01	0.e+00
1.415601e-01	7.981055e-01	0.e+00
1.36014e-01	8.044428e-01	0.e+00
1.394934e-01	8.065498e-01	0.e+00
1.265371e-01	8.179803e-01	0.e+00
1.137707e-01	8.269742e-01	0.e+00
2.492996e-01	6.966078e-01	0.e+00
1.792604e-01	7.633151e-01	0.e+00
1.024402e-01	8.582529e-01	0.e+00
1.621295e+01	1.700672e+01	-8.068312e-03
9.031433e-02	8.830331e-01	0.e+00
5.106448e-02	9.239956e-01	0.e+00
4.767720e-02	9.118566e-01	0.e+00
2.033121e-01	7.412033e-01	0.e+00
1.523687e-01	7.879676e-01	0.e+00
7.822440e-02	8.672366e-01	0.e+00
3.461713e-02	9.347505e-01	0.e+00
2.315051e-01	7.212184e-01	0.e+00
