1.413683e+00	0.e+00	0.e+00
1.088527e+00	4.178936e-04	0.e+00
1.02634e+00	4.178936e-04	0.e+00
1.02634e+00	4.178936e-04	0.e+00
1.02634e+00	4.178936e-04	0.e+00
1.030383e+00	4.178936e-04	0.e+00
1.127421e+00	1.044734e-04	0.e+00
1.02634e+00	4.178936e-04	0.e+00
1.02634e+00	4.178936e-04	0.e+00
1.110896e+00	4.178936e-04	0.e+00
1.584894e+00	4.178936e-04	0.e+00
1.558193e+00	8.246956e-02	0.e+00
2.180870e+00	0.e+00	0.e+00
1.35088e+00	5.073412e-06	0.e+00
3.695858e+00	1.741570e-01	0.e+00
1.49068e+00	8.158253e-02	0.e+00
1.393197e+00	8.063037e-02	0.e+00
2.247905e+00	0.e+00	0.e+00
1.346609e+00	8.158253e-02	0.e+00
1.288665e+00	8.246956e-02	0.e+00
9.259680e-01	8.425316e-02	0.e+00
2.424221e+00	5.979547e-02	0.e+00
1.029922e+02	1.021582e+02	-5.103733e-02
8.457990e-01	8.693045e-02	0.e+00
8.462371e-01	8.670565e-02	0.e+00
8.676616e-01	8.549722e-02	0.e+00
8.721325e-01	8.549722e-02	0.e+00
8.605328e-01	8.616388e-02	0.e+00
8.381032e-01	8.788836e-02	0.e+00
8.670831e-01	8.693045e-02	0.e+00
8.445953e-01	8.747187e-02	0.e+00
3.623543e+01	3.548981e+01	-1.770089e-02
8.258476e-01	8.859859e-02	0.e+00
8.160205e-01	8.940277e-02	0.e+00
8.162669e-01	8.940277e-02	0.e+00
1.537559e+00	7.289193e-02	0.e+00
7.925001e-01	9.211641e-02	0.e+00
8.428771e-01	8.838182e-02	0.e+00
8.344351e-01	8.839127e-02	0.e+00
7.790074e-01	9.282946e-02	0.e+00
8.044851e-01	9.278137e-02	0.e+00
1.021801e+00	8.259549e-02	0.e+00
7.757013e-01	9.316237e-02	0.e+00
6.028365e+01	5.96099e+01	-2.975778e-02
7.535043e-01	9.877086e-02	0.e+00
7.672962e-01	9.454628e-02	0.e+00
7.469087e-01	9.763224e-02	0.e+00
7.717225e-01	9.398390e-02	0.e+00
7.434417e-01	9.820723e-02	0.e+00
7.459262e-01	9.803364e-02	0.e+00
7.406728e-01	1.003077e-01	0.e+00
7.582896e-01	9.671747e-02	0.e+00
7.640903e-01	9.465689e-02	0.e+00
7.419672e-01	9.77907e-02	0.e+00
1.657559e+00	7.803543e-01	-3.461297e-04
7.555563e-01	9.862466e-02	0.e+00
7.225474e-01	1.018223e-01	0.e+00
7.283001e-01	1.002665e-01	0.e+00
7.460795e-01	9.736007e-02	0.e+00
7.431619e-01	9.778888e-02	0.e+00
7.905590e-01	9.554745e-02	0.e+00
7.383160e-01	9.895758e-02	0.e+00
7.223271e-01	1.018223e-01	0.e+00
7.208657e-01	1.026532e-01	0.e+00
4.047229e+00	2.502346e-01	0.e+00
7.3316e-01	1.031096e-01	0.e+00
7.922449e-01	1.031096e-01	0.e+00
7.390356e-01	1.010113e-01	0.e+00
7.078774e-01	1.051111e-01	0.e+00
7.124717e-01	1.045085e-01	0.e+00
7.059795e-01	1.070131e-01	0.e+00
7.469962e-01	1.055344e-01	0.e+00
7.031198e-01	1.074163e-01	0.e+00
4.090826e+00	2.379799e-01	0.e+00
7.868743e-01	1.037792e-01	0.e+00
8.122382e-01	1.048615e-01	0.e+00
7.203512e-01	1.035838e-01	0.e+00
6.949790e-01	1.092269e-01	0.e+00
6.993248e-01	1.090972e-01	0.e+00
7.075428e-01	1.092269e-01	0.e+00
