6.519361e-01	-4.502970e-01	0.e+00
6.55375e-01	-4.488067e-01	0.e+00
6.425901e-01	-4.218984e-01	0.e+00
6.400143e-01	-4.020143e-01	0.e+00
6.377403e-01	-3.775173e-01	0.e+00
6.462437e-01	-4.320588e-01	0.e+00
6.193578e-01	-1.348305e-01	0.e+00
6.315725e-01	-3.162117e-01	0.e+00
6.248136e-01	-2.099010e-01	0.e+00
6.277006e-01	-2.578374e-01	0.e+00
6.250023e-01	-2.237496e-01	0.e+00
6.211238e-01	-1.583795e-01	0.e+00
6.247934e-01	-2.244964e-01	0.e+00
6.251232e-01	-2.316741e-01	0.e+00
4.522018e-01	-1.094782e-01	0.e+00
5.698571e-01	7.123594e-01	0.e+00
4.484081e-01	-1.112067e-01	0.e+00
4.545059e-01	-1.145428e-01	0.e+00
4.400916e-01	-7.67813e-02	0.e+00
4.355687e-01	-4.733263e-02	0.e+00
4.312545e-01	-3.562597e-03	0.e+00
4.241578e-01	7.142108e-02	0.e+00
3.483868e-01	7.652376e-01	0.e+00
4.242402e-01	5.855992e-02	0.e+00
1.721539e-01	7.204871e-01	0.e+00
2.568468e-01	2.449899e-01	0.e+00
2.568468e-01	2.446175e-01	0.e+00
3.427302e-01	7.525035e-01	0.e+00
2.568468e-01	2.441165e-01	0.e+00
2.247033e-01	3.717253e-01	0.e+00
2.326095e-01	3.207844e-01	0.e+00
2.507875e-01	2.499686e-01	0.e+00
2.083723e-01	4.949188e-01	0.e+00
1.925598e-01	6.079759e-01	0.e+00
8.378405e-02	6.719632e-01	0.e+00
2.148993e-02	8.421317e-01	0.e+00
8.378405e-02	6.733911e-01	0.e+00
6.229412e-02	6.950255e-01	0.e+00
2.276279e-02	8.353763e-01	0.e+00
0.e+00	1.004182e+00	0.e+00
