6.534898e-01	-3.92222e-01	0.e+00
6.302922e-01	-2.215724e-01	0.e+00
6.43548e-01	-3.366749e-01	0.e+00
6.468619e-01	-3.666464e-01	0.e+00
6.501759e-01	-3.637921e-01	0.e+00
6.319492e-01	-2.73937e-01	0.e+00
6.43548e-01	-3.588230e-01	0.e+00
6.453033e-01	-3.845210e-01	0.e+00
6.319492e-01	-2.419376e-01	0.e+00
6.319492e-01	-2.421829e-01	0.e+00
6.43548e-01	-3.389452e-01	0.e+00
6.265847e-01	-1.726895e-01	0.e+00
6.265847e-01	-1.72104e-01	0.e+00
3.682515e-01	7.462818e-01	0.e+00
4.524341e-01	-1.443099e-02	0.e+00
4.524341e-01	-5.225103e-02	0.e+00
4.330354e-01	3.963360e-02	0.e+00
4.524341e-01	-5.557170e-02	0.e+00
4.427347e-01	-3.096864e-02	0.e+00
4.427347e-01	-2.773191e-02	0.e+00
4.256312e-01	1.223378e-01	0.e+00
4.330354e-01	3.138977e-02	0.e+00
2.636201e-01	3.038487e-01	0.e+00
4.443385e-01	-4.021833e-02	0.e+00
2.565329e-01	2.768319e-01	0.e+00
3.375384e-01	7.687321e-01	0.e+00
2.389928e-01	3.278282e-01	0.e+00
2.565329e-01	2.739431e-01	0.e+00
2.477628e-01	2.877401e-01	0.e+00
2.477628e-01	3.159474e-01	0.e+00
2.388343e-01	3.572062e-01	0.e+00
2.194139e-01	4.512901e-01	0.e+00
5.067129e-02	8.553753e-01	0.e+00
1.963185e-01	7.022272e-01	0.e+00
9.765138e-02	7.642172e-01	0.e+00
2.296294e-01	4.230949e-01	0.e+00
7.639346e-02	8.291114e-01	0.e+00
1.128169e-01	8.185976e-01	0.e+00
3.10296e-02	8.98104e-01	0.e+00
0.e+00	1.118957e+00	0.e+00
