0.45820499363657663	-0.11066383847870409	0.0
0.45258109551092096	-0.11455463774638101	0.0
0.44169350971362087	-0.08180287206502296	0.0
0.44368738422988074	-0.07990182749755304	0.0
0.44982576925302564	-0.10943214040808392	0.0
0.4442333953624052	-0.09577907283523122	0.0
0.433119245171107	-0.019536492029356745	0.0
0.4432943218305078	-0.09063708192254577	0.0
0.44169350971362087	-0.08567916420648178	0.0
0.438050260701808	-0.06427693871783352	0.0
0.4539546940982608	-0.11352113717059265	0.0
0.438050260701808	-0.056868332706824606	0.0
0.4584783285457842	-0.1103610212821562	0.0
0.43592343688090635	-0.03890925246435115	0.0
0.4363849688823659	-0.04273841596518961	0.0
0.4354335311475924	-0.039463695162772795	0.0
0.4343942094089399	-0.03374135062079633	0.0
0.441346878889574	-0.0781169989340241	0.0
0.43866740706552665	-0.0645843900212625	0.0
0.4329855991110938	-0.022722919310233198	0.0
0.43472476565621254	-0.02493977980572871	0.0
0.4321805065841717	-0.00778496880014848	0.0
0.4190554911932568	0.13861942415403838	0.0
0.4316763842685094	-0.008674509178988592	0.0
0.4289724300776095	0.027652777479352793	0.0
0.43238762489219773	-0.018723408067282066	0.0
0.4265946750069469	0.03805460709069166	0.0
0.4265946750069469	0.04224617897767603	0.0
0.4259608105694977	0.05118577275151468	0.0
0.42005852819256745	0.11212755733078873	0.0
0.42426757034969087	0.06203756694501471	0.0
0.4254980015326266	0.04808856296292624	0.0
0.44126241837110425	-0.0804908505179824	0.0
0.3854988284655426	0.5620688810462675	0.0
0.4220235729876437	0.08578625317697572	0.0
0.42893753104960436	0.014576394367590886	0.0
0.419463640879719	0.1176705603278003	0.0
0.41860409063975046	0.1299503670982172	0.0
0.4179831823969895	0.14232066936036594	0.0
0.34029808063488287	0.7467758254122349	0.0
0.423842314469677	0.06794596009466329	0.0
0.4156445685532757	0.16563515834911258	0.0
0.5013300766292509	0.3242101799965911	0.0
0.4139788357417816	0.18862183242173222	0.0
0.4887623726435096	0.1385004117668028	0.0
0.4111113201907952	0.2193154337413491	0.0
0.2586767308363529	0.24693190014546282	0.0
0.3411366927596977	0.7471279714735559	0.0
0.1801928119778915	0.6805384635931002	0.0
0.2586767308363529	0.24227153862456155	0.0
0.2586767308363529	0.24918990569414434	0.0
0.2586767308363529	0.24227153862456155	0.0
0.42362215590856744	0.06432801985506253	0.0
0.2586767308363529	0.24234398301883028	0.0
0.2401492783255184	0.28503103284654074	0.0
0.2586767308363529	0.24239281680698088	0.0
0.24784168231197476	0.25795213369267583	0.0
0.2586767308363529	0.24467423166127342	0.0
0.25385507075296	0.24491879787409737	0.0
0.2464358251973457	0.2593093585507336	0.0
0.2464358251973457	0.2617437082260066	0.0
0.242662960488951	0.27686651288522074	0.0
0.2401492783255184	0.2817862610106399	0.0
0.23631361743593787	0.3022165197586484	0.0
0.2296152867946174	0.3378070864692304	0.0
0.2313832053290803	0.32873862783147245	0.0
0.2296152867946174	0.34071545962206545	0.0
0.24272123725261416	0.2713001574349262	0.0
0.2248868901860127	0.3725990826934466	0.0
0.20418527171730316	0.5247783397808171	0.0
0.23411094001163524	0.312561526333464	0.0
0.2405350755592917	0.2812200609114434	0.0
0.21386629676370097	0.44893679622004934	0.0
0.1338546475261742	0.7517861365962644	0.0
0.20737308621386505	0.498647265282282	0.0
0.1554930632831475	0.7619576024670296	0.0
0.26043947879620166	0.24732270155914365	0.0
0.011424169035847226	0.8903943579376731	0.0
0.16640131770769545	0.738532578232537	0.0
0.2103836898692442	0.47651961517628877	0.0
0.18527089933529467	0.6527370545683661	0.0
0.08257840941923572	0.6699667508496445	0.0
0.08257840941923572	0.6699992207121964	0.0
0.08257840941923572	0.6699062281148813	0.0
0.17723820855696476	0.6999971089951147	0.0
0.1745254093010161	0.707969353091737	0.0
0.2680066131307876	0.25748210292471524	0.0
0.08257840941923572	0.6701788270790694	0.0
0.015379100250128841	0.8691910876263229	0.0
0.08257840941923572	0.6725761482415211	0.0
0.07786552816345213	0.6714056945368633	0.0
0.06989197332930071	0.6799929197802912	0.0
0.03873120220768656	0.7673165715857584	0.0
0.04018454769567661	0.7620496254504532	0.0
0.04507442025265407	0.7435568047135653	0.0
0.07834815250264182	0.6714326651653612	0.0
0.02739381506858142	0.8140104680212759	0.0
0.0192720102489881	0.8508387025237271	0.0
0.025477168717030204	0.8225371662240993	0.0
0.0	1.000428451497393	0.0
