6.527296e-01	-4.469363e-01	0.e+00
6.46986e-01	-4.416132e-01	0.e+00
6.494603e-01	-4.471491e-01	0.e+00
6.339318e-01	-3.460513e-01	0.e+00
6.380956e-01	-3.742529e-01	0.e+00
6.460915e-01	-4.410526e-01	0.e+00
6.437207e-01	-4.261575e-01	0.e+00
6.292721e-01	-2.733667e-01	0.e+00
6.236595e-01	-1.961022e-01	0.e+00
6.277725e-01	-2.659525e-01	0.e+00
6.260039e-01	-2.311824e-01	0.e+00
6.239555e-01	-2.090538e-01	0.e+00
6.211235e-01	-1.640734e-01	0.e+00
6.200428e-01	-1.442940e-01	0.e+00
4.539090e-01	-1.223959e-01	0.e+00
4.539090e-01	-1.069022e-01	0.e+00
4.539090e-01	-1.198753e-01	0.e+00
4.370705e-01	-5.388286e-02	0.e+00
4.397873e-01	-7.924057e-02	0.e+00
4.343537e-01	-3.733717e-02	0.e+00
4.299439e-01	3.415405e-03	0.e+00
4.228831e-01	7.276476e-02	0.e+00
4.215128e-01	9.142062e-02	0.e+00
4.174688e-01	1.451597e-01	0.e+00
3.451977e-01	7.558368e-01	0.e+00
5.019808e-01	3.236524e-01	0.e+00
2.687307e-01	2.629609e-01	0.e+00
2.565329e-01	2.459765e-01	0.e+00
3.348626e-01	7.198959e-01	0.e+00
2.454236e-01	2.629689e-01	0.e+00
2.242966e-01	3.714923e-01	0.e+00
2.21028e-01	3.949869e-01	0.e+00
2.077416e-01	4.96318e-01	0.e+00
2.21028e-01	3.948306e-01	0.e+00
7.254417e-02	6.759571e-01	0.e+00
8.474200e-02	6.722595e-01	0.e+00
2.191561e-01	4.103161e-01	0.e+00
6.191299e-02	6.939349e-01	0.e+00
8.474200e-02	6.700076e-01	0.e+00
0.e+00	1.000612e+00	0.e+00
