8.383749e-01	-4.311532e-01	0.e+00
8.383749e-01	-4.527515e-01	0.e+00
8.383749e-01	-4.636068e-01	0.e+00
8.383749e-01	-4.523726e-01	0.e+00
8.383749e-01	-4.361953e-01	0.e+00
8.383749e-01	-4.361953e-01	0.e+00
8.383749e-01	-4.361953e-01	0.e+00
8.383749e-01	-4.442448e-01	0.e+00
8.383749e-01	-4.401727e-01	0.e+00
8.383749e-01	-4.401727e-01	0.e+00
8.383749e-01	-4.431166e-01	0.e+00
8.417790e-01	-4.566005e-01	0.e+00
8.383749e-01	-4.431166e-01	0.e+00
8.383749e-01	-4.431166e-01	0.e+00
8.392533e-01	-4.311865e-01	0.e+00
8.392533e-01	-4.442695e-01	0.e+00
8.383749e-01	-4.435256e-01	0.e+00
8.383749e-01	-4.435371e-01	0.e+00
8.383749e-01	-4.336264e-01	0.e+00
8.383749e-01	-4.336264e-01	0.e+00
8.383749e-01	-4.408316e-01	0.e+00
8.383749e-01	-4.418161e-01	0.e+00
6.501830e-01	-1.725798e-01	0.e+00
8.383749e-01	-4.481826e-01	0.e+00
8.383749e-01	-4.537661e-01	0.e+00
8.383749e-01	-4.537661e-01	0.e+00
6.505034e-01	-1.898293e-01	0.e+00
7.506857e-01	1.13384e+00	0.e+00
6.442568e-01	-1.596526e-01	0.e+00
6.505034e-01	-1.628727e-01	0.e+00
6.40573e-01	-1.531732e-01	0.e+00
6.447373e-01	-2.047119e-01	0.e+00
6.40573e-01	-1.469195e-01	0.e+00
6.380103e-01	-1.488419e-01	0.e+00
6.479407e-01	-2.227917e-01	0.e+00
6.380103e-01	-1.508121e-01	0.e+00
6.420145e-01	-1.588941e-01	0.e+00
6.328849e-01	-9.507664e-02	0.e+00
6.328849e-01	-7.924204e-02	0.e+00
6.192706e-01	1.237952e-01	0.e+00
6.277595e-01	-5.111304e-03	0.e+00
5.438119e-01	1.050047e+00	0.e+00
6.290409e-01	-4.300395e-02	0.e+00
5.380459e-01	1.027455e+00	0.e+00
6.104206e-01	2.987974e-01	0.e+00
6.277595e-01	-1.028358e-02	0.e+00
5.386865e-01	1.017688e+00	0.e+00
6.200715e-01	8.689810e-02	0.e+00
6.200715e-01	9.215247e-02	0.e+00
5.386865e-01	1.031215e+00	0.e+00
3.606807e-01	1.037404e+00	0.e+00
4.367199e-01	2.052186e-01	0.e+00
3.631032e-01	1.002576e+00	0.e+00
4.508949e-01	1.453658e-01	0.e+00
4.496135e-01	1.443972e-01	0.e+00
4.193416e-01	3.723111e-01	0.e+00
4.508949e-01	1.521979e-01	0.e+00
4.483322e-01	1.390113e-01	0.e+00
4.483322e-01	1.764522e-01	0.e+00
4.21584e-01	3.694015e-01	0.e+00
4.228253e-01	3.157356e-01	0.e+00
4.094048e-01	5.448896e-01	0.e+00
2.453093e-01	6.023834e-01	0.e+00
2.660711e-01	5.385066e-01	0.e+00
4.257484e-01	3.237401e-01	0.e+00
4.228253e-01	3.345091e-01	0.e+00
3.395531e-01	1.001365e+00	0.e+00
4.378211e-01	1.978523e-01	0.e+00
4.433369e-01	2.133923e-01	0.e+00
3.450388e-01	1.029055e+00	0.e+00
4.337968e-01	2.187501e-01	0.e+00
2.533577e-01	5.713320e-01	0.e+00
4.152903e-01	4.562532e-01	0.e+00
4.257484e-01	3.054281e-01	0.e+00
1.697251e-01	9.914725e-01	0.e+00
2.533577e-01	5.086895e-01	0.e+00
2.533577e-01	5.169037e-01	0.e+00
2.533577e-01	5.542287e-01	0.e+00
2.533577e-01	5.658530e-01	0.e+00
2.479191e-01	5.221306e-01	0.e+00
2.46251e-01	5.608277e-01	0.e+00
2.509299e-01	5.423386e-01	0.e+00
2.298789e-01	6.433936e-01	0.e+00
2.167923e-01	7.372414e-01	0.e+00
2.167923e-01	7.545722e-01	0.e+00
2.11481e-01	7.404686e-01	0.e+00
2.054070e-01	8.278766e-01	0.e+00
1.944404e-01	9.253766e-01	0.e+00
1.009613e-01	1.009655e+00	0.e+00
1.234509e-01	1.090355e+00	0.e+00
1.009613e-01	9.997954e-01	0.e+00
6.650507e-02	1.033942e+00	0.e+00
1.009613e-01	1.040812e+00	0.e+00
2.290229e-01	6.814787e-01	0.e+00
6.650507e-02	1.040613e+00	0.e+00
6.650507e-02	1.036456e+00	0.e+00
1.667014e-01	1.022439e+00	0.e+00
3.204889e-02	1.185968e+00	0.e+00
2.839689e-01	5.898779e-01	0.e+00
0.e+00	1.379672e+00	0.e+00
