0.8325113490684188	-0.6091429955296245	0.0
0.8462665571628502	-0.7547805573568677	0.0
0.8495807002439085	-0.7653458733336364	0.0
0.8452362329467812	-0.7483319781754243	0.0
0.8496005755547252	-0.7609956319008154	0.0
0.837054929366611	-0.6757362387677079	0.0
0.8356994138137036	-0.6499049568890107	0.0
0.8349844691606062	-0.6491485662594172	0.0
0.8307620206577464	-0.5803597141944135	0.0
0.8304266432044942	-0.5844839971787407	0.0
0.6504633098719971	-0.4492164497251613	0.0
0.8280341174103103	-0.5278235705189531	0.0
0.8327767811536431	-0.6191810915760173	0.0
0.8247195582556874	-0.47637344127911435	0.0
0.6521205894493085	-0.4521424138719949	0.0
0.7400773534298094	0.8510223793283626	0.0
0.8323535704602244	-0.6057595313914632	0.0
0.6446809997415385	-0.4215605856010138	0.0
0.5601072090835958	0.7956740169418932	0.0
0.6502004732072948	-0.451505187005846	0.0
0.6330940242498306	-0.33535450282498425	0.0
0.6370159484274815	-0.3716635299100104	0.0
0.6272790033041735	-0.24873383493596707	0.0
0.4507898424530333	-0.10404074457219098	0.0
0.4553715724243823	-0.11685416356318967	0.0
0.6194115349634097	-0.13302745119133966	0.0
0.45246406195155375	-0.11344317734114168	0.0
0.45246406195155375	-0.12229022060341761	0.0
0.6121887750504377	-0.0007527183358771372	0.0
0.4507236291494938	-0.117280028507352	0.0
0.4405829315556698	-0.07869866131495687	0.0
0.42031680788254183	0.11424045713760907	0.0
0.5308823248787776	0.711951679321485	0.0
0.27232730860129445	0.27148249273658354	0.0
0.41775635417357426	0.13597025139960886	0.0
0.3376576801709539	0.7323569706282647	0.0
0.4995703632311934	0.29110928535169217	0.0
0.25755900616833344	0.24881410063714388	0.0
0.25755900616833344	0.2425665868699745	0.0
0.25755900616833344	0.256761039066359	0.0
0.3288532185300797	0.6898891480313857	0.0
0.10488150246839273	0.7018872204963087	0.0
0.13192531653350364	0.7492782939777947	0.0
0.28288839459585097	0.32344278336585564	0.0
0.08238195330855731	0.6698397591469264	0.0
0.08238195330855731	0.6699205141387985	0.0
0.08238195330855731	0.669811859710061	0.0
0.2661613546863285	0.25784568413487696	0.0
0.23884781710236674	0.2946124479452461	0.0
0.20920728509989983	0.4831304935702675	0.0
