0.635566278247408	-0.3629472541512951	0.0
0.6307665854406788	-0.2914445169295697	0.0
0.6368296516708593	-0.3752018567360967	0.0
0.6470383021380395	-0.44315261190611654	0.0
0.6439692292576668	-0.41108413592397264	0.0
0.6426519017802617	-0.41978392853099605	0.0
0.6477514723863017	-0.4345923312487884	0.0
0.6394982116419841	-0.39753503808826585	0.0
0.6394982116419841	-0.39804230933451845	0.0
0.6500221775590991	-0.44550311245433294	0.0
0.6513031732558971	-0.4513299523932424	0.0
0.6366609502974432	-0.3736141310379581	0.0
0.6366247628878485	-0.3717453340999037	0.0
0.6448853398071654	-0.435628652361358	0.0
0.631699719243308	-0.32055007330953444	0.0
0.6336522987401756	-0.3427582924475331	0.0
0.6332136813595143	-0.33777863868626024	0.0
0.6380919085912183	-0.38063120838664183	0.0
0.6246459363871822	-0.2216584673723793	0.0
0.6307160220020974	-0.3052200628516536	0.0
0.6297955911998283	-0.2937226919784383	0.0
0.619127591543988	-0.12636280424904806	0.0
0.6258749149855511	-0.22950560612693893	0.0
0.6240353741549947	-0.19648871763882347	0.0
0.6342994220160291	-0.35020625657465426	0.0
0.6258807106372679	-0.23704416905887388	0.0
0.6253609373396855	-0.23126912707214162	0.0
0.6246059294364593	-0.219113069199717	0.0
0.3681133205576942	0.705883102812882	0.0
0.6232389092799924	-0.1945482889724016	0.0
0.3683768292737686	0.7037230675555458	0.0
0.537402365991737	0.7729501879800832	0.0
0.6204912406296232	-0.15648652665886204	0.0
0.6204646808287397	-0.15673234832569388	0.0
0.6190670189998838	-0.1284625192293019	0.0
0.36985078239077973	0.6927537293260786	0.0
0.45431349135385063	-0.12209497651160743	0.0
0.45431349135385063	-0.12158683985923655	0.0
0.44165411938608157	-0.08897369986255267	0.0
0.45431349135385063	-0.11384631240424942	0.0
0.45431349135385063	-0.12191888352716446	0.0
0.4460518371925344	-0.10815452330291582	0.0
0.35196492676547775	0.7612997278562315	0.0
0.4465856186441236	-0.10936414088625887	0.0
0.4437841612717164	-0.09489660335695141	0.0
0.44165411938608157	-0.07870440055381901	0.0
0.43885774593439664	-0.07107386531731662	0.0
0.4377901830312181	-0.056738138457213226	0.0
0.42593302801843336	0.03926214764643869	0.0
0.4332548311895822	-0.0283610053092839	0.0
0.4314906983884327	-0.015533312972398492	0.0
0.4301332677983425	-0.002848600458479508	0.0
0.45113354769135877	-0.11493508463973105	0.0
0.4078225435874961	0.26310519141690236	0.0
0.2427823993950018	0.27365176926805274	0.0
0.42287130861855426	0.07327337179966853	0.0
0.4210342720618516	0.09698305630870462	0.0
0.4195491424705953	0.1158840350152515	0.0
0.5063749499921834	0.3915486145866219	0.0
0.4220766770660363	0.08500489059628334	0.0
0.3394366777035541	0.7449847225721175	0.0
0.4123354264832987	0.20786963354893506	0.0
0.4104784387873236	0.2345991762334772	0.0
0.34230919202451315	0.7493365508308539	0.0
0.25783908334525657	0.2429984311129223	0.0
0.25783908334525657	0.24468642165387905	0.0
0.25783908334525657	0.24297560783399297	0.0
0.3208843465646962	0.6300455756978776	0.0
0.25783908334525657	0.2500476477986241	0.0
0.25783908334525657	0.24936238440917746	0.0
0.23826576728497384	0.290696534004374	0.0
0.4945435013227393	0.2311459620937227	0.0
0.2561244300644821	0.24332906145463787	0.0
0.26762574137539796	0.2565490872263851	0.0
0.18555477965275521	0.6543989183201895	0.0
0.1957813542761651	0.5866005522285689	0.0
0.291430239269973	0.3833372124233852	0.0
0.26583872422901766	0.25185361296591413	0.0
0.11112233533646215	0.7062525587504269	0.0
0.1573615423836055	0.7580836587216491	0.0
0.25087939782585994	0.2498111458840499	0.0
0.20914032096794516	0.4842375654994861	0.0
0.20389754324739814	0.5244662983528146	0.0
0.09405268181598667	0.6773828268164253	0.0
0.1906567714958236	0.6196358975336133	0.0
0.1829145133066743	0.6714990954939885	0.0
0.05840705469451638	0.70339721089366	0.0
0.16571164180473905	0.7400395974802308	0.0
0.30640824138887	0.5117230353798794	0.0
0.15990745022449449	0.7580260487219231	0.0
0.1734831784686457	0.7131081250099492	0.0
0.08415156528753294	0.672806096751368	0.0
0.08415156528753294	0.6706336568229668	0.0
0.07148176558347262	0.6802435033354811	0.0
0.07856445198622235	0.6720107291638348	0.0
0.049077459289217105	0.7313700182627626	0.0
0.1773274000053637	0.6978367019915948	0.0
0.02600637620154111	0.8208800361370139	0.0
0.011346921337656388	0.8913516968017982	0.0
0.07148176558347262	0.6780262263141827	0.0
