8.898744e-01	-1.99354e-01	0.e+00
8.279518e-01	-5.098804e-01	0.e+00
8.335420e-01	-6.154762e-01	0.e+00
8.316796e-01	-5.923863e-01	0.e+00
8.461409e-01	-7.424960e-01	0.e+00
8.288475e-01	-5.421759e-01	0.e+00
8.325211e-01	-5.896480e-01	0.e+00
8.461409e-01	-7.443896e-01	0.e+00
8.430402e-01	-7.135155e-01	0.e+00
8.430402e-01	-7.237175e-01	0.e+00
8.419146e-01	-7.140629e-01	0.e+00
8.407148e-01	-7.044355e-01	0.e+00
8.407148e-01	-7.028741e-01	0.e+00
8.38702e-01	-6.640396e-01	0.e+00
8.392456e-01	-6.899687e-01	0.e+00
8.392456e-01	-6.943177e-01	0.e+00
8.407654e-01	-7.064059e-01	0.e+00
8.342973e-01	-6.253020e-01	0.e+00
8.379079e-01	-6.756947e-01	0.e+00
8.2662e-01	-5.048087e-01	0.e+00
8.414766e-01	-6.857207e-01	0.e+00
8.345635e-01	-6.360001e-01	0.e+00
8.372671e-01	-6.690291e-01	0.e+00
8.361185e-01	-6.463224e-01	0.e+00
8.352846e-01	-6.464236e-01	0.e+00
8.352846e-01	-6.445219e-01	0.e+00
8.345503e-01	-6.365551e-01	0.e+00
8.335769e-01	-6.24896e-01	0.e+00
8.335769e-01	-6.069851e-01	0.e+00
8.412299e-01	-7.008904e-01	0.e+00
8.328825e-01	-6.108622e-01	0.e+00
8.328825e-01	-6.099464e-01	0.e+00
8.317852e-01	-5.995983e-01	0.e+00
8.287493e-01	-5.490487e-01	0.e+00
8.316796e-01	-5.869162e-01	0.e+00
8.303382e-01	-5.554976e-01	0.e+00
8.194831e-01	-3.571985e-01	0.e+00
8.298918e-01	-5.692993e-01	0.e+00
8.239301e-01	-4.550353e-01	0.e+00
8.292022e-01	-5.474685e-01	0.e+00
8.266241e-01	-5.012342e-01	0.e+00
7.410469e-01	8.664987e-01	0.e+00
8.228766e-01	-4.240635e-01	0.e+00
6.480486e-01	-4.396904e-01	0.e+00
8.256578e-01	-4.919610e-01	0.e+00
7.397459e-01	8.492453e-01	0.e+00
8.265820e-01	-5.124206e-01	0.e+00
8.265820e-01	-5.133317e-01	0.e+00
8.349072e-01	-6.43885e-01	0.e+00
9.142201e-01	4.584551e-01	0.e+00
8.256578e-01	-4.905603e-01	0.e+00
8.293798e-01	-5.51081e-01	0.e+00
8.245575e-01	-4.681615e-01	0.e+00
8.248014e-01	-4.718093e-01	0.e+00
6.527671e-01	-4.521246e-01	0.e+00
8.30711e-01	-5.828607e-01	0.e+00
6.451517e-01	-4.213797e-01	0.e+00
8.316937e-01	-5.979396e-01	0.e+00
6.527671e-01	-4.469726e-01	0.e+00
6.527671e-01	-4.438280e-01	0.e+00
8.266179e-01	-5.157336e-01	0.e+00
7.396746e-01	8.477895e-01	0.e+00
9.171254e-01	5.19972e-01	0.e+00
5.395273e-01	7.870025e-01	0.e+00
6.399288e-01	-3.956253e-01	0.e+00
6.477225e-01	-4.419003e-01	0.e+00
6.47689e-01	-4.365103e-01	0.e+00
6.492644e-01	-4.465181e-01	0.e+00
6.457616e-01	-4.354064e-01	0.e+00
6.502662e-01	-4.475628e-01	0.e+00
6.422754e-01	-4.120588e-01	0.e+00
6.509018e-01	-4.469988e-01	0.e+00
6.399288e-01	-3.918482e-01	0.e+00
6.458148e-01	-4.345153e-01	0.e+00
6.323825e-01	-3.121648e-01	0.e+00
6.117053e-01	6.551125e-03	0.e+00
6.487324e-01	-4.311284e-01	0.e+00
6.493175e-01	-4.442969e-01	0.e+00
6.361982e-01	-3.653686e-01	0.e+00
6.437729e-01	-4.213784e-01	0.e+00
6.335431e-01	-3.377394e-01	0.e+00
6.147307e-01	-4.270843e-02	0.e+00
6.334159e-01	-3.301646e-01	0.e+00
6.21879e-01	-1.711116e-01	0.e+00
6.128084e-01	-1.275186e-02	0.e+00
6.303117e-01	-2.926891e-01	0.e+00
6.306108e-01	-2.900463e-01	0.e+00
6.318818e-01	-3.103571e-01	0.e+00
5.819670e-01	5.669975e-01	0.e+00
6.270033e-01	-2.557908e-01	0.e+00
6.265284e-01	-2.394199e-01	0.e+00
5.447396e-01	8.080859e-01	0.e+00
6.252328e-01	-2.238924e-01	0.e+00
6.243476e-01	-2.129717e-01	0.e+00
6.235154e-01	-2.071746e-01	0.e+00
6.235154e-01	-1.919419e-01	0.e+00
6.223216e-01	-1.731313e-01	0.e+00
6.214364e-01	-1.657313e-01	0.e+00
6.27688e-01	-2.535341e-01	0.e+00
6.206951e-01	-1.542356e-01	0.e+00
7.083074e-01	3.538379e-01	0.e+00
7.167339e-01	5.253035e-01	0.e+00
3.621044e-01	7.354553e-01	0.e+00
7.140389e-01	4.729295e-01	0.e+00
4.532809e-01	-1.157854e-01	0.e+00
4.532809e-01	-1.20234e-01	0.e+00
4.532809e-01	-1.159869e-01	0.e+00
6.013152e-01	2.156040e-01	0.e+00
5.425562e-01	7.925595e-01	0.e+00
4.528648e-01	-1.176697e-01	0.e+00
4.407646e-01	-8.574899e-02	0.e+00
5.369880e-01	7.643555e-01	0.e+00
5.224029e-01	6.19567e-01	0.e+00
5.369880e-01	7.638724e-01	0.e+00
4.532809e-01	-1.109616e-01	0.e+00
4.532809e-01	-1.237237e-01	0.e+00
4.532809e-01	-1.211519e-01	0.e+00
4.491229e-01	-1.114701e-01	0.e+00
4.449649e-01	-1.024422e-01	0.e+00
4.370043e-01	-5.251253e-02	0.e+00
4.532809e-01	-1.063972e-01	0.e+00
4.360383e-01	-5.087276e-02	0.e+00
4.143759e-01	1.796431e-01	0.e+00
4.279963e-01	1.87604e-02	0.e+00
4.208525e-01	1.004295e-01	0.e+00
4.331171e-01	-2.511874e-02	0.e+00
2.564274e-01	2.464857e-01	0.e+00
5.305763e-01	7.086610e-01	0.e+00
4.282482e-01	1.5316e-02	0.e+00
2.562835e-01	2.439095e-01	0.e+00
4.355166e-01	-3.633372e-02	0.e+00
4.240618e-01	5.809053e-02	0.e+00
4.230002e-01	7.466276e-02	0.e+00
4.21596e-01	8.806272e-02	0.e+00
4.208525e-01	1.048521e-01	0.e+00
4.187735e-01	1.239400e-01	0.e+00
4.187735e-01	1.234416e-01	0.e+00
3.368317e-01	7.338966e-01	0.e+00
4.143759e-01	1.786853e-01	0.e+00
4.440005e-01	-9.401973e-02	0.e+00
3.416338e-01	7.501585e-01	0.e+00
2.583625e-01	2.427005e-01	0.e+00
3.487342e-01	7.599892e-01	0.e+00
2.583625e-01	2.427005e-01	0.e+00
4.21596e-01	9.247904e-02	0.e+00
3.440775e-01	7.546573e-01	0.e+00
2.583625e-01	2.450354e-01	0.e+00
4.240511e-01	6.451466e-02	0.e+00
3.363796e-01	7.280252e-01	0.e+00
2.583625e-01	2.445331e-01	0.e+00
2.697432e-01	2.617231e-01	0.e+00
2.583625e-01	2.451231e-01	0.e+00
2.583625e-01	2.429024e-01	0.e+00
2.676467e-01	2.555382e-01	0.e+00
2.583625e-01	2.441057e-01	0.e+00
2.583625e-01	2.427005e-01	0.e+00
2.583625e-01	2.427691e-01	0.e+00
2.856201e-01	3.465626e-01	0.e+00
8.677754e-02	6.710761e-01	0.e+00
2.522309e-01	2.471495e-01	0.e+00
2.474547e-01	2.643539e-01	0.e+00
2.433183e-01	2.703013e-01	0.e+00
2.474547e-01	2.573981e-01	0.e+00
1.098296e-01	7.031959e-01	0.e+00
2.304956e-01	3.340769e-01	0.e+00
2.282742e-01	3.471991e-01	0.e+00
3.301647e-01	6.97988e-01	0.e+00
2.282577e-01	3.548387e-01	0.e+00
1.700415e-01	7.258464e-01	0.e+00
1.483846e-01	7.657159e-01	0.e+00
1.549563e-01	7.610377e-01	0.e+00
6.108658e-02	6.961009e-01	0.e+00
2.021442e-01	5.394695e-01	0.e+00
1.959328e-01	5.848797e-01	0.e+00
2.742789e-01	2.842301e-01	0.e+00
1.888030e-01	6.328291e-01	0.e+00
8.172046e-02	6.699360e-01	0.e+00
3.200504e-01	6.262003e-01	0.e+00
7.332892e-03	9.128802e-01	0.e+00
2.164223e-01	4.299149e-01	0.e+00
8.172046e-02	6.699360e-01	0.e+00
8.443587e-03	9.067079e-01	0.e+00
3.441794e-02	7.85766e-01	0.e+00
1.489989e-01	7.681894e-01	0.e+00
1.404714e-01	7.597517e-01	0.e+00
8.172046e-02	6.705473e-01	0.e+00
8.172046e-02	6.699434e-01	0.e+00
9.483228e-02	6.774002e-01	0.e+00
7.459073e-02	6.740091e-01	0.e+00
1.888030e-01	6.312131e-01	0.e+00
5.316416e-02	7.175963e-01	0.e+00
1.561080e-01	7.600341e-01	0.e+00
3.015342e-02	8.042588e-01	0.e+00
5.593694e-02	7.104228e-01	0.e+00
3.730184e-02	7.749183e-01	0.e+00
3.015342e-02	8.03353e-01	0.e+00
2.2654e-02	8.359647e-01	0.e+00
1.590642e-01	7.580267e-01	0.e+00
8.939046e-02	6.736352e-01	0.e+00
0.e+00	1.000938e+00	0.e+00
