8.519481e-01	-7.608976e-01	0.e+00
8.519481e-01	-7.453629e-01	0.e+00
8.450486e-01	-7.194578e-01	0.e+00
8.50526e-01	-7.415916e-01	0.e+00
8.385534e-01	-6.879463e-01	0.e+00
8.50526e-01	-7.550462e-01	0.e+00
8.392767e-01	-6.993781e-01	0.e+00
8.422748e-01	-7.278714e-01	0.e+00
8.464784e-01	-7.354434e-01	0.e+00
8.422748e-01	-7.277228e-01	0.e+00
8.419379e-01	-7.164881e-01	0.e+00
8.422748e-01	-7.248011e-01	0.e+00
8.419379e-01	-7.217734e-01	0.e+00
8.419379e-01	-7.064442e-01	0.e+00
8.31448e-01	-5.987327e-01	0.e+00
8.392767e-01	-7.006479e-01	0.e+00
8.392767e-01	-7.020545e-01	0.e+00
8.597375e-01	-7.271799e-01	0.e+00
8.363132e-01	-6.649327e-01	0.e+00
8.409192e-01	-7.141393e-01	0.e+00
8.185472e-01	-3.469217e-01	0.e+00
8.379891e-01	-6.862712e-01	0.e+00
8.363132e-01	-6.653311e-01	0.e+00
8.27297e-01	-5.241338e-01	0.e+00
8.363132e-01	-6.487622e-01	0.e+00
8.363132e-01	-6.536384e-01	0.e+00
8.363132e-01	-6.448054e-01	0.e+00
8.335031e-01	-6.18617e-01	0.e+00
8.387459e-01	-6.799614e-01	0.e+00
8.294371e-01	-5.647164e-01	0.e+00
8.335473e-01	-6.293138e-01	0.e+00
8.291912e-01	-5.422898e-01	0.e+00
8.349303e-01	-6.497448e-01	0.e+00
8.320149e-01	-6.035553e-01	0.e+00
8.31448e-01	-6.001025e-01	0.e+00
8.310871e-01	-5.868835e-01	0.e+00
8.269852e-01	-5.144183e-01	0.e+00
8.294425e-01	-5.6085e-01	0.e+00
8.310871e-01	-5.913355e-01	0.e+00
8.339559e-01	-6.223193e-01	0.e+00
8.282625e-01	-5.344573e-01	0.e+00
8.294371e-01	-5.546941e-01	0.e+00
6.489168e-01	-4.458721e-01	0.e+00
8.291912e-01	-5.461774e-01	0.e+00
7.413085e-01	8.868598e-01	0.e+00
8.282625e-01	-5.401161e-01	0.e+00
8.274608e-01	-5.21022e-01	0.e+00
8.266751e-01	-5.02713e-01	0.e+00
8.266751e-01	-4.990243e-01	0.e+00
6.458083e-01	-4.187524e-01	0.e+00
8.259132e-01	-4.906431e-01	0.e+00
8.267555e-01	-5.149149e-01	0.e+00
8.304998e-01	-5.802983e-01	0.e+00
7.444908e-01	8.783261e-01	0.e+00
5.531639e-01	8.162038e-01	0.e+00
9.199178e-01	5.901367e-01	0.e+00
6.515299e-01	-4.455491e-01	0.e+00
6.515299e-01	-4.444277e-01	0.e+00
6.515299e-01	-4.414343e-01	0.e+00
6.515299e-01	-4.326587e-01	0.e+00
5.596320e-01	8.052439e-01	0.e+00
5.602274e-01	7.915769e-01	0.e+00
6.515299e-01	-4.437299e-01	0.e+00
6.515299e-01	-4.419780e-01	0.e+00
6.48181e-01	-4.437703e-01	0.e+00
5.64665e-01	7.747332e-01	0.e+00
6.48181e-01	-4.241188e-01	0.e+00
6.48181e-01	-4.422800e-01	0.e+00
6.448320e-01	-4.271299e-01	0.e+00
6.448320e-01	-4.261982e-01	0.e+00
6.414449e-01	-3.989643e-01	0.e+00
6.49511e-01	-4.443689e-01	0.e+00
6.618720e-01	-4.144118e-01	0.e+00
6.414449e-01	-4.063228e-01	0.e+00
6.414449e-01	-4.052265e-01	0.e+00
6.548788e-01	-4.478086e-01	0.e+00
6.368225e-01	-3.729085e-01	0.e+00
6.359771e-01	-3.677764e-01	0.e+00
6.15644e-01	-6.565423e-02	0.e+00
6.345689e-01	-3.40984e-01	0.e+00
6.345689e-01	-3.384846e-01	0.e+00
6.533326e-01	-4.417312e-01	0.e+00
6.394342e-01	-3.967857e-01	0.e+00
6.326282e-01	-3.205771e-01	0.e+00
6.234657e-01	-1.878261e-01	0.e+00
6.306252e-01	-3.06345e-01	0.e+00
6.296554e-01	-2.847774e-01	0.e+00
5.314739e-01	7.364503e-01	0.e+00
6.40562e-01	-4.058407e-01	0.e+00
6.274966e-01	-2.676754e-01	0.e+00
6.274966e-01	-2.562321e-01	0.e+00
4.473513e-01	-1.111953e-01	0.e+00
6.274966e-01	-2.533409e-01	0.e+00
6.398312e-01	-3.834707e-01	0.e+00
6.248018e-01	-2.068279e-01	0.e+00
6.234657e-01	-2.014876e-01	0.e+00
6.234657e-01	-1.956961e-01	0.e+00
6.357231e-01	-3.546985e-01	0.e+00
6.329623e-01	-3.321971e-01	0.e+00
5.317022e-01	7.319690e-01	0.e+00
4.528046e-01	-1.154383e-01	0.e+00
6.201276e-01	-1.522944e-01	0.e+00
3.643791e-01	7.248621e-01	0.e+00
5.377900e-01	7.687615e-01	0.e+00
4.528046e-01	-1.223047e-01	0.e+00
4.528046e-01	-1.230458e-01	0.e+00
4.384306e-01	-6.733657e-02	0.e+00
6.192415e-01	-1.352505e-01	0.e+00
5.388032e-01	7.787013e-01	0.e+00
3.654585e-01	7.20827e-01	0.e+00
4.447213e-01	-1.046553e-01	0.e+00
6.293181e-01	-2.925684e-01	0.e+00
4.528046e-01	-1.213106e-01	0.e+00
4.528046e-01	-1.100007e-01	0.e+00
4.528046e-01	-1.116334e-01	0.e+00
4.528046e-01	-1.220182e-01	0.e+00
4.550020e-01	-1.232934e-01	0.e+00
4.269728e-01	3.142941e-02	0.e+00
4.484097e-01	-1.1021e-01	0.e+00
4.447213e-01	-1.046498e-01	0.e+00
4.447213e-01	-9.548265e-02	0.e+00
4.211501e-01	1.003386e-01	0.e+00
4.391313e-01	-6.472081e-02	0.e+00
3.596755e-01	7.456072e-01	0.e+00
4.356887e-01	-5.101064e-02	0.e+00
4.350897e-01	-3.849717e-02	0.e+00
4.427290e-01	-8.321654e-02	0.e+00
4.326535e-01	-1.390789e-02	0.e+00
5.363456e-01	7.602817e-01	0.e+00
4.269728e-01	3.020153e-02	0.e+00
4.526653e-01	-1.154553e-01	0.e+00
4.393769e-01	-6.967263e-02	0.e+00
4.241423e-01	6.116578e-02	0.e+00
4.218979e-01	8.543850e-02	0.e+00
4.211501e-01	9.751839e-02	0.e+00
5.04857e-01	3.686687e-01	0.e+00
4.309752e-01	-5.665269e-03	0.e+00
4.549101e-01	-1.213496e-01	0.e+00
4.155428e-01	1.659737e-01	0.e+00
4.309752e-01	-7.068891e-03	0.e+00
3.346983e-01	7.256091e-01	0.e+00
4.122759e-01	2.115853e-01	0.e+00
2.584125e-01	2.433425e-01	0.e+00
2.584125e-01	2.508905e-01	0.e+00
2.584125e-01	2.531281e-01	0.e+00
2.584125e-01	2.506089e-01	0.e+00
5.123440e-01	4.837873e-01	0.e+00
2.330339e-01	3.22323e-01	0.e+00
2.584125e-01	2.437396e-01	0.e+00
2.584125e-01	2.433503e-01	0.e+00
3.397813e-01	7.461211e-01	0.e+00
2.330273e-01	3.197488e-01	0.e+00
2.584125e-01	2.459668e-01	0.e+00
1.998084e-01	5.56591e-01	0.e+00
2.106116e-01	4.735267e-01	0.e+00
2.584125e-01	2.434590e-01	0.e+00
2.644969e-01	2.516541e-01	0.e+00
2.584125e-01	2.433425e-01	0.e+00
2.917300e-01	3.919703e-01	0.e+00
2.528664e-01	2.501664e-01	0.e+00
2.472696e-01	2.593329e-01	0.e+00
2.415773e-01	2.847125e-01	0.e+00
2.061650e-01	5.094313e-01	0.e+00
2.360760e-01	3.026873e-01	0.e+00
2.324187e-01	3.222352e-01	0.e+00
2.299280e-01	3.396627e-01	0.e+00
2.282615e-01	3.546339e-01	0.e+00
2.220933e-01	3.908533e-01	0.e+00
2.177592e-01	4.223875e-01	0.e+00
1.817777e-01	6.807364e-01	0.e+00
2.106116e-01	4.787885e-01	0.e+00
0.e+00	1.004244e+00	0.e+00
2.031692e-01	5.346358e-01	0.e+00
1.954685e-01	5.882353e-01	0.e+00
1.954685e-01	5.901675e-01	0.e+00
2.395929e-01	2.896893e-01	0.e+00
1.851958e-01	6.609171e-01	0.e+00
8.306077e-02	6.742617e-01	0.e+00
8.306077e-02	6.727057e-01	0.e+00
8.306077e-02	6.735666e-01	0.e+00
8.306077e-02	6.729309e-01	0.e+00
1.865073e-01	6.472742e-01	0.e+00
8.306077e-02	6.730825e-01	0.e+00
2.057727e-01	5.126312e-01	0.e+00
8.306077e-02	6.720718e-01	0.e+00
8.306077e-02	6.742408e-01	0.e+00
8.306077e-02	6.742572e-01	0.e+00
0.e+00	1.006976e+00	0.e+00
4.153038e-02	7.596207e-01	0.e+00
7.514873e-02	6.799312e-01	0.e+00
1.47257e-01	7.676384e-01	0.e+00
2.324187e-01	3.223125e-01	0.e+00
5.059492e-02	7.302813e-01	0.e+00
1.337939e-02	8.852334e-01	0.e+00
1.920574e-01	6.147199e-01	0.e+00
1.896034e-01	6.341581e-01	0.e+00
2.245418e-02	8.423660e-01	0.e+00
3.65201e-02	7.795906e-01	0.e+00
7.905196e-03	9.116358e-01	0.e+00
2.198431e-01	4.061092e-01	0.e+00
