0.843261443959371	-0.7305025889400433	0.0
0.8463661061388708	-0.7542674002150302	0.0
0.8274167493153497	-0.532179695057157	0.0
0.8402108366214787	-0.704808025105711	0.0
0.8390394678606083	-0.7042700433930519	0.0
0.8420714812456044	-0.7291982474975109	0.0
0.840058109364499	-0.7134078486247397	0.0
0.8347133214937357	-0.6454586082273404	0.0
0.8322540833333245	-0.6124529958659046	0.0
0.8310793105795107	-0.5875647176438792	0.0
0.9227894008071391	0.6504339805796049	0.0
0.827819760063609	-0.5275213561403351	0.0
0.6528555801476315	-0.4535911405829946	0.0
0.8305480897198998	-0.5868077325613119	0.0
0.7385263057591643	0.838939748047394	0.0
0.6523612526393902	-0.45234013792599664	0.0
0.565726100911675	0.7477848014508446	0.0
0.6445970809698096	-0.4284877074592003	0.0
0.6401306586932808	-0.3834158789014059	0.0
0.629386192029683	-0.2777052575354807	0.0
0.6337641970883382	-0.3350736788612568	0.0
0.6300021147890557	-0.29365819972259616	0.0
0.627537209455272	-0.2660172660752744	0.0
0.6201913747909868	-0.1450759981702661	0.0
0.6219394747591371	-0.17276231720402535	0.0
0.5378337417601121	0.7705067151957736	0.0
0.7166115271161254	0.5178494800388898	0.0
0.629893457388971	-0.2944523948063559	0.0
0.5186645218374983	0.5714808592847551	0.0
0.4432029025047762	-0.09675108449849122	0.0
0.41474278690567423	0.1722240894551671	0.0
0.4529883298682953	-0.12177707165798989	0.0
0.4273753813244386	0.02716614992456609	0.0
0.3627240950338718	0.7388059426913393	0.0
0.41474278690567423	0.17885966360860606	0.0
0.3331291290338235	0.7109318777985628	0.0
0.25815515937644756	0.2545658950705549	0.0
0.42769877232953124	0.02557565091900474	0.0
0.2477958803768162	0.2550156818499218	0.0
0.25815515937644756	0.24219278279150258	0.0
0.20888984637342484	0.48840243994987476	0.0
0.3196828845124739	0.6203240537910016	0.0
0.20888984637342484	0.48539910327602875	0.0
0.19251653762014848	0.6100605485824744	0.0
0.0	1.0000352318411019	0.0
0.0	1.0000342970833607	0.0
0.224552604464916	0.36961591161071405	0.0
0.06190997221255241	0.6941947493065782	0.0
0.03149101087169147	0.7962772166308919	0.0
0.26460829399202523	0.25199039646895355	0.0
