0.653242847277768	-0.45301895395711284	0.0
0.630348368338764	-0.3033514037258628	0.0
0.646468765771467	-0.4412504424350331	0.0
0.6416145291824322	-0.4048034119333937	0.0
0.6437764001285144	-0.42737148844106765	0.0
0.6398636256991845	-0.40342259624206867	0.0
0.6414406525323673	-0.4124197782757498	0.0
0.6300558094618923	-0.2984019127058729	0.0
0.6472806734677738	-0.44110291657577494	0.0
0.6387967593457788	-0.39340834778710315	0.0
0.637549834410198	-0.3826419214757597	0.0
0.6368918928302346	-0.37398539061083885	0.0
0.6362738854990578	-0.36968686802306544	0.0
0.635116237144852	-0.34905416251004096	0.0
0.6343834162821278	-0.34361954382116844	0.0
0.6335174155566269	-0.3414339639129956	0.0
0.6416310656402584	-0.41427251471006044	0.0
0.6228120844417131	-0.18100816277499812	0.0
0.6337867905885897	-0.34489787336299677	0.0
0.6306321619924702	-0.30686088521763794	0.0
0.6340695093406697	-0.33606945508541536	0.0
0.6392433422964141	-0.39492585553352255	0.0
0.6268023188022964	-0.24646797607029908	0.0
0.6194127140606133	-0.13306131937641755	0.0
0.627031859132114	-0.2589787716310885	0.0
0.6352812013051174	-0.3625588230165264	0.0
0.6327960169614407	-0.30716324726747873	0.0
0.7156646132500939	0.4984785380439156	0.0
0.6240936214575166	-0.2111308062028019	0.0
0.6256932656361718	-0.22162124504852798	0.0
0.7095010505861059	0.370823781020954	0.0
0.6216287064539989	-0.17169666518794602	0.0
0.45064034343703707	-0.11893626924584882	0.0
0.4542219398404818	-0.11127015214098265	0.0
0.5330785821669233	0.7332627874037223	0.0
0.45336665375651036	-0.1216340253858613	0.0
0.4530237201934825	-0.12068719355403167	0.0
0.45336665375651036	-0.12094222540541519	0.0
0.4391290328946883	-0.0709617440545035	0.0
0.45336665375651036	-0.11394405899857678	0.0
0.45336665375651036	-0.11991698872947254	0.0
0.45336665375651036	-0.11938977755161044	0.0
0.4363031346190373	-0.05292095967175776	0.0
0.4483046150443015	-0.11460918812995267	0.0
0.5270122875776764	0.681135797178413	0.0
0.4559983057021705	-0.11748623875307268	0.0
0.460085828469166	-0.11264071173073852	0.0
0.45815137489681523	-0.11191342446059792	0.0
0.43531315813738014	-0.044334035578487016	0.0
0.4336731340514829	-0.030577086871443684	0.0
0.46631422034054615	-0.08484988034209387	0.0
0.43029649607372805	0.001698704233446186	0.0
0.43660555809862944	-0.04650699879766184	0.0
0.4277455584025573	0.02580444733659811	0.0
0.33558605366363403	0.7303457563221671	0.0
0.4226950340875773	0.08494971198799801	0.0
0.4212356727340726	0.09590033327305202	0.0
0.32824616794669315	0.6904541366486572	0.0
0.418027357340508	0.1349712802072255	0.0
0.5192425610046313	0.5870993214721653	0.0
0.5080319320539044	0.41657108056480496	0.0
0.25575077934975043	0.24324275678358506	0.0
0.41122165131010324	0.21944358684548115	0.0
0.25575077934975043	0.24309689835556603	0.0
0.5035369266469719	0.3475289419886404	0.0
0.25575077934975043	0.24624499562920613	0.0
0.25575077934975043	0.24599659552188455	0.0
0.25575077934975043	0.24400756819614364	0.0
0.25575077934975043	0.24560393722480495	0.0
0.25575077934975043	0.24536440818277847	0.0
0.22346319392631772	0.37848025273393276	0.0
0.20589956009762933	0.5117953133395059	0.0
0.24809742379079208	0.25463555539432586	0.0
0.22288622866224894	0.38349333395580276	0.0
0.2702702250642619	0.2692531031599604	0.0
0.24404690170293541	0.2728206687449657	0.0
0.2450727296768469	0.2665444298800912	0.0
0.2661576200412909	0.2563887930845038	0.0
0.22346319392631772	0.382032098868673	0.0
0.16378945095664108	0.7463258800640445	0.0
0.08386924495070285	0.6735292628554251	0.0
0.1370192344553822	0.7609260409730905	0.0
0.1959494560038847	0.5899886149951546	0.0
0.3077117129304737	0.5240468175628747	0.0
0.06355419392363701	0.6928733874609846	0.0
0.2968179552823234	0.4291725515189276	0.0
0.21475279333957367	0.4508283024029782	0.0
0.13114189931120052	0.7497622263702002	0.0
0.081727495797073	0.6725497944636479	0.0
0.081727495797073	0.6733356936698724	0.0
0.081727495797073	0.6725611179100824	0.0
0.14316409129698787	0.7659786142327306	0.0
0.06925760106108522	0.6814910366274929	0.0
0.005911960955419876	0.9259555728219364	0.0
0.06142328271173114	0.7015054992628825	0.0
0.04762741740669305	0.7357022976061455	0.0
0.03846712848828868	0.7729335271526891	0.0
0.09243724639346695	0.6766498504438712	0.0
0.19275013930969553	0.6070539224732264	0.0
0.0	1.0045961631508782	0.0
