8.431717e-01	-7.381131e-01	0.e+00
8.365238e-01	-6.711937e-01	0.e+00
8.458644e-01	-7.506985e-01	0.e+00
8.444084e-01	-7.35395e-01	0.e+00
8.423882e-01	-7.30504e-01	0.e+00
8.232425e-01	-4.481703e-01	0.e+00
8.299237e-01	-5.777946e-01	0.e+00
8.391672e-01	-7.041813e-01	0.e+00
8.405148e-01	-7.133825e-01	0.e+00
8.37713e-01	-6.832423e-01	0.e+00
8.467650e-01	-7.491501e-01	0.e+00
8.361179e-01	-6.640338e-01	0.e+00
8.354774e-01	-6.561772e-01	0.e+00
8.343793e-01	-6.387086e-01	0.e+00
8.339283e-01	-6.372334e-01	0.e+00
8.326747e-01	-6.138310e-01	0.e+00
8.320615e-01	-5.966418e-01	0.e+00
8.313208e-01	-5.952998e-01	0.e+00
8.273318e-01	-5.212876e-01	0.e+00
8.296932e-01	-5.568827e-01	0.e+00
6.525566e-01	-4.487908e-01	0.e+00
8.284668e-01	-5.484252e-01	0.e+00
8.279025e-01	-5.438845e-01	0.e+00
8.267348e-01	-5.191670e-01	0.e+00
9.189419e-01	5.617041e-01	0.e+00
6.50666e-01	-4.54333e-01	0.e+00
8.247298e-01	-4.815205e-01	0.e+00
8.239422e-01	-4.664477e-01	0.e+00
5.498904e-01	8.171417e-01	0.e+00
7.394403e-01	8.430535e-01	0.e+00
6.519727e-01	-4.561300e-01	0.e+00
7.383513e-01	8.324802e-01	0.e+00
6.519727e-01	-4.539853e-01	0.e+00
6.554928e-01	-4.450774e-01	0.e+00
6.440904e-01	-4.310447e-01	0.e+00
8.178064e-01	-3.3091e-01	0.e+00
6.235021e-01	-1.982652e-01	0.e+00
6.211676e-01	-1.657556e-01	0.e+00
6.245389e-01	-2.214804e-01	0.e+00
6.258913e-01	-2.436167e-01	0.e+00
6.628868e-01	-4.157267e-01	0.e+00
6.324213e-01	-3.262156e-01	0.e+00
6.305219e-01	-3.040497e-01	0.e+00
6.290559e-01	-2.813569e-01	0.e+00
6.420758e-01	-4.208839e-01	0.e+00
6.264916e-01	-2.419501e-01	0.e+00
6.251088e-01	-2.303677e-01	0.e+00
6.238724e-01	-2.118288e-01	0.e+00
5.369256e-01	7.629999e-01	0.e+00
6.210752e-01	-1.665526e-01	0.e+00
5.402694e-01	7.873676e-01	0.e+00
4.537651e-01	-1.070747e-01	0.e+00
4.500009e-01	-1.183730e-01	0.e+00
5.394432e-01	7.790598e-01	0.e+00
7.042358e-01	2.639023e-01	0.e+00
4.537651e-01	-1.211669e-01	0.e+00
4.380982e-01	-6.705918e-02	0.e+00
3.701101e-01	6.917658e-01	0.e+00
4.706365e-01	-5.927263e-02	0.e+00
4.478975e-01	-1.109039e-01	0.e+00
4.421675e-01	-8.622711e-02	0.e+00
5.299844e-01	7.041105e-01	0.e+00
4.442236e-01	-9.972477e-02	0.e+00
4.603213e-01	-1.092823e-01	0.e+00
5.236861e-01	6.406607e-01	0.e+00
4.261095e-01	4.086302e-02	0.e+00
3.568709e-01	7.587902e-01	0.e+00
4.200223e-01	1.106756e-01	0.e+00
4.177036e-01	1.387844e-01	0.e+00
4.142235e-01	1.807538e-01	0.e+00
4.114251e-01	2.209139e-01	0.e+00
3.429988e-01	7.517199e-01	0.e+00
1.593657e-01	7.617124e-01	0.e+00
4.927173e-01	1.911452e-01	0.e+00
5.066162e-01	3.974531e-01	0.e+00
2.583949e-01	2.450167e-01	0.e+00
2.583949e-01	2.483111e-01	0.e+00
4.256484e-01	4.51332e-02	0.e+00
2.583949e-01	2.464014e-01	0.e+00
2.57024e-01	2.463476e-01	0.e+00
2.453622e-01	2.684468e-01	0.e+00
2.367342e-01	2.994312e-01	0.e+00
2.294727e-01	3.427564e-01	0.e+00
2.225495e-01	3.880442e-01	0.e+00
2.160309e-01	4.345491e-01	0.e+00
2.080171e-01	5.024455e-01	0.e+00
2.005504e-01	5.567068e-01	0.e+00
1.898117e-01	6.26311e-01	0.e+00
8.544702e-02	6.719185e-01	0.e+00
2.984864e-01	4.416295e-01	0.e+00
6.040468e-03	9.250052e-01	0.e+00
3.164351e-02	7.964086e-01	0.e+00
8.544702e-02	6.707257e-01	0.e+00
8.544702e-02	6.708693e-01	0.e+00
1.030917e-01	6.904465e-01	0.e+00
8.84544e-02	6.735050e-01	0.e+00
1.727752e-01	7.246629e-01	0.e+00
3.164351e-02	8.003563e-01	0.e+00
9.454970e-02	6.786508e-01	0.e+00
0.e+00	1.002668e+00	0.e+00
