8.347275e-01	-6.430033e-01	0.e+00
8.451288e-01	-7.480989e-01	0.e+00
8.448419e-01	-7.408255e-01	0.e+00
8.378638e-01	-6.733331e-01	0.e+00
8.310709e-01	-5.700450e-01	0.e+00
8.361075e-01	-6.650555e-01	0.e+00
8.335943e-01	-6.313296e-01	0.e+00
8.310709e-01	-5.94764e-01	0.e+00
9.210208e-01	6.190815e-01	0.e+00
8.291289e-01	-5.484498e-01	0.e+00
9.185953e-01	5.646958e-01	0.e+00
6.540801e-01	-4.407596e-01	0.e+00
8.226277e-01	-4.274978e-01	0.e+00
6.482843e-01	-4.471294e-01	0.e+00
6.323740e-01	-3.240206e-01	0.e+00
6.371637e-01	-3.805072e-01	0.e+00
6.28514e-01	-2.732705e-01	0.e+00
4.609115e-01	-1.109426e-01	0.e+00
6.277240e-01	-2.646507e-01	0.e+00
6.223321e-01	-1.809186e-01	0.e+00
4.534957e-01	-1.133998e-01	0.e+00
4.534957e-01	-1.153054e-01	0.e+00
4.281352e-01	1.484291e-02	0.e+00
3.453203e-01	7.543976e-01	0.e+00
4.377969e-01	-6.752702e-02	0.e+00
3.316312e-01	7.031069e-01	0.e+00
2.648272e-01	2.577750e-01	0.e+00
4.146465e-01	1.759045e-01	0.e+00
2.572812e-01	2.422606e-01	0.e+00
2.277216e-01	3.487733e-01	0.e+00
1.785985e-01	6.905599e-01	0.e+00
2.572812e-01	2.442052e-01	0.e+00
2.355156e-01	3.031978e-01	0.e+00
2.168388e-01	4.296792e-01	0.e+00
1.174668e-01	7.185973e-01	0.e+00
1.969268e-02	8.503384e-01	0.e+00
7.982774e-02	6.713153e-01	0.e+00
7.763982e-02	6.735053e-01	0.e+00
3.991387e-02	7.641186e-01	0.e+00
2.163616e-01	4.332269e-01	0.e+00
