8.506435e-01	-4.997485e-01	0.e+00
8.506435e-01	-5.26771e-01	0.e+00
8.51788e-01	-5.511789e-01	0.e+00
8.360038e-01	-4.641588e-01	0.e+00
8.450643e-01	-5.630231e-01	0.e+00
8.450643e-01	-5.702671e-01	0.e+00
8.450643e-01	-5.713351e-01	0.e+00
8.450643e-01	-5.531666e-01	0.e+00
8.383407e-01	-5.166705e-01	0.e+00
8.393656e-01	-5.00566e-01	0.e+00
8.314735e-01	-4.187681e-01	0.e+00
8.405340e-01	-5.184415e-01	0.e+00
8.360038e-01	-4.488366e-01	0.e+00
8.484979e-01	-5.853243e-01	0.e+00
8.360038e-01	-4.401045e-01	0.e+00
8.360756e-01	-4.814053e-01	0.e+00
8.360038e-01	-4.278636e-01	0.e+00
8.314735e-01	-4.005371e-01	0.e+00
8.269791e-01	-3.425059e-01	0.e+00
8.314735e-01	-4.190343e-01	0.e+00
8.314735e-01	-4.056802e-01	0.e+00
8.314735e-01	-4.084175e-01	0.e+00
8.314735e-01	-4.030267e-01	0.e+00
8.314735e-01	-4.089578e-01	0.e+00
8.269432e-01	-3.226654e-01	0.e+00
6.456075e-01	-2.597866e-01	0.e+00
8.269432e-01	-3.226654e-01	0.e+00
8.292083e-01	-3.63057e-01	0.e+00
5.538071e-01	9.980719e-01	0.e+00
6.456075e-01	-3.385720e-01	0.e+00
6.456075e-01	-3.396251e-01	0.e+00
6.086116e-01	1.624441e-01	0.e+00
6.456075e-01	-3.356805e-01	0.e+00
6.456075e-01	-3.357974e-01	0.e+00
6.305355e-01	-1.963818e-01	0.e+00
6.305355e-01	-1.924233e-01	0.e+00
6.369389e-01	-2.859425e-01	0.e+00
6.369389e-01	-2.84256e-01	0.e+00
6.305355e-01	-1.980796e-01	0.e+00
6.305355e-01	-1.980796e-01	0.e+00
6.305355e-01	-1.980796e-01	0.e+00
6.305355e-01	-2.099584e-01	0.e+00
6.305355e-01	-2.099584e-01	0.e+00
5.380243e-01	8.814316e-01	0.e+00
6.305355e-01	-2.092598e-01	0.e+00
6.305355e-01	-1.767793e-01	0.e+00
6.305355e-01	-1.833238e-01	0.e+00
3.548833e-01	9.016156e-01	0.e+00
6.418900e-01	-2.887984e-01	0.e+00
4.455131e-01	2.228559e-02	0.e+00
4.455131e-01	6.197553e-02	0.e+00
4.455131e-01	2.228559e-02	0.e+00
4.559939e-01	2.053206e-02	0.e+00
4.559939e-01	2.127098e-02	0.e+00
4.455131e-01	3.729492e-02	0.e+00
4.559939e-01	1.789836e-02	0.e+00
5.432647e-01	9.270569e-01	0.e+00
4.507535e-01	4.591074e-03	0.e+00
4.455131e-01	2.816336e-02	0.e+00
4.455131e-01	3.106323e-02	0.e+00
4.455131e-01	3.106323e-02	0.e+00
2.548583e-01	4.299754e-01	0.e+00
5.421506e-01	9.319565e-01	0.e+00
4.455131e-01	2.221075e-02	0.e+00
3.514958e-01	9.044871e-01	0.e+00
4.455131e-01	3.133678e-02	0.e+00
4.455131e-01	3.061778e-02	0.e+00
4.455131e-01	4.054801e-02	0.e+00
4.455131e-01	4.054801e-02	0.e+00
2.574785e-01	4.212248e-01	0.e+00
5.395304e-01	9.105566e-01	0.e+00
5.395304e-01	9.309065e-01	0.e+00
2.574785e-01	4.031713e-01	0.e+00
2.574785e-01	4.033053e-01	0.e+00
2.574785e-01	4.031043e-01	0.e+00
3.514958e-01	9.086901e-01	0.e+00
1.390558e-01	9.304415e-01	0.e+00
2.475182e-01	4.055845e-01	0.e+00
2.574785e-01	3.989267e-01	0.e+00
2.475182e-01	4.000085e-01	0.e+00
1.451886e-01	1.036968e+00	0.e+00
2.452758e-01	4.551132e-01	0.e+00
2.452758e-01	4.380001e-01	0.e+00
1.948220e-02	1.110192e+00	0.e+00
2.018043e-01	6.990333e-01	0.e+00
2.018043e-01	7.021544e-01	0.e+00
1.740788e-01	8.698499e-01	0.e+00
2.278248e-01	5.000611e-01	0.e+00
9.067918e-02	8.527684e-01	0.e+00
3.410328e-01	9.080945e-01	0.e+00
9.067918e-02	8.352741e-01	0.e+00
1.190552e-02	1.072156e+00	0.e+00
0.e+00	1.196440e+00	0.e+00
1.452966e-02	1.066394e+00	0.e+00
3.231007e-01	8.090841e-01	0.e+00
5.129235e-02	8.937041e-01	0.e+00
3.51166e-02	9.691198e-01	0.e+00
1.452966e-02	1.058297e+00	0.e+00
1.684040e-01	8.660944e-01	0.e+00
0.e+00	1.193878e+00	0.e+00
