8.451349e-01	-7.346111e-01	0.e+00
8.530078e-01	-7.526075e-01	0.e+00
8.423661e-01	-7.182479e-01	0.e+00
8.394402e-01	-6.972571e-01	0.e+00
8.368759e-01	-6.485056e-01	0.e+00
8.346379e-01	-6.362316e-01	0.e+00
8.333955e-01	-6.233265e-01	0.e+00
8.297357e-01	-5.555679e-01	0.e+00
9.191664e-01	5.806995e-01	0.e+00
8.313982e-01	-5.876368e-01	0.e+00
8.262473e-01	-4.695863e-01	0.e+00
5.586978e-01	8.046641e-01	0.e+00
6.347563e-01	-3.470204e-01	0.e+00
6.561354e-01	-4.453204e-01	0.e+00
6.52011e-01	-4.465449e-01	0.e+00
6.360511e-01	-3.462286e-01	0.e+00
7.298236e-01	7.568138e-01	0.e+00
6.286818e-01	-2.692623e-01	0.e+00
6.255288e-01	-2.185351e-01	0.e+00
4.562746e-01	-1.116045e-01	0.e+00
4.546981e-01	-1.110026e-01	0.e+00
4.461676e-01	-1.060328e-01	0.e+00
4.546981e-01	-1.192698e-01	0.e+00
4.475895e-01	-1.104672e-01	0.e+00
4.439078e-01	-9.670626e-02	0.e+00
4.291493e-01	9.111545e-03	0.e+00
4.217859e-01	9.184463e-02	0.e+00
3.324626e-01	7.08909e-01	0.e+00
2.589906e-01	2.431755e-01	0.e+00
2.589906e-01	2.461719e-01	0.e+00
2.589906e-01	2.434444e-01	0.e+00
3.192324e-01	6.255246e-01	0.e+00
1.466465e-01	7.634396e-01	0.e+00
7.382868e-02	6.752457e-01	0.e+00
1.964771e-01	5.794336e-01	0.e+00
1.083139e-02	8.934015e-01	0.e+00
8.460615e-02	6.71535e-01	0.e+00
2.851581e-01	3.389450e-01	0.e+00
1.077943e-01	6.995664e-01	0.e+00
0.e+00	1.001188e+00	0.e+00
