6.363782e-01	-3.677227e-01	0.e+00
6.266343e-01	-2.414619e-01	0.e+00
6.499595e-01	-4.454550e-01	0.e+00
6.499595e-01	-4.402375e-01	0.e+00
6.463245e-01	-4.148214e-01	0.e+00
6.463245e-01	-4.305671e-01	0.e+00
6.463245e-01	-4.258863e-01	0.e+00
6.463245e-01	-4.280372e-01	0.e+00
6.378309e-01	-3.716820e-01	0.e+00
6.416177e-01	-3.91992e-01	0.e+00
6.463245e-01	-4.268203e-01	0.e+00
6.344622e-01	-3.392854e-01	0.e+00
6.415536e-01	-3.939768e-01	0.e+00
6.415536e-01	-4.026897e-01	0.e+00
6.311735e-01	-3.027072e-01	0.e+00
6.274048e-01	-2.498669e-01	0.e+00
6.345607e-01	-3.389644e-01	0.e+00
6.444479e-01	-4.268730e-01	0.e+00
6.395501e-01	-3.911991e-01	0.e+00
6.378819e-01	-3.792625e-01	0.e+00
6.374520e-01	-3.717240e-01	0.e+00
6.295140e-01	-2.826119e-01	0.e+00
6.341355e-01	-3.373862e-01	0.e+00
6.354418e-01	-3.540238e-01	0.e+00
6.334846e-01	-3.314800e-01	0.e+00
6.333220e-01	-3.350426e-01	0.e+00
6.316333e-01	-3.106507e-01	0.e+00
6.332467e-01	-3.172823e-01	0.e+00
6.345607e-01	-3.432579e-01	0.e+00
6.296545e-01	-2.83112e-01	0.e+00
6.333220e-01	-3.314526e-01	0.e+00
6.422206e-01	-4.052722e-01	0.e+00
6.269530e-01	-2.425815e-01	0.e+00
6.328866e-01	-3.110433e-01	0.e+00
6.306828e-01	-2.891579e-01	0.e+00
6.317329e-01	-3.094026e-01	0.e+00
6.316333e-01	-3.075190e-01	0.e+00
6.259594e-01	-2.292141e-01	0.e+00
6.337295e-01	-3.341246e-01	0.e+00
6.294304e-01	-2.809841e-01	0.e+00
6.340912e-01	-3.405050e-01	0.e+00
6.261853e-01	-2.284952e-01	0.e+00
6.292400e-01	-2.751292e-01	0.e+00
6.356447e-01	-3.560643e-01	0.e+00
6.286527e-01	-2.712228e-01	0.e+00
6.206964e-01	-1.53792e-01	0.e+00
6.26158e-01	-2.352741e-01	0.e+00
6.270225e-01	-2.491794e-01	0.e+00
6.299867e-01	-2.907254e-01	0.e+00
6.269530e-01	-2.393691e-01	0.e+00
6.198014e-01	-1.358479e-01	0.e+00
6.23479e-01	-1.972598e-01	0.e+00
7.066848e-01	3.244111e-01	0.e+00
6.358338e-01	-3.483587e-01	0.e+00
6.259331e-01	-2.227022e-01	0.e+00
6.222692e-01	-1.711020e-01	0.e+00
6.243620e-01	-2.036051e-01	0.e+00
6.230789e-01	-1.916462e-01	0.e+00
7.102115e-01	3.921329e-01	0.e+00
6.227641e-01	-1.821795e-01	0.e+00
6.203962e-01	-1.474184e-01	0.e+00
6.221867e-01	-1.789210e-01	0.e+00
6.221867e-01	-1.817066e-01	0.e+00
6.210586e-01	-1.524013e-01	0.e+00
6.272745e-01	-2.496691e-01	0.e+00
6.203962e-01	-1.474200e-01	0.e+00
7.112992e-01	4.195174e-01	0.e+00
6.198014e-01	-1.405448e-01	0.e+00
6.193355e-01	-1.355365e-01	0.e+00
7.050395e-01	2.755839e-01	0.e+00
4.536298e-01	-1.148758e-01	0.e+00
4.536298e-01	-1.195973e-01	0.e+00
5.364827e-01	7.637357e-01	0.e+00
4.536298e-01	-1.181206e-01	0.e+00
4.377396e-01	-6.019981e-02	0.e+00
4.536298e-01	-1.167875e-01	0.e+00
4.536298e-01	-1.207596e-01	0.e+00
5.419402e-01	7.912671e-01	0.e+00
3.473307e-01	7.691197e-01	0.e+00
5.208690e-01	6.039076e-01	0.e+00
4.536298e-01	-1.092338e-01	0.e+00
4.536298e-01	-1.195621e-01	0.e+00
4.503928e-01	-1.175789e-01	0.e+00
4.536298e-01	-1.205358e-01	0.e+00
4.503928e-01	-1.135924e-01	0.e+00
4.476734e-01	-1.059695e-01	0.e+00
4.459721e-01	-1.040399e-01	0.e+00
4.456908e-01	-1.019576e-01	0.e+00
4.274214e-01	2.740695e-02	0.e+00
4.481723e-01	-1.132092e-01	0.e+00
4.407178e-01	-7.711853e-02	0.e+00
4.407178e-01	-7.734172e-02	0.e+00
4.536298e-01	-1.199205e-01	0.e+00
4.583379e-01	-1.122052e-01	0.e+00
4.372384e-01	-5.899820e-02	0.e+00
4.405233e-01	-7.561283e-02	0.e+00
4.354511e-01	-4.096821e-02	0.e+00
4.257186e-01	5.076671e-02	0.e+00
4.334019e-01	-1.845747e-02	0.e+00
4.300009e-01	1.142096e-02	0.e+00
4.312311e-01	-9.414668e-03	0.e+00
4.369535e-01	-4.680997e-02	0.e+00
4.298273e-01	6.353126e-03	0.e+00
4.287288e-01	1.224446e-02	0.e+00
4.287288e-01	1.256995e-02	0.e+00
4.274214e-01	3.067892e-02	0.e+00
4.250840e-01	5.476753e-02	0.e+00
4.339353e-01	-3.379042e-02	0.e+00
4.245414e-01	5.691097e-02	0.e+00
4.065551e-01	2.89699e-01	0.e+00
4.233705e-01	7.017326e-02	0.e+00
4.323754e-01	-2.025017e-02	0.e+00
4.35853e-01	-4.708487e-02	0.e+00
4.211612e-01	9.206419e-02	0.e+00
4.199647e-01	1.181484e-01	0.e+00
4.317217e-01	-1.102522e-02	0.e+00
3.382484e-01	7.411407e-01	0.e+00
4.143774e-01	1.778162e-01	0.e+00
4.164153e-01	1.515991e-01	0.e+00
4.29173e-01	9.381484e-03	0.e+00
4.143774e-01	1.898321e-01	0.e+00
4.143774e-01	1.813695e-01	0.e+00
4.126775e-01	2.018985e-01	0.e+00
4.113980e-01	2.173946e-01	0.e+00
4.113980e-01	2.190664e-01	0.e+00
1.790992e-01	6.863851e-01	0.e+00
2.565321e-01	2.426183e-01	0.e+00
4.245414e-01	5.499857e-02	0.e+00
5.063264e-01	3.981084e-01	0.e+00
2.565321e-01	2.426090e-01	0.e+00
3.339651e-01	7.15274e-01	0.e+00
3.364737e-01	7.292731e-01	0.e+00
4.209158e-01	1.038525e-01	0.e+00
2.565321e-01	2.430387e-01	0.e+00
2.565321e-01	2.463323e-01	0.e+00
2.516893e-01	2.475629e-01	0.e+00
2.565321e-01	2.426090e-01	0.e+00
2.565321e-01	2.459677e-01	0.e+00
2.565321e-01	2.426090e-01	0.e+00
2.510338e-01	2.514581e-01	0.e+00
2.565321e-01	2.436991e-01	0.e+00
2.565321e-01	2.441582e-01	0.e+00
2.111884e-01	4.688995e-01	0.e+00
2.340235e-01	3.143946e-01	0.e+00
2.565321e-01	2.426917e-01	0.e+00
2.565321e-01	2.446282e-01	0.e+00
2.593204e-01	2.460028e-01	0.e+00
2.477806e-01	2.617262e-01	0.e+00
2.447369e-01	2.657724e-01	0.e+00
2.522662e-01	2.468206e-01	0.e+00
2.392489e-01	2.894435e-01	0.e+00
2.366291e-01	3.024146e-01	0.e+00
2.340235e-01	3.156193e-01	0.e+00
1.808150e-01	6.827166e-01	0.e+00
2.299862e-01	3.405804e-01	0.e+00
2.275171e-01	3.507641e-01	0.e+00
2.579893e-01	2.440440e-01	0.e+00
2.445892e-01	2.672755e-01	0.e+00
2.196475e-01	4.11478e-01	0.e+00
2.175656e-01	4.268984e-01	0.e+00
2.151232e-01	4.442664e-01	0.e+00
2.127682e-01	4.587314e-01	0.e+00
2.111884e-01	4.707543e-01	0.e+00
2.075617e-01	5.005039e-01	0.e+00
2.063534e-01	5.089278e-01	0.e+00
2.034403e-01	5.398360e-01	0.e+00
2.145747e-01	4.451554e-01	0.e+00
1.964216e-01	5.820763e-01	0.e+00
2.877585e-01	3.575902e-01	0.e+00
1.90638e-01	6.265447e-01	0.e+00
1.86513e-01	6.487486e-01	0.e+00
7.716374e-02	6.729119e-01	0.e+00
7.331603e-02	6.767393e-01	0.e+00
8.290761e-02	6.730498e-01	0.e+00
8.290761e-02	6.727872e-01	0.e+00
8.290761e-02	6.741338e-01	0.e+00
8.290761e-02	6.722685e-01	0.e+00
8.290761e-02	6.726985e-01	0.e+00
8.290761e-02	6.711037e-01	0.e+00
8.290761e-02	6.710507e-01	0.e+00
8.290761e-02	6.708711e-01	0.e+00
9.443048e-02	6.780929e-01	0.e+00
8.290761e-02	6.710272e-01	0.e+00
8.290761e-02	6.718669e-01	0.e+00
8.290761e-02	6.708793e-01	0.e+00
2.061968e-01	5.077271e-01	0.e+00
1.256772e-02	8.857245e-01	0.e+00
7.141986e-02	6.783259e-01	0.e+00
1.830079e-01	6.670784e-01	0.e+00
1.82303e-01	6.711984e-01	0.e+00
9.971949e-02	6.845047e-01	0.e+00
6.547242e-02	6.881124e-01	0.e+00
4.353998e-02	7.498251e-01	0.e+00
1.709541e-01	7.278833e-01	0.e+00
3.176315e-02	7.992297e-01	0.e+00
2.513675e-02	8.261175e-01	0.e+00
1.895402e-02	8.544460e-01	0.e+00
1.256772e-02	8.845679e-01	0.e+00
1.025914e-01	6.924327e-01	0.e+00
2.111884e-01	4.732249e-01	0.e+00
