8.409986e-01	-5.315988e-01	0.e+00
8.393683e-01	-5.171551e-01	0.e+00
8.393683e-01	-5.149633e-01	0.e+00
8.342165e-01	-4.552371e-01	0.e+00
8.389118e-01	-5.109537e-01	0.e+00
8.344774e-01	-4.339364e-01	0.e+00
8.357816e-01	-4.806504e-01	0.e+00
8.274997e-01	-3.436982e-01	0.e+00
8.335644e-01	-4.460217e-01	0.e+00
8.335644e-01	-4.454577e-01	0.e+00
8.284779e-01	-3.599770e-01	0.e+00
8.394335e-01	-5.21189e-01	0.e+00
8.294561e-01	-3.747821e-01	0.e+00
8.289996e-01	-3.669465e-01	0.e+00
5.563293e-01	1.018335e+00	0.e+00
8.274997e-01	-3.408204e-01	0.e+00
8.271737e-01	-3.349567e-01	0.e+00
8.348687e-01	-4.536042e-01	0.e+00
7.388051e-01	1.032173e+00	0.e+00
8.271737e-01	-3.572284e-01	0.e+00
5.72963e-01	8.727806e-01	0.e+00
8.307819e-01	-4.150554e-01	0.e+00
5.459815e-01	1.024018e+00	0.e+00
6.480889e-01	-2.501693e-01	0.e+00
6.480889e-01	-2.433931e-01	0.e+00
8.29778e-01	-4.086518e-01	0.e+00
6.489611e-01	-2.340207e-01	0.e+00
5.935927e-01	5.966224e-01	0.e+00
6.428803e-01	-2.117589e-01	0.e+00
6.307187e-01	-1.319566e-01	0.e+00
6.281144e-01	-5.676944e-02	0.e+00
6.320208e-01	-1.537995e-01	0.e+00
6.220336e-01	9.515784e-03	0.e+00
6.294165e-01	-9.557234e-02	0.e+00
6.352957e-01	-1.660747e-01	0.e+00
6.281144e-01	-7.859403e-02	0.e+00
6.281144e-01	-2.378923e-02	0.e+00
6.311548e-01	-8.70458e-02	0.e+00
6.220336e-01	9.045258e-02	0.e+00
6.204174e-01	1.133982e-01	0.e+00
4.495462e-01	1.427653e-01	0.e+00
4.538888e-01	1.082105e-01	0.e+00
6.281144e-01	-8.678606e-02	0.e+00
5.178869e-01	7.918628e-01	0.e+00
4.538888e-01	1.0327e-01	0.e+00
4.538888e-01	9.115451e-02	0.e+00
4.538888e-01	9.428334e-02	0.e+00
4.356524e-01	1.633764e-01	0.e+00
4.35455e-01	1.798207e-01	0.e+00
4.356524e-01	1.945704e-01	0.e+00
4.356524e-01	1.78293e-01	0.e+00
4.281433e-01	2.055082e-01	0.e+00
2.619219e-01	4.708280e-01	0.e+00
4.227796e-01	2.929478e-01	0.e+00
4.174159e-01	3.478333e-01	0.e+00
4.174159e-01	3.705149e-01	0.e+00
2.619219e-01	4.758641e-01	0.e+00
2.192216e-01	6.460085e-01	0.e+00
4.281433e-01	2.063383e-01	0.e+00
2.619219e-01	4.710148e-01	0.e+00
2.66961e-01	4.757850e-01	0.e+00
2.722634e-01	5.028181e-01	0.e+00
2.619219e-01	5.216742e-01	0.e+00
1.702451e-01	9.882571e-01	0.e+00
2.535376e-01	5.671734e-01	0.e+00
2.412388e-01	5.495316e-01	0.e+00
2.619219e-01	4.903715e-01	0.e+00
1.769908e-01	9.291337e-01	0.e+00
2.080816e-01	7.660005e-01	0.e+00
2.080816e-01	7.611979e-01	0.e+00
1.670978e-01	1.003842e+00	0.e+00
1.955267e-01	8.548691e-01	0.e+00
9.205971e-02	9.724052e-01	0.e+00
1.001542e-01	9.67311e-01	0.e+00
3.636458e-01	9.830444e-01	0.e+00
0.e+00	1.391617e+00	0.e+00
5.516320e-02	9.949121e-01	0.e+00
3.721145e-02	1.125941e+00	0.e+00
2.238594e-01	6.97189e-01	0.e+00
1.353324e-01	1.073244e+00	0.e+00
