6.289203e-01	-2.824784e-01	0.e+00
6.384191e-01	-3.81813e-01	0.e+00
6.338363e-01	-3.273502e-01	0.e+00
6.407429e-01	-4.001852e-01	0.e+00
6.466885e-01	-4.392289e-01	0.e+00
6.364599e-01	-3.641553e-01	0.e+00
6.337775e-01	-3.277566e-01	0.e+00
6.315341e-01	-3.128267e-01	0.e+00
6.218958e-01	-1.713565e-01	0.e+00
6.279755e-01	-2.645867e-01	0.e+00
6.231314e-01	-1.871131e-01	0.e+00
6.244168e-01	-2.089147e-01	0.e+00
6.243508e-01	-2.048686e-01	0.e+00
5.345879e-01	7.595861e-01	0.e+00
5.385435e-01	7.789559e-01	0.e+00
4.398939e-01	-7.467509e-02	0.e+00
4.447254e-01	-1.025007e-01	0.e+00
4.473167e-01	-1.070630e-01	0.e+00
4.397359e-01	-7.704573e-02	0.e+00
4.393132e-01	-7.266508e-02	0.e+00
4.303188e-01	-1.720117e-04	0.e+00
4.108594e-01	2.263369e-01	0.e+00
4.153086e-01	1.714505e-01	0.e+00
2.567317e-01	2.482736e-01	0.e+00
4.131364e-01	1.937906e-01	0.e+00
4.920333e-01	1.802711e-01	0.e+00
3.510365e-01	7.594525e-01	0.e+00
2.588124e-01	2.505718e-01	0.e+00
2.588124e-01	2.430073e-01	0.e+00
2.458615e-01	2.648372e-01	0.e+00
2.328496e-01	3.205142e-01	0.e+00
2.198987e-01	4.033995e-01	0.e+00
2.082383e-01	4.959924e-01	0.e+00
1.540700e-01	7.638949e-01	0.e+00
3.058696e-01	5.039210e-01	0.e+00
1.688923e-01	7.301959e-01	0.e+00
8.104995e-02	6.791625e-01	0.e+00
8.104995e-02	6.715562e-01	0.e+00
3.255355e-02	7.978928e-01	0.e+00
4.617287e-05	9.986241e-01	0.e+00
