8.506580e-01	-7.541951e-01	0.e+00
8.447465e-01	-7.32676e-01	0.e+00
8.547983e-01	-7.464890e-01	0.e+00
8.506580e-01	-7.477427e-01	0.e+00
8.506580e-01	-7.532634e-01	0.e+00
8.402911e-01	-6.847896e-01	0.e+00
8.506580e-01	-7.552719e-01	0.e+00
8.442141e-01	-7.252040e-01	0.e+00
8.446595e-01	-7.176717e-01	0.e+00
8.442141e-01	-7.241097e-01	0.e+00
8.362365e-01	-6.416637e-01	0.e+00
8.442141e-01	-7.265479e-01	0.e+00
8.442141e-01	-7.131664e-01	0.e+00
8.442141e-01	-7.063448e-01	0.e+00
8.579181e-01	-7.496247e-01	0.e+00
8.371546e-01	-6.331879e-01	0.e+00
8.442141e-01	-7.088175e-01	0.e+00
8.368816e-01	-6.487439e-01	0.e+00
8.350808e-01	-6.327873e-01	0.e+00
8.374087e-01	-6.610758e-01	0.e+00
8.369004e-01	-6.642519e-01	0.e+00
8.575368e-01	-7.210377e-01	0.e+00
8.369004e-01	-6.606639e-01	0.e+00
8.361377e-01	-6.542911e-01	0.e+00
8.406759e-01	-6.975831e-01	0.e+00
8.295937e-01	-5.393467e-01	0.e+00
8.412205e-01	-7.086464e-01	0.e+00
8.258712e-01	-4.865446e-01	0.e+00
8.328434e-01	-6.017313e-01	0.e+00
8.336814e-01	-6.247313e-01	0.e+00
8.331164e-01	-6.116206e-01	0.e+00
8.323912e-01	-5.975822e-01	0.e+00
8.373033e-01	-6.61991e-01	0.e+00
8.323912e-01	-6.053336e-01	0.e+00
8.317827e-01	-5.854813e-01	0.e+00
8.383581e-01	-6.800291e-01	0.e+00
8.317827e-01	-5.951489e-01	0.e+00
8.309702e-01	-5.752370e-01	0.e+00
8.364914e-01	-6.607841e-01	0.e+00
8.294516e-01	-5.536862e-01	0.e+00
8.263618e-01	-4.983504e-01	0.e+00
9.126737e-01	4.176297e-01	0.e+00
8.286729e-01	-5.336698e-01	0.e+00
8.278821e-01	-5.230381e-01	0.e+00
8.216691e-01	-4.062202e-01	0.e+00
8.383923e-01	-6.689212e-01	0.e+00
8.268686e-01	-5.100961e-01	0.e+00
8.248892e-01	-4.60042e-01	0.e+00
8.278821e-01	-5.196317e-01	0.e+00
7.41913e-01	8.742153e-01	0.e+00
8.257969e-01	-4.734099e-01	0.e+00
8.257969e-01	-4.703333e-01	0.e+00
8.257969e-01	-4.770443e-01	0.e+00
5.641239e-01	7.791987e-01	0.e+00
8.248892e-01	-4.702447e-01	0.e+00
6.328898e-01	-3.288995e-01	0.e+00
7.384662e-01	8.473906e-01	0.e+00
6.520433e-01	-4.396693e-01	0.e+00
5.487212e-01	8.234931e-01	0.e+00
6.520433e-01	-4.432035e-01	0.e+00
7.383458e-01	8.500575e-01	0.e+00
6.520433e-01	-4.461848e-01	0.e+00
7.360274e-01	8.344804e-01	0.e+00
6.520433e-01	-4.357099e-01	0.e+00
6.520433e-01	-4.338173e-01	0.e+00
6.520433e-01	-4.439947e-01	0.e+00
5.565051e-01	8.329775e-01	0.e+00
6.520433e-01	-4.457812e-01	0.e+00
7.28797e-01	7.334188e-01	0.e+00
6.346313e-01	-3.420397e-01	0.e+00
6.325286e-01	-3.222768e-01	0.e+00
6.477126e-01	-4.288035e-01	0.e+00
6.443918e-01	-4.151834e-01	0.e+00
6.596353e-01	-4.287944e-01	0.e+00
6.433819e-01	-4.110417e-01	0.e+00
6.463888e-01	-4.215086e-01	0.e+00
6.368593e-01	-3.586035e-01	0.e+00
6.172586e-01	-8.649360e-02	0.e+00
6.368593e-01	-3.555407e-01	0.e+00
6.34879e-01	-3.389292e-01	0.e+00
6.248157e-01	-2.116728e-01	0.e+00
6.337151e-01	-3.233735e-01	0.e+00
6.188081e-01	-1.239918e-01	0.e+00
6.466432e-01	-4.292557e-01	0.e+00
6.310293e-01	-2.956697e-01	0.e+00
4.556722e-01	-9.837298e-02	0.e+00
6.232455e-01	-1.806494e-01	0.e+00
5.503491e-01	8.376595e-01	0.e+00
6.299937e-01	-2.886221e-01	0.e+00
6.242101e-01	-1.952927e-01	0.e+00
5.544992e-01	8.213325e-01	0.e+00
6.260781e-01	-2.329428e-01	0.e+00
6.156012e-01	-5.350034e-02	0.e+00
6.248157e-01	-2.106658e-01	0.e+00
6.248157e-01	-2.07946e-01	0.e+00
6.242101e-01	-1.992302e-01	0.e+00
6.314548e-01	-3.003927e-01	0.e+00
6.227441e-01	-1.734018e-01	0.e+00
6.312984e-01	-2.903895e-01	0.e+00
6.203537e-01	-1.398473e-01	0.e+00
5.414225e-01	7.98365e-01	0.e+00
6.188081e-01	-1.182170e-01	0.e+00
6.249771e-01	-2.139604e-01	0.e+00
7.1827e-01	5.606131e-01	0.e+00
4.534412e-01	-1.191507e-01	0.e+00
4.534412e-01	-9.928241e-02	0.e+00
4.534412e-01	-1.167830e-01	0.e+00
4.534412e-01	-1.071040e-01	0.e+00
4.384348e-01	-6.400426e-02	0.e+00
7.054276e-01	2.899192e-01	0.e+00
6.297338e-01	-2.885312e-01	0.e+00
4.592477e-01	-1.126729e-01	0.e+00
4.592477e-01	-1.12659e-01	0.e+00
4.534412e-01	-1.174481e-01	0.e+00
4.534412e-01	-1.130907e-01	0.e+00
4.352586e-01	-4.139170e-02	0.e+00
4.534412e-01	-1.166403e-01	0.e+00
6.313245e-01	-3.063355e-01	0.e+00
4.485087e-01	-1.108246e-01	0.e+00
4.443030e-01	-9.292673e-02	0.e+00
3.525752e-01	7.686795e-01	0.e+00
6.278994e-01	-2.634973e-01	0.e+00
4.107536e-01	2.342585e-01	0.e+00
4.407703e-01	-7.999855e-02	0.e+00
4.352586e-01	-4.005893e-02	0.e+00
4.107536e-01	2.389911e-01	0.e+00
4.265995e-01	4.530521e-02	0.e+00
4.580103e-01	-1.130877e-01	0.e+00
3.423638e-01	7.585941e-01	0.e+00
4.216144e-01	9.650166e-02	0.e+00
4.264050e-01	3.744583e-02	0.e+00
4.245432e-01	6.763600e-02	0.e+00
4.245432e-01	5.976891e-02	0.e+00
4.221383e-01	8.474959e-02	0.e+00
4.129294e-01	2.033461e-01	0.e+00
4.264050e-01	4.449924e-02	0.e+00
5.498307e-01	8.203195e-01	0.e+00
3.309737e-01	7.039963e-01	0.e+00
4.15279e-01	1.777311e-01	0.e+00
4.135331e-01	2.041849e-01	0.e+00
4.126977e-01	2.014009e-01	0.e+00
5.052036e-01	3.786289e-01	0.e+00
2.557298e-01	2.492933e-01	0.e+00
2.557298e-01	2.452774e-01	0.e+00
3.455952e-01	7.597248e-01	0.e+00
3.456416e-01	7.629705e-01	0.e+00
2.680702e-01	2.591620e-01	0.e+00
2.557298e-01	2.457766e-01	0.e+00
2.557298e-01	2.456658e-01	0.e+00
4.264050e-01	3.62775e-02	0.e+00
2.557298e-01	2.452774e-01	0.e+00
2.259303e-01	3.654262e-01	0.e+00
2.557298e-01	2.471925e-01	0.e+00
2.557298e-01	2.530001e-01	0.e+00
2.557298e-01	2.476235e-01	0.e+00
2.557298e-01	2.473670e-01	0.e+00
2.557298e-01	2.478266e-01	0.e+00
2.294317e-01	3.43143e-01	0.e+00
2.557298e-01	2.452774e-01	0.e+00
2.391077e-01	2.919845e-01	0.e+00
2.123411e-01	4.663910e-01	0.e+00
2.525808e-01	2.495951e-01	0.e+00
2.391077e-01	2.934352e-01	0.e+00
2.308806e-01	3.332234e-01	0.e+00
2.308806e-01	3.316308e-01	0.e+00
2.541553e-01	2.471979e-01	0.e+00
3.415251e-01	7.494744e-01	0.e+00
9.903909e-02	6.844311e-01	0.e+00
3.105785e-01	5.487916e-01	0.e+00
2.480742e-01	2.683169e-01	0.e+00
6.971193e-02	6.846081e-01	0.e+00
2.557298e-01	2.508597e-01	0.e+00
6.635637e-02	6.929962e-01	0.e+00
2.011757e-01	5.473341e-01	0.e+00
1.608075e-01	7.555345e-01	0.e+00
1.225534e-01	7.387861e-01	0.e+00
9.856675e-02	6.861387e-01	0.e+00
6.202324e-02	6.952749e-01	0.e+00
8.413934e-02	6.718482e-01	0.e+00
1.147203e-01	7.160756e-01	0.e+00
8.413934e-02	6.743900e-01	0.e+00
5.162912e-02	7.264335e-01	0.e+00
4.859078e-02	7.349461e-01	0.e+00
8.413934e-02	6.736049e-01	0.e+00
3.248224e-03	9.456263e-01	0.e+00
1.655821e-01	7.425092e-01	0.e+00
8.413934e-02	6.731612e-01	0.e+00
1.487711e-01	7.655469e-01	0.e+00
1.209829e-01	7.289016e-01	0.e+00
1.662488e-01	7.412023e-01	0.e+00
6.635637e-02	6.910863e-01	0.e+00
8.917080e-02	6.767093e-01	0.e+00
2.718221e-01	2.708177e-01	0.e+00
5.112757e-02	7.273792e-01	0.e+00
0.e+00	1.003855e+00	0.e+00
3.040651e-02	8.048104e-01	0.e+00
1.318462e-01	7.522366e-01	0.e+00
1.506619e-02	8.739464e-01	0.e+00
7.299559e-02	6.776336e-01	0.e+00
0.e+00	1.004715e+00	0.e+00
