8.465130e-01	-6.243476e-01	0.e+00
8.39198e-01	-5.764492e-01	0.e+00
8.465130e-01	-6.307886e-01	0.e+00
8.465130e-01	-6.311738e-01	0.e+00
8.43566e-01	-6.008341e-01	0.e+00
8.39198e-01	-5.764492e-01	0.e+00
8.39198e-01	-5.751665e-01	0.e+00
8.946909e-01	3.064918e-02	0.e+00
8.39198e-01	-5.806297e-01	0.e+00
8.39198e-01	-5.817663e-01	0.e+00
8.316461e-01	-4.886038e-01	0.e+00
8.376060e-01	-5.532016e-01	0.e+00
8.279886e-01	-4.372805e-01	0.e+00
8.320014e-01	-5.017155e-01	0.e+00
8.316461e-01	-4.809192e-01	0.e+00
8.073136e-01	4.015772e-02	0.e+00
8.279886e-01	-4.296488e-01	0.e+00
6.441165e-01	-2.958745e-01	0.e+00
8.279886e-01	-4.379449e-01	0.e+00
8.279886e-01	-4.234238e-01	0.e+00
5.468481e-01	9.224708e-01	0.e+00
6.400064e-01	-2.798933e-01	0.e+00
6.419075e-01	-3.376913e-01	0.e+00
6.422878e-01	-3.245448e-01	0.e+00
6.407669e-01	-3.149999e-01	0.e+00
6.419075e-01	-3.226060e-01	0.e+00
7.172590e-01	6.21086e-01	0.e+00
6.326023e-01	-2.281837e-01	0.e+00
5.395618e-01	8.864745e-01	0.e+00
6.407669e-01	-3.283777e-01	0.e+00
6.372549e-01	-3.170447e-01	0.e+00
6.326023e-01	-2.298476e-01	0.e+00
6.326023e-01	-2.298476e-01	0.e+00
6.255784e-01	-1.873404e-01	0.e+00
6.255784e-01	-1.898559e-01	0.e+00
6.255784e-01	-1.804211e-01	0.e+00
6.255784e-01	-1.759954e-01	0.e+00
6.255784e-01	-1.385963e-01	0.e+00
4.525445e-01	-6.226716e-02	0.e+00
6.219658e-01	-7.78584e-02	0.e+00
3.660275e-01	7.823923e-01	0.e+00
6.255784e-01	-1.49354e-01	0.e+00
5.426741e-01	8.491399e-01	0.e+00
4.525445e-01	-5.948386e-02	0.e+00
4.525445e-01	-6.31884e-02	0.e+00
6.124178e-01	4.651982e-02	0.e+00
4.345565e-01	2.283843e-02	0.e+00
4.165685e-01	2.184065e-01	0.e+00
4.345565e-01	2.195579e-02	0.e+00
4.345565e-01	1.288646e-02	0.e+00
5.239544e-01	7.109461e-01	0.e+00
4.525445e-01	-5.93798e-02	0.e+00
4.579258e-01	-6.333373e-02	0.e+00
4.255625e-01	1.163725e-01	0.e+00
4.165685e-01	2.177808e-01	0.e+00
1.806628e-01	7.23415e-01	0.e+00
3.325172e-01	7.588173e-01	0.e+00
2.592980e-01	3.03972e-01	0.e+00
4.165685e-01	2.096275e-01	0.e+00
2.592980e-01	2.902672e-01	0.e+00
3.541282e-01	8.169975e-01	0.e+00
2.213759e-01	4.355896e-01	0.e+00
2.493850e-01	3.008964e-01	0.e+00
2.493850e-01	2.943836e-01	0.e+00
2.431031e-01	3.093812e-01	0.e+00
2.269082e-01	3.947057e-01	0.e+00
2.328706e-01	3.778075e-01	0.e+00
0.e+00	1.050601e+00	0.e+00
1.950832e-01	6.194060e-01	0.e+00
8.162909e-02	7.074517e-01	0.e+00
8.162909e-02	7.138176e-01	0.e+00
8.162909e-02	7.043782e-01	0.e+00
8.162909e-02	7.183367e-01	0.e+00
3.044074e-01	5.416638e-01	0.e+00
0.e+00	1.049813e+00	0.e+00
1.005902e-01	7.216188e-01	0.e+00
7.013430e-02	7.103512e-01	0.e+00
8.373416e-03	9.462326e-01	0.e+00
8.373416e-03	9.466023e-01	0.e+00
0.e+00	1.045438e+00	0.e+00
