6.351797e-01	1.952794e-02	0.e+00
6.356963e-01	5.798615e-03	0.e+00
6.604999e-01	-3.578786e-02	0.e+00
7.024231e-01	5.801171e-01	0.e+00
6.342907e-01	2.714224e-02	0.e+00
6.539107e-01	-7.090684e-02	0.e+00
6.388269e-01	-3.774512e-02	0.e+00
6.370489e-01	9.655701e-03	0.e+00
6.362129e-01	-1.763664e-02	0.e+00
6.356963e-01	2.580462e-02	0.e+00
6.356963e-01	2.505484e-02	0.e+00
6.342907e-01	1.750967e-02	0.e+00
6.342907e-01	2.794548e-02	0.e+00
6.285196e-01	8.527379e-02	0.e+00
6.151966e-01	2.173099e-01	0.e+00
6.294807e-01	8.448883e-02	0.e+00
6.285196e-01	8.706529e-02	0.e+00
6.285196e-01	6.513931e-02	0.e+00
6.342907e-01	4.738967e-02	0.e+00
6.240461e-01	1.033821e-01	0.e+00
6.285196e-01	7.090443e-03	0.e+00
6.240461e-01	1.034716e-01	0.e+00
6.240461e-01	9.960805e-02	0.e+00
5.423999e-01	1.110402e+00	0.e+00
3.634503e-01	1.066507e+00	0.e+00
4.518067e-01	1.995453e-01	0.e+00
4.518067e-01	2.034102e-01	0.e+00
4.495813e-01	2.643597e-01	0.e+00
4.518067e-01	2.10465e-01	0.e+00
4.518067e-01	1.901509e-01	0.e+00
4.518067e-01	1.838679e-01	0.e+00
4.518067e-01	1.877186e-01	0.e+00
4.536766e-01	1.935806e-01	0.e+00
4.389922e-01	2.921042e-01	0.e+00
4.231661e-01	4.108222e-01	0.e+00
4.416226e-01	2.131845e-01	0.e+00
4.389922e-01	2.564995e-01	0.e+00
4.449840e-01	2.380989e-01	0.e+00
4.440148e-01	2.485027e-01	0.e+00
4.201968e-01	4.393545e-01	0.e+00
3.808724e-01	9.756378e-01	0.e+00
4.048063e-01	5.756416e-01	0.e+00
4.270086e-01	3.631540e-01	0.e+00
4.234301e-01	3.985980e-01	0.e+00
4.201968e-01	4.785037e-01	0.e+00
4.334753e-01	3.129371e-01	0.e+00
4.110143e-01	5.161217e-01	0.e+00
4.110143e-01	5.279146e-01	0.e+00
4.234301e-01	3.530927e-01	0.e+00
5.200552e-01	9.092248e-01	0.e+00
2.605660e-01	5.826396e-01	0.e+00
2.605660e-01	5.687356e-01	0.e+00
2.605660e-01	5.687356e-01	0.e+00
2.605660e-01	5.803616e-01	0.e+00
4.110143e-01	5.290892e-01	0.e+00
2.605660e-01	5.849696e-01	0.e+00
2.605660e-01	5.869049e-01	0.e+00
2.432453e-01	6.494937e-01	0.e+00
2.660905e-01	5.892517e-01	0.e+00
2.432453e-01	6.470022e-01	0.e+00
2.395534e-01	6.433945e-01	0.e+00
2.150512e-01	8.732439e-01	0.e+00
2.230926e-01	7.504583e-01	0.e+00
2.363048e-01	6.356384e-01	0.e+00
2.185408e-01	8.102506e-01	0.e+00
2.607429e-01	6.171333e-01	0.e+00
1.963145e-01	9.965782e-01	0.e+00
2.737554e-02	1.161122e+00	0.e+00
5.572034e-03	1.292770e+00	0.e+00
2.642523e-01	5.418103e-01	0.e+00
1.876887e-01	9.733452e-01	0.e+00
1.743463e-01	1.040257e+00	0.e+00
2.012891e-01	8.384201e-01	0.e+00
0.e+00	1.366455e+00	0.e+00
7.081106e-02	1.013939e+00	0.e+00
3.63559e-02	1.230559e+00	0.e+00
9.261457e-02	1.02477e+00	0.e+00
3.386860e-02	1.127677e+00	0.e+00
8.017589e-02	9.785724e-01	0.e+00
4.008794e-02	1.077024e+00	0.e+00
