8.430116e-01	-7.14233e-01	0.e+00
8.516865e-01	-7.499851e-01	0.e+00
8.343581e-01	-6.309925e-01	0.e+00
8.380795e-01	-6.734952e-01	0.e+00
8.435946e-01	-7.224540e-01	0.e+00
8.449809e-01	-7.364329e-01	0.e+00
8.410014e-01	-7.068779e-01	0.e+00
8.398468e-01	-6.946326e-01	0.e+00
8.293328e-01	-5.349731e-01	0.e+00
8.422084e-01	-7.207462e-01	0.e+00
8.316272e-01	-5.934739e-01	0.e+00
8.345068e-01	-6.343188e-01	0.e+00
8.410014e-01	-7.105263e-01	0.e+00
8.337394e-01	-6.139348e-01	0.e+00
8.395502e-01	-6.862445e-01	0.e+00
8.380056e-01	-6.737011e-01	0.e+00
8.389223e-01	-6.856037e-01	0.e+00
8.315318e-01	-5.823723e-01	0.e+00
8.375381e-01	-6.720195e-01	0.e+00
8.367532e-01	-6.594136e-01	0.e+00
8.375381e-01	-6.636917e-01	0.e+00
8.375381e-01	-6.608562e-01	0.e+00
8.336202e-01	-6.116140e-01	0.e+00
8.359747e-01	-6.513286e-01	0.e+00
8.359747e-01	-6.502078e-01	0.e+00
8.355349e-01	-6.497340e-01	0.e+00
8.345068e-01	-6.277193e-01	0.e+00
8.343581e-01	-6.362133e-01	0.e+00
8.299149e-01	-5.683573e-01	0.e+00
8.344954e-01	-6.198489e-01	0.e+00
8.333063e-01	-6.024167e-01	0.e+00
8.333063e-01	-6.085771e-01	0.e+00
8.323454e-01	-6.002239e-01	0.e+00
8.37049e-01	-6.635518e-01	0.e+00
8.316272e-01	-5.895709e-01	0.e+00
8.313357e-01	-5.745871e-01	0.e+00
8.358509e-01	-6.502798e-01	0.e+00
8.309270e-01	-5.820064e-01	0.e+00
8.299149e-01	-5.702318e-01	0.e+00
8.292559e-01	-5.466054e-01	0.e+00
8.295522e-01	-5.589123e-01	0.e+00
8.30892e-01	-5.747238e-01	0.e+00
5.669699e-01	7.484288e-01	0.e+00
8.277083e-01	-5.289273e-01	0.e+00
8.277083e-01	-5.192083e-01	0.e+00
8.275558e-01	-5.148738e-01	0.e+00
8.268727e-01	-5.089414e-01	0.e+00
8.253286e-01	-4.754440e-01	0.e+00
8.127498e-01	-2.071543e-01	0.e+00
8.268727e-01	-5.045692e-01	0.e+00
8.259090e-01	-4.897203e-01	0.e+00
7.397936e-01	8.675541e-01	0.e+00
8.242038e-01	-4.647007e-01	0.e+00
8.242038e-01	-4.673713e-01	0.e+00
8.868057e-01	-2.891079e-01	0.e+00
8.328756e-01	-6.135776e-01	0.e+00
6.527146e-01	-4.419221e-01	0.e+00
7.341558e-01	8.027500e-01	0.e+00
8.559699e-01	-7.554319e-01	0.e+00
6.595173e-01	-4.340493e-01	0.e+00
7.397936e-01	8.617979e-01	0.e+00
6.527146e-01	-4.365916e-01	0.e+00
6.595173e-01	-4.334786e-01	0.e+00
8.255808e-01	-4.87926e-01	0.e+00
6.527146e-01	-4.469015e-01	0.e+00
6.402609e-01	-3.924048e-01	0.e+00
7.320272e-01	7.823014e-01	0.e+00
5.452649e-01	8.167274e-01	0.e+00
6.486305e-01	-4.375113e-01	0.e+00
8.265467e-01	-5.091420e-01	0.e+00
6.61395e-01	-4.160161e-01	0.e+00
6.406829e-01	-4.057216e-01	0.e+00
8.228269e-01	-4.407639e-01	0.e+00
6.437550e-01	-4.180312e-01	0.e+00
6.39109e-01	-3.858275e-01	0.e+00
6.39109e-01	-3.648072e-01	0.e+00
6.457328e-01	-4.350277e-01	0.e+00
6.216442e-01	-1.682834e-01	0.e+00
6.347955e-01	-3.40851e-01	0.e+00
6.326316e-01	-3.267949e-01	0.e+00
6.337422e-01	-3.25653e-01	0.e+00
6.324916e-01	-3.252694e-01	0.e+00
6.324916e-01	-3.069826e-01	0.e+00
6.324916e-01	-3.204186e-01	0.e+00
6.546181e-01	-4.454225e-01	0.e+00
6.295045e-01	-2.893853e-01	0.e+00
6.309527e-01	-3.039597e-01	0.e+00
6.286392e-01	-2.575186e-01	0.e+00
6.369522e-01	-3.612686e-01	0.e+00
6.282223e-01	-2.478346e-01	0.e+00
6.282223e-01	-2.530554e-01	0.e+00
6.257157e-01	-2.225490e-01	0.e+00
6.295045e-01	-2.830687e-01	0.e+00
6.24937e-01	-1.925182e-01	0.e+00
4.573423e-01	-9.90887e-02	0.e+00
6.227802e-01	-1.904322e-01	0.e+00
6.203276e-01	-1.465795e-01	0.e+00
6.216442e-01	-1.647103e-01	0.e+00
3.631638e-01	7.457841e-01	0.e+00
6.203276e-01	-1.483017e-01	0.e+00
6.307738e-01	-3.029750e-01	0.e+00
5.359754e-01	7.63821e-01	0.e+00
4.529397e-01	-1.148330e-01	0.e+00
4.529397e-01	-8.551750e-02	0.e+00
6.227802e-01	-1.861184e-01	0.e+00
4.530628e-01	-1.150809e-01	0.e+00
4.508795e-01	-1.13613e-01	0.e+00
7.040216e-01	2.656704e-01	0.e+00
5.287481e-01	6.992592e-01	0.e+00
4.539698e-01	-1.157250e-01	0.e+00
7.125939e-01	4.391945e-01	0.e+00
4.310428e-01	-3.8266e-03	0.e+00
4.594397e-01	-1.057622e-01	0.e+00
4.539698e-01	-1.047171e-01	0.e+00
5.530638e-01	8.159827e-01	0.e+00
6.134687e-01	-2.013203e-02	0.e+00
4.539698e-01	-9.808265e-02	0.e+00
4.508795e-01	-1.155567e-01	0.e+00
4.488193e-01	-1.01435e-01	0.e+00
4.32037e-01	-8.062019e-03	0.e+00
4.484700e-01	-1.063461e-01	0.e+00
4.207547e-01	1.107389e-01	0.e+00
4.446294e-01	-9.563892e-02	0.e+00
4.403167e-01	-6.80143e-02	0.e+00
4.705891e-01	-5.777795e-02	0.e+00
4.539698e-01	-1.158085e-01	0.e+00
2.778216e-01	3.011050e-01	0.e+00
4.399365e-01	-6.834084e-02	0.e+00
4.368790e-01	-5.530896e-02	0.e+00
4.301875e-01	5.506211e-03	0.e+00
4.270956e-01	4.665696e-02	0.e+00
4.199878e-01	1.221230e-01	0.e+00
4.134602e-01	1.938778e-01	0.e+00
4.226269e-01	8.164927e-02	0.e+00
4.211059e-01	1.029519e-01	0.e+00
4.501561e-01	-1.040747e-01	0.e+00
4.177493e-01	1.37952e-01	0.e+00
5.302396e-01	7.103574e-01	0.e+00
4.134602e-01	1.957802e-01	0.e+00
4.134602e-01	1.977577e-01	0.e+00
4.287075e-01	1.811738e-02	0.e+00
2.422845e-01	2.875886e-01	0.e+00
3.329907e-01	7.217251e-01	0.e+00
3.363715e-01	7.303876e-01	0.e+00
2.575668e-01	2.530868e-01	0.e+00
2.575668e-01	2.477865e-01	0.e+00
2.543125e-01	2.503198e-01	0.e+00
2.575668e-01	2.486591e-01	0.e+00
2.575668e-01	2.458648e-01	0.e+00
4.124062e-01	2.066487e-01	0.e+00
2.488960e-01	2.589290e-01	0.e+00
2.41689e-01	2.814372e-01	0.e+00
2.687368e-01	2.653221e-01	0.e+00
2.575668e-01	2.480136e-01	0.e+00
2.575668e-01	2.46898e-01	0.e+00
1.965401e-01	5.839926e-01	0.e+00
2.138421e-01	4.579311e-01	0.e+00
4.145507e-01	1.781354e-01	0.e+00
2.575668e-01	2.462344e-01	0.e+00
1.823259e-01	6.783748e-01	0.e+00
1.945344e-01	5.992564e-01	0.e+00
2.371590e-01	3.032745e-01	0.e+00
8.226411e-02	6.749875e-01	0.e+00
2.366489e-01	3.03226e-01	0.e+00
2.114852e-01	4.765063e-01	0.e+00
1.992797e-01	5.647423e-01	0.e+00
2.492205e-01	2.619513e-01	0.e+00
2.220657e-01	3.930779e-01	0.e+00
3.137019e-01	5.896347e-01	0.e+00
2.104321e-01	4.827267e-01	0.e+00
9.305202e-02	6.820081e-01	0.e+00
2.065156e-01	5.203171e-01	0.e+00
2.035320e-01	5.331268e-01	0.e+00
1.991897e-01	5.640780e-01	0.e+00
1.945344e-01	6.033290e-01	0.e+00
1.898231e-01	6.306357e-01	0.e+00
1.84513e-01	6.611303e-01	0.e+00
3.140179e-01	5.820470e-01	0.e+00
2.235428e-01	3.818896e-01	0.e+00
1.81031e-01	6.822114e-01	0.e+00
1.461709e-01	7.686171e-01	0.e+00
0.e+00	1.006457e+00	0.e+00
8.226411e-02	6.793941e-01	0.e+00
8.226411e-02	6.827867e-01	0.e+00
8.226411e-02	6.749554e-01	0.e+00
1.654131e-01	7.445153e-01	0.e+00
6.872343e-02	6.904984e-01	0.e+00
8.226411e-02	6.739297e-01	0.e+00
8.226411e-02	6.745904e-01	0.e+00
7.223732e-02	6.828844e-01	0.e+00
6.872343e-02	6.902362e-01	0.e+00
1.022548e-02	9.069286e-01	0.e+00
1.526723e-02	8.848311e-01	0.e+00
7.895952e-02	6.790511e-01	0.e+00
2.165573e-01	4.355715e-01	0.e+00
2.783507e-02	8.235137e-01	0.e+00
2.153083e-02	8.537558e-01	0.e+00
0.e+00	1.013483e+00	0.e+00
8.08947e-03	9.178179e-01	0.e+00
9.504404e-03	9.139236e-01	0.e+00
