6.375035e-01	-3.788755e-01	0.e+00
6.501023e-01	-4.511297e-01	0.e+00
6.501023e-01	-4.444647e-01	0.e+00
6.501023e-01	-4.484681e-01	0.e+00
6.363740e-01	-3.643698e-01	0.e+00
6.480024e-01	-4.391459e-01	0.e+00
6.532328e-01	-4.375645e-01	0.e+00
6.451939e-01	-4.181672e-01	0.e+00
6.480024e-01	-4.442645e-01	0.e+00
6.435339e-01	-4.060964e-01	0.e+00
6.495955e-01	-4.314855e-01	0.e+00
6.51598e-01	-4.498661e-01	0.e+00
6.414691e-01	-4.025619e-01	0.e+00
6.435339e-01	-4.058294e-01	0.e+00
6.410164e-01	-4.059341e-01	0.e+00
6.410164e-01	-3.904342e-01	0.e+00
6.410164e-01	-4.055079e-01	0.e+00
6.392336e-01	-3.940359e-01	0.e+00
6.392336e-01	-3.783115e-01	0.e+00
6.392336e-01	-3.877051e-01	0.e+00
6.412988e-01	-4.032315e-01	0.e+00
6.372970e-01	-3.644669e-01	0.e+00
6.392336e-01	-3.940965e-01	0.e+00
6.242709e-01	-2.039607e-01	0.e+00
6.414679e-01	-4.119325e-01	0.e+00
6.363740e-01	-3.610826e-01	0.e+00
6.364056e-01	-3.673216e-01	0.e+00
6.349042e-01	-3.483850e-01	0.e+00
6.352086e-01	-3.447858e-01	0.e+00
5.327792e-01	7.449702e-01	0.e+00
6.338906e-01	-3.393050e-01	0.e+00
6.326212e-01	-3.267299e-01	0.e+00
6.330677e-01	-3.329194e-01	0.e+00
6.247708e-01	-2.199665e-01	0.e+00
6.324118e-01	-3.249736e-01	0.e+00
6.318742e-01	-3.101016e-01	0.e+00
6.318742e-01	-3.136937e-01	0.e+00
6.324118e-01	-3.187823e-01	0.e+00
6.30757e-01	-2.996654e-01	0.e+00
6.307044e-01	-2.997257e-01	0.e+00
6.346211e-01	-3.445969e-01	0.e+00
6.29541e-01	-2.783421e-01	0.e+00
6.29541e-01	-2.838893e-01	0.e+00
6.313818e-01	-3.146929e-01	0.e+00
6.264475e-01	-2.397057e-01	0.e+00
6.242088e-01	-2.088239e-01	0.e+00
6.275533e-01	-2.586968e-01	0.e+00
6.293821e-01	-2.853252e-01	0.e+00
6.270223e-01	-2.513292e-01	0.e+00
6.264125e-01	-2.447483e-01	0.e+00
6.051980e-01	1.530767e-01	0.e+00
6.257844e-01	-2.348001e-01	0.e+00
6.254015e-01	-2.301457e-01	0.e+00
6.281151e-01	-2.672081e-01	0.e+00
6.249351e-01	-2.173531e-01	0.e+00
7.168229e-01	5.277319e-01	0.e+00
6.239406e-01	-2.071797e-01	0.e+00
7.129944e-01	4.479266e-01	0.e+00
6.245185e-01	-2.149508e-01	0.e+00
6.212854e-01	-1.590124e-01	0.e+00
6.239406e-01	-1.956811e-01	0.e+00
5.420628e-01	8.007385e-01	0.e+00
6.223973e-01	-1.701505e-01	0.e+00
6.213369e-01	-1.603115e-01	0.e+00
6.212854e-01	-1.641767e-01	0.e+00
6.212854e-01	-1.612653e-01	0.e+00
6.203838e-01	-1.486539e-01	0.e+00
6.203838e-01	-1.440917e-01	0.e+00
4.559996e-01	-1.173679e-01	0.e+00
5.380938e-01	7.815407e-01	0.e+00
5.385446e-01	7.746141e-01	0.e+00
3.717106e-01	6.866669e-01	0.e+00
6.165152e-01	-8.232039e-02	0.e+00
4.331770e-01	-2.578433e-02	0.e+00
4.551912e-01	-1.191984e-01	0.e+00
4.549022e-01	-1.158964e-01	0.e+00
6.14159e-01	-3.558864e-02	0.e+00
4.549022e-01	-1.200345e-01	0.e+00
4.630779e-01	-9.505376e-02	0.e+00
4.275547e-01	2.535145e-02	0.e+00
5.170037e-01	5.503462e-01	0.e+00
4.539035e-01	-1.197614e-01	0.e+00
4.549022e-01	-1.02177e-01	0.e+00
4.549022e-01	-1.210453e-01	0.e+00
7.040262e-01	2.596666e-01	0.e+00
4.549022e-01	-1.199098e-01	0.e+00
4.491295e-01	-1.110843e-01	0.e+00
4.294042e-01	9.590879e-03	0.e+00
4.607472e-01	-1.093151e-01	0.e+00
4.430823e-01	-9.578836e-02	0.e+00
4.299920e-01	2.663125e-03	0.e+00
4.549022e-01	-1.193126e-01	0.e+00
4.407386e-01	-7.676826e-02	0.e+00
4.455088e-01	-9.562436e-02	0.e+00
4.373363e-01	-6.101903e-02	0.e+00
4.211101e-01	9.732484e-02	0.e+00
4.414409e-01	-8.523948e-02	0.e+00
4.342629e-01	-3.738794e-02	0.e+00
4.342629e-01	-3.404883e-02	0.e+00
4.328983e-01	-1.224144e-02	0.e+00
4.319706e-01	-1.141890e-02	0.e+00
4.313159e-01	-2.155712e-03	0.e+00
4.313159e-01	8.621686e-06	0.e+00
4.503721e-01	-1.108618e-01	0.e+00
4.168714e-01	1.542302e-01	0.e+00
4.276199e-01	2.619397e-02	0.e+00
4.268607e-01	3.200698e-02	0.e+00
4.358804e-01	-4.352044e-02	0.e+00
4.194489e-01	1.166967e-01	0.e+00
4.062452e-01	2.895965e-01	0.e+00
2.544106e-01	2.464619e-01	0.e+00
3.388898e-01	7.404023e-01	0.e+00
4.218340e-01	9.026949e-02	0.e+00
4.189645e-01	1.279818e-01	0.e+00
2.567020e-01	2.470160e-01	0.e+00
4.187771e-01	1.291646e-01	0.e+00
4.187771e-01	1.261915e-01	0.e+00
3.566928e-01	7.611763e-01	0.e+00
4.284769e-01	1.522468e-02	0.e+00
4.164032e-01	1.640954e-01	0.e+00
2.589747e-01	2.459951e-01	0.e+00
4.138065e-01	1.865083e-01	0.e+00
4.12841e-01	2.016947e-01	0.e+00
4.116546e-01	2.157048e-01	0.e+00
3.287511e-01	6.933072e-01	0.e+00
2.577007e-01	2.439155e-01	0.e+00
2.577007e-01	2.422906e-01	0.e+00
2.577007e-01	2.471984e-01	0.e+00
2.577007e-01	2.422906e-01	0.e+00
1.748555e-01	7.061545e-01	0.e+00
2.577007e-01	2.509413e-01	0.e+00
4.187771e-01	1.249461e-01	0.e+00
2.577007e-01	2.444804e-01	0.e+00
2.577007e-01	2.435415e-01	0.e+00
2.577007e-01	2.423498e-01	0.e+00
2.577007e-01	2.431141e-01	0.e+00
2.577007e-01	2.423706e-01	0.e+00
1.807237e-01	6.778955e-01	0.e+00
2.577007e-01	2.422906e-01	0.e+00
2.577007e-01	2.422906e-01	0.e+00
2.15664e-01	4.348969e-01	0.e+00
2.595251e-01	2.427906e-01	0.e+00
2.254245e-01	3.650268e-01	0.e+00
2.577007e-01	2.422906e-01	0.e+00
2.436926e-01	2.692744e-01	0.e+00
2.259814e-01	3.604657e-01	0.e+00
2.475867e-01	2.595846e-01	0.e+00
2.104277e-01	4.740918e-01	0.e+00
2.449568e-01	2.643083e-01	0.e+00
2.43262e-01	2.700424e-01	0.e+00
2.395983e-01	2.888448e-01	0.e+00
2.134140e-01	4.537913e-01	0.e+00
2.342277e-01	3.139720e-01	0.e+00
2.577007e-01	2.506531e-01	0.e+00
2.297828e-01	3.399714e-01	0.e+00
2.445123e-01	2.712121e-01	0.e+00
2.210753e-01	3.949265e-01	0.e+00
2.231617e-01	3.818582e-01	0.e+00
1.664969e-01	7.378017e-01	0.e+00
2.195826e-01	4.074966e-01	0.e+00
3.148304e-01	5.817700e-01	0.e+00
3.309411e-01	6.989814e-01	0.e+00
2.104277e-01	4.795650e-01	0.e+00
2.42694e-01	2.726422e-01	0.e+00
2.163148e-01	4.385089e-01	0.e+00
1.856557e-01	6.543803e-01	0.e+00
1.006167e-02	8.984542e-01	0.e+00
3.606096e-03	9.419992e-01	0.e+00
1.942566e-01	5.967687e-01	0.e+00
2.463914e-02	8.298850e-01	0.e+00
5.856839e-02	7.050657e-01	0.e+00
2.944483e-01	4.113794e-01	0.e+00
8.330205e-02	6.714087e-01	0.e+00
8.330205e-02	6.7193e-01	0.e+00
2.345849e-01	3.113582e-01	0.e+00
1.785179e-01	6.931504e-01	0.e+00
8.330205e-02	6.709860e-01	0.e+00
8.330205e-02	6.72804e-01	0.e+00
1.463639e-02	8.740094e-01	0.e+00
8.330205e-02	6.714508e-01	0.e+00
8.330205e-02	6.762204e-01	0.e+00
8.330205e-02	6.720172e-01	0.e+00
8.330205e-02	6.714782e-01	0.e+00
8.330205e-02	6.711636e-01	0.e+00
2.870517e-01	3.567018e-01	0.e+00
6.553295e-02	6.890891e-01	0.e+00
1.173851e-01	7.235653e-01	0.e+00
7.161784e-02	6.797791e-01	0.e+00
6.615637e-02	6.882459e-01	0.e+00
6.045558e-02	7.019751e-01	0.e+00
5.356069e-02	7.186071e-01	0.e+00
4.901068e-02	7.360142e-01	0.e+00
4.379806e-02	7.521993e-01	0.e+00
3.803571e-02	7.724785e-01	0.e+00
3.146205e-02	7.997658e-01	0.e+00
2.529311e-02	8.248863e-01	0.e+00
8.055019e-03	9.105511e-01	0.e+00
8.548246e-03	9.066172e-01	0.e+00
6.371288e-03	9.223598e-01	0.e+00
0.e+00	1.002418e+00	0.e+00
