8.370747e-01	-3.905909e-01	0.e+00
8.481067e-01	-5.01049e-01	0.e+00
8.481067e-01	-4.568245e-01	0.e+00
8.481067e-01	-4.479697e-01	0.e+00
8.481067e-01	-4.612176e-01	0.e+00
8.370747e-01	-4.040796e-01	0.e+00
8.370747e-01	-3.852505e-01	0.e+00
8.315588e-01	-3.002006e-01	0.e+00
8.315588e-01	-3.108817e-01	0.e+00
8.315588e-01	-3.204082e-01	0.e+00
6.561983e-01	-1.794347e-01	0.e+00
6.818542e-01	4.805644e-02	0.e+00
7.424996e-01	1.117743e+00	0.e+00
6.368682e-01	-1.073692e-01	0.e+00
6.506783e-01	-2.112152e-01	0.e+00
6.479163e-01	-2.036108e-01	0.e+00
6.368682e-01	-1.368618e-01	0.e+00
6.534403e-01	-1.638869e-01	0.e+00
6.423923e-01	-1.625880e-01	0.e+00
6.258202e-01	3.439489e-02	0.e+00
3.669320e-01	1.059333e+00	0.e+00
4.36719e-01	2.469259e-01	0.e+00
6.258202e-01	2.863274e-02	0.e+00
5.395241e-01	1.070013e+00	0.e+00
4.532281e-01	2.148514e-01	0.e+00
4.36719e-01	2.567452e-01	0.e+00
2.619759e-01	5.949666e-01	0.e+00
3.80302e-01	9.335362e-01	0.e+00
4.119554e-01	5.321911e-01	0.e+00
2.661032e-01	5.758362e-01	0.e+00
2.661032e-01	5.579242e-01	0.e+00
2.906859e-01	6.737608e-01	0.e+00
2.385121e-01	6.062730e-01	0.e+00
1.102429e-01	1.079160e+00	0.e+00
2.523076e-01	5.440252e-01	0.e+00
3.060429e-01	8.123618e-01	0.e+00
6.571613e-02	1.073618e+00	0.e+00
2.057858e-01	9.046964e-01	0.e+00
6.942685e-02	1.085938e+00	0.e+00
0.e+00	1.467230e+00	0.e+00
