4.087081e-01	4.875190e-01	0.e+00
4.372415e-01	1.825284e-01	0.e+00
4.46575e-01	1.310971e-01	0.e+00
4.46575e-01	1.382689e-01	0.e+00
4.46575e-01	1.321776e-01	0.e+00
4.46575e-01	1.36784e-01	0.e+00
4.447705e-01	1.350980e-01	0.e+00
4.415556e-01	1.586811e-01	0.e+00
4.415556e-01	1.548968e-01	0.e+00
4.415556e-01	1.503823e-01	0.e+00
4.379467e-01	1.883795e-01	0.e+00
4.379467e-01	1.787434e-01	0.e+00
4.365362e-01	1.788694e-01	0.e+00
4.275235e-01	2.651163e-01	0.e+00
4.362249e-01	1.955166e-01	0.e+00
4.352814e-01	2.055525e-01	0.e+00
4.385742e-01	1.697512e-01	0.e+00
4.329274e-01	2.29249e-01	0.e+00
4.329274e-01	2.080582e-01	0.e+00
4.319933e-01	2.294572e-01	0.e+00
4.329274e-01	2.086816e-01	0.e+00
4.384963e-01	1.782597e-01	0.e+00
4.301889e-01	2.422138e-01	0.e+00
4.280731e-01	2.518548e-01	0.e+00
4.280731e-01	2.640096e-01	0.e+00
4.206927e-01	3.590660e-01	0.e+00
4.280731e-01	2.672677e-01	0.e+00
4.272531e-01	2.818942e-01	0.e+00
4.192904e-01	3.232017e-01	0.e+00
4.206927e-01	2.873401e-01	0.e+00
4.171746e-01	3.422703e-01	0.e+00
4.206927e-01	2.954554e-01	0.e+00
4.182325e-01	3.596797e-01	0.e+00
4.216849e-01	2.761842e-01	0.e+00
4.171746e-01	3.535186e-01	0.e+00
4.171746e-01	3.569532e-01	0.e+00
4.182325e-01	3.330946e-01	0.e+00
4.171746e-01	3.455394e-01	0.e+00
4.171746e-01	3.475398e-01	0.e+00
3.367002e-01	9.481514e-01	0.e+00
4.199915e-01	2.841785e-01	0.e+00
4.199915e-01	2.951643e-01	0.e+00
4.171746e-01	3.453380e-01	0.e+00
1.696564e-01	9.300335e-01	0.e+00
2.491897e-01	4.689006e-01	0.e+00
2.491897e-01	4.534938e-01	0.e+00
4.171746e-01	3.098128e-01	0.e+00
3.376414e-01	9.135051e-01	0.e+00
1.643771e-01	9.250298e-01	0.e+00
2.581081e-01	4.508988e-01	0.e+00
2.581081e-01	4.255953e-01	0.e+00
2.279428e-01	5.395370e-01	0.e+00
2.581081e-01	4.180381e-01	0.e+00
2.625424e-01	4.198105e-01	0.e+00
2.439104e-01	4.245531e-01	0.e+00
2.439104e-01	4.245531e-01	0.e+00
2.439104e-01	4.487303e-01	0.e+00
2.510092e-01	4.178976e-01	0.e+00
2.326195e-01	4.765752e-01	0.e+00
2.350417e-01	4.659321e-01	0.e+00
2.563297e-01	4.085594e-01	0.e+00
2.315519e-01	4.945513e-01	0.e+00
2.193762e-01	5.691018e-01	0.e+00
2.284275e-01	5.153404e-01	0.e+00
2.077906e-01	6.807375e-01	0.e+00
2.238105e-01	5.236358e-01	0.e+00
2.374013e-01	4.724708e-01	0.e+00
2.190913e-01	5.691641e-01	0.e+00
2.166854e-01	5.893121e-01	0.e+00
2.146819e-01	6.271237e-01	0.e+00
2.135611e-01	6.228885e-01	0.e+00
2.15306e-01	6.118867e-01	0.e+00
2.238105e-01	5.313657e-01	0.e+00
2.053088e-01	6.413082e-01	0.e+00
2.053088e-01	6.300039e-01	0.e+00
8.800735e-02	8.025479e-01	0.e+00
8.800735e-02	8.025479e-01	0.e+00
8.800735e-02	7.988075e-01	0.e+00
8.800735e-02	7.965782e-01	0.e+00
2.935665e-02	9.441368e-01	0.e+00
8.800735e-02	7.965782e-01	0.e+00
8.800735e-02	8.002230e-01	0.e+00
9.475299e-02	8.066865e-01	0.e+00
8.800735e-02	8.122169e-01	0.e+00
8.800735e-02	7.965782e-01	0.e+00
9.592960e-02	8.040989e-01	0.e+00
1.105910e-01	8.233356e-01	0.e+00
8.800735e-02	8.219854e-01	0.e+00
8.800735e-02	8.219854e-01	0.e+00
7.451607e-02	7.983716e-01	0.e+00
8.126171e-02	7.965816e-01	0.e+00
5.101597e-02	9.137042e-01	0.e+00
4.690178e-02	9.185039e-01	0.e+00
4.283997e-02	9.037394e-01	0.e+00
4.283997e-02	8.989025e-01	0.e+00
2.926474e-02	9.524676e-01	0.e+00
7.472646e-02	8.405520e-01	0.e+00
8.463453e-02	8.356626e-01	0.e+00
0.e+00	1.154967e+00	0.e+00
5.581937e-03	1.089492e+00	0.e+00
