6.337468e-01	-2.289847e-01	0.e+00
6.283353e-01	-1.522211e-01	0.e+00
6.399315e-01	-2.560142e-01	0.e+00
6.399315e-01	-2.623400e-01	0.e+00
6.399315e-01	-2.328366e-01	0.e+00
6.287218e-01	-1.233682e-01	0.e+00
6.341334e-01	-2.016652e-01	0.e+00
6.337468e-01	-2.415638e-01	0.e+00
6.337468e-01	-2.223196e-01	0.e+00
6.322007e-01	-2.225289e-01	0.e+00
6.30268e-01	-1.957742e-01	0.e+00
6.260161e-01	-1.259702e-01	0.e+00
6.30268e-01	-1.806103e-01	0.e+00
6.30268e-01	-1.836914e-01	0.e+00
6.325872e-01	-2.044016e-01	0.e+00
6.275622e-01	-1.591719e-01	0.e+00
6.275622e-01	-1.561606e-01	0.e+00
6.283353e-01	-1.624825e-01	0.e+00
6.265959e-01	-1.391098e-01	0.e+00
6.260161e-01	-1.209761e-01	0.e+00
6.260161e-01	-1.188532e-01	0.e+00
5.354339e-01	8.666073e-01	0.e+00
6.281420e-01	-1.354225e-01	0.e+00
7.176612e-01	6.682498e-01	0.e+00
5.367868e-01	8.774313e-01	0.e+00
6.260161e-01	-1.056091e-01	0.e+00
6.260161e-01	-1.185112e-01	0.e+00
7.150520e-01	6.167873e-01	0.e+00
3.589081e-01	8.87776e-01	0.e+00
4.577353e-01	9.094366e-03	0.e+00
4.479441e-01	-1.246042e-02	0.e+00
5.369801e-01	8.664954e-01	0.e+00
3.589081e-01	8.799665e-01	0.e+00
6.335370e-01	-2.340498e-01	0.e+00
3.438662e-01	8.324587e-01	0.e+00
4.479441e-01	-2.716107e-02	0.e+00
6.003062e-01	3.128795e-01	0.e+00
4.479441e-01	-3.203862e-02	0.e+00
4.479441e-01	-3.065640e-02	0.e+00
4.479441e-01	-2.743917e-02	0.e+00
4.479441e-01	-1.407369e-02	0.e+00
4.251219e-01	1.228258e-01	0.e+00
4.326429e-01	6.742884e-02	0.e+00
4.482034e-01	-3.320625e-02	0.e+00
4.271360e-01	1.180764e-01	0.e+00
4.25191e-01	1.576589e-01	0.e+00
4.405528e-01	1.533712e-02	0.e+00
4.165112e-01	2.471061e-01	0.e+00
4.306288e-01	7.125307e-02	0.e+00
4.22632e-01	1.628606e-01	0.e+00
4.22632e-01	1.629939e-01	0.e+00
4.110589e-01	3.332128e-01	0.e+00
4.218884e-01	1.813445e-01	0.e+00
2.526497e-01	3.459241e-01	0.e+00
5.043227e-01	4.548159e-01	0.e+00
4.165112e-01	2.400413e-01	0.e+00
3.340769e-01	8.008437e-01	0.e+00
4.165112e-01	2.554577e-01	0.e+00
1.745857e-01	8.266073e-01	0.e+00
2.570199e-01	3.430045e-01	0.e+00
1.745857e-01	8.070193e-01	0.e+00
2.570199e-01	3.404221e-01	0.e+00
1.701507e-01	8.468792e-01	0.e+00
3.367656e-01	8.285143e-01	0.e+00
4.165112e-01	2.452989e-01	0.e+00
2.570199e-01	3.445033e-01	0.e+00
2.570199e-01	3.404221e-01	0.e+00
3.367656e-01	8.286284e-01	0.e+00
2.570199e-01	3.433164e-01	0.e+00
2.570199e-01	3.548128e-01	0.e+00
2.570199e-01	3.595977e-01	0.e+00
2.498963e-01	3.718623e-01	0.e+00
2.641436e-01	3.503898e-01	0.e+00
2.427727e-01	4.317796e-01	0.e+00
1.990494e-01	6.795021e-01	0.e+00
2.455461e-01	4.466497e-01	0.e+00
2.126996e-01	6.570216e-01	0.e+00
1.990494e-01	7.085035e-01	0.e+00
2.198233e-01	5.984306e-01	0.e+00
2.427727e-01	4.636686e-01	0.e+00
1.492440e-01	9.375870e-01	0.e+00
2.06765e-01	6.341929e-01	0.e+00
3.069468e-01	6.763622e-01	0.e+00
2.253506e-01	5.128e-01	0.e+00
1.92314e-01	7.921296e-01	0.e+00
7.782478e-02	8.545080e-01	0.e+00
2.935862e-01	5.417762e-01	0.e+00
8.930575e-02	8.268364e-01	0.e+00
2.404699e-02	1.005686e+00	0.e+00
1.072240e-01	8.511674e-01	0.e+00
8.930575e-02	8.561348e-01	0.e+00
8.930575e-02	8.293195e-01	0.e+00
7.782478e-02	8.212472e-01	0.e+00
7.027913e-02	8.400802e-01	0.e+00
6.273349e-02	8.608302e-01	0.e+00
0.e+00	1.188825e+00	0.e+00
1.454722e-01	9.168747e-01	0.e+00
4.339024e-02	9.301072e-01	0.e+00
4.620318e-03	1.134118e+00	0.e+00
0.e+00	1.234067e+00	0.e+00
