8.416805e-01	-5.365303e-01	0.e+00
8.416805e-01	-5.365303e-01	0.e+00
8.416805e-01	-5.365303e-01	0.e+00
8.416805e-01	-5.365303e-01	0.e+00
8.416805e-01	-5.365303e-01	0.e+00
8.416805e-01	-5.365303e-01	0.e+00
8.416805e-01	-5.365303e-01	0.e+00
8.416805e-01	-5.417862e-01	0.e+00
8.416805e-01	-5.354362e-01	0.e+00
8.416805e-01	-5.354362e-01	0.e+00
8.416805e-01	-5.354362e-01	0.e+00
8.416805e-01	-5.172668e-01	0.e+00
8.416805e-01	-5.172668e-01	0.e+00
8.416805e-01	-5.408991e-01	0.e+00
8.29993e-01	-3.935881e-01	0.e+00
8.475243e-01	-5.764328e-01	0.e+00
8.358367e-01	-4.76565e-01	0.e+00
8.358367e-01	-4.881148e-01	0.e+00
8.29993e-01	-3.976186e-01	0.e+00
8.29993e-01	-4.355628e-01	0.e+00
8.329149e-01	-4.727059e-01	0.e+00
7.344028e-01	9.508363e-01	0.e+00
8.29993e-01	-4.3623e-01	0.e+00
5.476052e-01	9.699050e-01	0.e+00
8.29993e-01	-4.3623e-01	0.e+00
7.358637e-01	9.607719e-01	0.e+00
8.29993e-01	-4.3623e-01	0.e+00
6.417345e-01	-2.750411e-01	0.e+00
8.29993e-01	-4.34046e-01	0.e+00
6.417345e-01	-2.839373e-01	0.e+00
7.358637e-01	9.448961e-01	0.e+00
6.417345e-01	-2.713635e-01	0.e+00
6.252155e-01	-9.332249e-02	0.e+00
6.417345e-01	-2.659179e-01	0.e+00
6.417345e-01	-2.561592e-01	0.e+00
6.417345e-01	-2.864711e-01	0.e+00
6.472408e-01	-2.935013e-01	0.e+00
6.417345e-01	-2.782089e-01	0.e+00
6.33475e-01	-1.804542e-01	0.e+00
6.307218e-01	-1.698684e-01	0.e+00
6.362282e-01	-2.228122e-01	0.e+00
6.307218e-01	-1.698684e-01	0.e+00
6.307218e-01	-1.545348e-01	0.e+00
3.662603e-01	8.97199e-01	0.e+00
6.307218e-01	-1.477887e-01	0.e+00
6.252155e-01	-5.355244e-02	0.e+00
5.439446e-01	1.002439e+00	0.e+00
5.398148e-01	9.570193e-01	0.e+00
6.252155e-01	-5.263319e-02	0.e+00
6.252155e-01	-6.162704e-02	0.e+00
4.544141e-01	5.065414e-02	0.e+00
3.662603e-01	9.035349e-01	0.e+00
4.544141e-01	4.204794e-02	0.e+00
3.638599e-01	9.008151e-01	0.e+00
4.318792e-01	1.492375e-01	0.e+00
4.544141e-01	3.880344e-02	0.e+00
4.441071e-01	6.379585e-02	0.e+00
4.544141e-01	4.362601e-02	0.e+00
4.441071e-01	6.379585e-02	0.e+00
4.441071e-01	1.081031e-01	0.e+00
4.441071e-01	6.103172e-02	0.e+00
3.612956e-01	9.050339e-01	0.e+00
4.318792e-01	1.558512e-01	0.e+00
4.299583e-01	1.842393e-01	0.e+00
4.299583e-01	1.554785e-01	0.e+00
4.299583e-01	1.523624e-01	0.e+00
4.299583e-01	1.40127e-01	0.e+00
3.419932e-01	9.207135e-01	0.e+00
4.370327e-01	1.275091e-01	0.e+00
4.188110e-01	3.106789e-01	0.e+00
4.411835e-01	7.277931e-02	0.e+00
4.299583e-01	1.315967e-01	0.e+00
4.188110e-01	3.157496e-01	0.e+00
2.681771e-01	4.492663e-01	0.e+00
2.596486e-01	4.289878e-01	0.e+00
2.596486e-01	4.489814e-01	0.e+00
2.596486e-01	4.313735e-01	0.e+00
2.596486e-01	4.296495e-01	0.e+00
2.042914e-01	7.423667e-01	0.e+00
2.538013e-01	4.881473e-01	0.e+00
2.724304e-01	4.524708e-01	0.e+00
2.394255e-01	4.986427e-01	0.e+00
2.298848e-01	5.290446e-01	0.e+00
3.282544e-01	8.611035e-01	0.e+00
2.111859e-01	7.134849e-01	0.e+00
2.668365e-01	4.550606e-01	0.e+00
2.538013e-01	4.290542e-01	0.e+00
1.941288e-01	8.026561e-01	0.e+00
8.199075e-02	9.009337e-01	0.e+00
0.e+00	1.272359e+00	0.e+00
3.325718e-02	1.031616e+00	0.e+00
1.465883e-01	9.879032e-01	0.e+00
8.199075e-02	8.973970e-01	0.e+00
8.199075e-02	9.007156e-01	0.e+00
7.544397e-02	9.330843e-01	0.e+00
6.074893e-02	9.496167e-01	0.e+00
4.60539e-02	9.771122e-01	0.e+00
3.325718e-02	1.028559e+00	0.e+00
1.739318e-02	1.096822e+00	0.e+00
2.394255e-01	4.749329e-01	0.e+00
