8.247725e-01	-2.808618e-01	0.e+00
8.436976e-01	-5.092533e-01	0.e+00
8.426906e-01	-4.866085e-01	0.e+00
8.454761e-01	-5.255960e-01	0.e+00
8.400587e-01	-5.099781e-01	0.e+00
8.436976e-01	-5.400861e-01	0.e+00
8.247725e-01	-2.900748e-01	0.e+00
8.382017e-01	-4.776140e-01	0.e+00
8.383177e-01	-4.73357e-01	0.e+00
8.365768e-01	-4.305052e-01	0.e+00
8.1882e-01	-1.611412e-01	0.e+00
8.272098e-01	-3.568567e-01	0.e+00
8.278743e-01	-3.144871e-01	0.e+00
8.402532e-01	-4.79957e-01	0.e+00
6.540488e-01	-2.510821e-01	0.e+00
8.272098e-01	-3.626867e-01	0.e+00
6.497752e-01	-2.786559e-01	0.e+00
7.353347e-01	9.661024e-01	0.e+00
8.272098e-01	-3.245849e-01	0.e+00
7.365570e-01	1.035101e+00	0.e+00
6.497752e-01	-2.596623e-01	0.e+00
8.272098e-01	-3.658462e-01	0.e+00
6.497752e-01	-2.693788e-01	0.e+00
6.497752e-01	-2.613236e-01	0.e+00
6.497752e-01	-2.723598e-01	0.e+00
6.497752e-01	-2.792758e-01	0.e+00
6.436108e-01	-2.220126e-01	0.e+00
6.436108e-01	-2.216859e-01	0.e+00
6.497752e-01	-2.555659e-01	0.e+00
6.466930e-01	-2.388645e-01	0.e+00
7.094376e-01	5.681950e-01	0.e+00
6.463362e-01	-2.239869e-01	0.e+00
6.302619e-01	-1.139942e-01	0.e+00
6.302619e-01	-1.134625e-01	0.e+00
6.302619e-01	-1.132914e-01	0.e+00
6.302619e-01	-1.143862e-01	0.e+00
6.403751e-01	-1.944898e-01	0.e+00
5.41791e-01	9.758040e-01	0.e+00
4.533200e-01	1.119189e-01	0.e+00
5.36393e-01	9.994775e-01	0.e+00
4.533200e-01	1.297395e-01	0.e+00
5.461092e-01	1.012456e+00	0.e+00
4.533200e-01	7.055807e-02	0.e+00
5.190570e-01	7.729569e-01	0.e+00
6.216254e-01	2.857300e-02	0.e+00
4.32075e-01	1.626083e-01	0.e+00
4.466560e-01	7.838274e-02	0.e+00
4.420709e-01	1.402203e-01	0.e+00
4.420709e-01	1.305871e-01	0.e+00
4.221474e-01	2.538017e-01	0.e+00
4.410657e-01	1.026347e-01	0.e+00
4.410657e-01	1.111935e-01	0.e+00
4.221474e-01	2.647778e-01	0.e+00
2.595615e-01	4.176467e-01	0.e+00
1.807505e-01	8.759668e-01	0.e+00
1.768932e-01	8.977314e-01	0.e+00
2.645253e-01	4.188699e-01	0.e+00
3.433364e-01	9.194772e-01	0.e+00
2.645253e-01	4.18558e-01	0.e+00
1.857143e-01	8.343191e-01	0.e+00
2.168531e-01	6.404717e-01	0.e+00
2.645253e-01	4.472526e-01	0.e+00
2.645253e-01	4.18558e-01	0.e+00
2.468832e-01	4.392415e-01	0.e+00
2.372242e-01	4.725070e-01	0.e+00
2.441542e-01	4.301944e-01	0.e+00
2.237831e-01	5.968955e-01	0.e+00
3.190298e-01	7.813201e-01	0.e+00
2.372864e-02	1.087538e+00	0.e+00
8.747313e-02	8.669172e-01	0.e+00
8.747313e-02	8.497108e-01	0.e+00
8.747313e-02	8.627389e-01	0.e+00
7.634207e-02	8.732217e-01	0.e+00
1.512176e-01	9.218352e-01	0.e+00
8.747313e-02	8.530048e-01	0.e+00
7.245876e-02	8.919517e-01	0.e+00
3.485824e-02	1.017816e+00	0.e+00
3.485824e-02	9.683683e-01	0.e+00
2.582048e-03	1.183355e+00	0.e+00
3.226561e-01	7.841126e-01	0.e+00
