8.436422e-01	-6.428243e-01	0.e+00
8.356068e-01	-5.368354e-01	0.e+00
8.502163e-01	-6.694933e-01	0.e+00
8.436422e-01	-6.286294e-01	0.e+00
8.436422e-01	-6.239204e-01	0.e+00
8.424648e-01	-6.003139e-01	0.e+00
8.391778e-01	-5.995618e-01	0.e+00
8.534437e-01	-6.630612e-01	0.e+00
8.385443e-01	-5.740835e-01	0.e+00
8.385443e-01	-5.734616e-01	0.e+00
8.385443e-01	-5.858221e-01	0.e+00
8.355919e-01	-5.635943e-01	0.e+00
8.355919e-01	-5.596339e-01	0.e+00
8.419749e-01	-6.198788e-01	0.e+00
8.342710e-01	-5.234455e-01	0.e+00
8.330578e-01	-4.986255e-01	0.e+00
6.423131e-01	-2.619066e-01	0.e+00
8.299978e-01	-4.165139e-01	0.e+00
8.345878e-01	-5.368451e-01	0.e+00
8.299978e-01	-4.167732e-01	0.e+00
5.534134e-01	9.886789e-01	0.e+00
8.306373e-01	-4.546009e-01	0.e+00
8.256827e-01	-3.561926e-01	0.e+00
6.466282e-01	-3.466267e-01	0.e+00
6.466282e-01	-3.646449e-01	0.e+00
7.356169e-01	9.186511e-01	0.e+00
6.466282e-01	-3.353569e-01	0.e+00
6.466282e-01	-3.549095e-01	0.e+00
6.466282e-01	-3.301835e-01	0.e+00
8.358841e-01	-5.936851e-01	0.e+00
6.398128e-01	-2.828241e-01	0.e+00
6.334436e-01	-2.221607e-01	0.e+00
6.26093e-01	-1.563452e-01	0.e+00
6.329975e-01	-2.337524e-01	0.e+00
6.389000e-01	-3.01632e-01	0.e+00
6.232000e-01	-1.079316e-01	0.e+00
4.536441e-01	-2.281727e-02	0.e+00
6.253449e-01	-1.225437e-01	0.e+00
4.504303e-01	-9.792474e-03	0.e+00
5.415432e-01	8.614289e-01	0.e+00
6.227436e-01	-9.945809e-02	0.e+00
4.536441e-01	-2.082966e-02	0.e+00
3.624781e-01	8.465020e-01	0.e+00
3.611775e-01	8.511927e-01	0.e+00
4.536441e-01	-1.816280e-02	0.e+00
4.536441e-01	-3.518924e-02	0.e+00
4.712003e-01	5.089560e-02	0.e+00
4.292814e-01	6.908613e-02	0.e+00
4.420156e-01	2.046737e-02	0.e+00
4.183414e-01	2.062619e-01	0.e+00
4.292814e-01	6.908613e-02	0.e+00
4.292814e-01	8.451646e-02	0.e+00
4.292814e-01	8.32288e-02	0.e+00
4.292814e-01	8.845552e-02	0.e+00
4.183414e-01	2.095698e-01	0.e+00
2.590962e-01	3.542599e-01	0.e+00
4.117236e-01	3.081549e-01	0.e+00
1.740036e-01	8.467570e-01	0.e+00
2.590962e-01	3.435487e-01	0.e+00
5.143740e-01	5.878885e-01	0.e+00
2.659041e-01	3.540312e-01	0.e+00
2.590962e-01	3.974116e-01	0.e+00
2.590962e-01	3.319198e-01	0.e+00
2.590962e-01	3.352016e-01	0.e+00
2.454802e-01	3.733725e-01	0.e+00
2.398132e-01	4.183047e-01	0.e+00
2.225656e-01	5.242501e-01	0.e+00
1.755478e-01	7.907951e-01	0.e+00
2.075269e-01	5.962551e-01	0.e+00
7.373418e-02	7.895886e-01	0.e+00
9.199948e-02	7.727316e-01	0.e+00
9.199948e-02	7.812260e-01	0.e+00
0.e+00	1.122986e+00	0.e+00
9.199948e-02	7.630634e-01	0.e+00
9.199948e-02	7.594214e-01	0.e+00
2.075269e-01	5.940361e-01	0.e+00
1.288666e-01	8.321080e-01	0.e+00
3.181933e-02	9.362408e-01	0.e+00
2.048514e-02	9.796934e-01	0.e+00
2.048514e-02	9.848401e-01	0.e+00
