8.461045e-01	-6.805268e-01	0.e+00
8.389545e-01	-6.259636e-01	0.e+00
8.413378e-01	-6.478263e-01	0.e+00
8.389545e-01	-6.204781e-01	0.e+00
8.332788e-01	-5.676424e-01	0.e+00
8.332788e-01	-5.682751e-01	0.e+00
8.332788e-01	-5.325622e-01	0.e+00
8.325416e-01	-5.272141e-01	0.e+00
8.318044e-01	-5.114078e-01	0.e+00
8.318044e-01	-4.925985e-01	0.e+00
7.438422e-01	9.351110e-01	0.e+00
6.486579e-01	-4.078143e-01	0.e+00
6.486579e-01	-4.078143e-01	0.e+00
6.372535e-01	-3.327275e-01	0.e+00
6.372535e-01	-3.226957e-01	0.e+00
6.456042e-01	-3.836789e-01	0.e+00
6.372535e-01	-3.253811e-01	0.e+00
6.433609e-01	-3.604102e-01	0.e+00
6.250386e-01	-1.542424e-01	0.e+00
6.250386e-01	-1.619634e-01	0.e+00
4.538733e-01	-3.606371e-02	0.e+00
4.508196e-01	-5.247975e-02	0.e+00
4.508196e-01	-3.219741e-02	0.e+00
4.508196e-01	-4.161584e-02	0.e+00
4.359974e-01	1.643781e-02	0.e+00
4.359974e-01	6.276704e-03	0.e+00
5.265998e-01	7.198159e-01	0.e+00
4.165909e-01	2.075138e-01	0.e+00
3.305727e-01	7.554683e-01	0.e+00
3.569624e-01	8.276761e-01	0.e+00
2.547925e-01	3.084114e-01	0.e+00
2.547925e-01	3.272049e-01	0.e+00
2.31793e-01	3.976241e-01	0.e+00
8.528798e-02	7.648626e-01	0.e+00
1.986079e-01	6.419379e-01	0.e+00
0.e+00	1.094120e+00	0.e+00
7.551705e-02	7.587265e-01	0.e+00
7.551705e-02	7.833557e-01	0.e+00
4.131537e-02	8.532609e-01	0.e+00
2.524507e-01	3.199065e-01	0.e+00
