6.431601e-01	-2.649789e-01	0.e+00
6.431601e-01	-2.596711e-01	0.e+00
6.431601e-01	-2.582310e-01	0.e+00
6.431601e-01	-2.521274e-01	0.e+00
6.431601e-01	-2.521274e-01	0.e+00
6.431601e-01	-2.521274e-01	0.e+00
6.431601e-01	-2.635414e-01	0.e+00
6.431601e-01	-2.560606e-01	0.e+00
6.431601e-01	-2.66404e-01	0.e+00
6.431601e-01	-2.646331e-01	0.e+00
6.431601e-01	-2.639220e-01	0.e+00
6.431601e-01	-2.613511e-01	0.e+00
6.431601e-01	-2.767039e-01	0.e+00
6.431601e-01	-2.827161e-01	0.e+00
6.431601e-01	-2.827161e-01	0.e+00
7.151518e-01	6.297922e-01	0.e+00
6.431601e-01	-2.827161e-01	0.e+00
6.431601e-01	-2.878210e-01	0.e+00
6.431601e-01	-2.871487e-01	0.e+00
6.947584e-01	2.019314e-01	0.e+00
6.431601e-01	-2.864302e-01	0.e+00
6.431601e-01	-2.864302e-01	0.e+00
6.431601e-01	-2.864302e-01	0.e+00
6.382821e-01	-2.356669e-01	0.e+00
6.382821e-01	-2.366650e-01	0.e+00
6.382821e-01	-2.357471e-01	0.e+00
6.382821e-01	-2.357471e-01	0.e+00
4.410505e-01	8.446685e-02	0.e+00
4.410505e-01	1.118658e-01	0.e+00
6.382821e-01	-2.171289e-01	0.e+00
7.368978e-01	9.934352e-01	0.e+00
6.382821e-01	-2.100116e-01	0.e+00
6.382821e-01	-2.117652e-01	0.e+00
6.382821e-01	-2.057825e-01	0.e+00
6.382821e-01	-2.172704e-01	0.e+00
6.382821e-01	-2.210866e-01	0.e+00
6.382821e-01	-2.368952e-01	0.e+00
4.410505e-01	8.010950e-02	0.e+00
4.410505e-01	7.89337e-02	0.e+00
4.410505e-01	8.086837e-02	0.e+00
4.410505e-01	7.671866e-02	0.e+00
6.382821e-01	-2.32508e-01	0.e+00
4.410505e-01	7.671866e-02	0.e+00
4.410505e-01	8.617777e-02	0.e+00
4.402257e-01	8.821887e-02	0.e+00
4.26829e-01	2.051893e-01	0.e+00
4.455161e-01	7.008651e-02	0.e+00
4.446913e-01	8.348622e-02	0.e+00
4.432833e-01	8.303830e-02	0.e+00
4.21951e-01	2.729877e-01	0.e+00
4.312946e-01	1.581528e-01	0.e+00
4.312946e-01	1.486992e-01	0.e+00
4.312946e-01	1.631442e-01	0.e+00
4.421967e-01	8.510004e-02	0.e+00
3.327489e-01	8.989904e-01	0.e+00
3.403316e-01	9.097464e-01	0.e+00
2.665568e-01	4.544652e-01	0.e+00
4.237118e-01	2.222052e-01	0.e+00
4.21951e-01	2.693502e-01	0.e+00
4.21951e-01	2.817608e-01	0.e+00
3.401254e-01	9.520803e-01	0.e+00
3.401254e-01	9.428998e-01	0.e+00
2.582999e-01	4.035365e-01	0.e+00
2.591803e-01	4.061414e-01	0.e+00
2.582999e-01	4.098605e-01	0.e+00
1.755939e-01	8.653876e-01	0.e+00
2.582999e-01	4.647069e-01	0.e+00
2.309449e-01	5.283422e-01	0.e+00
2.309449e-01	5.026292e-01	0.e+00
2.582999e-01	4.255972e-01	0.e+00
2.582999e-01	4.035365e-01	0.e+00
1.688916e-01	8.720785e-01	0.e+00
2.582999e-01	4.29541e-01	0.e+00
2.741290e-01	4.254279e-01	0.e+00
2.431345e-01	4.041584e-01	0.e+00
2.431345e-01	4.296597e-01	0.e+00
2.309449e-01	5.050554e-01	0.e+00
2.582999e-01	3.746414e-01	0.e+00
3.005247e-01	6.06588e-01	0.e+00
2.114761e-01	6.13044e-01	0.e+00
2.543568e-01	3.957325e-01	0.e+00
2.414552e-01	4.309536e-01	0.e+00
7.281679e-02	8.760456e-01	0.e+00
1.774978e-01	8.684413e-01	0.e+00
2.081177e-01	6.509828e-01	0.e+00
8.02028e-02	8.437483e-01	0.e+00
8.02028e-02	8.272466e-01	0.e+00
8.02028e-02	8.317999e-01	0.e+00
1.726541e-01	8.976183e-01	0.e+00
8.02028e-02	8.184244e-01	0.e+00
4.01014e-02	9.235079e-01	0.e+00
8.412446e-02	8.348767e-01	0.e+00
8.02028e-02	8.425356e-01	0.e+00
7.840665e-02	8.419893e-01	0.e+00
5.698764e-02	8.883773e-01	0.e+00
2.281684e-01	5.039352e-01	0.e+00
4.01014e-02	9.207331e-01	0.e+00
1.456613e-02	1.032186e+00	0.e+00
1.409958e-01	9.322964e-01	0.e+00
8.02028e-02	8.271631e-01	0.e+00
