6.381496e-01	-2.265178e-01	0.e+00
6.299269e-01	-1.458884e-01	0.e+00
6.461396e-01	-2.795378e-01	0.e+00
6.323789e-01	-1.725013e-01	0.e+00
6.461396e-01	-2.827829e-01	0.e+00
6.461396e-01	-2.780546e-01	0.e+00
6.457062e-01	-2.832732e-01	0.e+00
6.241437e-01	-5.723734e-02	0.e+00
6.356977e-01	-1.966017e-01	0.e+00
6.388317e-01	-2.304182e-01	0.e+00
6.348308e-01	-1.936632e-01	0.e+00
6.348308e-01	-2.014538e-01	0.e+00
6.323789e-01	-1.634553e-01	0.e+00
6.269251e-01	-9.923521e-02	0.e+00
6.393756e-01	-2.733847e-01	0.e+00
6.292358e-01	-1.335829e-01	0.e+00
6.292358e-01	-1.02713e-01	0.e+00
6.292358e-01	-1.330909e-01	0.e+00
6.252829e-01	-7.932072e-02	0.e+00
6.633709e-01	-2.627912e-01	0.e+00
6.254935e-01	-8.971163e-02	0.e+00
6.220986e-01	-8.798724e-03	0.e+00
6.250229e-01	-7.054290e-02	0.e+00
6.197975e-01	2.831440e-02	0.e+00
5.423019e-01	9.60135e-01	0.e+00
7.047259e-01	4.38016e-01	0.e+00
6.199501e-01	2.372443e-02	0.e+00
6.197975e-01	2.577085e-02	0.e+00
5.367402e-01	9.477570e-01	0.e+00
5.294595e-01	8.721746e-01	0.e+00
4.538355e-01	4.644525e-02	0.e+00
5.358396e-01	9.310183e-01	0.e+00
4.525570e-01	4.508365e-02	0.e+00
3.610876e-01	8.993916e-01	0.e+00
4.525570e-01	7.494195e-02	0.e+00
4.525570e-01	4.281581e-02	0.e+00
4.440417e-01	6.144364e-02	0.e+00
4.232078e-01	2.412348e-01	0.e+00
4.362554e-01	1.164964e-01	0.e+00
4.287830e-01	1.883938e-01	0.e+00
4.336986e-01	1.481605e-01	0.e+00
4.313586e-01	1.794424e-01	0.e+00
4.452117e-01	4.832111e-02	0.e+00
4.258657e-01	2.028699e-01	0.e+00
4.232078e-01	2.748215e-01	0.e+00
4.232078e-01	2.489386e-01	0.e+00
4.193538e-01	2.869956e-01	0.e+00
3.384034e-01	8.995401e-01	0.e+00
4.287830e-01	1.594305e-01	0.e+00
4.143331e-01	3.463893e-01	0.e+00
2.587739e-01	4.170879e-01	0.e+00
2.587739e-01	4.012428e-01	0.e+00
2.587739e-01	4.022290e-01	0.e+00
3.304621e-01	8.630867e-01	0.e+00
1.671032e-01	9.041080e-01	0.e+00
2.587739e-01	4.143151e-01	0.e+00
2.575187e-01	4.033291e-01	0.e+00
2.587739e-01	3.941946e-01	0.e+00
2.562636e-01	4.101529e-01	0.e+00
2.415704e-01	4.362305e-01	0.e+00
2.415704e-01	4.358833e-01	0.e+00
2.772326e-01	4.881093e-01	0.e+00
2.501721e-01	4.039024e-01	0.e+00
2.218565e-01	5.284397e-01	0.e+00
2.218565e-01	5.578261e-01	0.e+00
1.155229e-01	8.553189e-01	0.e+00
2.061245e-01	7.32679e-01	0.e+00
1.942309e-01	7.541462e-01	0.e+00
1.07657e-01	8.692238e-01	0.e+00
2.218565e-01	5.412714e-01	0.e+00
8.752731e-02	8.391126e-01	0.e+00
1.07657e-01	8.523360e-01	0.e+00
1.028699e-01	8.803092e-01	0.e+00
0.e+00	1.195796e+00	0.e+00
0.e+00	1.196578e+00	0.e+00
1.364031e-02	1.062460e+00	0.e+00
6.064864e-02	8.554085e-01	0.e+00
1.780003e-02	1.039908e+00	0.e+00
1.364031e-02	1.101231e+00	0.e+00
0.e+00	1.210123e+00	0.e+00
