4.466666e-01	4.039972e-02	0.e+00
4.466666e-01	3.013929e-02	0.e+00
4.439452e-01	4.293122e-02	0.e+00
4.439452e-01	3.162779e-02	0.e+00
4.385022e-01	7.690539e-02	0.e+00
4.385022e-01	7.690539e-02	0.e+00
4.385022e-01	8.215209e-02	0.e+00
4.385022e-01	8.799987e-02	0.e+00
4.385022e-01	9.337561e-02	0.e+00
4.385022e-01	7.210344e-02	0.e+00
4.356583e-01	9.38635e-02	0.e+00
4.342364e-01	1.184717e-01	0.e+00
4.202776e-01	2.324207e-01	0.e+00
4.376609e-01	9.689513e-02	0.e+00
5.020569e-01	4.43008e-01	0.e+00
4.114261e-01	3.549149e-01	0.e+00
3.046546e-01	6.117362e-01	0.e+00
4.134287e-01	3.045805e-01	0.e+00
2.469338e-01	3.87868e-01	0.e+00
2.578804e-01	3.576170e-01	0.e+00
1.801062e-01	8.073773e-01	0.e+00
2.177364e-01	5.329271e-01	0.e+00
2.514586e-01	3.496652e-01	0.e+00
2.376536e-01	3.886178e-01	0.e+00
2.376536e-01	3.872563e-01	0.e+00
2.311177e-01	4.430105e-01	0.e+00
2.238486e-01	4.645467e-01	0.e+00
2.238486e-01	5.512687e-01	0.e+00
2.127666e-01	5.822604e-01	0.e+00
2.09132e-01	7.165207e-01	0.e+00
2.016846e-01	7.270159e-01	0.e+00
2.664727e-01	4.473552e-01	0.e+00
8.70031e-02	8.709293e-01	0.e+00
8.70031e-02	8.648161e-01	0.e+00
8.70031e-02	8.656216e-01	0.e+00
8.70031e-02	8.655126e-01	0.e+00
0.e+00	1.231215e+00	0.e+00
2.264042e-02	1.056396e+00	0.e+00
4.401812e-02	9.666157e-01	0.e+00
0.e+00	1.232018e+00	0.e+00
