6.525836e-01	-4.517831e-01	0.e+00
6.389699e-01	-3.927893e-01	0.e+00
6.470626e-01	-4.422478e-01	0.e+00
6.444520e-01	-4.257495e-01	0.e+00
6.439908e-01	-4.254181e-01	0.e+00
6.419089e-01	-4.052773e-01	0.e+00
6.408347e-01	-4.072203e-01	0.e+00
6.298048e-01	-2.967358e-01	0.e+00
6.408347e-01	-4.076314e-01	0.e+00
6.508757e-01	-4.520779e-01	0.e+00
6.374577e-01	-3.815214e-01	0.e+00
6.373252e-01	-3.803982e-01	0.e+00
6.488712e-01	-4.486249e-01	0.e+00
6.350111e-01	-3.520722e-01	0.e+00
6.481574e-01	-4.41975e-01	0.e+00
6.347378e-01	-3.547391e-01	0.e+00
6.325017e-01	-3.279787e-01	0.e+00
6.205920e-01	-1.549225e-01	0.e+00
6.325017e-01	-3.214413e-01	0.e+00
6.303891e-01	-3.050283e-01	0.e+00
6.297569e-01	-2.933282e-01	0.e+00
6.301034e-01	-2.82428e-01	0.e+00
6.333746e-01	-3.361368e-01	0.e+00
6.291470e-01	-2.672790e-01	0.e+00
6.273139e-01	-2.571734e-01	0.e+00
6.202310e-01	-1.486139e-01	0.e+00
6.314860e-01	-3.127419e-01	0.e+00
6.245434e-01	-2.149351e-01	0.e+00
6.239147e-01	-1.991322e-01	0.e+00
6.189167e-01	-1.303113e-01	0.e+00
6.259737e-01	-2.413077e-01	0.e+00
6.215241e-01	-1.657507e-01	0.e+00
6.210163e-01	-1.645286e-01	0.e+00
6.198050e-01	-1.266109e-01	0.e+00
6.247905e-01	-2.254481e-01	0.e+00
4.557653e-01	-1.113833e-01	0.e+00
5.329516e-01	7.329078e-01	0.e+00
7.070558e-01	3.228498e-01	0.e+00
4.542612e-01	-1.215802e-01	0.e+00
4.359999e-01	-4.217008e-02	0.e+00
4.542612e-01	-1.17208e-01	0.e+00
4.542612e-01	-1.19164e-01	0.e+00
4.529664e-01	-1.137679e-01	0.e+00
4.283621e-01	2.068166e-02	0.e+00
4.542612e-01	-1.200077e-01	0.e+00
4.184025e-01	1.313927e-01	0.e+00
4.526304e-01	-1.133669e-01	0.e+00
4.382979e-01	-6.723385e-02	0.e+00
4.303775e-01	-4.186035e-03	0.e+00
4.509372e-01	-1.131002e-01	0.e+00
4.426661e-01	-8.524996e-02	0.e+00
4.303775e-01	-4.748e-03	0.e+00
4.304792e-01	1.013044e-03	0.e+00
4.348223e-01	-3.43951e-02	0.e+00
4.178477e-01	1.386698e-01	0.e+00
4.19181e-01	1.290286e-01	0.e+00
4.219984e-01	9.011308e-02	0.e+00
4.990391e-01	2.869524e-01	0.e+00
4.213281e-01	1.045225e-01	0.e+00
4.157301e-01	1.681028e-01	0.e+00
2.55193e-01	2.553330e-01	0.e+00
4.239654e-01	7.041590e-02	0.e+00
4.106538e-01	2.325755e-01	0.e+00
3.410537e-01	7.545577e-01	0.e+00
2.56175e-01	2.494517e-01	0.e+00
3.359525e-01	7.262571e-01	0.e+00
4.219984e-01	9.188043e-02	0.e+00
2.56175e-01	2.494964e-01	0.e+00
2.56175e-01	2.470224e-01	0.e+00
2.56175e-01	2.442374e-01	0.e+00
2.56175e-01	2.488836e-01	0.e+00
2.339439e-01	3.134430e-01	0.e+00
2.56175e-01	2.44692e-01	0.e+00
2.502766e-01	2.528794e-01	0.e+00
2.449168e-01	2.700425e-01	0.e+00
2.210231e-01	3.9837e-01	0.e+00
2.197855e-01	4.063657e-01	0.e+00
2.292209e-01	3.452557e-01	0.e+00
2.242669e-01	3.788091e-01	0.e+00
2.197855e-01	4.157580e-01	0.e+00
2.748871e-01	2.870945e-01	0.e+00
2.018606e-01	5.494265e-01	0.e+00
2.041013e-01	5.287694e-01	0.e+00
7.527690e-02	6.804541e-01	0.e+00
1.917966e-01	6.193974e-01	0.e+00
2.387626e-01	2.983065e-01	0.e+00
8.252474e-02	6.828558e-01	0.e+00
1.012369e-01	6.922247e-01	0.e+00
8.252474e-02	6.782761e-01	0.e+00
2.149716e-01	4.520075e-01	0.e+00
8.252474e-02	6.740220e-01	0.e+00
1.864119e-01	6.528162e-01	0.e+00
6.786166e-02	6.889297e-01	0.e+00
7.046118e-02	6.857511e-01	0.e+00
6.028576e-02	7.087938e-01	0.e+00
4.743855e-02	7.373647e-01	0.e+00
3.804679e-02	7.772818e-01	0.e+00
0.e+00	1.007258e+00	0.e+00
0.e+00	1.006323e+00	0.e+00
0.e+00	1.005482e+00	0.e+00
