8.508168e-01	-5.874719e-01	0.e+00
8.500624e-01	-5.862250e-01	0.e+00
8.508168e-01	-5.85721e-01	0.e+00
8.493080e-01	-5.75816e-01	0.e+00
8.500624e-01	-5.799330e-01	0.e+00
8.493080e-01	-5.658518e-01	0.e+00
8.493080e-01	-5.658518e-01	0.e+00
8.493080e-01	-5.697153e-01	0.e+00
8.493080e-01	-5.736842e-01	0.e+00
8.493080e-01	-5.652153e-01	0.e+00
8.496852e-01	-5.597455e-01	0.e+00
8.493080e-01	-5.674569e-01	0.e+00
8.485536e-01	-5.567294e-01	0.e+00
8.477992e-01	-5.309609e-01	0.e+00
8.477992e-01	-5.766905e-01	0.e+00
8.477992e-01	-5.793614e-01	0.e+00
8.477992e-01	-5.746906e-01	0.e+00
8.477992e-01	-5.76348e-01	0.e+00
8.477992e-01	-5.76348e-01	0.e+00
8.477992e-01	-5.557707e-01	0.e+00
8.477992e-01	-5.503082e-01	0.e+00
8.477992e-01	-5.595862e-01	0.e+00
7.672192e-01	9.961625e-01	0.e+00
8.106202e-01	6.335237e-02	0.e+00
8.477992e-01	-5.46592e-01	0.e+00
8.477992e-01	-5.731356e-01	0.e+00
8.477992e-01	-5.721619e-01	0.e+00
8.477992e-01	-5.684707e-01	0.e+00
5.517463e-01	1.062831e+00	0.e+00
6.523622e-01	-2.710625e-01	0.e+00
6.340902e-01	-1.723608e-01	0.e+00
6.523622e-01	-2.653602e-01	0.e+00
6.494648e-01	-2.741087e-01	0.e+00
6.523622e-01	-2.752642e-01	0.e+00
6.465674e-01	-2.835961e-01	0.e+00
6.465674e-01	-2.879975e-01	0.e+00
6.465674e-01	-2.971596e-01	0.e+00
6.465674e-01	-2.98396e-01	0.e+00
6.349778e-01	-1.901350e-01	0.e+00
6.407726e-01	-2.279971e-01	0.e+00
6.494648e-01	-3.018009e-01	0.e+00
6.480161e-01	-2.996280e-01	0.e+00
6.58157e-01	-2.643642e-01	0.e+00
6.349778e-01	-2.015308e-01	0.e+00
4.422501e-01	7.144660e-02	0.e+00
6.349778e-01	-1.74963e-01	0.e+00
6.291830e-01	-1.104636e-01	0.e+00
6.491026e-01	-2.423023e-01	0.e+00
6.233882e-01	-3.357094e-02	0.e+00
6.233882e-01	-2.654878e-02	0.e+00
5.328191e-01	9.128059e-01	0.e+00
7.226495e-01	8.135203e-01	0.e+00
3.469673e-01	9.351900e-01	0.e+00
4.422501e-01	5.853014e-02	0.e+00
5.042287e-01	5.088612e-01	0.e+00
5.248190e-01	8.136850e-01	0.e+00
4.422501e-01	4.583016e-02	0.e+00
4.422501e-01	4.634079e-02	0.e+00
4.440663e-01	3.70037e-02	0.e+00
4.440663e-01	4.010157e-02	0.e+00
4.422501e-01	6.819241e-02	0.e+00
4.422501e-01	6.848631e-02	0.e+00
4.349850e-01	1.401901e-01	0.e+00
4.349850e-01	1.323853e-01	0.e+00
4.422501e-01	3.322776e-02	0.e+00
4.259038e-01	2.412458e-01	0.e+00
4.259038e-01	2.455080e-01	0.e+00
3.56265e-01	8.602337e-01	0.e+00
4.313525e-01	1.928588e-01	0.e+00
4.259038e-01	2.419258e-01	0.e+00
4.259038e-01	2.457442e-01	0.e+00
2.539336e-01	4.478854e-01	0.e+00
2.292643e-01	5.480806e-01	0.e+00
2.539336e-01	4.429761e-01	0.e+00
2.539336e-01	4.456807e-01	0.e+00
2.539336e-01	4.595142e-01	0.e+00
2.539336e-01	4.277879e-01	0.e+00
2.539336e-01	4.299645e-01	0.e+00
2.539336e-01	4.262738e-01	0.e+00
2.617314e-01	4.337235e-01	0.e+00
2.089511e-02	1.071946e+00	0.e+00
7.049604e-02	9.124682e-01	0.e+00
2.38778e-01	4.864780e-01	0.e+00
2.539336e-01	4.445513e-01	0.e+00
2.231825e-01	5.796829e-01	0.e+00
2.539336e-01	4.595165e-01	0.e+00
2.009153e-01	7.749981e-01	0.e+00
2.009153e-01	7.787330e-01	0.e+00
7.807387e-02	9.325150e-01	0.e+00
7.807387e-02	9.076273e-01	0.e+00
3.232399e-04	1.273760e+00	0.e+00
2.691992e-01	4.56317e-01	0.e+00
9.440379e-02	9.038619e-01	0.e+00
6.174396e-02	9.291864e-01	0.e+00
0.e+00	1.283803e+00	0.e+00
6.174396e-02	9.371771e-01	0.e+00
4.541404e-02	9.811044e-01	0.e+00
3.208878e-02	1.064728e+00	0.e+00
5.293888e-03	1.184611e+00	0.e+00
3.425715e-01	9.45977e-01	0.e+00
