8.494486e-01	-7.519189e-01	0.e+00
8.427657e-01	-7.233862e-01	0.e+00
8.363356e-01	-6.452421e-01	0.e+00
8.448962e-01	-7.380974e-01	0.e+00
8.483521e-01	-7.58675e-01	0.e+00
8.450056e-01	-7.389151e-01	0.e+00
8.432104e-01	-7.254212e-01	0.e+00
8.446588e-01	-7.390431e-01	0.e+00
8.444302e-01	-7.235430e-01	0.e+00
8.308825e-01	-5.857878e-01	0.e+00
8.370485e-01	-6.706897e-01	0.e+00
8.356273e-01	-6.506919e-01	0.e+00
8.379313e-01	-6.792776e-01	0.e+00
8.414682e-01	-7.176963e-01	0.e+00
8.382965e-01	-6.808209e-01	0.e+00
8.46729e-01	-7.445557e-01	0.e+00
8.367968e-01	-6.631079e-01	0.e+00
8.325019e-01	-6.096620e-01	0.e+00
8.376339e-01	-6.812431e-01	0.e+00
8.376339e-01	-6.766711e-01	0.e+00
8.370485e-01	-6.722724e-01	0.e+00
8.370485e-01	-6.619660e-01	0.e+00
8.358907e-01	-6.572045e-01	0.e+00
8.277262e-01	-5.251498e-01	0.e+00
8.356273e-01	-6.458832e-01	0.e+00
8.356273e-01	-6.575402e-01	0.e+00
8.343245e-01	-6.326009e-01	0.e+00
8.356707e-01	-6.512401e-01	0.e+00
8.337525e-01	-6.0233e-01	0.e+00
8.337525e-01	-6.212611e-01	0.e+00
8.357594e-01	-6.565438e-01	0.e+00
8.326287e-01	-6.075858e-01	0.e+00
8.334272e-01	-6.207650e-01	0.e+00
8.320128e-01	-5.949170e-01	0.e+00
8.284850e-01	-5.394255e-01	0.e+00
8.283056e-01	-5.341683e-01	0.e+00
8.308825e-01	-5.806383e-01	0.e+00
8.346330e-01	-6.452164e-01	0.e+00
8.300331e-01	-5.658000e-01	0.e+00
8.299430e-01	-5.719429e-01	0.e+00
8.294662e-01	-5.610696e-01	0.e+00
8.288891e-01	-5.424135e-01	0.e+00
8.346491e-01	-6.143514e-01	0.e+00
8.327717e-01	-6.093301e-01	0.e+00
8.337382e-01	-6.222100e-01	0.e+00
8.278656e-01	-5.327673e-01	0.e+00
8.278656e-01	-5.228958e-01	0.e+00
8.24038e-01	-4.593813e-01	0.e+00
8.265678e-01	-4.993371e-01	0.e+00
8.265678e-01	-4.992074e-01	0.e+00
8.256879e-01	-4.890999e-01	0.e+00
8.791012e-01	-4.586185e-01	0.e+00
8.256879e-01	-4.962754e-01	0.e+00
8.256879e-01	-4.969580e-01	0.e+00
8.24038e-01	-4.545542e-01	0.e+00
6.533275e-01	-4.359554e-01	0.e+00
6.533275e-01	-4.444494e-01	0.e+00
6.560008e-01	-4.502689e-01	0.e+00
6.533275e-01	-4.443862e-01	0.e+00
6.533275e-01	-4.50589e-01	0.e+00
6.533275e-01	-4.477169e-01	0.e+00
6.533275e-01	-4.478148e-01	0.e+00
6.378304e-01	-3.793082e-01	0.e+00
6.533275e-01	-4.500684e-01	0.e+00
7.462912e-01	8.868852e-01	0.e+00
9.199778e-01	5.898476e-01	0.e+00
6.487107e-01	-4.386358e-01	0.e+00
6.284686e-01	-2.694525e-01	0.e+00
6.458241e-01	-4.209503e-01	0.e+00
6.438282e-01	-4.220430e-01	0.e+00
6.430989e-01	-4.192689e-01	0.e+00
6.284267e-01	-2.733294e-01	0.e+00
5.958619e-01	3.167623e-01	0.e+00
6.893291e-01	-4.454484e-02	0.e+00
6.387474e-01	-3.836844e-01	0.e+00
6.467840e-01	-4.428933e-01	0.e+00
6.353824e-01	-3.548631e-01	0.e+00
6.361184e-01	-3.663477e-01	0.e+00
6.400785e-01	-3.980953e-01	0.e+00
6.384268e-01	-3.836312e-01	0.e+00
6.169076e-01	-9.138509e-02	0.e+00
6.333079e-01	-3.350807e-01	0.e+00
6.319878e-01	-3.185347e-01	0.e+00
6.373749e-01	-3.75409e-01	0.e+00
6.548075e-01	-4.407378e-01	0.e+00
6.232323e-01	-1.834482e-01	0.e+00
6.298924e-01	-2.862506e-01	0.e+00
6.271823e-01	-2.563226e-01	0.e+00
6.284267e-01	-2.719465e-01	0.e+00
6.271823e-01	-2.470664e-01	0.e+00
6.475358e-01	-4.423082e-01	0.e+00
4.51061e-01	-1.038430e-01	0.e+00
6.263753e-01	-2.421628e-01	0.e+00
6.353824e-01	-3.509684e-01	0.e+00
6.275747e-01	-2.621512e-01	0.e+00
6.296349e-01	-2.834461e-01	0.e+00
6.231619e-01	-1.884403e-01	0.e+00
6.219074e-01	-1.799185e-01	0.e+00
6.219074e-01	-1.770085e-01	0.e+00
6.202641e-01	-1.506833e-01	0.e+00
6.294463e-01	-2.912051e-01	0.e+00
5.40551e-01	7.901294e-01	0.e+00
4.531798e-01	-1.165829e-01	0.e+00
4.531798e-01	-1.164973e-01	0.e+00
4.531798e-01	-1.200793e-01	0.e+00
4.531798e-01	-1.167902e-01	0.e+00
4.531798e-01	-1.174542e-01	0.e+00
4.531798e-01	-1.039437e-01	0.e+00
4.531798e-01	-1.170413e-01	0.e+00
4.531798e-01	-1.166195e-01	0.e+00
5.458380e-01	8.100960e-01	0.e+00
4.531798e-01	-1.186395e-01	0.e+00
4.531798e-01	-1.200793e-01	0.e+00
4.531798e-01	-1.182232e-01	0.e+00
6.100386e-01	3.939834e-02	0.e+00
4.398257e-01	-7.534701e-02	0.e+00
3.110999e-01	5.541308e-01	0.e+00
4.531798e-01	-1.194277e-01	0.e+00
4.480352e-01	-1.083545e-01	0.e+00
4.455218e-01	-1.002390e-01	0.e+00
3.571566e-01	7.55478e-01	0.e+00
4.255576e-01	5.306500e-02	0.e+00
4.531798e-01	-1.146971e-01	0.e+00
4.378455e-01	-5.966432e-02	0.e+00
4.369631e-01	-4.524633e-02	0.e+00
4.715795e-01	-4.794634e-02	0.e+00
4.332108e-01	-1.771967e-02	0.e+00
4.315356e-01	-1.007137e-02	0.e+00
4.293952e-01	8.223633e-03	0.e+00
5.515747e-01	8.114331e-01	0.e+00
4.275840e-01	2.913065e-02	0.e+00
4.255576e-01	6.281514e-02	0.e+00
2.417426e-01	2.88006e-01	0.e+00
4.731591e-01	-2.001196e-02	0.e+00
4.195072e-01	1.220139e-01	0.e+00
2.744544e-01	2.863455e-01	0.e+00
4.31885e-01	-1.585298e-02	0.e+00
2.563901e-01	2.476503e-01	0.e+00
1.656624e-01	7.481679e-01	0.e+00
1.779745e-01	6.976269e-01	0.e+00
4.398257e-01	-7.632182e-02	0.e+00
3.441375e-01	7.612603e-01	0.e+00
2.506949e-01	2.550744e-01	0.e+00
2.563901e-01	2.557161e-01	0.e+00
2.563901e-01	2.497240e-01	0.e+00
2.563901e-01	2.479974e-01	0.e+00
2.563901e-01	2.489259e-01	0.e+00
2.563901e-01	2.574069e-01	0.e+00
2.308253e-01	3.395357e-01	0.e+00
1.364925e-01	7.618627e-01	0.e+00
2.101953e-01	4.828371e-01	0.e+00
2.590223e-01	2.553831e-01	0.e+00
2.997859e-01	4.554290e-01	0.e+00
2.563901e-01	2.521613e-01	0.e+00
2.563901e-01	2.488631e-01	0.e+00
2.563901e-01	2.541947e-01	0.e+00
1.099978e-01	7.095704e-01	0.e+00
2.563901e-01	2.476387e-01	0.e+00
2.055350e-01	5.187366e-01	0.e+00
2.552420e-01	2.471191e-01	0.e+00
2.483174e-01	2.639082e-01	0.e+00
1.954295e-01	5.928962e-01	0.e+00
2.40203e-01	2.862464e-01	0.e+00
8.870547e-02	6.798681e-01	0.e+00
2.250983e-01	3.712709e-01	0.e+00
2.300787e-01	3.489149e-01	0.e+00
2.253843e-01	3.723884e-01	0.e+00
2.205448e-01	4.085287e-01	0.e+00
2.168231e-01	4.312425e-01	0.e+00
2.552420e-01	2.47139e-01	0.e+00
2.111034e-01	4.763960e-01	0.e+00
2.068228e-01	5.098287e-01	0.e+00
1.754864e-01	7.118089e-01	0.e+00
2.005275e-01	5.570475e-01	0.e+00
7.173918e-02	6.855181e-01	0.e+00
1.282537e-02	8.884232e-01	0.e+00
1.849397e-01	6.654017e-01	0.e+00
0.e+00	1.005051e+00	0.e+00
0.e+00	1.006999e+00	0.e+00
3.122724e-02	8.040686e-01	0.e+00
1.295663e-01	7.473237e-01	0.e+00
8.524317e-02	6.792598e-01	0.e+00
1.560504e-01	7.636735e-01	0.e+00
8.524317e-02	6.745116e-01	0.e+00
2.114014e-02	8.468037e-01	0.e+00
8.524317e-02	6.766456e-01	0.e+00
8.524317e-02	6.753453e-01	0.e+00
8.524317e-02	6.742214e-01	0.e+00
8.371368e-02	6.751348e-01	0.e+00
7.565685e-02	6.814335e-01	0.e+00
6.684202e-02	6.894006e-01	0.e+00
0.e+00	1.014007e+00	0.e+00
5.294545e-02	7.229633e-01	0.e+00
4.218935e-02	7.620123e-01	0.e+00
1.77713e-01	6.992597e-01	0.e+00
1.930808e-01	6.127634e-01	0.e+00
2.114014e-02	8.475902e-01	0.e+00
1.695337e-02	8.657740e-01	0.e+00
1.291646e-01	7.557868e-01	0.e+00
2.188381e-02	8.501341e-01	0.e+00
