8.524545e-01	-7.607801e-01	0.e+00
8.489187e-01	-7.606906e-01	0.e+00
8.472351e-01	-7.440026e-01	0.e+00
8.287552e-01	-5.549086e-01	0.e+00
8.433587e-01	-7.227079e-01	0.e+00
8.399626e-01	-7.089501e-01	0.e+00
8.402887e-01	-6.893362e-01	0.e+00
8.561086e-01	-7.536061e-01	0.e+00
8.385874e-01	-6.951588e-01	0.e+00
8.371825e-01	-6.711216e-01	0.e+00
8.290599e-01	-5.515968e-01	0.e+00
8.357205e-01	-6.555448e-01	0.e+00
8.350118e-01	-6.520108e-01	0.e+00
8.343843e-01	-6.406160e-01	0.e+00
8.320208e-01	-6.067626e-01	0.e+00
8.3284e-01	-6.121918e-01	0.e+00
8.320208e-01	-6.059781e-01	0.e+00
8.312897e-01	-5.917231e-01	0.e+00
8.355506e-01	-6.518787e-01	0.e+00
8.297433e-01	-5.576712e-01	0.e+00
8.335593e-01	-6.300706e-01	0.e+00
8.286609e-01	-5.305115e-01	0.e+00
8.260398e-01	-4.984515e-01	0.e+00
8.301272e-01	-5.698519e-01	0.e+00
8.262059e-01	-5.042621e-01	0.e+00
6.524405e-01	-4.467288e-01	0.e+00
8.249538e-01	-4.716612e-01	0.e+00
8.259515e-01	-5.001573e-01	0.e+00
6.529163e-01	-4.473945e-01	0.e+00
6.529163e-01	-4.528118e-01	0.e+00
6.529163e-01	-4.437669e-01	0.e+00
6.529163e-01	-4.343973e-01	0.e+00
6.529163e-01	-4.525340e-01	0.e+00
9.230377e-01	6.560107e-01	0.e+00
5.454718e-01	8.130002e-01	0.e+00
6.421770e-01	-4.170163e-01	0.e+00
6.394499e-01	-3.985925e-01	0.e+00
6.339298e-01	-3.367751e-01	0.e+00
6.368602e-01	-3.682292e-01	0.e+00
6.423738e-01	-4.183148e-01	0.e+00
6.334765e-01	-3.373751e-01	0.e+00
6.314905e-01	-3.065536e-01	0.e+00
6.239412e-01	-2.005274e-01	0.e+00
6.405109e-01	-4.033582e-01	0.e+00
6.277587e-01	-2.674905e-01	0.e+00
6.262583e-01	-2.483169e-01	0.e+00
6.255081e-01	-2.214078e-01	0.e+00
6.272708e-01	-2.579623e-01	0.e+00
6.230401e-01	-1.957862e-01	0.e+00
6.211413e-01	-1.563252e-01	0.e+00
6.199067e-01	-1.462891e-01	0.e+00
4.527596e-01	-1.131137e-01	0.e+00
3.533878e-01	7.626281e-01	0.e+00
7.130076e-01	4.476357e-01	0.e+00
4.527596e-01	-1.207130e-01	0.e+00
4.393762e-01	-7.655829e-02	0.e+00
4.348535e-01	-4.184067e-02	0.e+00
5.29215e-01	6.957783e-01	0.e+00
4.012221e-01	3.565681e-01	0.e+00
4.450241e-01	-9.801453e-02	0.e+00
4.418727e-01	-9.046830e-02	0.e+00
4.377973e-01	-6.418860e-02	0.e+00
4.339798e-01	-3.860880e-02	0.e+00
4.290932e-01	1.652379e-02	0.e+00
3.298567e-01	7.024521e-01	0.e+00
4.259928e-01	4.402865e-02	0.e+00
4.233166e-01	6.680460e-02	0.e+00
4.192583e-01	1.152122e-01	0.e+00
3.380717e-01	7.571769e-01	0.e+00
4.13794e-01	1.932325e-01	0.e+00
4.112714e-01	2.197928e-01	0.e+00
4.259928e-01	3.990184e-02	0.e+00
2.551435e-01	2.442774e-01	0.e+00
2.538054e-01	2.471509e-01	0.e+00
2.521194e-01	2.494978e-01	0.e+00
2.551435e-01	2.474644e-01	0.e+00
2.503247e-01	2.56243e-01	0.e+00
2.551435e-01	2.451707e-01	0.e+00
2.551435e-01	2.472835e-01	0.e+00
2.551435e-01	2.449117e-01	0.e+00
2.444455e-01	2.669713e-01	0.e+00
1.645286e-01	7.464204e-01	0.e+00
2.288205e-01	3.429948e-01	0.e+00
2.227723e-01	3.870889e-01	0.e+00
2.68305e-01	2.608564e-01	0.e+00
1.794075e-01	6.861438e-01	0.e+00
6.481467e-02	6.930393e-01	0.e+00
2.155496e-01	4.402074e-01	0.e+00
0.e+00	1.004971e+00	0.e+00
1.187786e-01	7.25254e-01	0.e+00
4.230581e-02	7.573111e-01	0.e+00
2.666893e-01	2.645047e-01	0.e+00
8.461163e-02	6.736868e-01	0.e+00
8.461163e-02	6.711796e-01	0.e+00
1.770955e-01	6.986086e-01	0.e+00
1.196958e-01	7.281993e-01	0.e+00
4.588626e-02	7.444180e-01	0.e+00
1.730546e-01	7.154496e-01	0.e+00
1.878589e-01	6.385291e-01	0.e+00
0.e+00	1.003491e+00	0.e+00
