6.724098e-01	3.342206e-02	0.e+00
6.432266e-01	-4.717006e-02	0.e+00
6.432266e-01	-6.599293e-02	0.e+00
6.432266e-01	-6.736956e-02	0.e+00
6.432266e-01	-3.566917e-02	0.e+00
6.432266e-01	-5.613518e-03	0.e+00
6.419257e-01	-2.241975e-02	0.e+00
6.419257e-01	-2.241975e-02	0.e+00
6.393239e-01	-2.317359e-02	0.e+00
6.240915e-01	1.314506e-01	0.e+00
6.432266e-01	-4.547127e-02	0.e+00
6.412753e-01	-1.64183e-02	0.e+00
6.393239e-01	-2.702092e-02	0.e+00
6.393239e-01	-2.597486e-02	0.e+00
6.393239e-01	-1.838544e-02	0.e+00
6.393239e-01	-9.179283e-03	0.e+00
6.406636e-01	-9.411609e-03	0.e+00
6.393239e-01	-9.179283e-03	0.e+00
6.393239e-01	-9.179283e-03	0.e+00
6.393239e-01	-1.043121e-02	0.e+00
6.393239e-01	2.933528e-04	0.e+00
6.393239e-01	-1.675595e-02	0.e+00
6.393239e-01	2.651672e-02	0.e+00
6.393239e-01	2.624366e-02	0.e+00
6.393239e-01	2.624366e-02	0.e+00
6.421588e-01	4.594984e-03	0.e+00
6.393239e-01	2.834789e-02	0.e+00
6.336543e-01	9.490714e-02	0.e+00
6.336543e-01	9.433967e-02	0.e+00
6.336543e-01	1.063354e-01	0.e+00
7.264330e-01	1.155658e+00	0.e+00
6.336543e-01	1.057667e-01	0.e+00
4.480969e-01	3.055648e-01	0.e+00
6.336543e-01	9.086377e-02	0.e+00
6.336543e-01	7.174687e-02	0.e+00
5.351795e-01	1.182493e+00	0.e+00
5.408756e-01	1.176242e+00	0.e+00
4.480969e-01	2.965245e-01	0.e+00
4.367047e-01	3.259167e-01	0.e+00
4.480969e-01	2.878760e-01	0.e+00
4.480969e-01	2.939947e-01	0.e+00
4.367047e-01	2.989269e-01	0.e+00
4.432092e-01	2.277451e-01	0.e+00
4.236957e-01	3.937908e-01	0.e+00
4.367047e-01	2.601650e-01	0.e+00
4.334524e-01	2.849792e-01	0.e+00
4.334524e-01	2.684599e-01	0.e+00
4.334524e-01	2.684599e-01	0.e+00
4.383308e-01	2.443237e-01	0.e+00
4.334524e-01	2.83133e-01	0.e+00
4.334524e-01	2.819948e-01	0.e+00
4.236957e-01	3.858313e-01	0.e+00
4.122848e-01	5.20474e-01	0.e+00
4.236957e-01	3.847919e-01	0.e+00
4.285740e-01	3.395541e-01	0.e+00
4.171725e-01	4.581211e-01	0.e+00
4.325036e-01	2.657397e-01	0.e+00
1.820304e-01	1.029882e+00	0.e+00
4.114671e-01	5.21117e-01	0.e+00
4.114671e-01	5.511780e-01	0.e+00
2.593270e-01	5.618846e-01	0.e+00
2.593270e-01	6.017403e-01	0.e+00
2.642147e-01	5.600184e-01	0.e+00
1.642628e-01	1.075229e+00	0.e+00
2.593270e-01	5.472433e-01	0.e+00
2.621798e-01	5.65068e-01	0.e+00
2.471511e-01	5.732486e-01	0.e+00
3.230556e-01	9.864242e-01	0.e+00
2.743511e-01	5.719656e-01	0.e+00
3.110451e-01	8.957172e-01	0.e+00
2.593270e-01	5.658695e-01	0.e+00
2.474819e-01	5.686697e-01	0.e+00
2.106231e-01	7.777226e-01	0.e+00
2.106231e-01	8.074412e-01	0.e+00
2.589962e-01	5.395490e-01	0.e+00
2.346095e-01	6.518844e-01	0.e+00
1.774234e-01	1.139623e+00	0.e+00
1.854172e-01	1.005890e+00	0.e+00
2.106231e-01	7.643499e-01	0.e+00
8.397639e-02	1.002378e+00	0.e+00
2.106231e-01	7.592832e-01	0.e+00
2.106231e-01	7.670039e-01	0.e+00
2.106231e-01	7.851005e-01	0.e+00
1.958528e-01	1.004668e+00	0.e+00
8.397639e-02	9.712019e-01	0.e+00
8.397639e-02	9.978341e-01	0.e+00
8.397639e-02	1.031846e+00	0.e+00
8.397639e-02	1.017022e+00	0.e+00
8.056493e-02	1.016663e+00	0.e+00
0.e+00	1.538764e+00	0.e+00
9.679629e-02	9.882003e-01	0.e+00
8.397639e-02	1.006337e+00	0.e+00
8.056493e-02	1.016441e+00	0.e+00
7.715347e-02	1.123448e+00	0.e+00
4.55617e-02	1.245283e+00	0.e+00
4.55617e-02	1.23041e+00	0.e+00
3.058254e-02	1.203966e+00	0.e+00
2.397176e-02	1.210354e+00	0.e+00
0.e+00	1.463182e+00	0.e+00
1.686349e-01	1.141541e+00	0.e+00
