8.624151e-01	-6.47262e-01	0.e+00
8.312974e-01	-5.260983e-01	0.e+00
8.583199e-01	-6.598208e-01	0.e+00
8.427610e-01	-6.587775e-01	0.e+00
8.202868e-01	-3.046501e-01	0.e+00
8.476746e-01	-6.920654e-01	0.e+00
8.403043e-01	-6.372031e-01	0.e+00
8.403043e-01	-6.376112e-01	0.e+00
8.441255e-01	-6.682089e-01	0.e+00
8.351186e-01	-5.78747e-01	0.e+00
8.359369e-01	-5.670602e-01	0.e+00
8.351186e-01	-5.806066e-01	0.e+00
8.351186e-01	-5.860251e-01	0.e+00
8.351186e-01	-5.775327e-01	0.e+00
8.198672e-01	-3.009706e-01	0.e+00
8.274762e-01	-4.363468e-01	0.e+00
7.403805e-01	9.777048e-01	0.e+00
8.370292e-01	-6.029943e-01	0.e+00
7.481974e-01	9.938842e-01	0.e+00
8.23655e-01	-3.614467e-01	0.e+00
8.274762e-01	-4.208009e-01	0.e+00
6.593655e-01	-3.161457e-01	0.e+00
8.274762e-01	-4.031992e-01	0.e+00
8.23655e-01	-3.392644e-01	0.e+00
6.476461e-01	-3.590644e-01	0.e+00
6.467135e-01	-3.447707e-01	0.e+00
6.526908e-01	-3.500046e-01	0.e+00
6.456407e-01	-3.453144e-01	0.e+00
5.399696e-01	8.612301e-01	0.e+00
6.387399e-01	-3.230829e-01	0.e+00
6.378373e-01	-3.150749e-01	0.e+00
6.356916e-01	-2.959643e-01	0.e+00
6.439763e-01	-3.47549e-01	0.e+00
6.549773e-01	-3.431548e-01	0.e+00
6.304976e-01	-2.472312e-01	0.e+00
6.344485e-01	-2.730757e-01	0.e+00
6.299355e-01	-2.199949e-01	0.e+00
4.433955e-01	-8.154022e-03	0.e+00
6.256442e-01	-1.524916e-01	0.e+00
6.213528e-01	-8.40586e-02	0.e+00
5.452996e-01	8.979620e-01	0.e+00
4.516377e-01	-4.261479e-02	0.e+00
4.516377e-01	-4.64346e-02	0.e+00
3.646345e-01	8.043506e-01	0.e+00
4.516377e-01	-4.880443e-02	0.e+00
4.516377e-01	-4.880443e-02	0.e+00
4.516377e-01	-4.478433e-02	0.e+00
4.2289e-01	1.544947e-01	0.e+00
4.460552e-01	-2.034348e-02	0.e+00
4.477973e-01	-2.012555e-02	0.e+00
4.413131e-01	-1.357742e-02	0.e+00
4.309885e-01	6.366213e-02	0.e+00
4.281972e-01	9.189555e-02	0.e+00
4.427062e-01	2.081335e-02	0.e+00
2.656941e-01	3.147569e-01	0.e+00
4.194058e-01	1.772027e-01	0.e+00
2.656941e-01	3.265190e-01	0.e+00
2.656941e-01	3.235335e-01	0.e+00
4.253016e-01	1.100215e-01	0.e+00
2.656941e-01	3.046667e-01	0.e+00
2.225263e-01	4.595667e-01	0.e+00
1.183078e-01	8.080237e-01	0.e+00
2.656941e-01	3.302356e-01	0.e+00
2.599028e-01	3.368436e-01	0.e+00
1.590453e-01	8.734352e-01	0.e+00
2.44219e-01	3.884940e-01	0.e+00
2.992840e-01	5.158813e-01	0.e+00
2.196307e-01	5.033029e-01	0.e+00
2.982914e-01	5.189348e-01	0.e+00
3.48447e-01	8.613818e-01	0.e+00
1.221938e-01	8.705364e-01	0.e+00
2.561162e-01	3.419623e-01	0.e+00
9.534677e-02	7.854420e-01	0.e+00
1.985481e-01	6.530331e-01	0.e+00
9.534677e-02	8.062997e-01	0.e+00
0.e+00	1.188009e+00	0.e+00
1.423031e-01	8.995374e-01	0.e+00
4.085435e-02	9.07112e-01	0.e+00
2.072654e-01	6.344414e-01	0.e+00
0.e+00	1.191894e+00	0.e+00
