6.327062e-01	-1.521555e-01	0.e+00
6.389852e-01	-2.063539e-01	0.e+00
6.290228e-01	-1.020614e-01	0.e+00
6.293447e-01	-9.420988e-02	0.e+00
6.380488e-01	-1.887888e-01	0.e+00
6.235339e-01	-5.305871e-03	0.e+00
6.42586e-01	-2.184753e-01	0.e+00
6.475672e-01	-2.501325e-01	0.e+00
6.475672e-01	-2.57879e-01	0.e+00
6.475672e-01	-2.501236e-01	0.e+00
6.245339e-01	-4.627592e-02	0.e+00
6.475672e-01	-2.464379e-01	0.e+00
6.475672e-01	-2.32303e-01	0.e+00
6.211068e-01	1.534763e-02	0.e+00
6.475672e-01	-2.32303e-01	0.e+00
6.475672e-01	-2.32303e-01	0.e+00
6.475672e-01	-2.32303e-01	0.e+00
4.604933e-01	1.164082e-01	0.e+00
6.475672e-01	-2.597635e-01	0.e+00
6.475672e-01	-2.597635e-01	0.e+00
6.475672e-01	-2.618313e-01	0.e+00
6.236582e-01	-2.106008e-02	0.e+00
6.475672e-01	-2.621832e-01	0.e+00
6.211068e-01	-3.604138e-02	0.e+00
7.477193e-01	1.014408e+00	0.e+00
5.209548e-01	7.531165e-01	0.e+00
7.212589e-01	7.247786e-01	0.e+00
6.343370e-01	-2.075774e-01	0.e+00
3.603412e-01	9.244396e-01	0.e+00
4.397187e-01	9.512729e-02	0.e+00
6.248790e-01	-9.311742e-02	0.e+00
4.472631e-01	6.225255e-02	0.e+00
4.397187e-01	9.741462e-02	0.e+00
6.211068e-01	-2.778752e-02	0.e+00
4.472631e-01	7.599165e-02	0.e+00
4.472631e-01	5.616101e-02	0.e+00
4.321743e-01	1.510204e-01	0.e+00
4.397187e-01	9.212261e-02	0.e+00
4.397187e-01	9.355095e-02	0.e+00
4.401437e-01	1.413834e-01	0.e+00
4.321743e-01	1.493665e-01	0.e+00
4.321743e-01	1.453098e-01	0.e+00
4.468380e-01	7.393471e-02	0.e+00
4.321743e-01	1.815765e-01	0.e+00
5.177159e-01	7.546613e-01	0.e+00
4.321743e-01	1.815765e-01	0.e+00
4.179355e-01	3.718736e-01	0.e+00
5.177159e-01	7.479760e-01	0.e+00
2.61091e-01	4.407866e-01	0.e+00
2.539716e-01	5.086947e-01	0.e+00
2.61091e-01	4.315410e-01	0.e+00
2.745211e-01	4.732237e-01	0.e+00
2.558464e-01	4.665831e-01	0.e+00
3.466326e-01	9.547607e-01	0.e+00
2.61091e-01	4.39011e-01	0.e+00
2.038189e-01	7.892621e-01	0.e+00
2.61091e-01	4.374890e-01	0.e+00
2.61091e-01	4.25458e-01	0.e+00
2.370413e-01	4.666213e-01	0.e+00
2.370413e-01	4.784693e-01	0.e+00
2.61091e-01	4.428861e-01	0.e+00
2.810117e-01	4.711646e-01	0.e+00
3.127770e-01	7.576904e-01	0.e+00
2.212496e-01	6.190568e-01	0.e+00
9.712233e-02	9.342697e-01	0.e+00
1.324467e-01	9.493612e-01	0.e+00
1.974126e-01	7.732788e-01	0.e+00
2.244791e-01	5.643861e-01	0.e+00
9.242543e-02	9.010457e-01	0.e+00
2.721592e-01	5.162535e-01	0.e+00
1.315084e-01	9.727322e-01	0.e+00
2.595969e-01	4.630581e-01	0.e+00
0.e+00	1.263903e+00	0.e+00
0.e+00	1.232279e+00	0.e+00
7.25883e-02	9.058676e-01	0.e+00
0.e+00	1.242510e+00	0.e+00
3.502817e-02	1.006673e+00	0.e+00
3.502817e-02	9.610169e-01	0.e+00
8.687799e-02	8.915462e-01	0.e+00
0.e+00	1.255847e+00	0.e+00
