8.242378e-01	-4.694046e-01	0.e+00
8.327959e-01	-6.1696e-01	0.e+00
8.406712e-01	-7.143911e-01	0.e+00
8.445194e-01	-7.376473e-01	0.e+00
8.430088e-01	-7.250604e-01	0.e+00
8.411003e-01	-7.151621e-01	0.e+00
8.403655e-01	-7.066645e-01	0.e+00
8.335127e-01	-6.293738e-01	0.e+00
8.399155e-01	-7.012456e-01	0.e+00
8.453279e-01	-7.453907e-01	0.e+00
8.376069e-01	-6.751946e-01	0.e+00
8.286948e-01	-5.511372e-01	0.e+00
8.319427e-01	-6.065283e-01	0.e+00
8.326004e-01	-6.173788e-01	0.e+00
8.322774e-01	-6.086065e-01	0.e+00
8.369575e-01	-6.760270e-01	0.e+00
8.264247e-01	-5.144656e-01	0.e+00
8.27772e-01	-5.392107e-01	0.e+00
8.317342e-01	-6.026714e-01	0.e+00
8.300886e-01	-5.798725e-01	0.e+00
8.353514e-01	-6.576375e-01	0.e+00
8.279193e-01	-5.330974e-01	0.e+00
7.374766e-01	8.360014e-01	0.e+00
8.264247e-01	-5.013553e-01	0.e+00
8.295164e-01	-5.582389e-01	0.e+00
6.512907e-01	-4.476544e-01	0.e+00
8.2504e-01	-4.758492e-01	0.e+00
7.240908e-01	6.524578e-01	0.e+00
7.419518e-01	8.600175e-01	0.e+00
7.297613e-01	7.356890e-01	0.e+00
6.538150e-01	-4.469155e-01	0.e+00
6.538150e-01	-4.389897e-01	0.e+00
6.307732e-01	-3.082862e-01	0.e+00
6.221305e-01	-1.738026e-01	0.e+00
6.433622e-01	-4.245898e-01	0.e+00
6.4143e-01	-4.134699e-01	0.e+00
6.292299e-01	-2.896449e-01	0.e+00
6.380878e-01	-3.824167e-01	0.e+00
6.360070e-01	-3.655337e-01	0.e+00
6.591265e-01	-4.39007e-01	0.e+00
6.330727e-01	-3.379129e-01	0.e+00
6.438023e-01	-4.239120e-01	0.e+00
6.306189e-01	-3.004980e-01	0.e+00
6.289163e-01	-2.815102e-01	0.e+00
6.274947e-01	-2.658678e-01	0.e+00
6.257220e-01	-2.392813e-01	0.e+00
6.198169e-01	-1.414411e-01	0.e+00
6.274947e-01	-2.604569e-01	0.e+00
5.381285e-01	7.689563e-01	0.e+00
6.219114e-01	-1.810370e-01	0.e+00
5.385311e-01	7.742804e-01	0.e+00
4.576714e-01	-1.193377e-01	0.e+00
4.548797e-01	-1.130388e-01	0.e+00
4.548797e-01	-1.219651e-01	0.e+00
4.548797e-01	-1.220733e-01	0.e+00
4.548797e-01	-1.193794e-01	0.e+00
4.548797e-01	-1.230743e-01	0.e+00
4.548797e-01	-1.153921e-01	0.e+00
4.401543e-01	-6.26311e-02	0.e+00
4.450907e-01	-1.05852e-01	0.e+00
3.59738e-01	7.467242e-01	0.e+00
3.56713e-01	7.533621e-01	0.e+00
4.34713e-01	-3.240016e-02	0.e+00
4.316398e-01	-1.704428e-02	0.e+00
4.234273e-01	6.879035e-02	0.e+00
4.466273e-01	-1.013576e-01	0.e+00
2.591147e-01	2.432969e-01	0.e+00
4.192079e-01	1.149531e-01	0.e+00
4.415465e-01	-8.891939e-02	0.e+00
4.141505e-01	1.822649e-01	0.e+00
5.041629e-01	3.635905e-01	0.e+00
2.572669e-01	2.424424e-01	0.e+00
4.191735e-01	1.199536e-01	0.e+00
2.572669e-01	2.431617e-01	0.e+00
2.294821e-01	3.400522e-01	0.e+00
2.572669e-01	2.454787e-01	0.e+00
2.42869e-01	2.707762e-01	0.e+00
4.169096e-01	1.441578e-01	0.e+00
4.120231e-01	2.135621e-01	0.e+00
2.540862e-01	2.448057e-01	0.e+00
1.683093e-01	7.371193e-01	0.e+00
7.240326e-02	6.763598e-01	0.e+00
2.941202e-01	4.059513e-01	0.e+00
2.220096e-01	3.879515e-01	0.e+00
2.149111e-01	4.432403e-01	0.e+00
8.303338e-02	6.706829e-01	0.e+00
3.080644e-01	5.24228e-01	0.e+00
1.842103e-01	6.588442e-01	0.e+00
8.303338e-02	6.701469e-01	0.e+00
2.602961e-01	2.44173e-01	0.e+00
2.299035e-01	3.360077e-01	0.e+00
8.303338e-02	6.705664e-01	0.e+00
1.976319e-01	5.704907e-01	0.e+00
9.082713e-02	6.734171e-01	0.e+00
0.e+00	1.001507e+00	0.e+00
1.600132e-01	7.548663e-01	0.e+00
3.174885e-01	6.035063e-01	0.e+00
3.185112e-02	7.967608e-01	0.e+00
1.606331e-02	8.673188e-01	0.e+00
0.e+00	1.001358e+00	0.e+00
