8.427464e-01	-6.025885e-01	0.e+00
8.467335e-01	-6.139289e-01	0.e+00
8.452600e-01	-6.064225e-01	0.e+00
8.427464e-01	-5.980473e-01	0.e+00
8.363322e-01	-5.300852e-01	0.e+00
8.337319e-01	-4.700128e-01	0.e+00
8.427464e-01	-5.912296e-01	0.e+00
8.427464e-01	-5.800384e-01	0.e+00
8.397993e-01	-5.399496e-01	0.e+00
8.397993e-01	-5.711275e-01	0.e+00
8.388459e-01	-5.340225e-01	0.e+00
8.363322e-01	-4.905979e-01	0.e+00
8.356388e-01	-5.181766e-01	0.e+00
8.356388e-01	-5.069027e-01	0.e+00
8.356388e-01	-5.227628e-01	0.e+00
8.337319e-01	-4.964485e-01	0.e+00
8.368043e-01	-5.207484e-01	0.e+00
8.435358e-01	-5.738649e-01	0.e+00
8.346854e-01	-4.932040e-01	0.e+00
8.325184e-01	-4.313365e-01	0.e+00
8.325184e-01	-4.542209e-01	0.e+00
8.281659e-01	-3.988427e-01	0.e+00
8.273334e-01	-3.582476e-01	0.e+00
8.281659e-01	-3.993774e-01	0.e+00
9.142632e-01	6.135086e-01	0.e+00
8.255712e-01	-3.232743e-01	0.e+00
8.255712e-01	-3.20285e-01	0.e+00
8.248519e-01	-3.275014e-01	0.e+00
8.244295e-01	-3.391555e-01	0.e+00
8.329269e-01	-4.48313e-01	0.e+00
9.133732e-01	5.640768e-01	0.e+00
8.210122e-01	-2.338347e-01	0.e+00
6.376170e-01	-1.770487e-01	0.e+00
6.39069e-01	-2.379103e-01	0.e+00
8.249195e-01	-3.532156e-01	0.e+00
5.463888e-01	9.715840e-01	0.e+00
6.39069e-01	-2.389780e-01	0.e+00
6.346589e-01	-1.897680e-01	0.e+00
6.346589e-01	-1.71144e-01	0.e+00
6.346589e-01	-2.197182e-01	0.e+00
6.346589e-01	-2.179199e-01	0.e+00
6.346589e-01	-1.70744e-01	0.e+00
6.324538e-01	-1.579104e-01	0.e+00
6.324538e-01	-1.708981e-01	0.e+00
7.251661e-01	8.320113e-01	0.e+00
6.324538e-01	-1.641961e-01	0.e+00
6.258386e-01	-9.626086e-02	0.e+00
6.258386e-01	-5.319195e-02	0.e+00
6.357614e-01	-2.043256e-01	0.e+00
6.291462e-01	-9.090664e-02	0.e+00
4.536444e-01	1.747753e-02	0.e+00
3.675473e-01	8.729600e-01	0.e+00
4.536444e-01	6.148922e-03	0.e+00
5.430491e-01	9.272259e-01	0.e+00
4.536444e-01	2.429206e-02	0.e+00
3.482363e-01	9.19813e-01	0.e+00
4.536444e-01	-9.231476e-03	0.e+00
4.415751e-01	1.080923e-01	0.e+00
4.536444e-01	1.745283e-02	0.e+00
4.439889e-01	9.631679e-03	0.e+00
4.391612e-01	1.328181e-01	0.e+00
4.343335e-01	9.209322e-02	0.e+00
4.343335e-01	1.523205e-01	0.e+00
4.343335e-01	7.223448e-02	0.e+00
4.343335e-01	6.651363e-02	0.e+00
3.508917e-01	8.975527e-01	0.e+00
1.840083e-01	8.347420e-01	0.e+00
4.343335e-01	6.689234e-02	0.e+00
4.343335e-01	6.693321e-02	0.e+00
4.343335e-01	6.875682e-02	0.e+00
1.815945e-01	8.366090e-01	0.e+00
1.840083e-01	8.233779e-01	0.e+00
1.840083e-01	8.210339e-01	0.e+00
3.508917e-01	9.098722e-01	0.e+00
2.438209e-01	4.318471e-01	0.e+00
2.674500e-01	4.290933e-01	0.e+00
3.31121e-01	8.544561e-01	0.e+00
2.674500e-01	3.930186e-01	0.e+00
2.674500e-01	3.975070e-01	0.e+00
2.546697e-01	4.098837e-01	0.e+00
2.438209e-01	4.681156e-01	0.e+00
1.977679e-01	7.542939e-01	0.e+00
2.279085e-01	5.308153e-01	0.e+00
1.575025e-01	9.578683e-01	0.e+00
2.201918e-01	5.851477e-01	0.e+00
2.722718e-01	4.505140e-01	0.e+00
8.842301e-02	9.429599e-01	0.e+00
1.977679e-01	7.758718e-01	0.e+00
1.830608e-01	8.392325e-01	0.e+00
1.236238e-01	9.646584e-01	0.e+00
9.481319e-02	9.026391e-01	0.e+00
9.481319e-02	9.023739e-01	0.e+00
9.481319e-02	9.263177e-01	0.e+00
2.009374e-01	7.351609e-01	0.e+00
2.341937e-01	5.132459e-01	0.e+00
5.674104e-02	1.002804e+00	0.e+00
5.124853e-02	9.653342e-01	0.e+00
2.962798e-02	1.045661e+00	0.e+00
1.613608e-01	9.350031e-01	0.e+00
1.803969e-01	8.837926e-01	0.e+00
