8.329692e-01	-5.360449e-01	0.e+00
8.51151e-01	-6.821531e-01	0.e+00
8.488196e-01	-6.564314e-01	0.e+00
8.425972e-01	-6.215729e-01	0.e+00
8.425972e-01	-6.226139e-01	0.e+00
8.386346e-01	-5.860146e-01	0.e+00
8.397645e-01	-6.159510e-01	0.e+00
8.292786e-01	-4.544722e-01	0.e+00
8.329692e-01	-5.387155e-01	0.e+00
6.548572e-01	-3.314401e-01	0.e+00
8.264459e-01	-4.125720e-01	0.e+00
6.480702e-01	-3.752592e-01	0.e+00
6.515955e-01	-3.775043e-01	0.e+00
5.65425e-01	8.310972e-01	0.e+00
6.247624e-01	-1.430485e-01	0.e+00
6.398047e-01	-3.152551e-01	0.e+00
6.347906e-01	-3.150979e-01	0.e+00
7.286652e-01	7.557394e-01	0.e+00
6.238811e-01	-1.640966e-01	0.e+00
6.238811e-01	-1.640966e-01	0.e+00
5.472954e-01	8.425904e-01	0.e+00
4.555808e-01	-8.114832e-02	0.e+00
4.555808e-01	-5.742463e-02	0.e+00
5.472954e-01	8.584565e-01	0.e+00
4.354089e-01	6.464031e-03	0.e+00
4.2045e-01	1.596451e-01	0.e+00
5.082071e-01	4.816469e-01	0.e+00
4.146767e-01	2.246754e-01	0.e+00
1.803965e-01	7.235546e-01	0.e+00
2.577876e-01	2.857297e-01	0.e+00
2.465924e-01	2.984215e-01	0.e+00
2.090883e-01	5.468841e-01	0.e+00
2.332901e-01	3.570329e-01	0.e+00
1.068673e-01	7.538987e-01	0.e+00
1.079208e-01	7.463538e-01	0.e+00
1.068673e-01	7.390192e-01	0.e+00
7.744683e-02	7.146558e-01	0.e+00
7.744683e-02	7.130688e-01	0.e+00
2.093612e-02	8.944871e-01	0.e+00
0.e+00	1.074430e+00	0.e+00
