8.26706e-01	-5.07947e-01	0.e+00
8.530232e-01	-7.482443e-01	0.e+00
8.422075e-01	-7.192828e-01	0.e+00
8.393197e-01	-6.975318e-01	0.e+00
8.381803e-01	-6.644948e-01	0.e+00
8.348171e-01	-6.282537e-01	0.e+00
8.328358e-01	-6.134404e-01	0.e+00
8.305570e-01	-5.683328e-01	0.e+00
8.290401e-01	-5.543482e-01	0.e+00
8.272089e-01	-5.294839e-01	0.e+00
8.254466e-01	-4.851708e-01	0.e+00
5.518374e-01	8.131433e-01	0.e+00
6.518919e-01	-4.518917e-01	0.e+00
6.344185e-01	-3.437413e-01	0.e+00
6.404115e-01	-4.044284e-01	0.e+00
6.369151e-01	-3.70284e-01	0.e+00
7.129726e-01	4.527478e-01	0.e+00
6.285166e-01	-2.793362e-01	0.e+00
6.181478e-01	-1.080996e-01	0.e+00
6.219966e-01	-1.835959e-01	0.e+00
3.661141e-01	7.169548e-01	0.e+00
6.336717e-01	-3.357027e-01	0.e+00
4.224957e-01	7.837472e-02	0.e+00
4.490395e-01	-1.173461e-01	0.e+00
3.236886e-01	6.522064e-01	0.e+00
4.313345e-01	-1.476098e-02	0.e+00
3.522614e-01	7.630215e-01	0.e+00
3.318054e-01	7.070969e-01	0.e+00
2.608491e-01	2.450320e-01	0.e+00
1.782757e-01	6.905196e-01	0.e+00
2.573488e-01	2.439725e-01	0.e+00
2.573488e-01	2.429554e-01	0.e+00
2.341406e-01	3.150473e-01	0.e+00
2.168174e-01	4.259219e-01	0.e+00
1.963601e-01	5.83327e-01	0.e+00
8.301842e-02	6.705311e-01	0.e+00
8.301842e-02	6.705198e-01	0.e+00
7.556111e-02	6.731208e-01	0.e+00
3.736778e-02	7.734686e-01	0.e+00
0.e+00	1.001286e+00	0.e+00
