8.392364e-01	-6.884572e-01	0.e+00
8.509318e-01	-7.526048e-01	0.e+00
8.488234e-01	-7.485961e-01	0.e+00
8.466410e-01	-7.449716e-01	0.e+00
8.474794e-01	-7.415420e-01	0.e+00
8.444042e-01	-7.355941e-01	0.e+00
8.444042e-01	-7.408586e-01	0.e+00
8.444042e-01	-7.364852e-01	0.e+00
8.444042e-01	-7.343866e-01	0.e+00
8.293635e-01	-5.555453e-01	0.e+00
8.421675e-01	-7.166462e-01	0.e+00
8.311653e-01	-5.909977e-01	0.e+00
8.348992e-01	-6.437573e-01	0.e+00
8.352209e-01	-6.448049e-01	0.e+00
8.292566e-01	-5.601412e-01	0.e+00
8.341653e-01	-6.297141e-01	0.e+00
8.386445e-01	-6.794863e-01	0.e+00
8.386445e-01	-6.845035e-01	0.e+00
8.302447e-01	-5.671452e-01	0.e+00
8.359045e-01	-6.546097e-01	0.e+00
8.286209e-01	-5.457018e-01	0.e+00
8.362432e-01	-6.490660e-01	0.e+00
8.44636e-01	-7.410788e-01	0.e+00
8.350396e-01	-6.379071e-01	0.e+00
8.464784e-01	-7.469386e-01	0.e+00
8.444931e-01	-7.388747e-01	0.e+00
8.347594e-01	-6.270325e-01	0.e+00
8.335551e-01	-6.251086e-01	0.e+00
8.435385e-01	-7.299123e-01	0.e+00
8.331034e-01	-6.186191e-01	0.e+00
8.329704e-01	-6.076808e-01	0.e+00
8.274288e-01	-5.226058e-01	0.e+00
8.387904e-01	-6.839483e-01	0.e+00
8.284145e-01	-5.403175e-01	0.e+00
8.320327e-01	-6.010781e-01	0.e+00
8.347451e-01	-6.404675e-01	0.e+00
8.305526e-01	-5.802060e-01	0.e+00
7.009302e-01	1.932816e-01	0.e+00
8.291837e-01	-5.642799e-01	0.e+00
8.209088e-01	-3.99767e-01	0.e+00
8.322049e-01	-6.056156e-01	0.e+00
8.291837e-01	-5.432875e-01	0.e+00
8.283629e-01	-5.358779e-01	0.e+00
8.278587e-01	-5.20962e-01	0.e+00
8.278587e-01	-5.270572e-01	0.e+00
8.269937e-01	-5.191416e-01	0.e+00
8.297914e-01	-5.597814e-01	0.e+00
8.260366e-01	-4.909085e-01	0.e+00
8.260366e-01	-5.011397e-01	0.e+00
8.253546e-01	-4.842837e-01	0.e+00
8.250999e-01	-4.760376e-01	0.e+00
8.247845e-01	-4.723278e-01	0.e+00
6.430574e-01	-4.079642e-01	0.e+00
8.247355e-01	-4.692101e-01	0.e+00
6.416024e-01	-4.125844e-01	0.e+00
1.e+00	1.527682e-02	0.e+00
6.528757e-01	-4.355042e-01	0.e+00
7.394561e-01	8.668503e-01	0.e+00
6.528757e-01	-4.309784e-01	0.e+00
6.528757e-01	-4.420573e-01	0.e+00
6.528757e-01	-4.482142e-01	0.e+00
7.410297e-01	8.646457e-01	0.e+00
6.528757e-01	-4.485618e-01	0.e+00
6.472293e-01	-4.397663e-01	0.e+00
6.315761e-01	-3.153814e-01	0.e+00
6.489527e-01	-4.460722e-01	0.e+00
6.470272e-01	-4.345698e-01	0.e+00
6.457605e-01	-4.265284e-01	0.e+00
6.402655e-01	-4.029144e-01	0.e+00
6.418856e-01	-4.094666e-01	0.e+00
6.415736e-01	-4.095381e-01	0.e+00
6.471790e-01	-4.440766e-01	0.e+00
6.429378e-01	-4.209229e-01	0.e+00
6.390563e-01	-3.877405e-01	0.e+00
6.38304e-01	-3.780045e-01	0.e+00
6.370107e-01	-3.763589e-01	0.e+00
6.267242e-01	-2.453925e-01	0.e+00
6.217852e-01	-1.652973e-01	0.e+00
6.35025e-01	-3.581213e-01	0.e+00
6.336865e-01	-3.406687e-01	0.e+00
6.319054e-01	-3.086810e-01	0.e+00
6.332939e-01	-3.319217e-01	0.e+00
6.315761e-01	-3.107806e-01	0.e+00
6.204633e-01	-1.444477e-01	0.e+00
4.560252e-01	-1.136834e-01	0.e+00
6.248884e-01	-2.163768e-01	0.e+00
6.296253e-01	-2.806447e-01	0.e+00
6.264725e-01	-2.448275e-01	0.e+00
6.281295e-01	-2.597136e-01	0.e+00
7.065012e-01	3.232032e-01	0.e+00
5.468833e-01	8.288291e-01	0.e+00
6.264725e-01	-2.458702e-01	0.e+00
6.249038e-01	-2.24928e-01	0.e+00
5.445212e-01	8.138683e-01	0.e+00
6.277819e-01	-2.628564e-01	0.e+00
6.232946e-01	-1.944958e-01	0.e+00
6.225345e-01	-1.757371e-01	0.e+00
6.217693e-01	-1.722246e-01	0.e+00
3.717667e-01	6.867742e-01	0.e+00
3.631643e-01	7.436088e-01	0.e+00
5.447134e-01	8.086767e-01	0.e+00
4.553560e-01	-1.180458e-01	0.e+00
7.153118e-01	4.983625e-01	0.e+00
5.434660e-01	8.077367e-01	0.e+00
3.550444e-01	7.608703e-01	0.e+00
3.499586e-01	7.627023e-01	0.e+00
7.207414e-01	5.914941e-01	0.e+00
6.191263e-01	-1.312545e-01	0.e+00
4.472965e-01	-9.822256e-02	0.e+00
4.443006e-01	-9.72241e-02	0.e+00
4.553560e-01	-1.157993e-01	0.e+00
4.259418e-01	4.126498e-02	0.e+00
3.709215e-01	6.889435e-01	0.e+00
4.553560e-01	-1.105944e-01	0.e+00
4.553560e-01	-1.200387e-01	0.e+00
4.553560e-01	-1.036813e-01	0.e+00
4.166872e-01	1.570076e-01	0.e+00
4.28274e-01	1.710272e-02	0.e+00
4.485395e-01	-1.081627e-01	0.e+00
3.728409e-01	6.773637e-01	0.e+00
4.428305e-01	-9.155376e-02	0.e+00
4.415036e-01	-8.666572e-02	0.e+00
4.343810e-01	-3.021639e-02	0.e+00
4.282483e-01	2.051103e-02	0.e+00
4.624239e-01	-1.032515e-01	0.e+00
4.339286e-01	-2.786444e-02	0.e+00
4.355168e-01	-3.770023e-02	0.e+00
4.303657e-01	-9.578246e-04	0.e+00
3.622199e-01	7.443913e-01	0.e+00
4.282483e-01	2.103219e-02	0.e+00
4.257885e-01	5.215783e-02	0.e+00
5.305215e-01	7.302357e-01	0.e+00
4.239196e-01	7.051176e-02	0.e+00
4.221149e-01	8.524398e-02	0.e+00
4.556128e-01	-1.034619e-01	0.e+00
4.193802e-01	1.232723e-01	0.e+00
4.189489e-01	1.259448e-01	0.e+00
4.116527e-01	2.215753e-01	0.e+00
2.566984e-01	2.524459e-01	0.e+00
5.110499e-01	4.688769e-01	0.e+00
4.116527e-01	2.193105e-01	0.e+00
4.116527e-01	2.230936e-01	0.e+00
2.598615e-01	2.499441e-01	0.e+00
2.566984e-01	2.473966e-01	0.e+00
3.341756e-01	7.202037e-01	0.e+00
4.139107e-01	1.889981e-01	0.e+00
2.376324e-01	2.969262e-01	0.e+00
2.702054e-01	2.670601e-01	0.e+00
2.566984e-01	2.472885e-01	0.e+00
2.566984e-01	2.461027e-01	0.e+00
4.061584e-01	2.933340e-01	0.e+00
5.113468e-01	4.863113e-01	0.e+00
2.566984e-01	2.461027e-01	0.e+00
2.566984e-01	2.489627e-01	0.e+00
2.566984e-01	2.461027e-01	0.e+00
2.566984e-01	2.472451e-01	0.e+00
2.689852e-01	2.642152e-01	0.e+00
2.566984e-01	2.476631e-01	0.e+00
2.566984e-01	2.526489e-01	0.e+00
2.544660e-01	2.490100e-01	0.e+00
2.463066e-01	2.6613e-01	0.e+00
2.438818e-01	2.756019e-01	0.e+00
1.459742e-01	7.683115e-01	0.e+00
1.524962e-01	7.708181e-01	0.e+00
2.022167e-01	5.439729e-01	0.e+00
8.202199e-02	6.843964e-01	0.e+00
2.252196e-01	3.744732e-01	0.e+00
2.21176e-01	4.019919e-01	0.e+00
2.183135e-01	4.218275e-01	0.e+00
2.146540e-01	4.487446e-01	0.e+00
2.108679e-01	4.794829e-01	0.e+00
9.401081e-02	6.904987e-01	0.e+00
2.022167e-01	5.433447e-01	0.e+00
9.281152e-02	6.813171e-01	0.e+00
1.946734e-01	6.026904e-01	0.e+00
2.038838e-01	5.289283e-01	0.e+00
1.594695e-01	7.624983e-01	0.e+00
0.e+00	1.006019e+00	0.e+00
8.381636e-02	6.763711e-01	0.e+00
8.381636e-02	6.756316e-01	0.e+00
8.381636e-02	6.755637e-01	0.e+00
8.37535e-02	6.794097e-01	0.e+00
8.381636e-02	6.745699e-01	0.e+00
4.910968e-02	7.410931e-01	0.e+00
9.308614e-02	6.822957e-01	0.e+00
0.e+00	1.005425e+00	0.e+00
2.210988e-02	8.421342e-01	0.e+00
8.381636e-02	6.74214e-01	0.e+00
8.381636e-02	6.753467e-01	0.e+00
7.263738e-02	6.777009e-01	0.e+00
6.872975e-02	6.877294e-01	0.e+00
6.060158e-02	7.040626e-01	0.e+00
6.161984e-02	7.050019e-01	0.e+00
4.557783e-02	7.536538e-01	0.e+00
3.161449e-01	5.986219e-01	0.e+00
1.586532e-01	7.621582e-01	0.e+00
7.807042e-02	6.793355e-01	0.e+00
1.238511e-01	7.376552e-01	0.e+00
7.339293e-03	9.168686e-01	0.e+00
9.824678e-02	6.871033e-01	0.e+00
