6.334079e-01	-1.275761e-01	0.e+00
6.477325e-01	-2.385923e-01	0.e+00
6.361101e-01	-1.805648e-01	0.e+00
6.454352e-01	-2.401573e-01	0.e+00
6.321942e-01	-1.287975e-01	0.e+00
6.434102e-01	-2.122559e-01	0.e+00
6.403046e-01	-2.024543e-01	0.e+00
6.317241e-01	-1.141888e-01	0.e+00
6.376024e-01	-1.88944e-01	0.e+00
6.490853e-01	-2.414118e-01	0.e+00
6.297661e-01	-1.041718e-01	0.e+00
6.400265e-01	-2.150911e-01	0.e+00
6.395606e-01	-2.101969e-01	0.e+00
6.361101e-01	-1.88569e-01	0.e+00
6.331391e-01	-1.559562e-01	0.e+00
6.331391e-01	-1.588727e-01	0.e+00
6.339543e-01	-1.443338e-01	0.e+00
6.361101e-01	-1.762231e-01	0.e+00
6.371618e-01	-1.825078e-01	0.e+00
6.273725e-01	-6.061354e-02	0.e+00
6.342537e-01	-1.514095e-01	0.e+00
6.286082e-01	-9.518716e-02	0.e+00
7.070084e-01	4.627334e-01	0.e+00
6.364342e-01	-1.355502e-01	0.e+00
6.261368e-01	-6.642223e-02	0.e+00
4.540963e-01	6.544289e-02	0.e+00
3.637512e-01	9.037795e-01	0.e+00
6.220179e-01	-2.496483e-02	0.e+00
6.220179e-01	9.670233e-03	0.e+00
6.220179e-01	1.215142e-03	0.e+00
7.070084e-01	4.992124e-01	0.e+00
4.520369e-01	7.528930e-02	0.e+00
6.220179e-01	-1.888302e-02	0.e+00
4.520369e-01	4.269677e-02	0.e+00
6.327984e-01	-1.723722e-01	0.e+00
4.520369e-01	3.930792e-02	0.e+00
4.520369e-01	3.549720e-02	0.e+00
4.520369e-01	4.216726e-02	0.e+00
4.4663e-01	6.225779e-02	0.e+00
4.327183e-01	1.309416e-01	0.e+00
4.445583e-01	4.563851e-02	0.e+00
4.352575e-01	1.209264e-01	0.e+00
4.396353e-01	7.31893e-02	0.e+00
4.582376e-01	4.055279e-02	0.e+00
4.544984e-01	4.066824e-02	0.e+00
4.481051e-01	4.357199e-02	0.e+00
4.327183e-01	1.370565e-01	0.e+00
4.327183e-01	1.325344e-01	0.e+00
4.418392e-01	6.615502e-02	0.e+00
4.293375e-01	1.644195e-01	0.e+00
2.604119e-01	3.551868e-01	0.e+00
4.249799e-01	2.042581e-01	0.e+00
4.236074e-01	1.973769e-01	0.e+00
4.948999e-01	3.542488e-01	0.e+00
4.212634e-01	2.607072e-01	0.e+00
4.212634e-01	3.125899e-01	0.e+00
4.212634e-01	1.868942e-01	0.e+00
3.429388e-01	8.450706e-01	0.e+00
2.646142e-01	4.213923e-01	0.e+00
2.646142e-01	3.359237e-01	0.e+00
3.429388e-01	8.375691e-01	0.e+00
2.646142e-01	3.329735e-01	0.e+00
2.333243e-01	3.970594e-01	0.e+00
2.646142e-01	3.546197e-01	0.e+00
2.646142e-01	3.336993e-01	0.e+00
2.301337e-01	4.160453e-01	0.e+00
2.646142e-01	3.329735e-01	0.e+00
2.489692e-01	3.242551e-01	0.e+00
2.489692e-01	3.270048e-01	0.e+00
2.265689e-01	4.089809e-01	0.e+00
2.489692e-01	3.24378e-01	0.e+00
2.489692e-01	3.040304e-01	0.e+00
2.333243e-01	3.790173e-01	0.e+00
2.301337e-01	4.998593e-01	0.e+00
2.100993e-01	5.231584e-01	0.e+00
2.265689e-01	4.156118e-01	0.e+00
1.006536e-01	7.765104e-01	0.e+00
2.145993e-01	5.116554e-01	0.e+00
2.100993e-01	5.990231e-01	0.e+00
2.442327e-01	3.243874e-01	0.e+00
2.083168e-01	6.577410e-01	0.e+00
2.083168e-01	6.513584e-01	0.e+00
1.73278e-01	8.703901e-01	0.e+00
1.591631e-01	8.348592e-01	0.e+00
1.006536e-01	7.818670e-01	0.e+00
1.006536e-01	7.718387e-01	0.e+00
2.729939e-01	3.516357e-01	0.e+00
1.006536e-01	7.667159e-01	0.e+00
8.823789e-02	8.673159e-01	0.e+00
2.033333e-01	5.967522e-01	0.e+00
5.463038e-02	8.132324e-01	0.e+00
5.032679e-02	8.726247e-01	0.e+00
4.959304e-03	1.039866e+00	0.e+00
5.463038e-02	8.203566e-01	0.e+00
7.581804e-02	7.511329e-01	0.e+00
0.e+00	1.204709e+00	0.e+00
3.951e-02	9.466553e-01	0.e+00
4.959304e-03	1.121023e+00	0.e+00
4.959304e-03	1.032743e+00	0.e+00
0.e+00	1.193576e+00	0.e+00
