8.523194e-01	-7.620251e-01	0.e+00
8.590842e-01	-7.437119e-01	0.e+00
8.393112e-01	-6.999437e-01	0.e+00
8.33268e-01	-6.088188e-01	0.e+00
8.324889e-01	-6.143710e-01	0.e+00
8.34499e-01	-6.334396e-01	0.e+00
8.339961e-01	-6.339378e-01	0.e+00
8.313615e-01	-5.882258e-01	0.e+00
8.287359e-01	-5.523418e-01	0.e+00
5.597095e-01	8.007663e-01	0.e+00
6.496031e-01	-4.407705e-01	0.e+00
6.426709e-01	-4.20292e-01	0.e+00
6.513775e-01	-4.518772e-01	0.e+00
7.36243e-01	8.204434e-01	0.e+00
6.422093e-01	-4.176856e-01	0.e+00
6.505175e-01	-4.455438e-01	0.e+00
6.321810e-01	-3.186515e-01	0.e+00
6.254195e-01	-2.370617e-01	0.e+00
6.254031e-01	-2.317432e-01	0.e+00
6.236807e-01	-2.056066e-01	0.e+00
4.536545e-01	-1.153360e-01	0.e+00
4.536545e-01	-1.19577e-01	0.e+00
4.536545e-01	-1.235901e-01	0.e+00
6.199473e-01	-1.478138e-01	0.e+00
2.427307e-01	2.711762e-01	0.e+00
4.613827e-01	-1.088659e-01	0.e+00
3.264379e-01	6.696965e-01	0.e+00
4.146167e-01	1.723741e-01	0.e+00
2.583969e-01	2.423032e-01	0.e+00
3.521278e-01	7.579584e-01	0.e+00
3.129703e-01	5.647339e-01	0.e+00
6.047327e-02	6.976184e-01	0.e+00
3.235288e-01	6.493007e-01	0.e+00
2.227447e-01	3.821844e-01	0.e+00
2.176885e-01	4.186959e-01	0.e+00
2.376318e-01	2.927020e-01	0.e+00
8.106e-02	6.711428e-01	0.e+00
1.006082e-02	8.971735e-01	0.e+00
4.024327e-02	7.616143e-01	0.e+00
0.e+00	1.000439e+00	0.e+00
