6.460282e-01	-3.397030e-01	0.e+00
6.460282e-01	-3.409111e-01	0.e+00
6.460282e-01	-3.364944e-01	0.e+00
6.413913e-01	-3.115584e-01	0.e+00
6.31479e-01	-2.158764e-01	0.e+00
6.413913e-01	-3.094334e-01	0.e+00
6.413913e-01	-3.102936e-01	0.e+00
6.413913e-01	-3.102169e-01	0.e+00
6.486659e-01	-3.448579e-01	0.e+00
6.367545e-01	-2.653860e-01	0.e+00
6.367545e-01	-2.641574e-01	0.e+00
6.437097e-01	-3.210957e-01	0.e+00
6.367545e-01	-2.697741e-01	0.e+00
6.274455e-01	-1.774293e-01	0.e+00
6.31479e-01	-2.167565e-01	0.e+00
6.349566e-01	-2.436831e-01	0.e+00
6.286876e-01	-1.887508e-01	0.e+00
6.274455e-01	-1.702303e-01	0.e+00
6.810594e-01	-9.549590e-02	0.e+00
6.274455e-01	-1.734118e-01	0.e+00
6.247933e-01	-1.08959e-01	0.e+00
5.394841e-01	8.760871e-01	0.e+00
6.247933e-01	-1.326782e-01	0.e+00
6.227766e-01	-1.041689e-01	0.e+00
5.906294e-01	4.985074e-01	0.e+00
6.227766e-01	-1.069409e-01	0.e+00
6.227766e-01	-1.073339e-01	0.e+00
4.530721e-01	-2.532913e-02	0.e+00
6.227766e-01	-1.038098e-01	0.e+00
5.293831e-01	7.888652e-01	0.e+00
4.530721e-01	-2.423879e-02	0.e+00
4.530721e-01	-1.882899e-02	0.e+00
4.441861e-01	5.700173e-03	0.e+00
4.430833e-01	-2.984423e-02	0.e+00
4.430833e-01	-2.595335e-02	0.e+00
4.430833e-01	-3.453896e-02	0.e+00
4.356561e-01	7.143806e-04	0.e+00
4.356561e-01	-1.039451e-02	0.e+00
4.471036e-01	-5.761692e-02	0.e+00
3.317082e-01	7.379545e-01	0.e+00
4.413798e-01	-5.950129e-02	0.e+00
4.242087e-01	9.852058e-02	0.e+00
3.374319e-01	7.77571e-01	0.e+00
5.126889e-01	5.199991e-01	0.e+00
4.201884e-01	1.446842e-01	0.e+00
3.317082e-01	7.44726e-01	0.e+00
4.201884e-01	1.305775e-01	0.e+00
3.414521e-01	7.89468e-01	0.e+00
2.586956e-01	2.619608e-01	0.e+00
2.566039e-01	2.666831e-01	0.e+00
2.586956e-01	2.632867e-01	0.e+00
3.4385e-01	7.764901e-01	0.e+00
2.586956e-01	2.708336e-01	0.e+00
2.542877e-01	2.712849e-01	0.e+00
2.586956e-01	2.654666e-01	0.e+00
2.493789e-01	2.708333e-01	0.e+00
2.284809e-01	3.70691e-01	0.e+00
2.452472e-01	2.909204e-01	0.e+00
2.644105e-01	2.781674e-01	0.e+00
2.444777e-01	2.893417e-01	0.e+00
2.284809e-01	3.630748e-01	0.e+00
0.e+00	1.195750e+00	0.e+00
2.235356e-01	4.092913e-01	0.e+00
2.317989e-01	3.527496e-01	0.e+00
2.038897e-01	6.071273e-01	0.e+00
2.245592e-01	4.489002e-01	0.e+00
2.323271e-01	3.974907e-01	0.e+00
2.873495e-01	4.014455e-01	0.e+00
9.107880e-02	8.532503e-01	0.e+00
7.626188e-02	8.329967e-01	0.e+00
1.961973e-01	7.773777e-01	0.e+00
7.626188e-02	8.382685e-01	0.e+00
9.213393e-02	8.64802e-01	0.e+00
2.754938e-01	3.943532e-01	0.e+00
7.394617e-02	8.535489e-01	0.e+00
6.366529e-02	8.606045e-01	0.e+00
4.662802e-02	8.956078e-01	0.e+00
3.697598e-03	1.124566e+00	0.e+00
1.469318e-02	1.009223e+00	0.e+00
3.813094e-02	9.501223e-01	0.e+00
