8.438094e-01	-4.660587e-01	0.e+00
8.438094e-01	-4.632328e-01	0.e+00
8.376489e-01	-4.254875e-01	0.e+00
8.358024e-01	-4.051129e-01	0.e+00
8.253364e-01	-2.524806e-01	0.e+00
8.311863e-01	-3.711263e-01	0.e+00
8.413418e-01	-4.59185e-01	0.e+00
8.293398e-01	-3.186187e-01	0.e+00
8.298014e-01	-3.270053e-01	0.e+00
8.284166e-01	-3.078541e-01	0.e+00
8.293398e-01	-3.219446e-01	0.e+00
6.394880e-01	-1.541949e-01	0.e+00
6.6637e-01	-1.291151e-01	0.e+00
6.394880e-01	-1.443917e-01	0.e+00
6.394880e-01	-1.461249e-01	0.e+00
6.394880e-01	-1.542198e-01	0.e+00
6.394880e-01	-1.718083e-01	0.e+00
6.394880e-01	-1.819369e-01	0.e+00
6.394880e-01	-1.897247e-01	0.e+00
4.510296e-01	1.260462e-01	0.e+00
4.510296e-01	1.422252e-01	0.e+00
4.510296e-01	1.308795e-01	0.e+00
4.510296e-01	1.289686e-01	0.e+00
4.3313e-01	2.157202e-01	0.e+00
4.3313e-01	2.229264e-01	0.e+00
4.122471e-01	4.751419e-01	0.e+00
4.432754e-01	1.589078e-01	0.e+00
4.116552e-01	4.473469e-01	0.e+00
2.573842e-01	5.657762e-01	0.e+00
2.573842e-01	5.071927e-01	0.e+00
2.478424e-01	5.188947e-01	0.e+00
2.478424e-01	5.186426e-01	0.e+00
1.008266e-01	9.916803e-01	0.e+00
2.192171e-01	6.608978e-01	0.e+00
2.657558e-01	5.538608e-01	0.e+00
7.814227e-02	9.343671e-01	0.e+00
1.582215e-01	1.027261e+00	0.e+00
6.022886e-02	9.853702e-01	0.e+00
3.907114e-02	1.049809e+00	0.e+00
0.e+00	1.319699e+00	0.e+00
